 Loops
Value  name ,=> 1.0
Data IndexScan , 1.0 1499917.0 20.0 0.0 904.848
Added training data to files
Key => Node Type
Value  name ,=> -1.0
Key => Parent Relationship
Value  name ,=> -1.0
Key => Plan Width
Value  name ,=> 19.0
Key => Actual Rows
Value  name ,=> 30911.0
Key => Actual Loops
Value  name ,=> 1.0
Key => Sort Key
Value  name ,=> 1.0
Key => Sort Method
Value  name ,=> -1.0
Key => Sort Space Used
Value  name ,=> 3425.0
Key => Sort Space Type
Value  name ,=> -1.0
Key => Plans
Value  name ,=> -1.0
Key => Node Type
Value  name ,=> -1.0
Key => Parent Relationship
Value  name ,=> -1.0
Key => Relation Name
Value  name ,=> -1.0
Key => Alias
Value  name ,=> -1.0
Key => Plan Width
Value  name ,=> 19.0
Key => Actual Rows
Value  name ,=> 30911.0
Key => Actual Loops
Value  name ,=> 1.0
Key => Filter
Value  name ,=> -1.0
Data SeqScan , 1.0 30911.0 19.0 5970304.0 5384.463
Added training data to files
Data Sort-quicksort , 1.0 30911.0 19.0 1.0 3425.0 0.0 30911.0 19.0 5423.896
Added training data to files
Data MergeJoin , 1.0 30911.0 27.0 0.0 1499917.0 20.0 30911.0 19.0 6727.364
Added training data to files
Data Aggregate-Hashed , 1.0 2.0 1.0 27.0 0.0 30911.0 27.0 6798.788
Added training data to files
Data Sort-quicksort , 1.0 1.0 27.0 1.0 25.0 0.0 2.0 27.0 6798.802
Added training data to files
Data Limit , 1.0 1.0 27.0 0.0 1.0 27.0 6798.805
Added training data to files
Training query 114 executed successfully
Executed command ,script returned :  Exit value of child process : 1
Query : 
select
	l_shipmode,
	sum(case
		when o_orderpriority = '1-URGENT'
			or o_orderpriority = '2-HIGH'
			then 1
		else 0
	end) as high_line_count,
	sum(case
		when o_orderpriority <> '1-URGENT'
			and o_orderpriority <> '2-HIGH'
			then 1
		else 0
	end) as low_line_count
from
	orders,
	lineitem
where
	o_orderkey = l_orderkey
	and l_shipmode in ('MAIL', 'SHIP')
	and l_commitdate < l_receiptdate
	and l_shipdate < l_commitdate
	and l_receiptdate >= date '1995-01-01'
	and l_receiptdate < date '1995-01-01' + interval '1' year
group by
	l_shipmode
order by
	l_shipmode
LIMIT 1;

Node output - Plan: 
    Node Type: "Limit"
    Startup Cost: 329948.35
    Total Cost: 329948.36
    Plan Rows: 1
    Plan Width: 27
    Actual Startup Time: 6779.354
    Actual Total Time: 6779.355
    Actual Rows: 1
    Actual Loops: 1
    Plans: 
      - Node Type: "Sort"
        Parent Relationship: "Outer"
        Startup Cost: 329948.35
        Total Cost: 329948.36
        Plan Rows: 1
        Plan Width: 27
        Actual Startup Time: 6779.352
        Actual Total Time: 6779.352
        Actual Rows: 1
        Actual Loops: 1
        Sort Key: 
          - "lineitem.l_shipmode"
        Sort Method: "quicksort"
        Sort Space Used: 25
        Sort Space Type: "Memory"
        Plans: 
          - Node Type: "Aggregate"
            Strategy: "Hashed"
            Parent Relationship: "Outer"
            Startup Cost: 329948.33
            Total Cost: 329948.34
            Plan Rows: 1
            Plan Width: 27
            Actual Startup Time: 6779.330
            Actual Total Time: 6779.331
            Actual Rows: 2
            Actual Loops: 1
            Group Key: 
              - "lineitem.l_shipmode"
            Plans: 
              - Node Type: "Merge Join"
                Parent Relationship: "Outer"
                Join Type: "Inner"
                Startup Cost: 258682.56
                Total Cost: 329449.37
                Plan Rows: 28512
                Plan Width: 27
                Actual Startup Time: 5400.800
                Actual Total Time: 6707.931
                Actual Rows: 30911
                Actual Loops: 1
                Merge Cond: "(orders.o_orderkey = lineitem.l_orderkey)"
                Plans: 
                  - Node Type: "Index Scan"
                    Parent Relationship: "Outer"
                    Scan Direction: "Forward"
                    Index Name: "orders_pkey"
                    Relation Name: "orders"
                    Alias: "orders"
                    Startup Cost: 0.43
                    Total Cost: 66592.43
                    Plan Rows: 1500000
                    Plan Width: 20
                    Actual Startup Time: 0.040
                    Actual Total Time: 901.857
                    Actual Rows: 1499917
                    Actual Loops: 1
                  - Node Type: "Sort"
                    Parent Relationship: "Inner"
                    Startup Cost: 258682.12
                    Total Cost: 258753.40
                    Plan Rows: 28512
                    Plan Width: 19
                    Actual Startup Time: 5400.680
                    Actual Total Time: 5408.303
                    Actual Rows: 30911
                    Actual Loops: 1
                    Sort Key: 
                      - "lineitem.l_orderkey"
                    Sort Method: "quicksort"
                    Sort Space Used: 3425
                    Sort Space Type: "Memory"
                    Plans: 
                      - Node Type: "Seq Scan"
                        Parent Relationship: "Outer"
                        Relation Name: "lineitem"
                        Alias: "lineitem"
                        Startup Cost: 0.00
                        Total Cost: 256572.34
                        Plan Rows: 28512
                        Plan Width: 19
                        Actual Startup Time: 0.424
                        Actual Total Time: 5369.562
                        Actual Rows: 30911
                        Actual Loops: 1
                        Filter: "((l_shipmode = ANY ('{MAIL,SHIP}'::bpchar[])) AND (l_commitdate < l_receiptdate) AND (l_shipdate < l_commitdate) AND (l_receiptdate >= '1995-01-01'::date) AND (l_receiptdate < '1996-01-01 00:00:00'::timestamp without time zone))"
                        Rows Removed by Filter: 5970304
  Planning Time: 1.584
  Triggers: 
  Execution Time: 6780.754
Key => Node Type
Value  name ,=> -1.0
Key => Plan Width
Value  name ,=> 27.0
Key => Actual Rows
Value  name ,=> 1.0
Key => Actual Loops
Value  name ,=> 1.0
Key => Plans
Value  name ,=> -1.0
Key => Node Type
Value  name ,=> -1.0
Key => Parent Relationship
Value  name ,=> -1.0
Key => Plan Width
Value  name ,=> 27.0
Key => Actual Rows
Value  name ,=> 1.0
Key => Actual Loops
Value  name ,=> 1.0
Key => Sort Key
Value  name ,=> 1.0
Key => Sort Method
Value  name ,=> -1.0
Key => Sort Space Used
Value  name ,=> 25.0
Key => Sort Space Type
Value  name ,=> -1.0
Key => Plans
Value  name ,=> -1.0
Key => Node Type
Value  name ,=> -1.0
Key => Strategy
Value  name ,=> -1.0
Key => Parent Relationship
Value  name ,=> -1.0
Key => Plan Width
Value  name ,=> 27.0
Key => Actual Rows
Value  name ,=> 2.0
Key => Actual Loops
Value  name ,=> 1.0
Key => Group Key
Value  name ,=> 1.0
Key => Plans
Value  name ,=> -1.0
Key => Node Type
Value  name ,=> -1.0
Key => Parent Relationship
Value  name ,=> -1.0
Key => Join Type
Value  name ,=> -1.0
Key => Plan Width
Value  name ,=> 27.0
Key => Actual Rows
Value  name ,=> 30911.0
Key => Actual Loops
Value  name ,=> 1.0
Key => Merge Cond
Value  name ,=> -1.0
Key => Plans
Value  name ,=> -1.0
Key => Node Type
Value  name ,=> -1.0
Key => Parent Relationship
Value  name ,=> -1.0
Key => Scan Direction
Value  name ,=> -1.0
Key => Index Name
Value  name ,=> -1.0
Key => Relation Name
Value  name ,=> -1.0
Key => Alias
Value  name ,=> -1.0
Key => Plan Width
Value  name ,=> 20.0
Key => Actual Rows
Value  name ,=> 1499917.0
Key => Actual Loops
Value  name ,=> 1.0
Data IndexScan , 1.0 1499917.0 20.0 0.0 901.857
Added training data to files
Key => Node Type
Value  name ,=> -1.0
Key => Parent Relationship
Value  name ,=> -1.0
Key => Plan Width
Value  name ,=> 19.0
Key => Actual Rows
Value  name ,=> 30911.0
Key => Actual Loops
Value  name ,=> 1.0
Key => Sort Key
Value  name ,=> 1.0
Key => Sort Method
Value  name ,=> -1.0
Key => Sort Space Used
Value  name ,=> 3425.0
Key => Sort Space Type
Value  name ,=> -1.0
Key => Plans
Value  name ,=> -1.0
Key => Node Type
Value  name ,=> -1.0
Key => Parent Relationship
Value  name ,=> -1.0
Key => Relation Name
Value  name ,=> -1.0
Key => Alias
Value  name ,=> -1.0
Key => Plan Width
Value  name ,=> 19.0
Key => Actual Rows
Value  name ,=> 30911.0
Key => Actual Loops
Value  name ,=> 1.0
Key => Filter
Value  name ,=> -1.0
Data SeqScan , 1.0 30911.0 19.0 5970304.0 5369.562
Added training data to files
Data Sort-quicksort , 1.0 30911.0 19.0 1.0 3425.0 0.0 30911.0 19.0 5408.303
Added training data to files
Data MergeJoin , 1.0 30911.0 27.0 0.0 1499917.0 20.0 30911.0 19.0 6707.931
Added training data to files
Data Aggregate-Hashed , 1.0 2.0 1.0 27.0 0.0 30911.0 27.0 6779.331
Added training data to files
Data Sort-quicksort , 1.0 1.0 27.0 1.0 25.0 0.0 2.0 27.0 6779.352
Added training data to files
Data Limit , 1.0 1.0 27.0 0.0 1.0 27.0 6779.355
Added training data to files
Training query 115 executed successfully
Executed command ,script returned :  Exit value of child process : 1
Query : 
select
	l_shipmode,
	sum(case
		when o_orderpriority = '1-URGENT'
			or o_orderpriority = '2-HIGH'
			then 1
		else 0
	end) as high_line_count,
	sum(case
		when o_orderpriority <> '1-URGENT'
			and o_orderpriority <> '2-HIGH'
			then 1
		else 0
	end) as low_line_count
from
	orders,
	lineitem
where
	o_orderkey = l_orderkey
	and l_shipmode in ('MAIL', 'SHIP')
	and l_commitdate < l_receiptdate
	and l_shipdate < l_commitdate
	and l_receiptdate >= date '1995-01-01'
	and l_receiptdate < date '1995-01-01' + interval '1' year
group by
	l_shipmode
order by
	l_shipmode
LIMIT 1;

Node output - Plan: 
    Node Type: "Limit"
    Startup Cost: 329948.35
    Total Cost: 329948.36
    Plan Rows: 1
    Plan Width: 27
    Actual Startup Time: 6784.128
    Actual Total Time: 6784.128
    Actual Rows: 1
    Actual Loops: 1
    Plans: 
      - Node Type: "Sort"
        Parent Relationship: "Outer"
        Startup Cost: 329948.35
        Total Cost: 329948.36
        Plan Rows: 1
        Plan Width: 27
        Actual Startup Time: 6784.127
        Actual Total Time: 6784.127
        Actual Rows: 1
        Actual Loops: 1
        Sort Key: 
          - "lineitem.l_shipmode"
        Sort Method: "quicksort"
        Sort Space Used: 25
        Sort Space Type: "Memory"
        Plans: 
          - Node Type: "Aggregate"
            Strategy: "Hashed"
            Parent Relationship: "Outer"
            Startup Cost: 329948.33
            Total Cost: 329948.34
            Plan Rows: 1
            Plan Width: 27
            Actual Startup Time: 6784.110
            Actual Total Time: 6784.111
            Actual Rows: 2
            Actual Loops: 1
            Group Key: 
              - "lineitem.l_shipmode"
            Plans: 
              - Node Type: "Merge Join"
                Parent Relationship: "Outer"
                Join Type: "Inner"
                Startup Cost: 258682.56
                Total Cost: 329449.37
                Plan Rows: 28512
                Plan Width: 27
                Actual Startup Time: 5413.964
                Actual Total Time: 6713.197
                Actual Rows: 30911
                Actual Loops: 1
                Merge Cond: "(orders.o_orderkey = lineitem.l_orderkey)"
                Plans: 
                  - Node Type: "Index Scan"
                    Parent Relationship: "Outer"
                    Scan Direction: "Forward"
                    Index Name: "orders_pkey"
                    Relation Name: "orders"
                    Alias: "orders"
                    Startup Cost: 0.43
                    Total Cost: 66592.43
                    Plan Rows: 1500000
                    Plan Width: 20
                    Actual Startup Time: 0.019
                    Actual Total Time: 897.111
                    Actual Rows: 1499917
                    Actual Loops: 1
                  - Node Type: "Sort"
                    Parent Relationship: "Inner"
                    Startup Cost: 258682.12
                    Total Cost: 258753.40
                    Plan Rows: 28512
                    Plan Width: 19
                    Actual Startup Time: 5413.868
                    Actual Total Time: 5421.543
                    Actual Rows: 30911
                    Actual Loops: 1
                    Sort Key: 
                      - "lineitem.l_orderkey"
                    Sort Method: "quicksort"
                    Sort Space Used: 3425
                    Sort Space Type: "Memory"
                    Plans: 
                      - Node Type: "Seq Scan"
                        Parent Relationship: "Outer"
                        Relation Name: "lineitem"
                        Alias: "lineitem"
                        Startup Cost: 0.00
                        Total Cost: 256572.34
                        Plan Rows: 28512
                        Plan Width: 19
                        Actual Startup Time: 0.211
                        Actual Total Time: 5382.084
                        Actual Rows: 30911
                        Actual Loops: 1
                        Filter: "((l_shipmode = ANY ('{MAIL,SHIP}'::bpchar[])) AND (l_commitdate < l_receiptdate) AND (l_shipdate < l_commitdate) AND (l_receiptdate >= '1995-01-01'::date) AND (l_receiptdate < '1996-01-01 00:00:00'::timestamp without time zone))"
                        Rows Removed by Filter: 5970304
  Planning Time: 0.828
  Triggers: 
  Execution Time: 6785.379
Key => Node Type
Value  name ,=> -1.0
Key => Plan Width
Value  name ,=> 27.0
Key => Actual Rows
Value  name ,=> 1.0
Key => Actual Loops
Value  name ,=> 1.0
Key => Plans
Value  name ,=> -1.0
Key => Node Type
Value  name ,=> -1.0
Key => Parent Relationship
Value  name ,=> -1.0
Key => Plan Width
Value  name ,=> 27.0
Key => Actual Rows
Value  name ,=> 1.0
Key => Actual Loops
Value  name ,=> 1.0
Key => Sort Key
Value  name ,=> 1.0
Key => Sort Method
Value  name ,=> -1.0
Key => Sort Space Used
Value  name ,=> 25.0
Key => Sort Space Type
Value  name ,=> -1.0
Key => Plans
Value  name ,=> -1.0
Key => Node Type
Value  name ,=> -1.0
Key => Strategy
Value  name ,=> -1.0
Key => Parent Relationship
Value  name ,=> -1.0
Key => Plan Width
Value  name ,=> 27.0
Key => Actual Rows
Value  name ,=> 2.0
Key => Actual Loops
Value  name ,=> 1.0
Key => Group Key
Value  name ,=> 1.0
Key => Plans
Value  name ,=> -1.0
Key => Node Type
Value  name ,=> -1.0
Key => Parent Relationship
Value  name ,=> -1.0
Key => Join Type
Value  name ,=> -1.0
Key => Plan Width
Value  name ,=> 27.0
Key => Actual Rows
Value  name ,=> 30911.0
Key => Actual Loops
Value  name ,=> 1.0
Key => Merge Cond
Value  name ,=> -1.0
Key => Plans
Value  name ,=> -1.0
Key => Node Type
Value  name ,=> -1.0
Key => Parent Relationship
Value  name ,=> -1.0
Key => Scan Direction
Value  name ,=> -1.0
Key => Index Name
Value  name ,=> -1.0
Key => Relation Name
Value  name ,=> -1.0
Key => Alias
Value  name ,=> -1.0
Key => Plan Width
Value  name ,=> 20.0
Key => Actual Rows
Value  name ,=> 1499917.0
Key => Actual Loops
Value  name ,=> 1.0
Data IndexScan , 1.0 1499917.0 20.0 0.0 897.111
Added training data to files
Key => Node Type
Value  name ,=> -1.0
Key => Parent Relationship
Value  name ,=> -1.0
Key => Plan Width
Value  name ,=> 19.0
Key => Actual Rows
Value  name ,=> 30911.0
Key => Actual Loops
Value  name ,=> 1.0
Key => Sort Key
Value  name ,=> 1.0
Key => Sort Method
Value  name ,=> -1.0
Key => Sort Space Used
Value  name ,=> 3425.0
Key => Sort Space Type
Value  name ,=> -1.0
Key => Plans
Value  name ,=> -1.0
Key => Node Type
Value  name ,=> -1.0
Key => Parent Relationship
Value  name ,=> -1.0
Key => Relation Name
Value  name ,=> -1.0
Key => Alias
Value  name ,=> -1.0
Key => Plan Width
Value  name ,=> 19.0
Key => Actual Rows
Value  name ,=> 30911.0
Key => Actual Loops
Value  name ,=> 1.0
Key => Filter
Value  name ,=> -1.0
Data SeqScan , 1.0 30911.0 19.0 5970304.0 5382.084
Added training data to files
Data Sort-quicksort , 1.0 30911.0 19.0 1.0 3425.0 0.0 30911.0 19.0 5421.543
Added training data to files
Data MergeJoin , 1.0 30911.0 27.0 0.0 1499917.0 20.0 30911.0 19.0 6713.197
Added training data to files
Data Aggregate-Hashed , 1.0 2.0 1.0 27.0 0.0 30911.0 27.0 6784.111
Added training data to files
Data Sort-quicksort , 1.0 1.0 27.0 1.0 25.0 0.0 2.0 27.0 6784.127
Added training data to files
Data Limit , 1.0 1.0 27.0 0.0 1.0 27.0 6784.128
Added training data to files
Training query 116 executed successfully
Executed command ,script returned :  Exit value of child process : 1
Query : 
select
	l_shipmode,
	sum(case
		when o_orderpriority = '1-URGENT'
			or o_orderpriority = '2-HIGH'
			then 1
		else 0
	end) as high_line_count,
	sum(case
		when o_orderpriority <> '1-URGENT'
			and o_orderpriority <> '2-HIGH'
			then 1
		else 0
	end) as low_line_count
from
	orders,
	lineitem
where
	o_orderkey = l_orderkey
	and l_shipmode in ('MAIL', 'SHIP')
	and l_commitdate < l_receiptdate
	and l_shipdate < l_commitdate
	and l_receiptdate >= date '1995-01-01'
	and l_receiptdate < date '1995-01-01' + interval '1' year
group by
	l_shipmode
order by
	l_shipmode
LIMIT 1;

Node output - Plan: 
    Node Type: "Limit"
    Startup Cost: 329948.35
    Total Cost: 329948.36
    Plan Rows: 1
    Plan Width: 27
    Actual Startup Time: 6135.136
    Actual Total Time: 6135.137
    Actual Rows: 1
    Actual Loops: 1
    Plans: 
      - Node Type: "Sort"
        Parent Relationship: "Outer"
        Startup Cost: 329948.35
        Total Cost: 329948.36
        Plan Rows: 1
        Plan Width: 27
        Actual Startup Time: 6135.133
        Actual Total Time: 6135.133
        Actual Rows: 1
        Actual Loops: 1
        Sort Key: 
          - "lineitem.l_shipmode"
        Sort Method: "quicksort"
        Sort Space Used: 25
        Sort Space Type: "Memory"
        Plans: 
          - Node Type: "Aggregate"
            Strategy: "Hashed"
            Parent Relationship: "Outer"
            Startup Cost: 329948.33
            Total Cost: 329948.34
            Plan Rows: 1
            Plan Width: 27
            Actual Startup Time: 6135.110
            Actual Total Time: 6135.111
            Actual Rows: 2
            Actual Loops: 1
            Group Key: 
              - "lineitem.l_shipmode"
            Plans: 
              - Node Type: "Merge Join"
                Parent Relationship: "Outer"
                Join Type: "Inner"
                Startup Cost: 258682.56
                Total Cost: 329449.37
                Plan Rows: 28512
                Plan Width: 27
                Actual Startup Time: 4875.880
                Actual Total Time: 6070.771
                Actual Rows: 30911
                Actual Loops: 1
                Merge Cond: "(orders.o_orderkey = lineitem.l_orderkey)"
                Plans: 
                  - Node Type: "Index Scan"
                    Parent Relationship: "Outer"
                    Scan Direction: "Forward"
                    Index Name: "orders_pkey"
                    Relation Name: "orders"
                    Alias: "orders"
                    Startup Cost: 0.43
                    Total Cost: 66592.43
                    Plan Rows: 1500000
                    Plan Width: 20
                    Actual Startup Time: 0.050
                    Actual Total Time: 825.364
                    Actual Rows: 1499917
                    Actual Loops: 1
                  - Node Type: "Sort"
                    Parent Relationship: "Inner"
                    Startup Cost: 258682.12
                    Total Cost: 258753.40
                    Plan Rows: 28512
                    Plan Width: 19
                    Actual Startup Time: 4875.746
                    Actual Total Time: 4882.776
                    Actual Rows: 30911
                    Actual Loops: 1
                    Sort Key: 
                      - "lineitem.l_orderkey"
                    Sort Method: "quicksort"
                    Sort Space Used: 3425
                    Sort Space Type: "Memory"
                    Plans: 
                      - Node Type: "Seq Scan"
                        Parent Relationship: "Outer"
                        Relation Name: "lineitem"
                        Alias: "lineitem"
                        Startup Cost: 0.00
                        Total Cost: 256572.34
                        Plan Rows: 28512
                        Plan Width: 19
                        Actual Startup Time: 0.563
                        Actual Total Time: 4847.570
                        Actual Rows: 30911
                        Actual Loops: 1
                        Filter: "((l_shipmode = ANY ('{MAIL,SHIP}'::bpchar[])) AND (l_commitdate < l_receiptdate) AND (l_shipdate < l_commitdate) AND (l_receiptdate >= '1995-01-01'::date) AND (l_receiptdate < '1996-01-01 00:00:00'::timestamp without time zone))"
                        Rows Removed by Filter: 5970304
  Planning Time: 2.018
  Triggers: 
  Execution Time: 6136.396
Key => Node Type
Value  name ,=> -1.0
Key => Plan Width
Value  name ,=> 27.0
Key => Actual Rows
Value  name ,=> 1.0
Key => Actual Loops
Value  name ,=> 1.0
Key => Plans
Value  name ,=> -1.0
Key => Node Type
Value  name ,=> -1.0
Key => Parent Relationship
Value  name ,=> -1.0
Key => Plan Width
Value  name ,=> 27.0
Key => Actual Rows
Value  name ,=> 1.0
Key => Actual Loops
Value  name ,=> 1.0
Key => Sort Key
Value  name ,=> 1.0
Key => Sort Method
Value  name ,=> -1.0
Key => Sort Space Used
Value  name ,=> 25.0
Key => Sort Space Type
Value  name ,=> -1.0
Key => Plans
Value  name ,=> -1.0
Key => Node Type
Value  name ,=> -1.0
Key => Strategy
Value  name ,=> -1.0
Key => Parent Relationship
Value  name ,=> -1.0
Key => Plan Width
Value  name ,=> 27.0
Key => Actual Rows
Value  name ,=> 2.0
Key => Actual Loops
Value  name ,=> 1.0
Key => Group Key
Value  name ,=> 1.0
Key => Plans
Value  name ,=> -1.0
Key => Node Type
Value  name ,=> -1.0
Key => Parent Relationship
Value  name ,=> -1.0
Key => Join Type
Value  name ,=> -1.0
Key => Plan Width
Value  name ,=> 27.0
Key => Actual Rows
Value  name ,=> 30911.0
Key => Actual Loops
Value  name ,=> 1.0
Key => Merge Cond
Value  name ,=> -1.0
Key => Plans
Value  name ,=> -1.0
Key => Node Type
Value  name ,=> -1.0
Key => Parent Relationship
Value  name ,=> -1.0
Key => Scan Direction
Value  name ,=> -1.0
Key => Index Name
Value  name ,=> -1.0
Key => Relation Name
Value  name ,=> -1.0
Key => Alias
Value  name ,=> -1.0
Key => Plan Width
Value  name ,=> 20.0
Key => Actual Rows
Value  name ,=> 1499917.0
Key => Actual Loops
Value  name ,=> 1.0
Data IndexScan , 1.0 1499917.0 20.0 0.0 825.364
Added training data to files
Key => Node Type
Value  name ,=> -1.0
Key => Parent Relationship
Value  name ,=> -1.0
Key => Plan Width
Value  name ,=> 19.0
Key => Actual Rows
Value  name ,=> 30911.0
Key => Actual Loops
Value  name ,=> 1.0
Key => Sort Key
Value  name ,=> 1.0
Key => Sort Method
Value  name ,=> -1.0
Key => Sort Space Used
Value  name ,=> 3425.0
Key => Sort Space Type
Value  name ,=> -1.0
Key => Plans
Value  name ,=> -1.0
Key => Node Type
Value  name ,=> -1.0
Key => Parent Relationship
Value  name ,=> -1.0
Key => Relation Name
Value  name ,=> -1.0
Key => Alias
Value  name ,=> -1.0
Key => Plan Width
Value  name ,=> 19.0
Key => Actual Rows
Value  name ,=> 30911.0
Key => Actual Loops
Value  name ,=> 1.0
Key => Filter
Value  name ,=> -1.0
Data SeqScan , 1.0 30911.0 19.0 5970304.0 4847.57
Added training data to files
Data Sort-quicksort , 1.0 30911.0 19.0 1.0 3425.0 0.0 30911.0 19.0 4882.776
Added training data to files
Data MergeJoin , 1.0 30911.0 27.0 0.0 1499917.0 20.0 30911.0 19.0 6070.771
Added training data to files
Data Aggregate-Hashed , 1.0 2.0 1.0 27.0 0.0 30911.0 27.0 6135.111
Added training data to files
Data Sort-quicksort , 1.0 1.0 27.0 1.0 25.0 0.0 2.0 27.0 6135.133
Added training data to files
Data Limit , 1.0 1.0 27.0 0.0 1.0 27.0 6135.137
Added training data to files
Training query 117 executed successfully
Executed command ,script returned :  Exit value of child process : 1
Query : 
select
	l_shipmode,
	sum(case
		when o_orderpriority = '1-URGENT'
			or o_orderpriority = '2-HIGH'
			then 1
		else 0
	end) as high_line_count,
	sum(case
		when o_orderpriority <> '1-URGENT'
			and o_orderpriority <> '2-HIGH'
			then 1
		else 0
	end) as low_line_count
from
	orders,
	lineitem
where
	o_orderkey = l_orderkey
	and l_shipmode in ('MAIL', 'SHIP')
	and l_commitdate < l_receiptdate
	and l_shipdate < l_commitdate
	and l_receiptdate >= date '1995-01-01'
	and l_receiptdate < date '1995-01-01' + interval '1' year
group by
	l_shipmode
order by
	l_shipmode
LIMIT 1;

Node output - Plan: 
    Node Type: "Limit"
    Startup Cost: 329948.35
    Total Cost: 329948.36
    Plan Rows: 1
    Plan Width: 27
    Actual Startup Time: 6220.364
    Actual Total Time: 6220.364
    Actual Rows: 1
    Actual Loops: 1
    Plans: 
      - Node Type: "Sort"
        Parent Relationship: "Outer"
        Startup Cost: 329948.35
        Total Cost: 329948.36
        Plan Rows: 1
        Plan Width: 27
        Actual Startup Time: 6220.362
        Actual Total Time: 6220.362
        Actual Rows: 1
        Actual Loops: 1
        Sort Key: 
          - "lineitem.l_shipmode"
        Sort Method: "quicksort"
        Sort Space Used: 25
        Sort Space Type: "Memory"
        Plans: 
          - Node Type: "Aggregate"
            Strategy: "Hashed"
            Parent Relationship: "Outer"
            Startup Cost: 329948.33
            Total Cost: 329948.34
            Plan Rows: 1
            Plan Width: 27
            Actual Startup Time: 6220.337
            Actual Total Time: 6220.338
            Actual Rows: 2
            Actual Loops: 1
            Group Key: 
              - "lineitem.l_shipmode"
            Plans: 
              - Node Type: "Merge Join"
                Parent Relationship: "Outer"
                Join Type: "Inner"
                Startup Cost: 258682.56
                Total Cost: 329449.37
                Plan Rows: 28512
                Plan Width: 27
                Actual Startup Time: 4949.697
                Actual Total Time: 6155.268
                Actual Rows: 30911
                Actual Loops: 1
                Merge Cond: "(orders.o_orderkey = lineitem.l_orderkey)"
                Plans: 
                  - Node Type: "Index Scan"
                    Parent Relationship: "Outer"
                    Scan Direction: "Forward"
                    Index Name: "orders_pkey"
                    Relation Name: "orders"
                    Alias: "orders"
                    Startup Cost: 0.43
                    Total Cost: 66592.43
                    Plan Rows: 1500000
                    Plan Width: 20
                    Actual Startup Time: 0.049
                    Actual Total Time: 832.473
                    Actual Rows: 1499917
                    Actual Loops: 1
                  - Node Type: "Sort"
                    Parent Relationship: "Inner"
                    Startup Cost: 258682.12
                    Total Cost: 258753.40
                    Plan Rows: 28512
                    Plan Width: 19
                    Actual Startup Time: 4949.565
                    Actual Total Time: 4956.660
                    Actual Rows: 30911
                    Actual Loops: 1
                    Sort Key: 
                      - "lineitem.l_orderkey"
                    Sort Method: "quicksort"
                    Sort Space Used: 3425
                    Sort Space Type: "Memory"
                    Plans: 
                      - Node Type: "Seq Scan"
                        Parent Relationship: "Outer"
                        Relation Name: "lineitem"
                        Alias: "lineitem"
                        Startup Cost: 0.00
                        Total Cost: 256572.34
                        Plan Rows: 28512
                        Plan Width: 19
                        Actual Startup Time: 0.467
                        Actual Total Time: 4920.912
                        Actual Rows: 30911
                        Actual Loops: 1
                        Filter: "((l_shipmode = ANY ('{MAIL,SHIP}'::bpchar[])) AND (l_commitdate < l_receiptdate) AND (l_shipdate < l_commitdate) AND (l_receiptdate >= '1995-01-01'::date) AND (l_receiptdate < '1996-01-01 00:00:00'::timestamp without time zone))"
                        Rows Removed by Filter: 5970304
  Planning Time: 2.043
  Triggers: 
  Execution Time: 6221.731
Key => Node Type
Value  name ,=> -1.0
Key => Plan Width
Value  name ,=> 27.0
Key => Actual Rows
Value  name ,=> 1.0
Key => Actual Loops
Value  name ,=> 1.0
Key => Plans
Value  name ,=> -1.0
Key => Node Type
Value  name ,=> -1.0
Key => Parent Relationship
Value  name ,=> -1.0
Key => Plan Width
Value  name ,=> 27.0
Key => Actual Rows
Value  name ,=> 1.0
Key => Actual Loops
Value  name ,=> 1.0
Key => Sort Key
Value  name ,=> 1.0
Key => Sort Method
Value  name ,=> -1.0
Key => Sort Space Used
Value  name ,=> 25.0
Key => Sort Space Type
Value  name ,=> -1.0
Key => Plans
Value  name ,=> -1.0
Key => Node Type
Value  name ,=> -1.0
Key => Strategy
Value  name ,=> -1.0
Key => Parent Relationship
Value  name ,=> -1.0
Key => Plan Width
Value  name ,=> 27.0
Key => Actual Rows
Value  name ,=> 2.0
Key => Actual Loops
Value  name ,=> 1.0
Key => Group Key
Value  name ,=> 1.0
Key => Plans
Value  name ,=> -1.0
Key => Node Type
Value  name ,=> -1.0
Key => Parent Relationship
Value  name ,=> -1.0
Key => Join Type
Value  name ,=> -1.0
Key => Plan Width
Value  name ,=> 27.0
Key => Actual Rows
Value  name ,=> 30911.0
Key => Actual Loops
Value  name ,=> 1.0
Key => Merge Cond
Value  name ,=> -1.0
Key => Plans
Value  name ,=> -1.0
Key => Node Type
Value  name ,=> -1.0
Key => Parent Relationship
Value  name ,=> -1.0
Key => Scan Direction
Value  name ,=> -1.0
Key => Index Name
Value  name ,=> -1.0
Key => Relation Name
Value  name ,=> -1.0
Key => Alias
Value  name ,=> -1.0
Key => Plan Width
Value  name ,=> 20.0
Key => Actual Rows
Value  name ,=> 1499917.0
Key => Actual Loops
Value  name ,=> 1.0
Data IndexScan , 1.0 1499917.0 20.0 0.0 832.473
Added training data to files
Key => Node Type
Value  name ,=> -1.0
Key => Parent Relationship
Value  name ,=> -1.0
Key => Plan Width
Value  name ,=> 19.0
Key => Actual Rows
Value  name ,=> 30911.0
Key => Actual Loops
Value  name ,=> 1.0
Key => Sort Key
Value  name ,=> 1.0
Key => Sort Method
Value  name ,=> -1.0
Key => Sort Space Used
Value  name ,=> 3425.0
Key => Sort Space Type
Value  name ,=> -1.0
Key => Plans
Value  name ,=> -1.0
Key => Node Type
Value  name ,=> -1.0
Key => Parent Relationship
Value  name ,=> -1.0
Key => Relation Name
Value  name ,=> -1.0
Key => Alias
Value  name ,=> -1.0
Key => Plan Width
Value  name ,=> 19.0
Key => Actual Rows
Value  name ,=> 30911.0
Key => Actual Loops
Value  name ,=> 1.0
Key => Filter
Value  name ,=> -1.0
Data SeqScan , 1.0 30911.0 19.0 5970304.0 4920.912
Added training data to files
Data Sort-quicksort , 1.0 30911.0 19.0 1.0 3425.0 0.0 30911.0 19.0 4956.66
Added training data to files
Data MergeJoin , 1.0 30911.0 27.0 0.0 1499917.0 20.0 30911.0 19.0 6155.268
Added training data to files
Data Aggregate-Hashed , 1.0 2.0 1.0 27.0 0.0 30911.0 27.0 6220.338
Added training data to files
Data Sort-quicksort , 1.0 1.0 27.0 1.0 25.0 0.0 2.0 27.0 6220.362
Added training data to files
Data Limit , 1.0 1.0 27.0 0.0 1.0 27.0 6220.364
Added training data to files
Training query 118 executed successfully
Executed command ,script returned :  Exit value of child process : 1
Query : 
select
	l_shipmode,
	sum(case
		when o_orderpriority = '1-URGENT'
			or o_orderpriority = '2-HIGH'
			then 1
		else 0
	end) as high_line_count,
	sum(case
		when o_orderpriority <> '1-URGENT'
			and o_orderpriority <> '2-HIGH'
			then 1
		else 0
	end) as low_line_count
from
	orders,
	lineitem
where
	o_orderkey = l_orderkey
	and l_shipmode in ('MAIL', 'SHIP')
	and l_commitdate < l_receiptdate
	and l_shipdate < l_commitdate
	and l_receiptdate >= date '1995-01-01'
	and l_receiptdate < date '1995-01-01' + interval '1' year
group by
	l_shipmode
order by
	l_shipmode
LIMIT 1;

Node output - Plan: 
    Node Type: "Limit"
    Startup Cost: 329948.35
    Total Cost: 329948.36
    Plan Rows: 1
    Plan Width: 27
    Actual Startup Time: 6299.978
    Actual Total Time: 6299.978
    Actual Rows: 1
    Actual Loops: 1
    Plans: 
      - Node Type: "Sort"
        Parent Relationship: "Outer"
        Startup Cost: 329948.35
        Total Cost: 329948.36
        Plan Rows: 1
        Plan Width: 27
        Actual Startup Time: 6299.976
        Actual Total Time: 6299.976
        Actual Rows: 1
        Actual Loops: 1
        Sort Key: 
          - "lineitem.l_shipmode"
        Sort Method: "quicksort"
        Sort Space Used: 25
        Sort Space Type: "Memory"
        Plans: 
          - Node Type: "Aggregate"
            Strategy: "Hashed"
            Parent Relationship: "Outer"
            Startup Cost: 329948.33
            Total Cost: 329948.34
            Plan Rows: 1
            Plan Width: 27
            Actual Startup Time: 6299.952
            Actual Total Time: 6299.953
            Actual Rows: 2
            Actual Loops: 1
            Group Key: 
              - "lineitem.l_shipmode"
            Plans: 
              - Node Type: "Merge Join"
                Parent Relationship: "Outer"
                Join Type: "Inner"
                Startup Cost: 258682.56
                Total Cost: 329449.37
                Plan Rows: 28512
                Plan Width: 27
                Actual Startup Time: 5018.846
                Actual Total Time: 6234.437
                Actual Rows: 30911
                Actual Loops: 1
                Merge Cond: "(orders.o_orderkey = lineitem.l_orderkey)"
                Plans: 
                  - Node Type: "Index Scan"
                    Parent Relationship: "Outer"
                    Scan Direction: "Forward"
                    Index Name: "orders_pkey"
                    Relation Name: "orders"
                    Alias: "orders"
                    Startup Cost: 0.43
                    Total Cost: 66592.43
                    Plan Rows: 1500000
                    Plan Width: 20
                    Actual Startup Time: 0.050
                    Actual Total Time: 839.520
                    Actual Rows: 1499917
                    Actual Loops: 1
                  - Node Type: "Sort"
                    Parent Relationship: "Inner"
                    Startup Cost: 258682.12
                    Total Cost: 258753.40
                    Plan Rows: 28512
                    Plan Width: 19
                    Actual Startup Time: 5018.721
                    Actual Total Time: 5025.728
                    Actual Rows: 30911
                    Actual Loops: 1
                    Sort Key: 
                      - "lineitem.l_orderkey"
                    Sort Method: "quicksort"
                    Sort Space Used: 3425
                    Sort Space Type: "Memory"
                    Plans: 
                      - Node Type: "Seq Scan"
                        Parent Relationship: "Outer"
                        Relation Name: "lineitem"
                        Alias: "lineitem"
                        Startup Cost: 0.00
                        Total Cost: 256572.34
                        Plan Rows: 28512
                        Plan Width: 19
                        Actual Startup Time: 0.576
                        Actual Total Time: 4988.729
                        Actual Rows: 30911
                        Actual Loops: 1
                        Filter: "((l_shipmode = ANY ('{MAIL,SHIP}'::bpchar[])) AND (l_commitdate < l_receiptdate) AND (l_shipdate < l_commitdate) AND (l_receiptdate >= '1995-01-01'::date) AND (l_receiptdate < '1996-01-01 00:00:00'::timestamp without time zone))"
                        Rows Removed by Filter: 5970304
  Planning Time: 2.126
  Triggers: 
  Execution Time: 6301.291
Key => Node Type
Value  name ,=> -1.0
Key => Plan Width
Value  name ,=> 27.0
Key => Actual Rows
Value  name ,=> 1.0
Key => Actual Loops
Value  name ,=> 1.0
Key => Plans
Value  name ,=> -1.0
Key => Node Type
Value  name ,=> -1.0
Key => Parent Relationship
Value  name ,=> -1.0
Key => Plan Width
Value  name ,=> 27.0
Key => Actual Rows
Value  name ,=> 1.0
Key => Actual Loops
Value  name ,=> 1.0
Key => Sort Key
Value  name ,=> 1.0
Key => Sort Method
Value  name ,=> -1.0
Key => Sort Space Used
Value  name ,=> 25.0
Key => Sort Space Type
Value  name ,=> -1.0
Key => Plans
Value  name ,=> -1.0
Key => Node Type
Value  name ,=> -1.0
Key => Strategy
Value  name ,=> -1.0
Key => Parent Relationship
Value  name ,=> -1.0
Key => Plan Width
Value  name ,=> 27.0
Key => Actual Rows
Value  name ,=> 2.0
Key => Actual Loops
Value  name ,=> 1.0
Key => Group Key
Value  name ,=> 1.0
Key => Plans
Value  name ,=> -1.0
Key => Node Type
Value  name ,=> -1.0
Key => Parent Relationship
Value  name ,=> -1.0
Key => Join Type
Value  name ,=> -1.0
Key => Plan Width
Value  name ,=> 27.0
Key => Actual Rows
Value  name ,=> 30911.0
Key => Actual Loops
Value  name ,=> 1.0
Key => Merge Cond
Value  name ,=> -1.0
Key => Plans
Value  name ,=> -1.0
Key => Node Type
Value  name ,=> -1.0
Key => Parent Relationship
Value  name ,=> -1.0
Key => Scan Direction
Value  name ,=> -1.0
Key => Index Name
Value  name ,=> -1.0
Key => Relation Name
Value  name ,=> -1.0
Key => Alias
Value  name ,=> -1.0
Key => Plan Width
Value  name ,=> 20.0
Key => Actual Rows
Value  name ,=> 1499917.0
Key => Actual Loops
Value  name ,=> 1.0
Data IndexScan , 1.0 1499917.0 20.0 0.0 839.52
Added training data to files
Key => Node Type
Value  name ,=> -1.0
Key => Parent Relationship
Value  name ,=> -1.0
Key => Plan Width
Value  name ,=> 19.0
Key => Actual Rows
Value  name ,=> 30911.0
Key => Actual Loops
Value  name ,=> 1.0
Key => Sort Key
Value  name ,=> 1.0
Key => Sort Method
Value  name ,=> -1.0
Key => Sort Space Used
Value  name ,=> 3425.0
Key => Sort Space Type
Value  name ,=> -1.0
Key => Plans
Value  name ,=> -1.0
Key => Node Type
Value  name ,=> -1.0
Key => Parent Relationship
Value  name ,=> -1.0
Key => Relation Name
Value  name ,=> -1.0
Key => Alias
Value  name ,=> -1.0
Key => Plan Width
Value  name ,=> 19.0
Key => Actual Rows
Value  name ,=> 30911.0
Key => Actual Loops
Value  name ,=> 1.0
Key => Filter
Value  name ,=> -1.0
Data SeqScan , 1.0 30911.0 19.0 5970304.0 4988.729
Added training data to files
Data Sort-quicksort , 1.0 30911.0 19.0 1.0 3425.0 0.0 30911.0 19.0 5025.728
Added training data to files
Data MergeJoin , 1.0 30911.0 27.0 0.0 1499917.0 20.0 30911.0 19.0 6234.437
Added training data to files
Data Aggregate-Hashed , 1.0 2.0 1.0 27.0 0.0 30911.0 27.0 6299.953
Added training data to files
Data Sort-quicksort , 1.0 1.0 27.0 1.0 25.0 0.0 2.0 27.0 6299.976
Added training data to files
Data Limit , 1.0 1.0 27.0 0.0 1.0 27.0 6299.978
Added training data to files
Training query 119 executed successfully
Executed command ,script returned :  Exit value of child process : 1
Query : 
select
	c_count,
	count(*) as custdist
from
	(
		select
			c_custkey,
			count(o_orderkey)
		from
			customer left outer join orders on
				c_custkey = o_custkey
				and o_comment not like '%express%accounts%'
		group by
			c_custkey
	) as c_orders (c_custkey, c_count)
group by
	c_count
order by
	custdist desc,
	c_count desc
LIMIT 1;

Node output - Plan: 
    Node Type: "Limit"
    Startup Cost: 190944.78
    Total Cost: 190944.78
    Plan Rows: 1
    Plan Width: 8
    Actual Startup Time: 9018.855
    Actual Total Time: 9018.856
    Actual Rows: 1
    Actual Loops: 1
    Plans: 
      - Node Type: "Sort"
        Parent Relationship: "Outer"
        Startup Cost: 190944.78
        Total Cost: 190945.28
        Plan Rows: 200
        Plan Width: 8
        Actual Startup Time: 9018.853
        Actual Total Time: 9018.853
        Actual Rows: 1
        Actual Loops: 1
        Sort Key: 
          - "(count(*))"
          - "(count(orders.o_orderkey))"
        Sort Method: "top-N heapsort"
        Sort Space Used: 25
        Sort Space Type: "Memory"
        Plans: 
          - Node Type: "Aggregate"
            Strategy: "Hashed"
            Parent Relationship: "Outer"
            Startup Cost: 190941.78
            Total Cost: 190943.78
            Plan Rows: 200
            Plan Width: 8
            Actual Startup Time: 9018.807
            Actual Total Time: 9018.827
            Actual Rows: 42
            Actual Loops: 1
            Group Key: 
              - "count(orders.o_orderkey)"
            Plans: 
              - Node Type: "Aggregate"
                Strategy: "Sorted"
                Parent Relationship: "Outer"
                Startup Cost: 4.65
                Total Cost: 188691.78
                Plan Rows: 150000
                Plan Width: 8
                Actual Startup Time: 23.167
                Actual Total Time: 8905.538
                Actual Rows: 150000
                Actual Loops: 1
                Group Key: 
                  - "customer.c_custkey"
                Plans: 
                  - Node Type: "Merge Join"
                    Parent Relationship: "Outer"
                    Join Type: "Left"
                    Startup Cost: 4.65
                    Total Cost: 179767.47
                    Plan Rows: 1484862
                    Plan Width: 8
                    Actual Startup Time: 0.079
                    Actual Total Time: 8170.333
                    Actual Rows: 1534019
                    Actual Loops: 1
                    Merge Cond: "(customer.c_custkey = orders.o_custkey)"
                    Plans: 
                      - Node Type: "Index Only Scan"
                        Parent Relationship: "Outer"
                        Scan Direction: "Forward"
                        Index Name: "customer_pkey"
                        Relation Name: "customer"
                        Alias: "customer"
                        Startup Cost: 0.42
                        Total Cost: 7617.42
                        Plan Rows: 150000
                        Plan Width: 4
                        Actual Startup Time: 0.055
                        Actual Total Time: 173.655
                        Actual Rows: 150000
                        Actual Loops: 1
                        Heap Fetches: 150000
                      - Node Type: "Index Scan"
                        Parent Relationship: "Inner"
                        Scan Direction: "Forward"
                        Index Name: "idx_orders_custkey"
                        Relation Name: "orders"
                        Alias: "orders"
                        Startup Cost: 0.43
                        Total Cost: 153214.27
                        Plan Rows: 1484862
                        Plan Width: 12
                        Actual Startup Time: 0.020
                        Actual Total Time: 7224.012
                        Actual Rows: 1484015
                        Actual Loops: 1
                        Filter: "((o_comment)::text !~~ '%express%accounts%'::text)"
                        Rows Removed by Filter: 15985
  Planning Time: 10.020
  Triggers: 
  Execution Time: 9019.034
Key => Node Type
Value  name ,=> -1.0
Key => Plan Width
Value  name ,=> 8.0
Key => Actual Rows
Value  name ,=> 1.0
Key => Actual Loops
Value  name ,=> 1.0
Key => Plans
Value  name ,=> -1.0
Key => Node Type
Value  name ,=> -1.0
Key => Parent Relationship
Value  name ,=> -1.0
Key => Plan Width
Value  name ,=> 8.0
Key => Actual Rows
Value  name ,=> 1.0
Key => Actual Loops
Value  name ,=> 1.0
Key => Sort Key
Value  name ,=> 2.0
Key => Sort Method
Value  name ,=> -1.0
Key => Sort Space Used
Value  name ,=> 25.0
Key => Sort Space Type
Value  name ,=> -1.0
Key => Plans
Value  name ,=> -1.0
Key => Node Type
Value  name ,=> -1.0
Key => Strategy
Value  name ,=> -1.0
Key => Parent Relationship
Value  name ,=> -1.0
Key => Plan Width
Value  name ,=> 8.0
Key => Actual Rows
Value  name ,=> 42.0
Key => Actual Loops
Value  name ,=> 1.0
Key => Group Key
Value  name ,=> 1.0
Key => Plans
Value  name ,=> -1.0
Key => Node Type
Value  name ,=> -1.0
Key => Strategy
Value  name ,=> -1.0
Key => Parent Relationship
Value  name ,=> -1.0
Key => Plan Width
Value  name ,=> 8.0
Key => Actual Rows
Value  name ,=> 150000.0
Key => Actual Loops
Value  name ,=> 1.0
Key => Group Key
Value  name ,=> 1.0
Key => Plans
Value  name ,=> -1.0
Key => Node Type
Value  name ,=> -1.0
Key => Parent Relationship
Value  name ,=> -1.0
Key => Join Type
Value  name ,=> -1.0
Key => Plan Width
Value  name ,=> 8.0
Key => Actual Rows
Value  name ,=> 1534019.0
Key => Actual Loops
Value  name ,=> 1.0
Key => Merge Cond
Value  name ,=> -1.0
Key => Plans
Value  name ,=> -1.0
Key => Node Type
Value  name ,=> -1.0
Key => Parent Relationship
Value  name ,=> -1.0
Key => Scan Direction
Value  name ,=> -1.0
Key => Index Name
Value  name ,=> -1.0
Key => Relation Name
Value  name ,=> -1.0
Key => Alias
Value  name ,=> -1.0
Key => Plan Width
Value  name ,=> 4.0
Key => Actual Rows
Value  name ,=> 150000.0
Key => Actual Loops
Value  name ,=> 1.0
Key => Heap Fetches
Value  name ,=> 150000.0
Data IndexOnlyScan , 1.0 150000.0 150000.0 4.0 0.0 173.655
Added training data to files
Key => Node Type
Value  name ,=> -1.0
Key => Parent Relationship
Value  name ,=> -1.0
Key => Scan Direction
Value  name ,=> -1.0
Key => Index Name
Value  name ,=> -1.0
Key => Relation Name
Value  name ,=> -1.0
Key => Alias
Value  name ,=> -1.0
Key => Plan Width
Value  name ,=> 12.0
Key => Actual Rows
Value  name ,=> 1484015.0
Key => Actual Loops
Value  name ,=> 1.0
Key => Filter
Value  name ,=> -1.0
Data IndexScan , 1.0 1484015.0 12.0 15985.0 7224.012
Added training data to files
Data MergeJoin , 1.0 1534019.0 8.0 0.0 150000.0 4.0 1484015.0 12.0 8170.333
Added training data to files
Data Aggregate-Sorted , 1.0 150000.0 1.0 8.0 0.0 1534019.0 8.0 8905.538
Added training data to files
Data Aggregate-Hashed , 1.0 42.0 1.0 8.0 0.0 150000.0 8.0 9018.827
Added training data to files
Data Sort-top-Nheapsort , 1.0 1.0 8.0 2.0 25.0 0.0 42.0 8.0 9018.853
Added training data to files
Data Limit , 1.0 1.0 8.0 0.0 1.0 8.0 9018.856
Added training data to files
Training query 120 executed successfully
Executed command ,script returned :  Exit value of child process : 1
Query : 
select
	c_count,
	count(*) as custdist
from
	(
		select
			c_custkey,
			count(o_orderkey)
		from
			customer left outer join orders on
				c_custkey = o_custkey
				and o_comment not like '%express%accounts%'
		group by
			c_custkey
	) as c_orders (c_custkey, c_count)
group by
	c_count
order by
	custdist desc,
	c_count desc
LIMIT 1;

Node output - Plan: 
    Node Type: "Limit"
    Startup Cost: 190944.78
    Total Cost: 190944.78
    Plan Rows: 1
    Plan Width: 8
    Actual Startup Time: 8995.888
    Actual Total Time: 8995.889
    Actual Rows: 1
    Actual Loops: 1
    Plans: 
      - Node Type: "Sort"
        Parent Relationship: "Outer"
        Startup Cost: 190944.78
        Total Cost: 190945.28
        Plan Rows: 200
        Plan Width: 8
        Actual Startup Time: 8995.885
        Actual Total Time: 8995.885
        Actual Rows: 1
        Actual Loops: 1
        Sort Key: 
          - "(count(*))"
          - "(count(orders.o_orderkey))"
        Sort Method: "top-N heapsort"
        Sort Space Used: 25
        Sort Space Type: "Memory"
        Plans: 
          - Node Type: "Aggregate"
            Strategy: "Hashed"
            Parent Relationship: "Outer"
            Startup Cost: 190941.78
            Total Cost: 190943.78
            Plan Rows: 200
            Plan Width: 8
            Actual Startup Time: 8995.830
            Actual Total Time: 8995.851
            Actual Rows: 42
            Actual Loops: 1
            Group Key: 
              - "count(orders.o_orderkey)"
            Plans: 
              - Node Type: "Aggregate"
                Strategy: "Sorted"
                Parent Relationship: "Outer"
                Startup Cost: 4.65
                Total Cost: 188691.78
                Plan Rows: 150000
                Plan Width: 8
                Actual Startup Time: 0.242
                Actual Total Time: 8881.794
                Actual Rows: 150000
                Actual Loops: 1
                Group Key: 
                  - "customer.c_custkey"
                Plans: 
                  - Node Type: "Merge Join"
                    Parent Relationship: "Outer"
                    Join Type: "Left"
                    Startup Cost: 4.65
                    Total Cost: 179767.47
                    Plan Rows: 1484862
                    Plan Width: 8
                    Actual Startup Time: 0.125
                    Actual Total Time: 8167.204
                    Actual Rows: 1534019
                    Actual Loops: 1
                    Merge Cond: "(customer.c_custkey = orders.o_custkey)"
                    Plans: 
                      - Node Type: "Index Only Scan"
                        Parent Relationship: "Outer"
                        Scan Direction: "Forward"
                        Index Name: "customer_pkey"
                        Relation Name: "customer"
                        Alias: "customer"
                        Startup Cost: 0.42
                        Total Cost: 7617.42
                        Plan Rows: 150000
                        Plan Width: 4
                        Actual Startup Time: 0.062
                        Actual Total Time: 165.190
                        Actual Rows: 150000
                        Actual Loops: 1
                        Heap Fetches: 150000
                      - Node Type: "Index Scan"
                        Parent Relationship: "Inner"
                        Scan Direction: "Forward"
                        Index Name: "idx_orders_custkey"
                        Relation Name: "orders"
                        Alias: "orders"
                        Startup Cost: 0.43
                        Total Cost: 153214.27
                        Plan Rows: 1484862
                        Plan Width: 12
                        Actual Startup Time: 0.053
                        Actual Total Time: 7222.026
                        Actual Rows: 1484015
                        Actual Loops: 1
                        Filter: "((o_comment)::text !~~ '%express%accounts%'::text)"
                        Rows Removed by Filter: 15985
  Planning Time: 2.176
  Triggers: 
  Execution Time: 8996.134
Key => Node Type
Value  name ,=> -1.0
Key => Plan Width
Value  name ,=> 8.0
Key => Actual Rows
Value  name ,=> 1.0
Key => Actual Loops
Value  name ,=> 1.0
Key => Plans
Value  name ,=> -1.0
Key => Node Type
Value  name ,=> -1.0
Key => Parent Relationship
Value  name ,=> -1.0
Key => Plan Width
Value  name ,=> 8.0
Key => Actual Rows
Value  name ,=> 1.0
Key => Actual Loops
Value  name ,=> 1.0
Key => Sort Key
Value  name ,=> 2.0
Key => Sort Method
Value  name ,=> -1.0
Key => Sort Space Used
Value  name ,=> 25.0
Key => Sort Space Type
Value  name ,=> -1.0
Key => Plans
Value  name ,=> -1.0
Key => Node Type
Value  name ,=> -1.0
Key => Strategy
Value  name ,=> -1.0
Key => Parent Relationship
Value  name ,=> -1.0
Key => Plan Width
Value  name ,=> 8.0
Key => Actual Rows
Value  name ,=> 42.0
Key => Actual Loops
Value  name ,=> 1.0
Key => Group Key
Value  name ,=> 1.0
Key => Plans
Value  name ,=> -1.0
Key => Node Type
Value  name ,=> -1.0
Key => Strategy
Value  name ,=> -1.0
Key => Parent Relationship
Value  name ,=> -1.0
Key => Plan Width
Value  name ,=> 8.0
Key => Actual Rows
Value  name ,=> 150000.0
Key => Actual Loops
Value  name ,=> 1.0
Key => Group Key
Value  name ,=> 1.0
Key => Plans
Value  name ,=> -1.0
Key => Node Type
Value  name ,=> -1.0
Key => Parent Relationship
Value  name ,=> -1.0
Key => Join Type
Value  name ,=> -1.0
Key => Plan Width
Value  name ,=> 8.0
Key => Actual Rows
Value  name ,=> 1534019.0
Key => Actual Loops
Value  name ,=> 1.0
Key => Merge Cond
Value  name ,=> -1.0
Key => Plans
Value  name ,=> -1.0
Key => Node Type
Value  name ,=> -1.0
Key => Parent Relationship
Value  name ,=> -1.0
Key => Scan Direction
Value  name ,=> -1.0
Key => Index Name
Value  name ,=> -1.0
Key => Relation Name
Value  name ,=> -1.0
Key => Alias
Value  name ,=> -1.0
Key => Plan Width
Value  name ,=> 4.0
Key => Actual Rows
Value  name ,=> 150000.0
Key => Actual Loops
Value  name ,=> 1.0
Key => Heap Fetches
Value  name ,=> 150000.0
Data IndexOnlyScan , 1.0 150000.0 150000.0 4.0 0.0 165.19
Added training data to files
Key => Node Type
Value  name ,=> -1.0
Key => Parent Relationship
Value  name ,=> -1.0
Key => Scan Direction
Value  name ,=> -1.0
Key => Index Name
Value  name ,=> -1.0
Key => Relation Name
Value  name ,=> -1.0
Key => Alias
Value  name ,=> -1.0
Key => Plan Width
Value  name ,=> 12.0
Key => Actual Rows
Value  name ,=> 1484015.0
Key => Actual Loops
Value  name ,=> 1.0
Key => Filter
Value  name ,=> -1.0
Data IndexScan , 1.0 1484015.0 12.0 15985.0 7222.026
Added training data to files
Data MergeJoin , 1.0 1534019.0 8.0 0.0 150000.0 4.0 1484015.0 12.0 8167.204
Added training data to files
Data Aggregate-Sorted , 1.0 150000.0 1.0 8.0 0.0 1534019.0 8.0 8881.794
Added training data to files
Data Aggregate-Hashed , 1.0 42.0 1.0 8.0 0.0 150000.0 8.0 8995.851
Added training data to files
Data Sort-top-Nheapsort , 1.0 1.0 8.0 2.0 25.0 0.0 42.0 8.0 8995.885
Added training data to files
Data Limit , 1.0 1.0 8.0 0.0 1.0 8.0 8995.889
Added training data to files
Training query 121 executed successfully
Executed command ,script returned :  Exit value of child process : 1
Query : 
select
	c_count,
	count(*) as custdist
from
	(
		select
			c_custkey,
			count(o_orderkey)
		from
			customer left outer join orders on
				c_custkey = o_custkey
				and o_comment not like '%express%accounts%'
		group by
			c_custkey
	) as c_orders (c_custkey, c_count)
group by
	c_count
order by
	custdist desc,
	c_count desc
LIMIT 1;

Node output - Plan: 
    Node Type: "Limit"
    Startup Cost: 190944.78
    Total Cost: 190944.78
    Plan Rows: 1
    Plan Width: 8
    Actual Startup Time: 9654.174
    Actual Total Time: 9654.174
    Actual Rows: 1
    Actual Loops: 1
    Plans: 
      - Node Type: "Sort"
        Parent Relationship: "Outer"
        Startup Cost: 190944.78
        Total Cost: 190945.28
        Plan Rows: 200
        Plan Width: 8
        Actual Startup Time: 9654.173
        Actual Total Time: 9654.173
        Actual Rows: 1
        Actual Loops: 1
        Sort Key: 
          - "(count(*))"
          - "(count(orders.o_orderkey))"
        Sort Method: "top-N heapsort"
        Sort Space Used: 25
        Sort Space Type: "Memory"
        Plans: 
          - Node Type: "Aggregate"
            Strategy: "Hashed"
            Parent Relationship: "Outer"
            Startup Cost: 190941.78
            Total Cost: 190943.78
            Plan Rows: 200
            Plan Width: 8
            Actual Startup Time: 9654.121
            Actual Total Time: 9654.142
            Actual Rows: 42
            Actual Loops: 1
            Group Key: 
              - "count(orders.o_orderkey)"
            Plans: 
              - Node Type: "Aggregate"
                Strategy: "Sorted"
                Parent Relationship: "Outer"
                Startup Cost: 4.65
                Total Cost: 188691.78
                Plan Rows: 150000
                Plan Width: 8
                Actual Startup Time: 0.240
                Actual Total Time: 9529.608
                Actual Rows: 150000
                Actual Loops: 1
                Group Key: 
                  - "customer.c_custkey"
                Plans: 
                  - Node Type: "Merge Join"
                    Parent Relationship: "Outer"
                    Join Type: "Left"
                    Startup Cost: 4.65
                    Total Cost: 179767.47
                    Plan Rows: 1484862
                    Plan Width: 8
                    Actual Startup Time: 0.115
                    Actual Total Time: 8749.529
                    Actual Rows: 1534019
                    Actual Loops: 1
                    Merge Cond: "(customer.c_custkey = orders.o_custkey)"
                    Plans: 
                      - Node Type: "Index Only Scan"
                        Parent Relationship: "Outer"
                        Scan Direction: "Forward"
                        Index Name: "customer_pkey"
                        Relation Name: "customer"
                        Alias: "customer"
                        Startup Cost: 0.42
                        Total Cost: 7617.42
                        Plan Rows: 150000
                        Plan Width: 4
                        Actual Startup Time: 0.056
                        Actual Total Time: 178.815
                        Actual Rows: 150000
                        Actual Loops: 1
                        Heap Fetches: 150000
                      - Node Type: "Index Scan"
                        Parent Relationship: "Inner"
                        Scan Direction: "Forward"
                        Index Name: "idx_orders_custkey"
                        Relation Name: "orders"
                        Alias: "orders"
                        Startup Cost: 0.43
                        Total Cost: 153214.27
                        Plan Rows: 1484862
                        Plan Width: 12
                        Actual Startup Time: 0.049
                        Actual Total Time: 7722.539
                        Actual Rows: 1484015
                        Actual Loops: 1
                        Filter: "((o_comment)::text !~~ '%express%accounts%'::text)"
                        Rows Removed by Filter: 15985
  Planning Time: 2.090
  Triggers: 
  Execution Time: 9654.414
Key => Node Type
Value  name ,=> -1.0
Key => Plan Width
Value  name ,=> 8.0
Key => Actual Rows
Value  name ,=> 1.0
Key => Actual Loops
Value  name ,=> 1.0
Key => Plans
Value  name ,=> -1.0
Key => Node Type
Value  name ,=> -1.0
Key => Parent Relationship
Value  name ,=> -1.0
Key => Plan Width
Value  name ,=> 8.0
Key => Actual Rows
Value  name ,=> 1.0
Key => Actual Loops
Value  name ,=> 1.0
Key => Sort Key
Value  name ,=> 2.0
Key => Sort Method
Value  name ,=> -1.0
Key => Sort Space Used
Value  name ,=> 25.0
Key => Sort Space Type
Value  name ,=> -1.0
Key => Plans
Value  name ,=> -1.0
Key => Node Type
Value  name ,=> -1.0
Key => Strategy
Value  name ,=> -1.0
Key => Parent Relationship
Value  name ,=> -1.0
Key => Plan Width
Value  name ,=> 8.0
Key => Actual Rows
Value  name ,=> 42.0
Key => Actual Loops
Value  name ,=> 1.0
Key => Group Key
Value  name ,=> 1.0
Key => Plans
Value  name ,=> -1.0
Key => Node Type
Value  name ,=> -1.0
Key => Strategy
Value  name ,=> -1.0
Key => Parent Relationship
Value  name ,=> -1.0
Key => Plan Width
Value  name ,=> 8.0
Key => Actual Rows
Value  name ,=> 150000.0
Key => Actual Loops
Value  name ,=> 1.0
Key => Group Key
Value  name ,=> 1.0
Key => Plans
Value  name ,=> -1.0
Key => Node Type
Value  name ,=> -1.0
Key => Parent Relationship
Value  name ,=> -1.0
Key => Join Type
Value  name ,=> -1.0
Key => Plan Width
Value  name ,=> 8.0
Key => Actual Rows
Value  name ,=> 1534019.0
Key => Actual Loops
Value  name ,=> 1.0
Key => Merge Cond
Value  name ,=> -1.0
Key => Plans
Value  name ,=> -1.0
Key => Node Type
Value  name ,=> -1.0
Key => Parent Relationship
Value  name ,=> -1.0
Key => Scan Direction
Value  name ,=> -1.0
Key => Index Name
Value  name ,=> -1.0
Key => Relation Name
Value  name ,=> -1.0
Key => Alias
Value  name ,=> -1.0
Key => Plan Width
Value  name ,=> 4.0
Key => Actual Rows
Value  name ,=> 150000.0
Key => Actual Loops
Value  name ,=> 1.0
Key => Heap Fetches
Value  name ,=> 150000.0
Data IndexOnlyScan , 1.0 150000.0 150000.0 4.0 0.0 178.815
Added training data to files
Key => Node Type
Value  name ,=> -1.0
Key => Parent Relationship
Value  name ,=> -1.0
Key => Scan Direction
Value  name ,=> -1.0
Key => Index Name
Value  name ,=> -1.0
Key => Relation Name
Value  name ,=> -1.0
Key => Alias
Value  name ,=> -1.0
Key => Plan Width
Value  name ,=> 12.0
Key => Actual Rows
Value  name ,=> 1484015.0
Key => Actual Loops
Value  name ,=> 1.0
Key => Filter
Value  name ,=> -1.0
Data IndexScan , 1.0 1484015.0 12.0 15985.0 7722.539
Added training data to files
Data MergeJoin , 1.0 1534019.0 8.0 0.0 150000.0 4.0 1484015.0 12.0 8749.529
Added training data to files
Data Aggregate-Sorted , 1.0 150000.0 1.0 8.0 0.0 1534019.0 8.0 9529.608
Added training data to files
Data Aggregate-Hashed , 1.0 42.0 1.0 8.0 0.0 150000.0 8.0 9654.142
Added training data to files
Data Sort-top-Nheapsort , 1.0 1.0 8.0 2.0 25.0 0.0 42.0 8.0 9654.173
Added training data to files
Data Limit , 1.0 1.0 8.0 0.0 1.0 8.0 9654.174
Added training data to files
Training query 122 executed successfully
Executed command ,script returned :  Exit value of child process : 1
Query : 
select
	c_count,
	count(*) as custdist
from
	(
		select
			c_custkey,
			count(o_orderkey)
		from
			customer left outer join orders on
				c_custkey = o_custkey
				and o_comment not like '%express%accounts%'
		group by
			c_custkey
	) as c_orders (c_custkey, c_count)
group by
	c_count
order by
	custdist desc,
	c_count desc
LIMIT 1;

Node output - Plan: 
    Node Type: "Limit"
    Startup Cost: 190944.78
    Total Cost: 190944.78
    Plan Rows: 1
    Plan Width: 8
    Actual Startup Time: 9020.664
    Actual Total Time: 9020.665
    Actual Rows: 1
    Actual Loops: 1
    Plans: 
      - Node Type: "Sort"
        Parent Relationship: "Outer"
        Startup Cost: 190944.78
        Total Cost: 190945.28
        Plan Rows: 200
        Plan Width: 8
        Actual Startup Time: 9020.661
        Actual Total Time: 9020.661
        Actual Rows: 1
        Actual Loops: 1
        Sort Key: 
          - "(count(*))"
          - "(count(orders.o_orderkey))"
        Sort Method: "top-N heapsort"
        Sort Space Used: 25
        Sort Space Type: "Memory"
        Plans: 
          - Node Type: "Aggregate"
            Strategy: "Hashed"
            Parent Relationship: "Outer"
            Startup Cost: 190941.78
            Total Cost: 190943.78
            Plan Rows: 200
            Plan Width: 8
            Actual Startup Time: 9020.605
            Actual Total Time: 9020.622
            Actual Rows: 42
            Actual Loops: 1
            Group Key: 
              - "count(orders.o_orderkey)"
            Plans: 
              - Node Type: "Aggregate"
                Strategy: "Sorted"
                Parent Relationship: "Outer"
                Startup Cost: 4.65
                Total Cost: 188691.78
                Plan Rows: 150000
                Plan Width: 8
                Actual Startup Time: 0.242
                Actual Total Time: 8905.792
                Actual Rows: 150000
                Actual Loops: 1
                Group Key: 
                  - "customer.c_custkey"
                Plans: 
                  - Node Type: "Merge Join"
                    Parent Relationship: "Outer"
                    Join Type: "Left"
                    Startup Cost: 4.65
                    Total Cost: 179767.47
                    Plan Rows: 1484862
                    Plan Width: 8
                    Actual Startup Time: 0.125
                    Actual Total Time: 8187.252
                    Actual Rows: 1534019
                    Actual Loops: 1
                    Merge Cond: "(customer.c_custkey = orders.o_custkey)"
                    Plans: 
                      - Node Type: "Index Only Scan"
                        Parent Relationship: "Outer"
                        Scan Direction: "Forward"
                        Index Name: "customer_pkey"
                        Relation Name: "customer"
                        Alias: "customer"
                        Startup Cost: 0.42
                        Total Cost: 7617.42
                        Plan Rows: 150000
                        Plan Width: 4
                        Actual Startup Time: 0.063
                        Actual Total Time: 165.650
                        Actual Rows: 150000
                        Actual Loops: 1
                        Heap Fetches: 150000
                      - Node Type: "Index Scan"
                        Parent Relationship: "Inner"
                        Scan Direction: "Forward"
                        Index Name: "idx_orders_custkey"
                        Relation Name: "orders"
                        Alias: "orders"
                        Startup Cost: 0.43
                        Total Cost: 153214.27
                        Plan Rows: 1484862
                        Plan Width: 12
                        Actual Startup Time: 0.051
                        Actual Total Time: 7241.381
                        Actual Rows: 1484015
                        Actual Loops: 1
                        Filter: "((o_comment)::text !~~ '%express%accounts%'::text)"
                        Rows Removed by Filter: 15985
  Planning Time: 2.072
  Triggers: 
  Execution Time: 9020.909
Key => Node Type
Value  name ,=> -1.0
Key => Plan Width
Value  name ,=> 8.0
Key => Actual Rows
Value  name ,=> 1.0
Key => Actual Loops
Value  name ,=> 1.0
Key => Plans
Value  name ,=> -1.0
Key => Node Type
Value  name ,=> -1.0
Key => Parent Relationship
Value  name ,=> -1.0
Key => Plan Width
Value  name ,=> 8.0
Key => Actual Rows
Value  name ,=> 1.0
Key => Actual Loops
Value  name ,=> 1.0
Key => Sort Key
Value  name ,=> 2.0
Key => Sort Method
Value  name ,=> -1.0
Key => Sort Space Used
Value  name ,=> 25.0
Key => Sort Space Type
Value  name ,=> -1.0
Key => Plans
Value  name ,=> -1.0
Key => Node Type
Value  name ,=> -1.0
Key => Strategy
Value  name ,=> -1.0
Key => Parent Relationship
Value  name ,=> -1.0
Key => Plan Width
Value  name ,=> 8.0
Key => Actual Rows
Value  name ,=> 42.0
Key => Actual Loops
Value  name ,=> 1.0
Key => Group Key
Value  name ,=> 1.0
Key => Plans
Value  name ,=> -1.0
Key => Node Type
Value  name ,=> -1.0
Key => Strategy
Value  name ,=> -1.0
Key => Parent Relationship
Value  name ,=> -1.0
Key => Plan Width
Value  name ,=> 8.0
Key => Actual Rows
Value  name ,=> 150000.0
Key => Actual Loops
Value  name ,=> 1.0
Key => Group Key
Value  name ,=> 1.0
Key => Plans
Value  name ,=> -1.0
Key => Node Type
Value  name ,=> -1.0
Key => Parent Relationship
Value  name ,=> -1.0
Key => Join Type
Value  name ,=> -1.0
Key => Plan Width
Value  name ,=> 8.0
Key => Actual Rows
Value  name ,=> 1534019.0
Key => Actual Loops
Value  name ,=> 1.0
Key => Merge Cond
Value  name ,=> -1.0
Key => Plans
Value  name ,=> -1.0
Key => Node Type
Value  name ,=> -1.0
Key => Parent Relationship
Value  name ,=> -1.0
Key => Scan Direction
Value  name ,=> -1.0
Key => Index Name
Value  name ,=> -1.0
Key => Relation Name
Value  name ,=> -1.0
Key => Alias
Value  name ,=> -1.0
Key => Plan Width
Value  name ,=> 4.0
Key => Actual Rows
Value  name ,=> 150000.0
Key => Actual Loops
Value  name ,=> 1.0
Key => Heap Fetches
Value  name ,=> 150000.0
Data IndexOnlyScan , 1.0 150000.0 150000.0 4.0 0.0 165.65
Added training data to files
Key => Node Type
Value  name ,=> -1.0
Key => Parent Relationship
Value  name ,=> -1.0
Key => Scan Direction
Value  name ,=> -1.0
Key => Index Name
Value  name ,=> -1.0
Key => Relation Name
Value  name ,=> -1.0
Key => Alias
Value  name ,=> -1.0
Key => Plan Width
Value  name ,=> 12.0
Key => Actual Rows
Value  name ,=> 1484015.0
Key => Actual Loops
Value  name ,=> 1.0
Key => Filter
Value  name ,=> -1.0
Data IndexScan , 1.0 1484015.0 12.0 15985.0 7241.381
Added training data to files
Data MergeJoin , 1.0 1534019.0 8.0 0.0 150000.0 4.0 1484015.0 12.0 8187.252
Added training data to files
Data Aggregate-Sorted , 1.0 150000.0 1.0 8.0 0.0 1534019.0 8.0 8905.792
Added training data to files
Data Aggregate-Hashed , 1.0 42.0 1.0 8.0 0.0 150000.0 8.0 9020.622
Added training data to files
Data Sort-top-Nheapsort , 1.0 1.0 8.0 2.0 25.0 0.0 42.0 8.0 9020.661
Added training data to files
Data Limit , 1.0 1.0 8.0 0.0 1.0 8.0 9020.665
Added training data to files
Training query 123 executed successfully
Executed command ,script returned :  Exit value of child process : 1
Query : 
select
	c_count,
	count(*) as custdist
from
	(
		select
			c_custkey,
			count(o_orderkey)
		from
			customer left outer join orders on
				c_custkey = o_custkey
				and o_comment not like '%express%accounts%'
		group by
			c_custkey
	) as c_orders (c_custkey, c_count)
group by
	c_count
order by
	custdist desc,
	c_count desc
LIMIT 1;

Node output - Plan: 
    Node Type: "Limit"
    Startup Cost: 190944.78
    Total Cost: 190944.78
    Plan Rows: 1
    Plan Width: 8
    Actual Startup Time: 9780.037
    Actual Total Time: 9780.037
    Actual Rows: 1
    Actual Loops: 1
    Plans: 
      - Node Type: "Sort"
        Parent Relationship: "Outer"
        Startup Cost: 190944.78
        Total Cost: 190945.28
        Plan Rows: 200
        Plan Width: 8
        Actual Startup Time: 9780.035
        Actual Total Time: 9780.035
        Actual Rows: 1
        Actual Loops: 1
        Sort Key: 
          - "(count(*))"
          - "(count(orders.o_orderkey))"
        Sort Method: "top-N heapsort"
        Sort Space Used: 25
        Sort Space Type: "Memory"
        Plans: 
          - Node Type: "Aggregate"
            Strategy: "Hashed"
            Parent Relationship: "Outer"
            Startup Cost: 190941.78
            Total Cost: 190943.78
            Plan Rows: 200
            Plan Width: 8
            Actual Startup Time: 9779.976
            Actual Total Time: 9779.994
            Actual Rows: 42
            Actual Loops: 1
            Group Key: 
              - "count(orders.o_orderkey)"
            Plans: 
              - Node Type: "Aggregate"
                Strategy: "Sorted"
                Parent Relationship: "Outer"
                Startup Cost: 4.65
                Total Cost: 188691.78
                Plan Rows: 150000
                Plan Width: 8
                Actual Startup Time: 0.242
                Actual Total Time: 9653.533
                Actual Rows: 150000
                Actual Loops: 1
                Group Key: 
                  - "customer.c_custkey"
                Plans: 
                  - Node Type: "Merge Join"
                    Parent Relationship: "Outer"
                    Join Type: "Left"
                    Startup Cost: 4.65
                    Total Cost: 179767.47
                    Plan Rows: 1484862
                    Plan Width: 8
                    Actual Startup Time: 0.124
                    Actual Total Time: 8860.531
                    Actual Rows: 1534019
                    Actual Loops: 1
                    Merge Cond: "(customer.c_custkey = orders.o_custkey)"
                    Plans: 
                      - Node Type: "Index Only Scan"
                        Parent Relationship: "Outer"
                        Scan Direction: "Forward"
                        Index Name: "customer_pkey"
                        Relation Name: "customer"
                        Alias: "customer"
                        Startup Cost: 0.42
                        Total Cost: 7617.42
                        Plan Rows: 150000
                        Plan Width: 4
                        Actual Startup Time: 0.062
                        Actual Total Time: 181.641
                        Actual Rows: 150000
                        Actual Loops: 1
                        Heap Fetches: 150000
                      - Node Type: "Index Scan"
                        Parent Relationship: "Inner"
                        Scan Direction: "Forward"
                        Index Name: "idx_orders_custkey"
                        Relation Name: "orders"
                        Alias: "orders"
                        Startup Cost: 0.43
                        Total Cost: 153214.27
                        Plan Rows: 1484862
                        Plan Width: 12
                        Actual Startup Time: 0.051
                        Actual Total Time: 7816.251
                        Actual Rows: 1484015
                        Actual Loops: 1
                        Filter: "((o_comment)::text !~~ '%express%accounts%'::text)"
                        Rows Removed by Filter: 15985
  Planning Time: 2.016
  Triggers: 
  Execution Time: 9780.282
Key => Node Type
Value  name ,=> -1.0
Key => Plan Width
Value  name ,=> 8.0
Key => Actual Rows
Value  name ,=> 1.0
Key => Actual Loops
Value  name ,=> 1.0
Key => Plans
Value  name ,=> -1.0
Key => Node Type
Value  name ,=> -1.0
Key => Parent Relationship
Value  name ,=> -1.0
Key => Plan Width
Value  name ,=> 8.0
Key => Actual Rows
Value  name ,=> 1.0
Key => Actual Loops
Value  name ,=> 1.0
Key => Sort Key
Value  name ,=> 2.0
Key => Sort Method
Value  name ,=> -1.0
Key => Sort Space Used
Value  name ,=> 25.0
Key => Sort Space Type
Value  name ,=> -1.0
Key => Plans
Value  name ,=> -1.0
Key => Node Type
Value  name ,=> -1.0
Key => Strategy
Value  name ,=> -1.0
Key => Parent Relationship
Value  name ,=> -1.0
Key => Plan Width
Value  name ,=> 8.0
Key => Actual Rows
Value  name ,=> 42.0
Key => Actual Loops
Value  name ,=> 1.0
Key => Group Key
Value  name ,=> 1.0
Key => Plans
Value  name ,=> -1.0
Key => Node Type
Value  name ,=> -1.0
Key => Strategy
Value  name ,=> -1.0
Key => Parent Relationship
Value  name ,=> -1.0
Key => Plan Width
Value  name ,=> 8.0
Key => Actual Rows
Value  name ,=> 150000.0
Key => Actual Loops
Value  name ,=> 1.0
Key => Group Key
Value  name ,=> 1.0
Key => Plans
Value  name ,=> -1.0
Key => Node Type
Value  name ,=> -1.0
Key => Parent Relationship
Value  name ,=> -1.0
Key => Join Type
Value  name ,=> -1.0
Key => Plan Width
Value  name ,=> 8.0
Key => Actual Rows
Value  name ,=> 1534019.0
Key => Actual Loops
Value  name ,=> 1.0
Key => Merge Cond
Value  name ,=> -1.0
Key => Plans
Value  name ,=> -1.0
Key => Node Type
Value  name ,=> -1.0
Key => Parent Relationship
Value  name ,=> -1.0
Key => Scan Direction
Value  name ,=> -1.0
Key => Index Name
Value  name ,=> -1.0
Key => Relation Name
Value  name ,=> -1.0
Key => Alias
Value  name ,=> -1.0
Key => Plan Width
Value  name ,=> 4.0
Key => Actual Rows
Value  name ,=> 150000.0
Key => Actual Loops
Value  name ,=> 1.0
Key => Heap Fetches
Value  name ,=> 150000.0
Data IndexOnlyScan , 1.0 150000.0 150000.0 4.0 0.0 181.641
Added training data to files
Key => Node Type
Value  name ,=> -1.0
Key => Parent Relationship
Value  name ,=> -1.0
Key => Scan Direction
Value  name ,=> -1.0
Key => Index Name
Value  name ,=> -1.0
Key => Relation Name
Value  name ,=> -1.0
Key => Alias
Value  name ,=> -1.0
Key => Plan Width
Value  name ,=> 12.0
Key => Actual Rows
Value  name ,=> 1484015.0
Key => Actual Loops
Value  name ,=> 1.0
Key => Filter
Value  name ,=> -1.0
Data IndexScan , 1.0 1484015.0 12.0 15985.0 7816.251
Added training data to files
Data MergeJoin , 1.0 1534019.0 8.0 0.0 150000.0 4.0 1484015.0 12.0 8860.531
Added training data to files
Data Aggregate-Sorted , 1.0 150000.0 1.0 8.0 0.0 1534019.0 8.0 9653.533
Added training data to files
Data Aggregate-Hashed , 1.0 42.0 1.0 8.0 0.0 150000.0 8.0 9779.994
Added training data to files
Data Sort-top-Nheapsort , 1.0 1.0 8.0 2.0 25.0 0.0 42.0 8.0 9780.035
Added training data to files
Data Limit , 1.0 1.0 8.0 0.0 1.0 8.0 9780.037
Added training data to files
Training query 124 executed successfully
Executed command ,script returned :  Exit value of child process : 1
Query : 
select
	c_count,
	count(*) as custdist
from
	(
		select
			c_custkey,
			count(o_orderkey)
		from
			customer left outer join orders on
				c_custkey = o_custkey
				and o_comment not like '%express%accounts%'
		group by
			c_custkey
	) as c_orders (c_custkey, c_count)
group by
	c_count
order by
	custdist desc,
	c_count desc
LIMIT 1;

Node output - Plan: 
    Node Type: "Limit"
    Startup Cost: 190944.78
    Total Cost: 190944.78
    Plan Rows: 1
    Plan Width: 8
    Actual Startup Time: 9750.321
    Actual Total Time: 9750.322
    Actual Rows: 1
    Actual Loops: 1
    Plans: 
      - Node Type: "Sort"
        Parent Relationship: "Outer"
        Startup Cost: 190944.78
        Total Cost: 190945.28
        Plan Rows: 200
        Plan Width: 8
        Actual Startup Time: 9750.318
        Actual Total Time: 9750.318
        Actual Rows: 1
        Actual Loops: 1
        Sort Key: 
          - "(count(*))"
          - "(count(orders.o_orderkey))"
        Sort Method: "top-N heapsort"
        Sort Space Used: 25
        Sort Space Type: "Memory"
        Plans: 
          - Node Type: "Aggregate"
            Strategy: "Hashed"
            Parent Relationship: "Outer"
            Startup Cost: 190941.78
            Total Cost: 190943.78
            Plan Rows: 200
            Plan Width: 8
            Actual Startup Time: 9750.259
            Actual Total Time: 9750.282
            Actual Rows: 42
            Actual Loops: 1
            Group Key: 
              - "count(orders.o_orderkey)"
            Plans: 
              - Node Type: "Aggregate"
                Strategy: "Sorted"
                Parent Relationship: "Outer"
                Startup Cost: 4.65
                Total Cost: 188691.78
                Plan Rows: 150000
                Plan Width: 8
                Actual Startup Time: 0.245
                Actual Total Time: 9624.537
                Actual Rows: 150000
                Actual Loops: 1
                Group Key: 
                  - "customer.c_custkey"
                Plans: 
                  - Node Type: "Merge Join"
                    Parent Relationship: "Outer"
                    Join Type: "Left"
                    Startup Cost: 4.65
                    Total Cost: 179767.47
                    Plan Rows: 1484862
                    Plan Width: 8
                    Actual Startup Time: 0.125
                    Actual Total Time: 8831.962
                    Actual Rows: 1534019
                    Actual Loops: 1
                    Merge Cond: "(customer.c_custkey = orders.o_custkey)"
                    Plans: 
                      - Node Type: "Index Only Scan"
                        Parent Relationship: "Outer"
                        Scan Direction: "Forward"
                        Index Name: "customer_pkey"
                        Relation Name: "customer"
                        Alias: "customer"
                        Startup Cost: 0.42
                        Total Cost: 7617.42
                        Plan Rows: 150000
                        Plan Width: 4
                        Actual Startup Time: 0.063
                        Actual Total Time: 180.744
                        Actual Rows: 150000
                        Actual Loops: 1
                        Heap Fetches: 150000
                      - Node Type: "Index Scan"
                        Parent Relationship: "Inner"
                        Scan Direction: "Forward"
                        Index Name: "idx_orders_custkey"
                        Relation Name: "orders"
                        Alias: "orders"
                        Startup Cost: 0.43
                        Total Cost: 153214.27
                        Plan Rows: 1484862
                        Plan Width: 12
                        Actual Startup Time: 0.052
                        Actual Total Time: 7788.958
                        Actual Rows: 1484015
                        Actual Loops: 1
                        Filter: "((o_comment)::text !~~ '%express%accounts%'::text)"
                        Rows Removed by Filter: 15985
  Planning Time: 2.123
  Triggers: 
  Execution Time: 9750.574
Key => Node Type
Value  name ,=> -1.0
Key => Plan Width
Value  name ,=> 8.0
Key => Actual Rows
Value  name ,=> 1.0
Key => Actual Loops
Value  name ,=> 1.0
Key => Plans
Value  name ,=> -1.0
Key => Node Type
Value  name ,=> -1.0
Key => Parent Relationship
Value  name ,=> -1.0
Key => Plan Width
Value  name ,=> 8.0
Key => Actual Rows
Value  name ,=> 1.0
Key => Actual Loops
Value  name ,=> 1.0
Key => Sort Key
Value  name ,=> 2.0
Key => Sort Method
Value  name ,=> -1.0
Key => Sort Space Used
Value  name ,=> 25.0
Key => Sort Space Type
Value  name ,=> -1.0
Key => Plans
Value  name ,=> -1.0
Key => Node Type
Value  name ,=> -1.0
Key => Strategy
Value  name ,=> -1.0
Key => Parent Relationship
Value  name ,=> -1.0
Key => Plan Width
Value  name ,=> 8.0
Key => Actual Rows
Value  name ,=> 42.0
Key => Actual Loops
Value  name ,=> 1.0
Key => Group Key
Value  name ,=> 1.0
Key => Plans
Value  name ,=> -1.0
Key => Node Type
Value  name ,=> -1.0
Key => Strategy
Value  name ,=> -1.0
Key => Parent Relationship
Value  name ,=> -1.0
Key => Plan Width
Value  name ,=> 8.0
Key => Actual Rows
Value  name ,=> 150000.0
Key => Actual Loops
Value  name ,=> 1.0
Key => Group Key
Value  name ,=> 1.0
Key => Plans
Value  name ,=> -1.0
Key => Node Type
Value  name ,=> -1.0
Key => Parent Relationship
Value  name ,=> -1.0
Key => Join Type
Value  name ,=> -1.0
Key => Plan Width
Value  name ,=> 8.0
Key => Actual Rows
Value  name ,=> 1534019.0
Key => Actual Loops
Value  name ,=> 1.0
Key => Merge Cond
Value  name ,=> -1.0
Key => Plans
Value  name ,=> -1.0
Key => Node Type
Value  name ,=> -1.0
Key => Parent Relationship
Value  name ,=> -1.0
Key => Scan Direction
Value  name ,=> -1.0
Key => Index Name
Value  name ,=> -1.0
Key => Relation Name
Value  name ,=> -1.0
Key => Alias
Value  name ,=> -1.0
Key => Plan Width
Value  name ,=> 4.0
Key => Actual Rows
Value  name ,=> 150000.0
Key => Actual Loops
Value  name ,=> 1.0
Key => Heap Fetches
Value  name ,=> 150000.0
Data IndexOnlyScan , 1.0 150000.0 150000.0 4.0 0.0 180.744
Added training data to files
Key => Node Type
Value  name ,=> -1.0
Key => Parent Relationship
Value  name ,=> -1.0
Key => Scan Direction
Value  name ,=> -1.0
Key => Index Name
Value  name ,=> -1.0
Key => Relation Name
Value  name ,=> -1.0
Key => Alias
Value  name ,=> -1.0
Key => Plan Width
Value  name ,=> 12.0
Key => Actual Rows
Value  name ,=> 1484015.0
Key => Actual Loops
Value  name ,=> 1.0
Key => Filter
Value  name ,=> -1.0
Data IndexScan , 1.0 1484015.0 12.0 15985.0 7788.958
Added training data to files
Data MergeJoin , 1.0 1534019.0 8.0 0.0 150000.0 4.0 1484015.0 12.0 8831.962
Added training data to files
Data Aggregate-Sorted , 1.0 150000.0 1.0 8.0 0.0 1534019.0 8.0 9624.537
Added training data to files
Data Aggregate-Hashed , 1.0 42.0 1.0 8.0 0.0 150000.0 8.0 9750.282
Added training data to files
Data Sort-top-Nheapsort , 1.0 1.0 8.0 2.0 25.0 0.0 42.0 8.0 9750.318
Added training data to files
Data Limit , 1.0 1.0 8.0 0.0 1.0 8.0 9750.322
Added training data to files
Training query 125 executed successfully
Executed command ,script returned :  Exit value of child process : 1
Query : 
select
	c_count,
	count(*) as custdist
from
	(
		select
			c_custkey,
			count(o_orderkey)
		from
			customer left outer join orders on
				c_custkey = o_custkey
				and o_comment not like '%express%accounts%'
		group by
			c_custkey
	) as c_orders (c_custkey, c_count)
group by
	c_count
order by
	custdist desc,
	c_count desc
LIMIT 1;

Node output - Plan: 
    Node Type: "Limit"
    Startup Cost: 190944.78
    Total Cost: 190944.78
    Plan Rows: 1
    Plan Width: 8
    Actual Startup Time: 9707.462
    Actual Total Time: 9707.462
    Actual Rows: 1
    Actual Loops: 1
    Plans: 
      - Node Type: "Sort"
        Parent Relationship: "Outer"
        Startup Cost: 190944.78
        Total Cost: 190945.28
        Plan Rows: 200
        Plan Width: 8
        Actual Startup Time: 9707.459
        Actual Total Time: 9707.459
        Actual Rows: 1
        Actual Loops: 1
        Sort Key: 
          - "(count(*))"
          - "(count(orders.o_orderkey))"
        Sort Method: "top-N heapsort"
        Sort Space Used: 25
        Sort Space Type: "Memory"
        Plans: 
          - Node Type: "Aggregate"
            Strategy: "Hashed"
            Parent Relationship: "Outer"
            Startup Cost: 190941.78
            Total Cost: 190943.78
            Plan Rows: 200
            Plan Width: 8
            Actual Startup Time: 9707.406
            Actual Total Time: 9707.429
            Actual Rows: 42
            Actual Loops: 1
            Group Key: 
              - "count(orders.o_orderkey)"
            Plans: 
              - Node Type: "Aggregate"
                Strategy: "Sorted"
                Parent Relationship: "Outer"
                Startup Cost: 4.65
                Total Cost: 188691.78
                Plan Rows: 150000
                Plan Width: 8
                Actual Startup Time: 0.146
                Actual Total Time: 9581.349
                Actual Rows: 150000
                Actual Loops: 1
                Group Key: 
                  - "customer.c_custkey"
                Plans: 
                  - Node Type: "Merge Join"
                    Parent Relationship: "Outer"
                    Join Type: "Left"
                    Startup Cost: 4.65
                    Total Cost: 179767.47
                    Plan Rows: 1484862
                    Plan Width: 8
                    Actual Startup Time: 0.074
                    Actual Total Time: 8795.854
                    Actual Rows: 1534019
                    Actual Loops: 1
                    Merge Cond: "(customer.c_custkey = orders.o_custkey)"
                    Plans: 
                      - Node Type: "Index Only Scan"
                        Parent Relationship: "Outer"
                        Scan Direction: "Forward"
                        Index Name: "customer_pkey"
                        Relation Name: "customer"
                        Alias: "customer"
                        Startup Cost: 0.42
                        Total Cost: 7617.42
                        Plan Rows: 150000
                        Plan Width: 4
                        Actual Startup Time: 0.037
                        Actual Total Time: 180.467
                        Actual Rows: 150000
                        Actual Loops: 1
                        Heap Fetches: 150000
                      - Node Type: "Index Scan"
                        Parent Relationship: "Inner"
                        Scan Direction: "Forward"
                        Index Name: "idx_orders_custkey"
                        Relation Name: "orders"
                        Alias: "orders"
                        Startup Cost: 0.43
                        Total Cost: 153214.27
                        Plan Rows: 1484862
                        Plan Width: 12
                        Actual Startup Time: 0.031
                        Actual Total Time: 7761.106
                        Actual Rows: 1484015
                        Actual Loops: 1
                        Filter: "((o_comment)::text !~~ '%express%accounts%'::text)"
                        Rows Removed by Filter: 15985
  Planning Time: 1.196
  Triggers: 
  Execution Time: 9707.629
Key => Node Type
Value  name ,=> -1.0
Key => Plan Width
Value  name ,=> 8.0
Key => Actual Rows
Value  name ,=> 1.0
Key => Actual Loops
Value  name ,=> 1.0
Key => Plans
Value  name ,=> -1.0
Key => Node Type
Value  name ,=> -1.0
Key => Parent Relationship
Value  name ,=> -1.0
Key => Plan Width
Value  name ,=> 8.0
Key => Actual Rows
Value  name ,=> 1.0
Key => Actual Loops
Value  name ,=> 1.0
Key => Sort Key
Value  name ,=> 2.0
Key => Sort Method
Value  name ,=> -1.0
Key => Sort Space Used
Value  name ,=> 25.0
Key => Sort Space Type
Value  name ,=> -1.0
Key => Plans
Value  name ,=> -1.0
Key => Node Type
Value  name ,=> -1.0
Key => Strategy
Value  name ,=> -1.0
Key => Parent Relationship
Value  name ,=> -1.0
Key => Plan Width
Value  name ,=> 8.0
Key => Actual Rows
Value  name ,=> 42.0
Key => Actual Loops
Value  name ,=> 1.0
Key => Group Key
Value  name ,=> 1.0
Key => Plans
Value  name ,=> -1.0
Key => Node Type
Value  name ,=> -1.0
Key => Strategy
Value  name ,=> -1.0
Key => Parent Relationship
Value  name ,=> -1.0
Key => Plan Width
Value  name ,=> 8.0
Key => Actual Rows
Value  name ,=> 150000.0
Key => Actual Loops
Value  name ,=> 1.0
Key => Group Key
Value  name ,=> 1.0
Key => Plans
Value  name ,=> -1.0
Key => Node Type
Value  name ,=> -1.0
Key => Parent Relationship
Value  name ,=> -1.0
Key => Join Type
Value  name ,=> -1.0
Key => Plan Width
Value  name ,=> 8.0
Key => Actual Rows
Value  name ,=> 1534019.0
Key => Actual Loops
Value  name ,=> 1.0
Key => Merge Cond
Value  name ,=> -1.0
Key => Plans
Value  name ,=> -1.0
Key => Node Type
Value  name ,=> -1.0
Key => Parent Relationship
Value  name ,=> -1.0
Key => Scan Direction
Value  name ,=> -1.0
Key => Index Name
Value  name ,=> -1.0
Key => Relation Name
Value  name ,=> -1.0
Key => Alias
Value  name ,=> -1.0
Key => Plan Width
Value  name ,=> 4.0
Key => Actual Rows
Value  name ,=> 150000.0
Key => Actual Loops
Value  name ,=> 1.0
Key => Heap Fetches
Value  name ,=> 150000.0
Data IndexOnlyScan , 1.0 150000.0 150000.0 4.0 0.0 180.467
Added training data to files
Key => Node Type
Value  name ,=> -1.0
Key => Parent Relationship
Value  name ,=> -1.0
Key => Scan Direction
Value  name ,=> -1.0
Key => Index Name
Value  name ,=> -1.0
Key => Relation Name
Value  name ,=> -1.0
Key => Alias
Value  name ,=> -1.0
Key => Plan Width
Value  name ,=> 12.0
Key => Actual Rows
Value  name ,=> 1484015.0
Key => Actual Loops
Value  name ,=> 1.0
Key => Filter
Value  name ,=> -1.0
Data IndexScan , 1.0 1484015.0 12.0 15985.0 7761.106
Added training data to files
Data MergeJoin , 1.0 1534019.0 8.0 0.0 150000.0 4.0 1484015.0 12.0 8795.854
Added training data to files
Data Aggregate-Sorted , 1.0 150000.0 1.0 8.0 0.0 1534019.0 8.0 9581.349
Added training data to files
Data Aggregate-Hashed , 1.0 42.0 1.0 8.0 0.0 150000.0 8.0 9707.429
Added training data to files
Data Sort-top-Nheapsort , 1.0 1.0 8.0 2.0 25.0 0.0 42.0 8.0 9707.459
Added training data to files
Data Limit , 1.0 1.0 8.0 0.0 1.0 8.0 9707.462
Added training data to files
Training query 126 executed successfully
Executed command ,script returned :  Exit value of child process : 1
Query : 
select
	c_count,
	count(*) as custdist
from
	(
		select
			c_custkey,
			count(o_orderkey)
		from
			customer left outer join orders on
				c_custkey = o_custkey
				and o_comment not like '%express%accounts%'
		group by
			c_custkey
	) as c_orders (c_custkey, c_count)
group by
	c_count
order by
	custdist desc,
	c_count desc
LIMIT 1;

Node output - Plan: 
    Node Type: "Limit"
    Startup Cost: 190944.78
    Total Cost: 190944.78
    Plan Rows: 1
    Plan Width: 8
    Actual Startup Time: 9017.911
    Actual Total Time: 9017.911
    Actual Rows: 1
    Actual Loops: 1
    Plans: 
      - Node Type: "Sort"
        Parent Relationship: "Outer"
        Startup Cost: 190944.78
        Total Cost: 190945.28
        Plan Rows: 200
        Plan Width: 8
        Actual Startup Time: 9017.909
        Actual Total Time: 9017.909
        Actual Rows: 1
        Actual Loops: 1
        Sort Key: 
          - "(count(*))"
          - "(count(orders.o_orderkey))"
        Sort Method: "top-N heapsort"
        Sort Space Used: 25
        Sort Space Type: "Memory"
        Plans: 
          - Node Type: "Aggregate"
            Strategy: "Hashed"
            Parent Relationship: "Outer"
            Startup Cost: 190941.78
            Total Cost: 190943.78
            Plan Rows: 200
            Plan Width: 8
            Actual Startup Time: 9017.851
            Actual Total Time: 9017.871
            Actual Rows: 42
            Actual Loops: 1
            Group Key: 
              - "count(orders.o_orderkey)"
            Plans: 
              - Node Type: "Aggregate"
                Strategy: "Sorted"
                Parent Relationship: "Outer"
                Startup Cost: 4.65
                Total Cost: 188691.78
                Plan Rows: 150000
                Plan Width: 8
                Actual Startup Time: 0.240
                Actual Total Time: 8902.985
                Actual Rows: 150000
                Actual Loops: 1
                Group Key: 
                  - "customer.c_custkey"
                Plans: 
                  - Node Type: "Merge Join"
                    Parent Relationship: "Outer"
                    Join Type: "Left"
                    Startup Cost: 4.65
                    Total Cost: 179767.47
                    Plan Rows: 1484862
                    Plan Width: 8
                    Actual Startup Time: 0.125
                    Actual Total Time: 8185.739
                    Actual Rows: 1534019
                    Actual Loops: 1
                    Merge Cond: "(customer.c_custkey = orders.o_custkey)"
                    Plans: 
                      - Node Type: "Index Only Scan"
                        Parent Relationship: "Outer"
                        Scan Direction: "Forward"
                        Index Name: "customer_pkey"
                        Relation Name: "customer"
                        Alias: "customer"
                        Startup Cost: 0.42
                        Total Cost: 7617.42
                        Plan Rows: 150000
                        Plan Width: 4
                        Actual Startup Time: 0.063
                        Actual Total Time: 165.365
                        Actual Rows: 150000
                        Actual Loops: 1
                        Heap Fetches: 150000
                      - Node Type: "Index Scan"
                        Parent Relationship: "Inner"
                        Scan Direction: "Forward"
                        Index Name: "idx_orders_custkey"
                        Relation Name: "orders"
                        Alias: "orders"
                        Startup Cost: 0.43
                        Total Cost: 153214.27
                        Plan Rows: 1484862
                        Plan Width: 12
                        Actual Startup Time: 0.052
                        Actual Total Time: 7241.782
                        Actual Rows: 1484015
                        Actual Loops: 1
                        Filter: "((o_comment)::text !~~ '%express%accounts%'::text)"
                        Rows Removed by Filter: 15985
  Planning Time: 2.035
  Triggers: 
  Execution Time: 9018.160
Key => Node Type
Value  name ,=> -1.0
Key => Plan Width
Value  name ,=> 8.0
Key => Actual Rows
Value  name ,=> 1.0
Key => Actual Loops
Value  name ,=> 1.0
Key => Plans
Value  name ,=> -1.0
Key => Node Type
Value  name ,=> -1.0
Key => Parent Relationship
Value  name ,=> -1.0
Key => Plan Width
Value  name ,=> 8.0
Key => Actual Rows
Value  name ,=> 1.0
Key => Actual Loops
Value  name ,=> 1.0
Key => Sort Key
Value  name ,=> 2.0
Key => Sort Method
Value  name ,=> -1.0
Key => Sort Space Used
Value  name ,=> 25.0
Key => Sort Space Type
Value  name ,=> -1.0
Key => Plans
Value  name ,=> -1.0
Key => Node Type
Value  name ,=> -1.0
Key => Strategy
Value  name ,=> -1.0
Key => Parent Relationship
Value  name ,=> -1.0
Key => Plan Width
Value  name ,=> 8.0
Key => Actual Rows
Value  name ,=> 42.0
Key => Actual Loops
Value  name ,=> 1.0
Key => Group Key
Value  name ,=> 1.0
Key => Plans
Value  name ,=> -1.0
Key => Node Type
Value  name ,=> -1.0
Key => Strategy
Value  name ,=> -1.0
Key => Parent Relationship
Value  name ,=> -1.0
Key => Plan Width
Value  name ,=> 8.0
Key => Actual Rows
Value  name ,=> 150000.0
Key => Actual Loops
Value  name ,=> 1.0
Key => Group Key
Value  name ,=> 1.0
Key => Plans
Value  name ,=> -1.0
Key => Node Type
Value  name ,=> -1.0
Key => Parent Relationship
Value  name ,=> -1.0
Key => Join Type
Value  name ,=> -1.0
Key => Plan Width
Value  name ,=> 8.0
Key => Actual Rows
Value  name ,=> 1534019.0
Key => Actual Loops
Value  name ,=> 1.0
Key => Merge Cond
Value  name ,=> -1.0
Key => Plans
Value  name ,=> -1.0
Key => Node Type
Value  name ,=> -1.0
Key => Parent Relationship
Value  name ,=> -1.0
Key => Scan Direction
Value  name ,=> -1.0
Key => Index Name
Value  name ,=> -1.0
Key => Relation Name
Value  name ,=> -1.0
Key => Alias
Value  name ,=> -1.0
Key => Plan Width
Value  name ,=> 4.0
Key => Actual Rows
Value  name ,=> 150000.0
Key => Actual Loops
Value  name ,=> 1.0
Key => Heap Fetches
Value  name ,=> 150000.0
Data IndexOnlyScan , 1.0 150000.0 150000.0 4.0 0.0 165.365
Added training data to files
Key => Node Type
Value  name ,=> -1.0
Key => Parent Relationship
Value  name ,=> -1.0
Key => Scan Direction
Value  name ,=> -1.0
Key => Index Name
Value  name ,=> -1.0
Key => Relation Name
Value  name ,=> -1.0
Key => Alias
Value  name ,=> -1.0
Key => Plan Width
Value  name ,=> 12.0
Key => Actual Rows
Value  name ,=> 1484015.0
Key => Actual Loops
Value  name ,=> 1.0
Key => Filter
Value  name ,=> -1.0
Data IndexScan , 1.0 1484015.0 12.0 15985.0 7241.782
Added training data to files
Data MergeJoin , 1.0 1534019.0 8.0 0.0 150000.0 4.0 1484015.0 12.0 8185.739
Added training data to files
Data Aggregate-Sorted , 1.0 150000.0 1.0 8.0 0.0 1534019.0 8.0 8902.985
Added training data to files
Data Aggregate-Hashed , 1.0 42.0 1.0 8.0 0.0 150000.0 8.0 9017.871
Added training data to files
Data Sort-top-Nheapsort , 1.0 1.0 8.0 2.0 25.0 0.0 42.0 8.0 9017.909
Added training data to files
Data Limit , 1.0 1.0 8.0 0.0 1.0 8.0 9017.911
Added training data to files
Training query 127 executed successfully
Executed command ,script returned :  Exit value of child process : 1
Query : 
select
	c_count,
	count(*) as custdist
from
	(
		select
			c_custkey,
			count(o_orderkey)
		from
			customer left outer join orders on
				c_custkey = o_custkey
				and o_comment not like '%express%accounts%'
		group by
			c_custkey
	) as c_orders (c_custkey, c_count)
group by
	c_count
order by
	custdist desc,
	c_count desc
LIMIT 1;

Node output - Plan: 
    Node Type: "Limit"
    Startup Cost: 190944.78
    Total Cost: 190944.78
    Plan Rows: 1
    Plan Width: 8
    Actual Startup Time: 9115.192
    Actual Total Time: 9115.192
    Actual Rows: 1
    Actual Loops: 1
    Plans: 
      - Node Type: "Sort"
        Parent Relationship: "Outer"
        Startup Cost: 190944.78
        Total Cost: 190945.28
        Plan Rows: 200
        Plan Width: 8
        Actual Startup Time: 9115.191
        Actual Total Time: 9115.191
        Actual Rows: 1
        Actual Loops: 1
        Sort Key: 
          - "(count(*))"
          - "(count(orders.o_orderkey))"
        Sort Method: "top-N heapsort"
        Sort Space Used: 25
        Sort Space Type: "Memory"
        Plans: 
          - Node Type: "Aggregate"
            Strategy: "Hashed"
            Parent Relationship: "Outer"
            Startup Cost: 190941.78
            Total Cost: 190943.78
            Plan Rows: 200
            Plan Width: 8
            Actual Startup Time: 9115.145
            Actual Total Time: 9115.163
            Actual Rows: 42
            Actual Loops: 1
            Group Key: 
              - "count(orders.o_orderkey)"
            Plans: 
              - Node Type: "Aggregate"
                Strategy: "Sorted"
                Parent Relationship: "Outer"
                Startup Cost: 4.65
                Total Cost: 188691.78
                Plan Rows: 150000
                Plan Width: 8
                Actual Startup Time: 0.097
                Actual Total Time: 8998.994
                Actual Rows: 150000
                Actual Loops: 1
                Group Key: 
                  - "customer.c_custkey"
                Plans: 
                  - Node Type: "Merge Join"
                    Parent Relationship: "Outer"
                    Join Type: "Left"
                    Startup Cost: 4.65
                    Total Cost: 179767.47
                    Plan Rows: 1484862
                    Plan Width: 8
                    Actual Startup Time: 0.049
                    Actual Total Time: 8273.266
                    Actual Rows: 1534019
                    Actual Loops: 1
                    Merge Cond: "(customer.c_custkey = orders.o_custkey)"
                    Plans: 
                      - Node Type: "Index Only Scan"
                        Parent Relationship: "Outer"
                        Scan Direction: "Forward"
                        Index Name: "customer_pkey"
                        Relation Name: "customer"
                        Alias: "customer"
                        Startup Cost: 0.42
                        Total Cost: 7617.42
                        Plan Rows: 150000
                        Plan Width: 4
                        Actual Startup Time: 0.024
                        Actual Total Time: 167.135
                        Actual Rows: 150000
                        Actual Loops: 1
                        Heap Fetches: 150000
                      - Node Type: "Index Scan"
                        Parent Relationship: "Inner"
                        Scan Direction: "Forward"
                        Index Name: "idx_orders_custkey"
                        Relation Name: "orders"
                        Alias: "orders"
                        Startup Cost: 0.43
                        Total Cost: 153214.27
                        Plan Rows: 1484862
                        Plan Width: 12
                        Actual Startup Time: 0.021
                        Actual Total Time: 7313.760
                        Actual Rows: 1484015
                        Actual Loops: 1
                        Filter: "((o_comment)::text !~~ '%express%accounts%'::text)"
                        Rows Removed by Filter: 15985
  Planning Time: 0.817
  Triggers: 
  Execution Time: 9115.317
Key => Node Type
Value  name ,=> -1.0
Key => Plan Width
Value  name ,=> 8.0
Key => Actual Rows
Value  name ,=> 1.0
Key => Actual Loops
Value  name ,=> 1.0
Key => Plans
Value  name ,=> -1.0
Key => Node Type
Value  name ,=> -1.0
Key => Parent Relationship
Value  name ,=> -1.0
Key => Plan Width
Value  name ,=> 8.0
Key => Actual Rows
Value  name ,=> 1.0
Key => Actual Loops
Value  name ,=> 1.0
Key => Sort Key
Value  name ,=> 2.0
Key => Sort Method
Value  name ,=> -1.0
Key => Sort Space Used
Value  name ,=> 25.0
Key => Sort Space Type
Value  name ,=> -1.0
Key => Plans
Value  name ,=> -1.0
Key => Node Type
Value  name ,=> -1.0
Key => Strategy
Value  name ,=> -1.0
Key => Parent Relationship
Value  name ,=> -1.0
Key => Plan Width
Value  name ,=> 8.0
Key => Actual Rows
Value  name ,=> 42.0
Key => Actual Loops
Value  name ,=> 1.0
Key => Group Key
Value  name ,=> 1.0
Key => Plans
Value  name ,=> -1.0
Key => Node Type
Value  name ,=> -1.0
Key => Strategy
Value  name ,=> -1.0
Key => Parent Relationship
Value  name ,=> -1.0
Key => Plan Width
Value  name ,=> 8.0
Key => Actual Rows
Value  name ,=> 150000.0
Key => Actual Loops
Value  name ,=> 1.0
Key => Group Key
Value  name ,=> 1.0
Key => Plans
Value  name ,=> -1.0
Key => Node Type
Value  name ,=> -1.0
Key => Parent Relationship
Value  name ,=> -1.0
Key => Join Type
Value  name ,=> -1.0
Key => Plan Width
Value  name ,=> 8.0
Key => Actual Rows
Value  name ,=> 1534019.0
Key => Actual Loops
Value  name ,=> 1.0
Key => Merge Cond
Value  name ,=> -1.0
Key => Plans
Value  name ,=> -1.0
Key => Node Type
Value  name ,=> -1.0
Key => Parent Relationship
Value  name ,=> -1.0
Key => Scan Direction
Value  name ,=> -1.0
Key => Index Name
Value  name ,=> -1.0
Key => Relation Name
Value  name ,=> -1.0
Key => Alias
Value  name ,=> -1.0
Key => Plan Width
Value  name ,=> 4.0
Key => Actual Rows
Value  name ,=> 150000.0
Key => Actual Loops
Value  name ,=> 1.0
Key => Heap Fetches
Value  name ,=> 150000.0
Data IndexOnlyScan , 1.0 150000.0 150000.0 4.0 0.0 167.135
Added training data to files
Key => Node Type
Value  name ,=> -1.0
Key => Parent Relationship
Value  name ,=> -1.0
Key => Scan Direction
Value  name ,=> -1.0
Key => Index Name
Value  name ,=> -1.0
Key => Relation Name
Value  name ,=> -1.0
Key => Alias
Value  name ,=> -1.0
Key => Plan Width
Value  name ,=> 12.0
Key => Actual Rows
Value  name ,=> 1484015.0
Key => Actual Loops
Value  name ,=> 1.0
Key => Filter
Value  name ,=> -1.0
Data IndexScan , 1.0 1484015.0 12.0 15985.0 7313.76
Added training data to files
Data MergeJoin , 1.0 1534019.0 8.0 0.0 150000.0 4.0 1484015.0 12.0 8273.266
Added training data to files
Data Aggregate-Sorted , 1.0 150000.0 1.0 8.0 0.0 1534019.0 8.0 8998.994
Added training data to files
Data Aggregate-Hashed , 1.0 42.0 1.0 8.0 0.0 150000.0 8.0 9115.163
Added training data to files
Data Sort-top-Nheapsort , 1.0 1.0 8.0 2.0 25.0 0.0 42.0 8.0 9115.191
Added training data to files
Data Limit , 1.0 1.0 8.0 0.0 1.0 8.0 9115.192
Added training data to files
Training query 128 executed successfully
Executed command ,script returned :  Exit value of child process : 1
Query : 
select
	c_count,
	count(*) as custdist
from
	(
		select
			c_custkey,
			count(o_orderkey)
		from
			customer left outer join orders on
				c_custkey = o_custkey
				and o_comment not like '%express%accounts%'
		group by
			c_custkey
	) as c_orders (c_custkey, c_count)
group by
	c_count
order by
	custdist desc,
	c_count desc
LIMIT 1;

Node output - Plan: 
    Node Type: "Limit"
    Startup Cost: 190944.78
    Total Cost: 190944.78
    Plan Rows: 1
    Plan Width: 8
    Actual Startup Time: 9268.295
    Actual Total Time: 9268.296
    Actual Rows: 1
    Actual Loops: 1
    Plans: 
      - Node Type: "Sort"
        Parent Relationship: "Outer"
        Startup Cost: 190944.78
        Total Cost: 190945.28
        Plan Rows: 200
        Plan Width: 8
        Actual Startup Time: 9268.293
        Actual Total Time: 9268.293
        Actual Rows: 1
        Actual Loops: 1
        Sort Key: 
          - "(count(*))"
          - "(count(orders.o_orderkey))"
        Sort Method: "top-N heapsort"
        Sort Space Used: 25
        Sort Space Type: "Memory"
        Plans: 
          - Node Type: "Aggregate"
            Strategy: "Hashed"
            Parent Relationship: "Outer"
            Startup Cost: 190941.78
            Total Cost: 190943.78
            Plan Rows: 200
            Plan Width: 8
            Actual Startup Time: 9268.243
            Actual Total Time: 9268.259
            Actual Rows: 42
            Actual Loops: 1
            Group Key: 
              - "count(orders.o_orderkey)"
            Plans: 
              - Node Type: "Aggregate"
                Strategy: "Sorted"
                Parent Relationship: "Outer"
                Startup Cost: 4.65
                Total Cost: 188691.78
                Plan Rows: 150000
                Plan Width: 8
                Actual Startup Time: 0.090
                Actual Total Time: 9150.382
                Actual Rows: 150000
                Actual Loops: 1
                Group Key: 
                  - "customer.c_custkey"
                Plans: 
                  - Node Type: "Merge Join"
                    Parent Relationship: "Outer"
                    Join Type: "Left"
                    Startup Cost: 4.65
                    Total Cost: 179767.47
                    Plan Rows: 1484862
                    Plan Width: 8
                    Actual Startup Time: 0.044
                    Actual Total Time: 8409.424
                    Actual Rows: 1534019
                    Actual Loops: 1
                    Merge Cond: "(customer.c_custkey = orders.o_custkey)"
                    Plans: 
                      - Node Type: "Index Only Scan"
                        Parent Relationship: "Outer"
                        Scan Direction: "Forward"
                        Index Name: "customer_pkey"
                        Relation Name: "customer"
                        Alias: "customer"
                        Startup Cost: 0.42
                        Total Cost: 7617.42
                        Plan Rows: 150000
                        Plan Width: 4
                        Actual Startup Time: 0.021
                        Actual Total Time: 170.277
                        Actual Rows: 150000
                        Actual Loops: 1
                        Heap Fetches: 150000
                      - Node Type: "Index Scan"
                        Parent Relationship: "Inner"
                        Scan Direction: "Forward"
                        Index Name: "idx_orders_custkey"
                        Relation Name: "orders"
                        Alias: "orders"
                        Startup Cost: 0.43
                        Total Cost: 153214.27
                        Plan Rows: 1484862
                        Plan Width: 12
                        Actual Startup Time: 0.017
                        Actual Total Time: 7434.127
                        Actual Rows: 1484015
                        Actual Loops: 1
                        Filter: "((o_comment)::text !~~ '%express%accounts%'::text)"
                        Rows Removed by Filter: 15985
  Planning Time: 0.721
  Triggers: 
  Execution Time: 9268.417
Key => Node Type
Value  name ,=> -1.0
Key => Plan Width
Value  name ,=> 8.0
Key => Actual Rows
Value  name ,=> 1.0
Key => Actual Loops
Value  name ,=> 1.0
Key => Plans
Value  name ,=> -1.0
Key => Node Type
Value  name ,=> -1.0
Key => Parent Relationship
Value  name ,=> -1.0
Key => Plan Width
Value  name ,=> 8.0
Key => Actual Rows
Value  name ,=> 1.0
Key => Actual Loops
Value  name ,=> 1.0
Key => Sort Key
Value  name ,=> 2.0
Key => Sort Method
Value  name ,=> -1.0
Key => Sort Space Used
Value  name ,=> 25.0
Key => Sort Space Type
Value  name ,=> -1.0
Key => Plans
Value  name ,=> -1.0
Key => Node Type
Value  name ,=> -1.0
Key => Strategy
Value  name ,=> -1.0
Key => Parent Relationship
Value  name ,=> -1.0
Key => Plan Width
Value  name ,=> 8.0
Key => Actual Rows
Value  name ,=> 42.0
Key => Actual Loops
Value  name ,=> 1.0
Key => Group Key
Value  name ,=> 1.0
Key => Plans
Value  name ,=> -1.0
Key => Node Type
Value  name ,=> -1.0
Key => Strategy
Value  name ,=> -1.0
Key => Parent Relationship
Value  name ,=> -1.0
Key => Plan Width
Value  name ,=> 8.0
Key => Actual Rows
Value  name ,=> 150000.0
Key => Actual Loops
Value  name ,=> 1.0
Key => Group Key
Value  name ,=> 1.0
Key => Plans
Value  name ,=> -1.0
Key => Node Type
Value  name ,=> -1.0
Key => Parent Relationship
Value  name ,=> -1.0
Key => Join Type
Value  name ,=> -1.0
Key => Plan Width
Value  name ,=> 8.0
Key => Actual Rows
Value  name ,=> 1534019.0
Key => Actual Loops
Value  name ,=> 1.0
Key => Merge Cond
Value  name ,=> -1.0
Key => Plans
Value  name ,=> -1.0
Key => Node Type
Value  name ,=> -1.0
Key => Parent Relationship
Value  name ,=> -1.0
Key => Scan Direction
Value  name ,=> -1.0
Key => Index Name
Value  name ,=> -1.0
Key => Relation Name
Value  name ,=> -1.0
Key => Alias
Value  name ,=> -1.0
Key => Plan Width
Value  name ,=> 4.0
Key => Actual Rows
Value  name ,=> 150000.0
Key => Actual Loops
Value  name ,=> 1.0
Key => Heap Fetches
Value  name ,=> 150000.0
Data IndexOnlyScan , 1.0 150000.0 150000.0 4.0 0.0 170.277
Added training data to files
Key => Node Type
Value  name ,=> -1.0
Key => Parent Relationship
Value  name ,=> -1.0
Key => Scan Direction
Value  name ,=> -1.0
Key => Index Name
Value  name ,=> -1.0
Key => Relation Name
Value  name ,=> -1.0
Key => Alias
Value  name ,=> -1.0
Key => Plan Width
Value  name ,=> 12.0
Key => Actual Rows
Value  name ,=> 1484015.0
Key => Actual Loops
Value  name ,=> 1.0
Key => Filter
Value  name ,=> -1.0
Data IndexScan , 1.0 1484015.0 12.0 15985.0 7434.127
Added training data to files
Data MergeJoin , 1.0 1534019.0 8.0 0.0 150000.0 4.0 1484015.0 12.0 8409.424
Added training data to files
Data Aggregate-Sorted , 1.0 150000.0 1.0 8.0 0.0 1534019.0 8.0 9150.382
Added training data to files
Data Aggregate-Hashed , 1.0 42.0 1.0 8.0 0.0 150000.0 8.0 9268.259
Added training data to files
Data Sort-top-Nheapsort , 1.0 1.0 8.0 2.0 25.0 0.0 42.0 8.0 9268.293
Added training data to files
Data Limit , 1.0 1.0 8.0 0.0 1.0 8.0 9268.296
Added training data to files
Training query 129 executed successfully
Executed command ,script returned :  Exit value of child process : 1
Query : 
select
	100.00 * sum(case
		when p_type like 'PROMO%'
			then l_extendedprice * (1 - l_discount)
		else 0
	end) / sum(l_extendedprice * (1 - l_discount)) as promo_revenue
from
	lineitem,
	part
where
	l_partkey = p_partkey
	and l_shipdate >= date '1995-07-01'
	and l_shipdate < date '1995-07-01' + interval '1' month
LIMIT 1;

Node output - Plan: 
    Node Type: "Limit"
    Startup Cost: 128022.16
    Total Cost: 128022.18
    Plan Rows: 1
    Plan Width: 33
    Actual Startup Time: 1410.243
    Actual Total Time: 1410.244
    Actual Rows: 1
    Actual Loops: 1
    Plans: 
      - Node Type: "Aggregate"
        Strategy: "Plain"
        Parent Relationship: "Outer"
        Startup Cost: 128022.16
        Total Cost: 128022.18
        Plan Rows: 1
        Plan Width: 33
        Actual Startup Time: 1410.239
        Actual Total Time: 1410.239
        Actual Rows: 1
        Actual Loops: 1
        Plans: 
          - Node Type: "Hash Join"
            Parent Relationship: "Outer"
            Join Type: "Inner"
            Startup Cost: 11844.06
            Total Cost: 126744.01
            Plan Rows: 73037
            Plan Width: 33
            Actual Startup Time: 475.798
            Actual Total Time: 1126.618
            Actual Rows: 77171
            Actual Loops: 1
            Hash Cond: "(lineitem.l_partkey = part.p_partkey)"
            Plans: 
              - Node Type: "Bitmap Heap Scan"
                Parent Relationship: "Outer"
                Relation Name: "lineitem"
                Alias: "lineitem"
                Startup Cost: 1877.06
                Total Cost: 113092.27
                Plan Rows: 73037
                Plan Width: 20
                Actual Startup Time: 112.622
                Actual Total Time: 522.637
                Actual Rows: 77171
                Actual Loops: 1
                Recheck Cond: "((l_shipdate >= '1995-07-01'::date) AND (l_shipdate < '1995-08-01 00:00:00'::timestamp without time zone))"
                Rows Removed by Index Recheck: 0
                Exact Heap Blocks: 42380
                Lossy Heap Blocks: 0
                Plans: 
                  - Node Type: "Bitmap Index Scan"
                    Parent Relationship: "Outer"
                    Index Name: "idx_lineitem_shipdate"
                    Startup Cost: 0.00
                    Total Cost: 1858.80
                    Plan Rows: 73037
                    Plan Width: 0
                    Actual Startup Time: 89.441
                    Actual Total Time: 89.441
                    Actual Rows: 77171
                    Actual Loops: 1
                    Index Cond: "((l_shipdate >= '1995-07-01'::date) AND (l_shipdate < '1995-08-01 00:00:00'::timestamp without time zone))"
              - Node Type: "Hash"
                Parent Relationship: "Inner"
                Startup Cost: 6099.00
                Total Cost: 6099.00
                Plan Rows: 200000
                Plan Width: 25
                Actual Startup Time: 362.969
                Actual Total Time: 362.969
                Actual Rows: 200000
                Actual Loops: 1
                Hash Buckets: 8192
                Hash Batches: 4
                Original Hash Batches: 4
                Peak Memory Usage: 2896
                Plans: 
                  - Node Type: "Seq Scan"
                    Parent Relationship: "Outer"
                    Relation Name: "part"
                    Alias: "part"
                    Startup Cost: 0.00
                    Total Cost: 6099.00
                    Plan Rows: 200000
                    Plan Width: 25
                    Actual Startup Time: 0.011
                    Actual Total Time: 230.532
                    Actual Rows: 200000
                    Actual Loops: 1
  Planning Time: 12.969
  Triggers: 
  Execution Time: 1413.217
Key => Node Type
Value  name ,=> -1.0
Key => Plan Width
Value  name ,=> 33.0
Key => Actual Rows
Value  name ,=> 1.0
Key => Actual Loops
Value  name ,=> 1.0
Key => Plans
Value  name ,=> -1.0
Key => Node Type
Value  name ,=> -1.0
Key => Strategy
Value  name ,=> -1.0
Key => Parent Relationship
Value  name ,=> -1.0
Key => Plan Width
Value  name ,=> 33.0
Key => Actual Rows
Value  name ,=> 1.0
Key => Actual Loops
Value  name ,=> 1.0
Key => Plans
Value  name ,=> -1.0
Key => Node Type
Value  name ,=> -1.0
Key => Parent Relationship
Value  name ,=> -1.0
Key => Join Type
Value  name ,=> -1.0
Key => Plan Width
Value  name ,=> 33.0
Key => Actual Rows
Value  name ,=> 77171.0
Key => Actual Loops
Value  name ,=> 1.0
Key => Hash Cond
Value  name ,=> -1.0
Key => Plans
Value  name ,=> -1.0
Key => Node Type
Value  name ,=> -1.0
Key => Parent Relationship
Value  name ,=> -1.0
Key => Relation Name
Value  name ,=> -1.0
Key => Alias
Value  name ,=> -1.0
Key => Plan Width
Value  name ,=> 20.0
Key => Actual Rows
Value  name ,=> 77171.0
Key => Actual Loops
Value  name ,=> 1.0
Key => Recheck Cond
Value  name ,=> -1.0
Key => Rows Removed by Index Recheck
Value  name ,=> 0.0
Key => Exact Heap Blocks
Value  name ,=> 42380.0
Key => Lossy Heap Blocks
Value  name ,=> 0.0
Key => Plans
Value  name ,=> -1.0
Key => Node Type
Value  name ,=> -1.0
Key => Parent Relationship
Value  name ,=> -1.0
Key => Index Name
Value  name ,=> -1.0
Key => Plan Width
Value  name ,=> 0.0
Key => Actual Rows
Value  name ,=> 77171.0
Key => Actual Loops
Value  name ,=> 1.0
Key => Index Cond
Value  name ,=> -1.0
Data BitmapIndexScan , 1.0 77171.0 0.0 0.0 89.441
Added training data to files
Data BitmapHeapScan , 1.0 77171.0 42380.0 0.0 20.0 0.0 0.0 77171.0 0.0 522.637
Added training data to files
Key => Node Type
Value  name ,=> -1.0
Key => Parent Relationship
Value  name ,=> -1.0
Key => Plan Width
Value  name ,=> 25.0
Key => Actual Rows
Value  name ,=> 200000.0
Key => Actual Loops
Value  name ,=> 1.0
Key => Hash Buckets
Value  name ,=> 8192.0
Key => Hash Batches
Value  name ,=> 4.0
Key => Original Hash Batches
Value  name ,=> 4.0
Key => Peak Memory Usage
Value  name ,=> 2896.0
Key => Plans
Value  name ,=> -1.0
Key => Node Type
Value  name ,=> -1.0
Key => Parent Relationship
Value  name ,=> -1.0
Key => Relation Name
Value  name ,=> -1.0
Key => Alias
Value  name ,=> -1.0
Key => Plan Width
Value  name ,=> 25.0
Key => Actual Rows
Value  name ,=> 200000.0
Key => Actual Loops
Value  name ,=> 1.0
Data SeqScan , 1.0 200000.0 25.0 0.0 230.532
Added training data to files
Data Hash , 1.0 200000.0 4.0 8192.0 4.0 2896.0 25.0 0.0 200000.0 25.0 362.969
Added training data to files
Data HashJoin , 1.0 77171.0 33.0 0.0 77171.0 20.0 200000.0 25.0 1126.618
Added training data to files
Data Aggregate-Plain , 1.0 1.0 33.0 0.0 77171.0 33.0 1410.239
Added training data to files
Data Limit , 1.0 1.0 33.0 0.0 1.0 33.0 1410.244
Added training data to files
Training query 130 executed successfully
Executed command ,script returned :  Exit value of child process : 1
Query : 
select
	100.00 * sum(case
		when p_type like 'PROMO%'
			then l_extendedprice * (1 - l_discount)
		else 0
	end) / sum(l_extendedprice * (1 - l_discount)) as promo_revenue
from
	lineitem,
	part
where
	l_partkey = p_partkey
	and l_shipdate >= date '1995-07-01'
	and l_shipdate < date '1995-07-01' + interval '1' month
LIMIT 1;

Node output - Plan: 
    Node Type: "Limit"
    Startup Cost: 128022.16
    Total Cost: 128022.18
    Plan Rows: 1
    Plan Width: 33
    Actual Startup Time: 1258.180
    Actual Total Time: 1258.180
    Actual Rows: 1
    Actual Loops: 1
    Plans: 
      - Node Type: "Aggregate"
        Strategy: "Plain"
        Parent Relationship: "Outer"
        Startup Cost: 128022.16
        Total Cost: 128022.18
        Plan Rows: 1
        Plan Width: 33
        Actual Startup Time: 1258.178
        Actual Total Time: 1258.178
        Actual Rows: 1
        Actual Loops: 1
        Plans: 
          - Node Type: "Hash Join"
            Parent Relationship: "Outer"
            Join Type: "Inner"
            Startup Cost: 11844.06
            Total Cost: 126744.01
            Plan Rows: 73037
            Plan Width: 33
            Actual Startup Time: 321.199
            Actual Total Time: 979.199
            Actual Rows: 77171
            Actual Loops: 1
            Hash Cond: "(lineitem.l_partkey = part.p_partkey)"
            Plans: 
              - Node Type: "Bitmap Heap Scan"
                Parent Relationship: "Outer"
                Relation Name: "lineitem"
                Alias: "lineitem"
                Startup Cost: 1877.06
                Total Cost: 113092.27
                Plan Rows: 73037
                Plan Width: 20
                Actual Startup Time: 61.596
                Actual Total Time: 475.048
                Actual Rows: 77171
                Actual Loops: 1
                Recheck Cond: "((l_shipdate >= '1995-07-01'::date) AND (l_shipdate < '1995-08-01 00:00:00'::timestamp without time zone))"
                Rows Removed by Index Recheck: 0
                Exact Heap Blocks: 42380
                Lossy Heap Blocks: 0
                Plans: 
                  - Node Type: "Bitmap Index Scan"
                    Parent Relationship: "Outer"
                    Index Name: "idx_lineitem_shipdate"
                    Startup Cost: 0.00
                    Total Cost: 1858.80
                    Plan Rows: 73037
                    Plan Width: 0
                    Actual Startup Time: 40.232
                    Actual Total Time: 40.232
                    Actual Rows: 77171
                    Actual Loops: 1
                    Index Cond: "((l_shipdate >= '1995-07-01'::date) AND (l_shipdate < '1995-08-01 00:00:00'::timestamp without time zone))"
              - Node Type: "Hash"
                Parent Relationship: "Inner"
                Startup Cost: 6099.00
                Total Cost: 6099.00
                Plan Rows: 200000
                Plan Width: 25
                Actual Startup Time: 259.396
                Actual Total Time: 259.396
                Actual Rows: 200000
                Actual Loops: 1
                Hash Buckets: 8192
                Hash Batches: 4
                Original Hash Batches: 4
                Peak Memory Usage: 2896
                Plans: 
                  - Node Type: "Seq Scan"
                    Parent Relationship: "Outer"
                    Relation Name: "part"
                    Alias: "part"
                    Startup Cost: 0.00
                    Total Cost: 6099.00
                    Plan Rows: 200000
                    Plan Width: 25
                    Actual Startup Time: 0.010
                    Actual Total Time: 131.173
                    Actual Rows: 200000
                    Actual Loops: 1
  Planning Time: 1.820
  Triggers: 
  Execution Time: 1261.223
Key => Node Type
Value  name ,=> -1.0
Key => Plan Width
Value  name ,=> 33.0
Key => Actual Rows
Value  name ,=> 1.0
Key => Actual Loops
Value  name ,=> 1.0
Key => Plans
Value  name ,=> -1.0
Key => Node Type
Value  name ,=> -1.0
Key => Strategy
Value  name ,=> -1.0
Key => Parent Relationship
Value  name ,=> -1.0
Key => Plan Width
Value  name ,=> 33.0
Key => Actual Rows
Value  name ,=> 1.0
Key => Actual Loops
Value  name ,=> 1.0
Key => Plans
Value  name ,=> -1.0
Key => Node Type
Value  name ,=> -1.0
Key => Parent Relationship
Value  name ,=> -1.0
Key => Join Type
Value  name ,=> -1.0
Key => Plan Width
Value  name ,=> 33.0
Key => Actual Rows
Value  name ,=> 77171.0
Key => Actual Loops
Value  name ,=> 1.0
Key => Hash Cond
Value  name ,=> -1.0
Key => Plans
Value  name ,=> -1.0
Key => Node Type
Value  name ,=> -1.0
Key => Parent Relationship
Value  name ,=> -1.0
Key => Relation Name
Value  name ,=> -1.0
Key => Alias
Value  name ,=> -1.0
Key => Plan Width
Value  name ,=> 20.0
Key => Actual Rows
Value  name ,=> 77171.0
Key => Actual Loops
Value  name ,=> 1.0
Key => Recheck Cond
Value  name ,=> -1.0
Key => Rows Removed by Index Recheck
Value  name ,=> 0.0
Key => Exact Heap Blocks
Value  name ,=> 42380.0
Key => Lossy Heap Blocks
Value  name ,=> 0.0
Key => Plans
Value  name ,=> -1.0
Key => Node Type
Value  name ,=> -1.0
Key => Parent Relationship
Value  name ,=> -1.0
Key => Index Name
Value  name ,=> -1.0
Key => Plan Width
Value  name ,=> 0.0
Key => Actual Rows
Value  name ,=> 77171.0
Key => Actual Loops
Value  name ,=> 1.0
Key => Index Cond
Value  name ,=> -1.0
Data BitmapIndexScan , 1.0 77171.0 0.0 0.0 40.232
Added training data to files
Data BitmapHeapScan , 1.0 77171.0 42380.0 0.0 20.0 0.0 0.0 77171.0 0.0 475.048
Added training data to files
Key => Node Type
Value  name ,=> -1.0
Key => Parent Relationship
Value  name ,=> -1.0
Key => Plan Width
Value  name ,=> 25.0
Key => Actual Rows
Value  name ,=> 200000.0
Key => Actual Loops
Value  name ,=> 1.0
Key => Hash Buckets
Value  name ,=> 8192.0
Key => Hash Batches
Value  name ,=> 4.0
Key => Original Hash Batches
Value  name ,=> 4.0
Key => Peak Memory Usage
Value  name ,=> 2896.0
Key => Plans
Value  name ,=> -1.0
Key => Node Type
Value  name ,=> -1.0
Key => Parent Relationship
Value  name ,=> -1.0
Key => Relation Name
Value  name ,=> -1.0
Key => Alias
Value  name ,=> -1.0
Key => Plan Width
Value  name ,=> 25.0
Key => Actual Rows
Value  name ,=> 200000.0
Key => Actual Loops
Value  name ,=> 1.0
Data SeqScan , 1.0 200000.0 25.0 0.0 131.173
Added training data to files
Data Hash , 1.0 200000.0 4.0 8192.0 4.0 2896.0 25.0 0.0 200000.0 25.0 259.396
Added training data to files
Data HashJoin , 1.0 77171.0 33.0 0.0 77171.0 20.0 200000.0 25.0 979.199
Added training data to files
Data Aggregate-Plain , 1.0 1.0 33.0 0.0 77171.0 33.0 1258.178
Added training data to files
Data Limit , 1.0 1.0 33.0 0.0 1.0 33.0 1258.18
Added training data to files
Training query 131 executed successfully
Executed command ,script returned :  Exit value of child process : 1
Query : 
select
	100.00 * sum(case
		when p_type like 'PROMO%'
			then l_extendedprice * (1 - l_discount)
		else 0
	end) / sum(l_extendedprice * (1 - l_discount)) as promo_revenue
from
	lineitem,
	part
where
	l_partkey = p_partkey
	and l_shipdate >= date '1995-07-01'
	and l_shipdate < date '1995-07-01' + interval '1' month
LIMIT 1;

Node output - Plan: 
    Node Type: "Limit"
    Startup Cost: 128022.16
    Total Cost: 128022.18
    Plan Rows: 1
    Plan Width: 33
    Actual Startup Time: 1252.723
    Actual Total Time: 1252.723
    Actual Rows: 1
    Actual Loops: 1
    Plans: 
      - Node Type: "Aggregate"
        Strategy: "Plain"
        Parent Relationship: "Outer"
        Startup Cost: 128022.16
        Total Cost: 128022.18
        Plan Rows: 1
        Plan Width: 33
        Actual Startup Time: 1252.721
        Actual Total Time: 1252.721
        Actual Rows: 1
        Actual Loops: 1
        Plans: 
          - Node Type: "Hash Join"
            Parent Relationship: "Outer"
            Join Type: "Inner"
            Startup Cost: 11844.06
            Total Cost: 126744.01
            Plan Rows: 73037
            Plan Width: 33
            Actual Startup Time: 321.969
            Actual Total Time: 976.318
            Actual Rows: 77171
            Actual Loops: 1
            Hash Cond: "(lineitem.l_partkey = part.p_partkey)"
            Plans: 
              - Node Type: "Bitmap Heap Scan"
                Parent Relationship: "Outer"
                Relation Name: "lineitem"
                Alias: "lineitem"
                Startup Cost: 1877.06
                Total Cost: 113092.27
                Plan Rows: 73037
                Plan Width: 20
                Actual Startup Time: 66.085
                Actual Total Time: 477.722
                Actual Rows: 77171
                Actual Loops: 1
                Recheck Cond: "((l_shipdate >= '1995-07-01'::date) AND (l_shipdate < '1995-08-01 00:00:00'::timestamp without time zone))"
                Rows Removed by Index Recheck: 0
                Exact Heap Blocks: 42380
                Lossy Heap Blocks: 0
                Plans: 
                  - Node Type: "Bitmap Index Scan"
                    Parent Relationship: "Outer"
                    Index Name: "idx_lineitem_shipdate"
                    Startup Cost: 0.00
                    Total Cost: 1858.80
                    Plan Rows: 73037
                    Plan Width: 0
                    Actual Startup Time: 46.074
                    Actual Total Time: 46.074
                    Actual Rows: 77171
                    Actual Loops: 1
                    Index Cond: "((l_shipdate >= '1995-07-01'::date) AND (l_shipdate < '1995-08-01 00:00:00'::timestamp without time zone))"
              - Node Type: "Hash"
                Parent Relationship: "Inner"
                Startup Cost: 6099.00
                Total Cost: 6099.00
                Plan Rows: 200000
                Plan Width: 25
                Actual Startup Time: 255.672
                Actual Total Time: 255.672
                Actual Rows: 200000
                Actual Loops: 1
                Hash Buckets: 8192
                Hash Batches: 4
                Original Hash Batches: 4
                Peak Memory Usage: 2896
                Plans: 
                  - Node Type: "Seq Scan"
                    Parent Relationship: "Outer"
                    Relation Name: "part"
                    Alias: "part"
                    Startup Cost: 0.00
                    Total Cost: 6099.00
                    Plan Rows: 200000
                    Plan Width: 25
                    Actual Startup Time: 0.009
                    Actual Total Time: 128.504
                    Actual Rows: 200000
                    Actual Loops: 1
  Planning Time: 1.055
  Triggers: 
  Execution Time: 1255.669
Key => Node Type
Value  name ,=> -1.0
Key => Plan Width
Value  name ,=> 33.0
Key => Actual Rows
Value  name ,=> 1.0
Key => Actual Loops
Value  name ,=> 1.0
Key => Plans
Value  name ,=> -1.0
Key => Node Type
Value  name ,=> -1.0
Key => Strategy
Value  name ,=> -1.0
Key => Parent Relationship
Value  name ,=> -1.0
Key => Plan Width
Value  name ,=> 33.0
Key => Actual Rows
Value  name ,=> 1.0
Key => Actual Loops
Value  name ,=> 1.0
Key => Plans
Value  name ,=> -1.0
Key => Node Type
Value  name ,=> -1.0
Key => Parent Relationship
Value  name ,=> -1.0
Key => Join Type
Value  name ,=> -1.0
Key => Plan Width
Value  name ,=> 33.0
Key => Actual Rows
Value  name ,=> 77171.0
Key => Actual Loops
Value  name ,=> 1.0
Key => Hash Cond
Value  name ,=> -1.0
Key => Plans
Value  name ,=> -1.0
Key => Node Type
Value  name ,=> -1.0
Key => Parent Relationship
Value  name ,=> -1.0
Key => Relation Name
Value  name ,=> -1.0
Key => Alias
Value  name ,=> -1.0
Key => Plan Width
Value  name ,=> 20.0
Key => Actual Rows
Value  name ,=> 77171.0
Key => Actual Loops
Value  name ,=> 1.0
Key => Recheck Cond
Value  name ,=> -1.0
Key => Rows Removed by Index Recheck
Value  name ,=> 0.0
Key => Exact Heap Blocks
Value  name ,=> 42380.0
Key => Lossy Heap Blocks
Value  name ,=> 0.0
Key => Plans
Value  name ,=> -1.0
Key => Node Type
Value  name ,=> -1.0
Key => Parent Relationship
Value  name ,=> -1.0
Key => Index Name
Value  name ,=> -1.0
Key => Plan Width
Value  name ,=> 0.0
Key => Actual Rows
Value  name ,=> 77171.0
Key => Actual Loops
Value  name ,=> 1.0
Key => Index Cond
Value  name ,=> -1.0
Data BitmapIndexScan , 1.0 77171.0 0.0 0.0 46.074
Added training data to files
Data BitmapHeapScan , 1.0 77171.0 42380.0 0.0 20.0 0.0 0.0 77171.0 0.0 477.722
Added training data to files
Key => Node Type
Value  name ,=> -1.0
Key => Parent Relationship
Value  name ,=> -1.0
Key => Plan Width
Value  name ,=> 25.0
Key => Actual Rows
Value  name ,=> 200000.0
Key => Actual Loops
Value  name ,=> 1.0
Key => Hash Buckets
Value  name ,=> 8192.0
Key => Hash Batches
Value  name ,=> 4.0
Key => Original Hash Batches
Value  name ,=> 4.0
Key => Peak Memory Usage
Value  name ,=> 2896.0
Key => Plans
Value  name ,=> -1.0
Key => Node Type
Value  name ,=> -1.0
Key => Parent Relationship
Value  name ,=> -1.0
Key => Relation Name
Value  name ,=> -1.0
Key => Alias
Value  name ,=> -1.0
Key => Plan Width
Value  name ,=> 25.0
Key => Actual Rows
Value  name ,=> 200000.0
Key => Actual Loops
Value  name ,=> 1.0
Data SeqScan , 1.0 200000.0 25.0 0.0 128.504
Added training data to files
Data Hash , 1.0 200000.0 4.0 8192.0 4.0 2896.0 25.0 0.0 200000.0 25.0 255.672
Added training data to files
Data HashJoin , 1.0 77171.0 33.0 0.0 77171.0 20.0 200000.0 25.0 976.318
Added training data to files
Data Aggregate-Plain , 1.0 1.0 33.0 0.0 77171.0 33.0 1252.721
Added training data to files
Data Limit , 1.0 1.0 33.0 0.0 1.0 33.0 1252.723
Added training data to files
Training query 132 executed successfully
Executed command ,script returned :  Exit value of child process : 1
Query : 
select
	100.00 * sum(case
		when p_type like 'PROMO%'
			then l_extendedprice * (1 - l_discount)
		else 0
	end) / sum(l_extendedprice * (1 - l_discount)) as promo_revenue
from
	lineitem,
	part
where
	l_partkey = p_partkey
	and l_shipdate >= date '1995-07-01'
	and l_shipdate < date '1995-07-01' + interval '1' month
LIMIT 1;

Node output - Plan: 
    Node Type: "Limit"
    Startup Cost: 128022.16
    Total Cost: 128022.18
    Plan Rows: 1
    Plan Width: 33
    Actual Startup Time: 1235.168
    Actual Total Time: 1235.169
    Actual Rows: 1
    Actual Loops: 1
    Plans: 
      - Node Type: "Aggregate"
        Strategy: "Plain"
        Parent Relationship: "Outer"
        Startup Cost: 128022.16
        Total Cost: 128022.18
        Plan Rows: 1
        Plan Width: 33
        Actual Startup Time: 1235.167
        Actual Total Time: 1235.167
        Actual Rows: 1
        Actual Loops: 1
        Plans: 
          - Node Type: "Hash Join"
            Parent Relationship: "Outer"
            Join Type: "Inner"
            Startup Cost: 11844.06
            Total Cost: 126744.01
            Plan Rows: 73037
            Plan Width: 33
            Actual Startup Time: 312.566
            Actual Total Time: 963.904
            Actual Rows: 77171
            Actual Loops: 1
            Hash Cond: "(lineitem.l_partkey = part.p_partkey)"
            Plans: 
              - Node Type: "Bitmap Heap Scan"
                Parent Relationship: "Outer"
                Relation Name: "lineitem"
                Alias: "lineitem"
                Startup Cost: 1877.06
                Total Cost: 113092.27
                Plan Rows: 73037
                Plan Width: 20
                Actual Startup Time: 61.901
                Actual Total Time: 472.266
                Actual Rows: 77171
                Actual Loops: 1
                Recheck Cond: "((l_shipdate >= '1995-07-01'::date) AND (l_shipdate < '1995-08-01 00:00:00'::timestamp without time zone))"
                Rows Removed by Index Recheck: 0
                Exact Heap Blocks: 42380
                Lossy Heap Blocks: 0
                Plans: 
                  - Node Type: "Bitmap Index Scan"
                    Parent Relationship: "Outer"
                    Index Name: "idx_lineitem_shipdate"
                    Startup Cost: 0.00
                    Total Cost: 1858.80
                    Plan Rows: 73037
                    Plan Width: 0
                    Actual Startup Time: 40.540
                    Actual Total Time: 40.540
                    Actual Rows: 77171
                    Actual Loops: 1
                    Index Cond: "((l_shipdate >= '1995-07-01'::date) AND (l_shipdate < '1995-08-01 00:00:00'::timestamp without time zone))"
              - Node Type: "Hash"
                Parent Relationship: "Inner"
                Startup Cost: 6099.00
                Total Cost: 6099.00
                Plan Rows: 200000
                Plan Width: 25
                Actual Startup Time: 250.464
                Actual Total Time: 250.464
                Actual Rows: 200000
                Actual Loops: 1
                Hash Buckets: 8192
                Hash Batches: 4
                Original Hash Batches: 4
                Peak Memory Usage: 2896
                Plans: 
                  - Node Type: "Seq Scan"
                    Parent Relationship: "Outer"
                    Relation Name: "part"
                    Alias: "part"
                    Startup Cost: 0.00
                    Total Cost: 6099.00
                    Plan Rows: 200000
                    Plan Width: 25
                    Actual Startup Time: 0.009
                    Actual Total Time: 126.987
                    Actual Rows: 200000
                    Actual Loops: 1
  Planning Time: 1.067
  Triggers: 
  Execution Time: 1238.102
Key => Node Type
Value  name ,=> -1.0
Key => Plan Width
Value  name ,=> 33.0
Key => Actual Rows
Value  name ,=> 1.0
Key => Actual Loops
Value  name ,=> 1.0
Key => Plans
Value  name ,=> -1.0
Key => Node Type
Value  name ,=> -1.0
Key => Strategy
Value  name ,=> -1.0
Key => Parent Relationship
Value  name ,=> -1.0
Key => Plan Width
Value  name ,=> 33.0
Key => Actual Rows
Value  name ,=> 1.0
Key => Actual Loops
Value  name ,=> 1.0
Key => Plans
Value  name ,=> -1.0
Key => Node Type
Value  name ,=> -1.0
Key => Parent Relationship
Value  name ,=> -1.0
Key => Join Type
Value  name ,=> -1.0
Key => Plan Width
Value  name ,=> 33.0
Key => Actual Rows
Value  name ,=> 77171.0
Key => Actual Loops
Value  name ,=> 1.0
Key => Hash Cond
Value  name ,=> -1.0
Key => Plans
Value  name ,=> -1.0
Key => Node Type
Value  name ,=> -1.0
Key => Parent Relationship
Value  name ,=> -1.0
Key => Relation Name
Value  name ,=> -1.0
Key => Alias
Value  name ,=> -1.0
Key => Plan Width
Value  name ,=> 20.0
Key => Actual Rows
Value  name ,=> 77171.0
Key => Actual Loops
Value  name ,=> 1.0
Key => Recheck Cond
Value  name ,=> -1.0
Key => Rows Removed by Index Recheck
Value  name ,=> 0.0
Key => Exact Heap Blocks
Value  name ,=> 42380.0
Key => Lossy Heap Blocks
Value  name ,=> 0.0
Key => Plans
Value  name ,=> -1.0
Key => Node Type
Value  name ,=> -1.0
Key => Parent Relationship
Value  name ,=> -1.0
Key => Index Name
Value  name ,=> -1.0
Key => Plan Width
Value  name ,=> 0.0
Key => Actual Rows
Value  name ,=> 77171.0
Key => Actual Loops
Value  name ,=> 1.0
Key => Index Cond
Value  name ,=> -1.0
Data BitmapIndexScan , 1.0 77171.0 0.0 0.0 40.54
Added training data to files
Data BitmapHeapScan , 1.0 77171.0 42380.0 0.0 20.0 0.0 0.0 77171.0 0.0 472.266
Added training data to files
Key => Node Type
Value  name ,=> -1.0
Key => Parent Relationship
Value  name ,=> -1.0
Key => Plan Width
Value  name ,=> 25.0
Key => Actual Rows
Value  name ,=> 200000.0
Key => Actual Loops
Value  name ,=> 1.0
Key => Hash Buckets
Value  name ,=> 8192.0
Key => Hash Batches
Value  name ,=> 4.0
Key => Original Hash Batches
Value  name ,=> 4.0
Key => Peak Memory Usage
Value  name ,=> 2896.0
Key => Plans
Value  name ,=> -1.0
Key => Node Type
Value  name ,=> -1.0
Key => Parent Relationship
Value  name ,=> -1.0
Key => Relation Name
Value  name ,=> -1.0
Key => Alias
Value  name ,=> -1.0
Key => Plan Width
Value  name ,=> 25.0
Key => Actual Rows
Value  name ,=> 200000.0
Key => Actual Loops
Value  name ,=> 1.0
Data SeqScan , 1.0 200000.0 25.0 0.0 126.987
Added training data to files
Data Hash , 1.0 200000.0 4.0 8192.0 4.0 2896.0 25.0 0.0 200000.0 25.0 250.464
Added training data to files
Data HashJoin , 1.0 77171.0 33.0 0.0 77171.0 20.0 200000.0 25.0 963.904
Added training data to files
Data Aggregate-Plain , 1.0 1.0 33.0 0.0 77171.0 33.0 1235.167
Added training data to files
Data Limit , 1.0 1.0 33.0 0.0 1.0 33.0 1235.169
Added training data to files
Training query 133 executed successfully
Executed command ,script returned :  Exit value of child process : 1
Query : 
select
	100.00 * sum(case
		when p_type like 'PROMO%'
			then l_extendedprice * (1 - l_discount)
		else 0
	end) / sum(l_extendedprice * (1 - l_discount)) as promo_revenue
from
	lineitem,
	part
where
	l_partkey = p_partkey
	and l_shipdate >= date '1995-07-01'
	and l_shipdate < date '1995-07-01' + interval '1' month
LIMIT 1;

Node output - Plan: 
    Node Type: "Limit"
    Startup Cost: 128022.16
    Total Cost: 128022.18
    Plan Rows: 1
    Plan Width: 33
    Actual Startup Time: 1097.186
    Actual Total Time: 1097.186
    Actual Rows: 1
    Actual Loops: 1
    Plans: 
      - Node Type: "Aggregate"
        Strategy: "Plain"
        Parent Relationship: "Outer"
        Startup Cost: 128022.16
        Total Cost: 128022.18
        Plan Rows: 1
        Plan Width: 33
        Actual Startup Time: 1097.183
        Actual Total Time: 1097.183
        Actual Rows: 1
        Actual Loops: 1
        Plans: 
          - Node Type: "Hash Join"
            Parent Relationship: "Outer"
            Join Type: "Inner"
            Startup Cost: 11844.06
            Total Cost: 126744.01
            Plan Rows: 73037
            Plan Width: 33
            Actual Startup Time: 267.842
            Actual Total Time: 854.914
            Actual Rows: 77171
            Actual Loops: 1
            Hash Cond: "(lineitem.l_partkey = part.p_partkey)"
            Plans: 
              - Node Type: "Bitmap Heap Scan"
                Parent Relationship: "Outer"
                Relation Name: "lineitem"
                Alias: "lineitem"
                Startup Cost: 1877.06
                Total Cost: 113092.27
                Plan Rows: 73037
                Plan Width: 20
                Actual Startup Time: 57.397
                Actual Total Time: 426.637
                Actual Rows: 77171
                Actual Loops: 1
                Recheck Cond: "((l_shipdate >= '1995-07-01'::date) AND (l_shipdate < '1995-08-01 00:00:00'::timestamp without time zone))"
                Rows Removed by Index Recheck: 0
                Exact Heap Blocks: 42380
                Lossy Heap Blocks: 0
                Plans: 
                  - Node Type: "Bitmap Index Scan"
                    Parent Relationship: "Outer"
                    Index Name: "idx_lineitem_shipdate"
                    Startup Cost: 0.00
                    Total Cost: 1858.80
                    Plan Rows: 73037
                    Plan Width: 0
                    Actual Startup Time: 39.295
                    Actual Total Time: 39.295
                    Actual Rows: 77171
                    Actual Loops: 1
                    Index Cond: "((l_shipdate >= '1995-07-01'::date) AND (l_shipdate < '1995-08-01 00:00:00'::timestamp without time zone))"
              - Node Type: "Hash"
                Parent Relationship: "Inner"
                Startup Cost: 6099.00
                Total Cost: 6099.00
                Plan Rows: 200000
                Plan Width: 25
                Actual Startup Time: 210.264
                Actual Total Time: 210.264
                Actual Rows: 200000
                Actual Loops: 1
                Hash Buckets: 8192
                Hash Batches: 4
                Original Hash Batches: 4
                Peak Memory Usage: 2896
                Plans: 
                  - Node Type: "Seq Scan"
                    Parent Relationship: "Outer"
                    Relation Name: "part"
                    Alias: "part"
                    Startup Cost: 0.00
                    Total Cost: 6099.00
                    Plan Rows: 200000
                    Plan Width: 25
                    Actual Startup Time: 0.008
                    Actual Total Time: 105.954
                    Actual Rows: 200000
                    Actual Loops: 1
  Planning Time: 1.888
  Triggers: 
  Execution Time: 1100.036
Key => Node Type
Value  name ,=> -1.0
Key => Plan Width
Value  name ,=> 33.0
Key => Actual Rows
Value  name ,=> 1.0
Key => Actual Loops
Value  name ,=> 1.0
Key => Plans
Value  name ,=> -1.0
Key => Node Type
Value  name ,=> -1.0
Key => Strategy
Value  name ,=> -1.0
Key => Parent Relationship
Value  name ,=> -1.0
Key => Plan Width
Value  name ,=> 33.0
Key => Actual Rows
Value  name ,=> 1.0
Key => Actual Loops
Value  name ,=> 1.0
Key => Plans
Value  name ,=> -1.0
Key => Node Type
Value  name ,=> -1.0
Key => Parent Relationship
Value  name ,=> -1.0
Key => Join Type
Value  name ,=> -1.0
Key => Plan Width
Value  name ,=> 33.0
Key => Actual Rows
Value  name ,=> 77171.0
Key => Actual Loops
Value  name ,=> 1.0
Key => Hash Cond
Value  name ,=> -1.0
Key => Plans
Value  name ,=> -1.0
Key => Node Type
Value  name ,=> -1.0
Key => Parent Relationship
Value  name ,=> -1.0
Key => Relation Name
Value  name ,=> -1.0
Key => Alias
Value  name ,=> -1.0
Key => Plan Width
Value  name ,=> 20.0
Key => Actual Rows
Value  name ,=> 77171.0
Key => Actual Loops
Value  name ,=> 1.0
Key => Recheck Cond
Value  name ,=> -1.0
Key => Rows Removed by Index Recheck
Value  name ,=> 0.0
Key => Exact Heap Blocks
Value  name ,=> 42380.0
Key => Lossy Heap Blocks
Value  name ,=> 0.0
Key => Plans
Value  name ,=> -1.0
Key => Node Type
Value  name ,=> -1.0
Key => Parent Relationship
Value  name ,=> -1.0
Key => Index Name
Value  name ,=> -1.0
Key => Plan Width
Value  name ,=> 0.0
Key => Actual Rows
Value  name ,=> 77171.0
Key => Actual Loops
Value  name ,=> 1.0
Key => Index Cond
Value  name ,=> -1.0
Data BitmapIndexScan , 1.0 77171.0 0.0 0.0 39.295
Added training data to files
Data BitmapHeapScan , 1.0 77171.0 42380.0 0.0 20.0 0.0 0.0 77171.0 0.0 426.637
Added training data to files
Key => Node Type
Value  name ,=> -1.0
Key => Parent Relationship
Value  name ,=> -1.0
Key => Plan Width
Value  name ,=> 25.0
Key => Actual Rows
Value  name ,=> 200000.0
Key => Actual Loops
Value  name ,=> 1.0
Key => Hash Buckets
Value  name ,=> 8192.0
Key => Hash Batches
Value  name ,=> 4.0
Key => Original Hash Batches
Value  name ,=> 4.0
Key => Peak Memory Usage
Value  name ,=> 2896.0
Key => Plans
Value  name ,=> -1.0
Key => Node Type
Value  name ,=> -1.0
Key => Parent Relationship
Value  name ,=> -1.0
Key => Relation Name
Value  name ,=> -1.0
Key => Alias
Value  name ,=> -1.0
Key => Plan Width
Value  name ,=> 25.0
Key => Actual Rows
Value  name ,=> 200000.0
Key => Actual Loops
Value  name ,=> 1.0
Data SeqScan , 1.0 200000.0 25.0 0.0 105.954
Added training data to files
Data Hash , 1.0 200000.0 4.0 8192.0 4.0 2896.0 25.0 0.0 200000.0 25.0 210.264
Added training data to files
Data HashJoin , 1.0 77171.0 33.0 0.0 77171.0 20.0 200000.0 25.0 854.914
Added training data to files
Data Aggregate-Plain , 1.0 1.0 33.0 0.0 77171.0 33.0 1097.183
Added training data to files
Data Limit , 1.0 1.0 33.0 0.0 1.0 33.0 1097.186
Added training data to files
Training query 134 executed successfully
Executed command ,script returned :  Exit value of child process : 1
Query : 
select
	100.00 * sum(case
		when p_type like 'PROMO%'
			then l_extendedprice * (1 - l_discount)
		else 0
	end) / sum(l_extendedprice * (1 - l_discount)) as promo_revenue
from
	lineitem,
	part
where
	l_partkey = p_partkey
	and l_shipdate >= date '1995-07-01'
	and l_shipdate < date '1995-07-01' + interval '1' month
LIMIT 1;

Node output - Plan: 
    Node Type: "Limit"
    Startup Cost: 128022.16
    Total Cost: 128022.18
    Plan Rows: 1
    Plan Width: 33
    Actual Startup Time: 1229.134
    Actual Total Time: 1229.135
    Actual Rows: 1
    Actual Loops: 1
    Plans: 
      - Node Type: "Aggregate"
        Strategy: "Plain"
        Parent Relationship: "Outer"
        Startup Cost: 128022.16
        Total Cost: 128022.18
        Plan Rows: 1
        Plan Width: 33
        Actual Startup Time: 1229.133
        Actual Total Time: 1229.133
        Actual Rows: 1
        Actual Loops: 1
        Plans: 
          - Node Type: "Hash Join"
            Parent Relationship: "Outer"
            Join Type: "Inner"
            Startup Cost: 11844.06
            Total Cost: 126744.01
            Plan Rows: 73037
            Plan Width: 33
            Actual Startup Time: 309.190
            Actual Total Time: 957.459
            Actual Rows: 77171
            Actual Loops: 1
            Hash Cond: "(lineitem.l_partkey = part.p_partkey)"
            Plans: 
              - Node Type: "Bitmap Heap Scan"
                Parent Relationship: "Outer"
                Relation Name: "lineitem"
                Alias: "lineitem"
                Startup Cost: 1877.06
                Total Cost: 113092.27
                Plan Rows: 73037
                Plan Width: 20
                Actual Startup Time: 62.834
                Actual Total Time: 469.103
                Actual Rows: 77171
                Actual Loops: 1
                Recheck Cond: "((l_shipdate >= '1995-07-01'::date) AND (l_shipdate < '1995-08-01 00:00:00'::timestamp without time zone))"
                Rows Removed by Index Recheck: 0
                Exact Heap Blocks: 42380
                Lossy Heap Blocks: 0
                Plans: 
                  - Node Type: "Bitmap Index Scan"
                    Parent Relationship: "Outer"
                    Index Name: "idx_lineitem_shipdate"
                    Startup Cost: 0.00
                    Total Cost: 1858.80
                    Plan Rows: 73037
                    Plan Width: 0
                    Actual Startup Time: 44.290
                    Actual Total Time: 44.290
                    Actual Rows: 77171
                    Actual Loops: 1
                    Index Cond: "((l_shipdate >= '1995-07-01'::date) AND (l_shipdate < '1995-08-01 00:00:00'::timestamp without time zone))"
              - Node Type: "Hash"
                Parent Relationship: "Inner"
                Startup Cost: 6099.00
                Total Cost: 6099.00
                Plan Rows: 200000
                Plan Width: 25
                Actual Startup Time: 246.155
                Actual Total Time: 246.155
                Actual Rows: 200000
                Actual Loops: 1
                Hash Buckets: 8192
                Hash Batches: 4
                Original Hash Batches: 4
                Peak Memory Usage: 2896
                Plans: 
                  - Node Type: "Seq Scan"
                    Parent Relationship: "Outer"
                    Relation Name: "part"
                    Alias: "part"
                    Startup Cost: 0.00
                    Total Cost: 6099.00
                    Plan Rows: 200000
                    Plan Width: 25
                    Actual Startup Time: 0.009
                    Actual Total Time: 124.527
                    Actual Rows: 200000
                    Actual Loops: 1
  Planning Time: 0.703
  Triggers: 
  Execution Time: 1232.025
Key => Node Type
Value  name ,=> -1.0
Key => Plan Width
Value  name ,=> 33.0
Key => Actual Rows
Value  name ,=> 1.0
Key => Actual Loops
Value  name ,=> 1.0
Key => Plans
Value  name ,=> -1.0
Key => Node Type
Value  name ,=> -1.0
Key => Strategy
Value  name ,=> -1.0
Key => Parent Relationship
Value  name ,=> -1.0
Key => Plan Width
Value  name ,=> 33.0
Key => Actual Rows
Value  name ,=> 1.0
Key => Actual Loops
Value  name ,=> 1.0
Key => Plans
Value  name ,=> -1.0
Key => Node Type
Value  name ,=> -1.0
Key => Parent Relationship
Value  name ,=> -1.0
Key => Join Type
Value  name ,=> -1.0
Key => Plan Width
Value  name ,=> 33.0
Key => Actual Rows
Value  name ,=> 77171.0
Key => Actual Loops
Value  name ,=> 1.0
Key => Hash Cond
Value  name ,=> -1.0
Key => Plans
Value  name ,=> -1.0
Key => Node Type
Value  name ,=> -1.0
Key => Parent Relationship
Value  name ,=> -1.0
Key => Relation Name
Value  name ,=> -1.0
Key => Alias
Value  name ,=> -1.0
Key => Plan Width
Value  name ,=> 20.0
Key => Actual Rows
Value  name ,=> 77171.0
Key => Actual Loops
Value  name ,=> 1.0
Key => Recheck Cond
Value  name ,=> -1.0
Key => Rows Removed by Index Recheck
Value  name ,=> 0.0
Key => Exact Heap Blocks
Value  name ,=> 42380.0
Key => Lossy Heap Blocks
Value  name ,=> 0.0
Key => Plans
Value  name ,=> -1.0
Key => Node Type
Value  name ,=> -1.0
Key => Parent Relationship
Value  name ,=> -1.0
Key => Index Name
Value  name ,=> -1.0
Key => Plan Width
Value  name ,=> 0.0
Key => Actual Rows
Value  name ,=> 77171.0
Key => Actual Loops
Value  name ,=> 1.0
Key => Index Cond
Value  name ,=> -1.0
Data BitmapIndexScan , 1.0 77171.0 0.0 0.0 44.29
Added training data to files
Data BitmapHeapScan , 1.0 77171.0 42380.0 0.0 20.0 0.0 0.0 77171.0 0.0 469.103
Added training data to files
Key => Node Type
Value  name ,=> -1.0
Key => Parent Relationship
Value  name ,=> -1.0
Key => Plan Width
Value  name ,=> 25.0
Key => Actual Rows
Value  name ,=> 200000.0
Key => Actual Loops
Value  name ,=> 1.0
Key => Hash Buckets
Value  name ,=> 8192.0
Key => Hash Batches
Value  name ,=> 4.0
Key => Original Hash Batches
Value  name ,=> 4.0
Key => Peak Memory Usage
Value  name ,=> 2896.0
Key => Plans
Value  name ,=> -1.0
Key => Node Type
Value  name ,=> -1.0
Key => Parent Relationship
Value  name ,=> -1.0
Key => Relation Name
Value  name ,=> -1.0
Key => Alias
Value  name ,=> -1.0
Key => Plan Width
Value  name ,=> 25.0
Key => Actual Rows
Value  name ,=> 200000.0
Key => Actual Loops
Value  name ,=> 1.0
Data SeqScan , 1.0 200000.0 25.0 0.0 124.527
Added training data to files
Data Hash , 1.0 200000.0 4.0 8192.0 4.0 2896.0 25.0 0.0 200000.0 25.0 246.155
Added training data to files
Data HashJoin , 1.0 77171.0 33.0 0.0 77171.0 20.0 200000.0 25.0 957.459
Added training data to files
Data Aggregate-Plain , 1.0 1.0 33.0 0.0 77171.0 33.0 1229.133
Added training data to files
Data Limit , 1.0 1.0 33.0 0.0 1.0 33.0 1229.135
Added training data to files
Training query 135 executed successfully
Executed command ,script returned :  Exit value of child process : 1
Query : 
select
	100.00 * sum(case
		when p_type like 'PROMO%'
			then l_extendedprice * (1 - l_discount)
		else 0
	end) / sum(l_extendedprice * (1 - l_discount)) as promo_revenue
from
	lineitem,
	part
where
	l_partkey = p_partkey
	and l_shipdate >= date '1995-07-01'
	and l_shipdate < date '1995-07-01' + interval '1' month
LIMIT 1;

Node output - Plan: 
    Node Type: "Limit"
    Startup Cost: 128022.16
    Total Cost: 128022.18
    Plan Rows: 1
    Plan Width: 33
    Actual Startup Time: 1092.181
    Actual Total Time: 1092.181
    Actual Rows: 1
    Actual Loops: 1
    Plans: 
      - Node Type: "Aggregate"
        Strategy: "Plain"
        Parent Relationship: "Outer"
        Startup Cost: 128022.16
        Total Cost: 128022.18
        Plan Rows: 1
        Plan Width: 33
        Actual Startup Time: 1092.178
        Actual Total Time: 1092.178
        Actual Rows: 1
        Actual Loops: 1
        Plans: 
          - Node Type: "Hash Join"
            Parent Relationship: "Outer"
            Join Type: "Inner"
            Startup Cost: 11844.06
            Total Cost: 126744.01
            Plan Rows: 73037
            Plan Width: 33
            Actual Startup Time: 263.152
            Actual Total Time: 850.231
            Actual Rows: 77171
            Actual Loops: 1
            Hash Cond: "(lineitem.l_partkey = part.p_partkey)"
            Plans: 
              - Node Type: "Bitmap Heap Scan"
                Parent Relationship: "Outer"
                Relation Name: "lineitem"
                Alias: "lineitem"
                Startup Cost: 1877.06
                Total Cost: 113092.27
                Plan Rows: 73037
                Plan Width: 20
                Actual Startup Time: 59.684
                Actual Total Time: 428.896
                Actual Rows: 77171
                Actual Loops: 1
                Recheck Cond: "((l_shipdate >= '1995-07-01'::date) AND (l_shipdate < '1995-08-01 00:00:00'::timestamp without time zone))"
                Rows Removed by Index Recheck: 0
                Exact Heap Blocks: 42380
                Lossy Heap Blocks: 0
                Plans: 
                  - Node Type: "Bitmap Index Scan"
                    Parent Relationship: "Outer"
                    Index Name: "idx_lineitem_shipdate"
                    Startup Cost: 0.00
                    Total Cost: 1858.80
                    Plan Rows: 73037
                    Plan Width: 0
                    Actual Startup Time: 41.046
                    Actual Total Time: 41.046
                    Actual Rows: 77171
                    Actual Loops: 1
                    Index Cond: "((l_shipdate >= '1995-07-01'::date) AND (l_shipdate < '1995-08-01 00:00:00'::timestamp without time zone))"
              - Node Type: "Hash"
                Parent Relationship: "Inner"
                Startup Cost: 6099.00
                Total Cost: 6099.00
                Plan Rows: 200000
                Plan Width: 25
                Actual Startup Time: 203.276
                Actual Total Time: 203.276
                Actual Rows: 200000
                Actual Loops: 1
                Hash Buckets: 8192
                Hash Batches: 4
                Original Hash Batches: 4
                Peak Memory Usage: 2896
                Plans: 
                  - Node Type: "Seq Scan"
                    Parent Relationship: "Outer"
                    Relation Name: "part"
                    Alias: "part"
                    Startup Cost: 0.00
                    Total Cost: 6099.00
                    Plan Rows: 200000
                    Plan Width: 25
                    Actual Startup Time: 0.008
                    Actual Total Time: 102.508
                    Actual Rows: 200000
                    Actual Loops: 1
  Planning Time: 1.897
  Triggers: 
  Execution Time: 1095.006
Key => Node Type
Value  name ,=> -1.0
Key => Plan Width
Value  name ,=> 33.0
Key => Actual Rows
Value  name ,=> 1.0
Key => Actual Loops
Value  name ,=> 1.0
Key => Plans
Value  name ,=> -1.0
Key => Node Type
Value  name ,=> -1.0
Key => Strategy
Value  name ,=> -1.0
Key => Parent Relationship
Value  name ,=> -1.0
Key => Plan Width
Value  name ,=> 33.0
Key => Actual Rows
Value  name ,=> 1.0
Key => Actual Loops
Value  name ,=> 1.0
Key => Plans
Value  name ,=> -1.0
Key => Node Type
Value  name ,=> -1.0
Key => Parent Relationship
Value  name ,=> -1.0
Key => Join Type
Value  name ,=> -1.0
Key => Plan Width
Value  name ,=> 33.0
Key => Actual Rows
Value  name ,=> 77171.0
Key => Actual Loops
Value  name ,=> 1.0
Key => Hash Cond
Value  name ,=> -1.0
Key => Plans
Value  name ,=> -1.0
Key => Node Type
Value  name ,=> -1.0
Key => Parent Relationship
Value  name ,=> -1.0
Key => Relation Name
Value  name ,=> -1.0
Key => Alias
Value  name ,=> -1.0
Key => Plan Width
Value  name ,=> 20.0
Key => Actual Rows
Value  name ,=> 77171.0
Key => Actual Loops
Value  name ,=> 1.0
Key => Recheck Cond
Value  name ,=> -1.0
Key => Rows Removed by Index Recheck
Value  name ,=> 0.0
Key => Exact Heap Blocks
Value  name ,=> 42380.0
Key => Lossy Heap Blocks
Value  name ,=> 0.0
Key => Plans
Value  name ,=> -1.0
Key => Node Type
Value  name ,=> -1.0
Key => Parent Relationship
Value  name ,=> -1.0
Key => Index Name
Value  name ,=> -1.0
Key => Plan Width
Value  name ,=> 0.0
Key => Actual Rows
Value  name ,=> 77171.0
Key => Actual Loops
Value  name ,=> 1.0
Key => Index Cond
Value  name ,=> -1.0
Data BitmapIndexScan , 1.0 77171.0 0.0 0.0 41.046
Added training data to files
Data BitmapHeapScan , 1.0 77171.0 42380.0 0.0 20.0 0.0 0.0 77171.0 0.0 428.896
Added training data to files
Key => Node Type
Value  name ,=> -1.0
Key => Parent Relationship
Value  name ,=> -1.0
Key => Plan Width
Value  name ,=> 25.0
Key => Actual Rows
Value  name ,=> 200000.0
Key => Actual Loops
Value  name ,=> 1.0
Key => Hash Buckets
Value  name ,=> 8192.0
Key => Hash Batches
Value  name ,=> 4.0
Key => Original Hash Batches
Value  name ,=> 4.0
Key => Peak Memory Usage
Value  name ,=> 2896.0
Key => Plans
Value  name ,=> -1.0
Key => Node Type
Value  name ,=> -1.0
Key => Parent Relationship
Value  name ,=> -1.0
Key => Relation Name
Value  name ,=> -1.0
Key => Alias
Value  name ,=> -1.0
Key => Plan Width
Value  name ,=> 25.0
Key => Actual Rows
Value  name ,=> 200000.0
Key => Actual Loops
Value  name ,=> 1.0
Data SeqScan , 1.0 200000.0 25.0 0.0 102.508
Added training data to files
Data Hash , 1.0 200000.0 4.0 8192.0 4.0 2896.0 25.0 0.0 200000.0 25.0 203.276
Added training data to files
Data HashJoin , 1.0 77171.0 33.0 0.0 77171.0 20.0 200000.0 25.0 850.231
Added training data to files
Data Aggregate-Plain , 1.0 1.0 33.0 0.0 77171.0 33.0 1092.178
Added training data to files
Data Limit , 1.0 1.0 33.0 0.0 1.0 33.0 1092.181
Added training data to files
Training query 136 executed successfully
Executed command ,script returned :  Exit value of child process : 1
Query : 
select
	100.00 * sum(case
		when p_type like 'PROMO%'
			then l_extendedprice * (1 - l_discount)
		else 0
	end) / sum(l_extendedprice * (1 - l_discount)) as promo_revenue
from
	lineitem,
	part
where
	l_partkey = p_partkey
	and l_shipdate >= date '1995-07-01'
	and l_shipdate < date '1995-07-01' + interval '1' month
LIMIT 1;

Node output - Plan: 
    Node Type: "Limit"
    Startup Cost: 128022.16
    Total Cost: 128022.18
    Plan Rows: 1
    Plan Width: 33
    Actual Startup Time: 1124.922
    Actual Total Time: 1124.922
    Actual Rows: 1
    Actual Loops: 1
    Plans: 
      - Node Type: "Aggregate"
        Strategy: "Plain"
        Parent Relationship: "Outer"
        Startup Cost: 128022.16
        Total Cost: 128022.18
        Plan Rows: 1
        Plan Width: 33
        Actual Startup Time: 1124.920
        Actual Total Time: 1124.920
        Actual Rows: 1
        Actual Loops: 1
        Plans: 
          - Node Type: "Hash Join"
            Parent Relationship: "Outer"
            Join Type: "Inner"
            Startup Cost: 11844.06
            Total Cost: 126744.01
            Plan Rows: 73037
            Plan Width: 33
            Actual Startup Time: 287.764
            Actual Total Time: 883.517
            Actual Rows: 77171
            Actual Loops: 1
            Hash Cond: "(lineitem.l_partkey = part.p_partkey)"
            Plans: 
              - Node Type: "Bitmap Heap Scan"
                Parent Relationship: "Outer"
                Relation Name: "lineitem"
                Alias: "lineitem"
                Startup Cost: 1877.06
                Total Cost: 113092.27
                Plan Rows: 73037
                Plan Width: 20
                Actual Startup Time: 58.650
                Actual Total Time: 435.268
                Actual Rows: 77171
                Actual Loops: 1
                Recheck Cond: "((l_shipdate >= '1995-07-01'::date) AND (l_shipdate < '1995-08-01 00:00:00'::timestamp without time zone))"
                Rows Removed by Index Recheck: 0
                Exact Heap Blocks: 42380
                Lossy Heap Blocks: 0
                Plans: 
                  - Node Type: "Bitmap Index Scan"
                    Parent Relationship: "Outer"
                    Index Name: "idx_lineitem_shipdate"
                    Startup Cost: 0.00
                    Total Cost: 1858.80
                    Plan Rows: 73037
                    Plan Width: 0
                    Actual Startup Time: 40.165
                    Actual Total Time: 40.165
                    Actual Rows: 77171
                    Actual Loops: 1
                    Index Cond: "((l_shipdate >= '1995-07-01'::date) AND (l_shipdate < '1995-08-01 00:00:00'::timestamp without time zone))"
              - Node Type: "Hash"
                Parent Relationship: "Inner"
                Startup Cost: 6099.00
                Total Cost: 6099.00
                Plan Rows: 200000
                Plan Width: 25
                Actual Startup Time: 228.926
                Actual Total Time: 228.926
                Actual Rows: 200000
                Actual Loops: 1
                Hash Buckets: 8192
                Hash Batches: 4
                Original Hash Batches: 4
                Peak Memory Usage: 2896
                Plans: 
                  - Node Type: "Seq Scan"
                    Parent Relationship: "Outer"
                    Relation Name: "part"
                    Alias: "part"
                    Startup Cost: 0.00
                    Total Cost: 6099.00
                    Plan Rows: 200000
                    Plan Width: 25
                    Actual Startup Time: 0.008
                    Actual Total Time: 115.492
                    Actual Rows: 200000
                    Actual Loops: 1
  Planning Time: 0.732
  Triggers: 
  Execution Time: 1127.601
Key => Node Type
Value  name ,=> -1.0
Key => Plan Width
Value  name ,=> 33.0
Key => Actual Rows
Value  name ,=> 1.0
Key => Actual Loops
Value  name ,=> 1.0
Key => Plans
Value  name ,=> -1.0
Key => Node Type
Value  name ,=> -1.0
Key => Strategy
Value  name ,=> -1.0
Key => Parent Relationship
Value  name ,=> -1.0
Key => Plan Width
Value  name ,=> 33.0
Key => Actual Rows
Value  name ,=> 1.0
Key => Actual Loops
Value  name ,=> 1.0
Key => Plans
Value  name ,=> -1.0
Key => Node Type
Value  name ,=> -1.0
Key => Parent Relationship
Value  name ,=> -1.0
Key => Join Type
Value  name ,=> -1.0
Key => Plan Width
Value  name ,=> 33.0
Key => Actual Rows
Value  name ,=> 77171.0
Key => Actual Loops
Value  name ,=> 1.0
Key => Hash Cond
Value  name ,=> -1.0
Key => Plans
Value  name ,=> -1.0
Key => Node Type
Value  name ,=> -1.0
Key => Parent Relationship
Value  name ,=> -1.0
Key => Relation Name
Value  name ,=> -1.0
Key => Alias
Value  name ,=> -1.0
Key => Plan Width
Value  name ,=> 20.0
Key => Actual Rows
Value  name ,=> 77171.0
Key => Actual Loops
Value  name ,=> 1.0
Key => Recheck Cond
Value  name ,=> -1.0
Key => Rows Removed by Index Recheck
Value  name ,=> 0.0
Key => Exact Heap Blocks
Value  name ,=> 42380.0
Key => Lossy Heap Blocks
Value  name ,=> 0.0
Key => Plans
Value  name ,=> -1.0
Key => Node Type
Value  name ,=> -1.0
Key => Parent Relationship
Value  name ,=> -1.0
Key => Index Name
Value  name ,=> -1.0
Key => Plan Width
Value  name ,=> 0.0
Key => Actual Rows
Value  name ,=> 77171.0
Key => Actual Loops
Value  name ,=> 1.0
Key => Index Cond
Value  name ,=> -1.0
Data BitmapIndexScan , 1.0 77171.0 0.0 0.0 40.165
Added training data to files
Data BitmapHeapScan , 1.0 77171.0 42380.0 0.0 20.0 0.0 0.0 77171.0 0.0 435.268
Added training data to files
Key => Node Type
Value  name ,=> -1.0
Key => Parent Relationship
Value  name ,=> -1.0
Key => Plan Width
Value  name ,=> 25.0
Key => Actual Rows
Value  name ,=> 200000.0
Key => Actual Loops
Value  name ,=> 1.0
Key => Hash Buckets
Value  name ,=> 8192.0
Key => Hash Batches
Value  name ,=> 4.0
Key => Original Hash Batches
Value  name ,=> 4.0
Key => Peak Memory Usage
Value  name ,=> 2896.0
Key => Plans
Value  name ,=> -1.0
Key => Node Type
Value  name ,=> -1.0
Key => Parent Relationship
Value  name ,=> -1.0
Key => Relation Name
Value  name ,=> -1.0
Key => Alias
Value  name ,=> -1.0
Key => Plan Width
Value  name ,=> 25.0
Key => Actual Rows
Value  name ,=> 200000.0
Key => Actual Loops
Value  name ,=> 1.0
Data SeqScan , 1.0 200000.0 25.0 0.0 115.492
Added training data to files
Data Hash , 1.0 200000.0 4.0 8192.0 4.0 2896.0 25.0 0.0 200000.0 25.0 228.926
Added training data to files
Data HashJoin , 1.0 77171.0 33.0 0.0 77171.0 20.0 200000.0 25.0 883.517
Added training data to files
Data Aggregate-Plain , 1.0 1.0 33.0 0.0 77171.0 33.0 1124.92
Added training data to files
Data Limit , 1.0 1.0 33.0 0.0 1.0 33.0 1124.922
Added training data to files
Training query 137 executed successfully
Executed command ,script returned :  Exit value of child process : 1
Query : 
select
	100.00 * sum(case
		when p_type like 'PROMO%'
			then l_extendedprice * (1 - l_discount)
		else 0
	end) / sum(l_extendedprice * (1 - l_discount)) as promo_revenue
from
	lineitem,
	part
where
	l_partkey = p_partkey
	and l_shipdate >= date '1995-07-01'
	and l_shipdate < date '1995-07-01' + interval '1' month
LIMIT 1;

Node output - Plan: 
    Node Type: "Limit"
    Startup Cost: 128022.16
    Total Cost: 128022.18
    Plan Rows: 1
    Plan Width: 33
    Actual Startup Time: 1126.207
    Actual Total Time: 1126.207
    Actual Rows: 1
    Actual Loops: 1
    Plans: 
      - Node Type: "Aggregate"
        Strategy: "Plain"
        Parent Relationship: "Outer"
        Startup Cost: 128022.16
        Total Cost: 128022.18
        Plan Rows: 1
        Plan Width: 33
        Actual Startup Time: 1126.206
        Actual Total Time: 1126.206
        Actual Rows: 1
        Actual Loops: 1
        Plans: 
          - Node Type: "Hash Join"
            Parent Relationship: "Outer"
            Join Type: "Inner"
            Startup Cost: 11844.06
            Total Cost: 126744.01
            Plan Rows: 73037
            Plan Width: 33
            Actual Startup Time: 279.552
            Actual Total Time: 879.342
            Actual Rows: 77171
            Actual Loops: 1
            Hash Cond: "(lineitem.l_partkey = part.p_partkey)"
            Plans: 
              - Node Type: "Bitmap Heap Scan"
                Parent Relationship: "Outer"
                Relation Name: "lineitem"
                Alias: "lineitem"
                Startup Cost: 1877.06
                Total Cost: 113092.27
                Plan Rows: 73037
                Plan Width: 20
                Actual Startup Time: 55.308
                Actual Total Time: 432.837
                Actual Rows: 77171
                Actual Loops: 1
                Recheck Cond: "((l_shipdate >= '1995-07-01'::date) AND (l_shipdate < '1995-08-01 00:00:00'::timestamp without time zone))"
                Rows Removed by Index Recheck: 0
                Exact Heap Blocks: 42380
                Lossy Heap Blocks: 0
                Plans: 
                  - Node Type: "Bitmap Index Scan"
                    Parent Relationship: "Outer"
                    Index Name: "idx_lineitem_shipdate"
                    Startup Cost: 0.00
                    Total Cost: 1858.80
                    Plan Rows: 73037
                    Plan Width: 0
                    Actual Startup Time: 35.276
                    Actual Total Time: 35.276
                    Actual Rows: 77171
                    Actual Loops: 1
                    Index Cond: "((l_shipdate >= '1995-07-01'::date) AND (l_shipdate < '1995-08-01 00:00:00'::timestamp without time zone))"
              - Node Type: "Hash"
                Parent Relationship: "Inner"
                Startup Cost: 6099.00
                Total Cost: 6099.00
                Plan Rows: 200000
                Plan Width: 25
                Actual Startup Time: 224.062
                Actual Total Time: 224.062
                Actual Rows: 200000
                Actual Loops: 1
                Hash Buckets: 8192
                Hash Batches: 4
                Original Hash Batches: 4
                Peak Memory Usage: 2896
                Plans: 
                  - Node Type: "Seq Scan"
                    Parent Relationship: "Outer"
                    Relation Name: "part"
                    Alias: "part"
                    Startup Cost: 0.00
                    Total Cost: 6099.00
                    Plan Rows: 200000
                    Plan Width: 25
                    Actual Startup Time: 0.009
                    Actual Total Time: 112.663
                    Actual Rows: 200000
                    Actual Loops: 1
  Planning Time: 0.697
  Triggers: 
  Execution Time: 1128.984
Key => Node Type
Value  name ,=> -1.0
Key => Plan Width
Value  name ,=> 33.0
Key => Actual Rows
Value  name ,=> 1.0
Key => Actual Loops
Value  name ,=> 1.0
Key => Plans
Value  name ,=> -1.0
Key => Node Type
Value  name ,=> -1.0
Key => Strategy
Value  name ,=> -1.0
Key => Parent Relationship
Value  name ,=> -1.0
Key => Plan Width
Value  name ,=> 33.0
Key => Actual Rows
Value  name ,=> 1.0
Key => Actual Loops
Value  name ,=> 1.0
Key => Plans
Value  name ,=> -1.0
Key => Node Type
Value  name ,=> -1.0
Key => Parent Relationship
Value  name ,=> -1.0
Key => Join Type
Value  name ,=> -1.0
Key => Plan Width
Value  name ,=> 33.0
Key => Actual Rows
Value  name ,=> 77171.0
Key => Actual Loops
Value  name ,=> 1.0
Key => Hash Cond
Value  name ,=> -1.0
Key => Plans
Value  name ,=> -1.0
Key => Node Type
Value  name ,=> -1.0
Key => Parent Relationship
Value  name ,=> -1.0
Key => Relation Name
Value  name ,=> -1.0
Key => Alias
Value  name ,=> -1.0
Key => Plan Width
Value  name ,=> 20.0
Key => Actual Rows
Value  name ,=> 77171.0
Key => Actual Loops
Value  name ,=> 1.0
Key => Recheck Cond
Value  name ,=> -1.0
Key => Rows Removed by Index Recheck
Value  name ,=> 0.0
Key => Exact Heap Blocks
Value  name ,=> 42380.0
Key => Lossy Heap Blocks
Value  name ,=> 0.0
Key => Plans
Value  name ,=> -1.0
Key => Node Type
Value  name ,=> -1.0
Key => Parent Relationship
Value  name ,=> -1.0
Key => Index Name
Value  name ,=> -1.0
Key => Plan Width
Value  name ,=> 0.0
Key => Actual Rows
Value  name ,=> 77171.0
Key => Actual Loops
Value  name ,=> 1.0
Key => Index Cond
Value  name ,=> -1.0
Data BitmapIndexScan , 1.0 77171.0 0.0 0.0 35.276
Added training data to files
Data BitmapHeapScan , 1.0 77171.0 42380.0 0.0 20.0 0.0 0.0 77171.0 0.0 432.837
Added training data to files
Key => Node Type
Value  name ,=> -1.0
Key => Parent Relationship
Value  name ,=> -1.0
Key => Plan Width
Value  name ,=> 25.0
Key => Actual Rows
Value  name ,=> 200000.0
Key => Actual Loops
Value  name ,=> 1.0
Key => Hash Buckets
Value  name ,=> 8192.0
Key => Hash Batches
Value  name ,=> 4.0
Key => Original Hash Batches
Value  name ,=> 4.0
Key => Peak Memory Usage
Value  name ,=> 2896.0
Key => Plans
Value  name ,=> -1.0
Key => Node Type
Value  name ,=> -1.0
Key => Parent Relationship
Value  name ,=> -1.0
Key => Relation Name
Value  name ,=> -1.0
Key => Alias
Value  name ,=> -1.0
Key => Plan Width
Value  name ,=> 25.0
Key => Actual Rows
Value  name ,=> 200000.0
Key => Actual Loops
Value  name ,=> 1.0
Data SeqScan , 1.0 200000.0 25.0 0.0 112.663
Added training data to files
Data Hash , 1.0 200000.0 4.0 8192.0 4.0 2896.0 25.0 0.0 200000.0 25.0 224.062
Added training data to files
Data HashJoin , 1.0 77171.0 33.0 0.0 77171.0 20.0 200000.0 25.0 879.342
Added training data to files
Data Aggregate-Plain , 1.0 1.0 33.0 0.0 77171.0 33.0 1126.206
Added training data to files
Data Limit , 1.0 1.0 33.0 0.0 1.0 33.0 1126.207
Added training data to files
Training query 138 executed successfully
Executed command ,script returned :  Exit value of child process : 1
Query : 
select
	100.00 * sum(case
		when p_type like 'PROMO%'
			then l_extendedprice * (1 - l_discount)
		else 0
	end) / sum(l_extendedprice * (1 - l_discount)) as promo_revenue
from
	lineitem,
	part
where
	l_partkey = p_partkey
	and l_shipdate >= date '1995-07-01'
	and l_shipdate < date '1995-07-01' + interval '1' month
LIMIT 1;

Node output - Plan: 
    Node Type: "Limit"
    Startup Cost: 128022.16
    Total Cost: 128022.18
    Plan Rows: 1
    Plan Width: 33
    Actual Startup Time: 1133.464
    Actual Total Time: 1133.464
    Actual Rows: 1
    Actual Loops: 1
    Plans: 
      - Node Type: "Aggregate"
        Strategy: "Plain"
        Parent Relationship: "Outer"
        Startup Cost: 128022.16
        Total Cost: 128022.18
        Plan Rows: 1
        Plan Width: 33
        Actual Startup Time: 1133.462
        Actual Total Time: 1133.462
        Actual Rows: 1
        Actual Loops: 1
        Plans: 
          - Node Type: "Hash Join"
            Parent Relationship: "Outer"
            Join Type: "Inner"
            Startup Cost: 11844.06
            Total Cost: 126744.01
            Plan Rows: 73037
            Plan Width: 33
            Actual Startup Time: 295.919
            Actual Total Time: 891.766
            Actual Rows: 77171
            Actual Loops: 1
            Hash Cond: "(lineitem.l_partkey = part.p_partkey)"
            Plans: 
              - Node Type: "Bitmap Heap Scan"
                Parent Relationship: "Outer"
                Relation Name: "lineitem"
                Alias: "lineitem"
                Startup Cost: 1877.06
                Total Cost: 113092.27
                Plan Rows: 73037
                Plan Width: 20
                Actual Startup Time: 56.863
                Actual Total Time: 432.908
                Actual Rows: 77171
                Actual Loops: 1
                Recheck Cond: "((l_shipdate >= '1995-07-01'::date) AND (l_shipdate < '1995-08-01 00:00:00'::timestamp without time zone))"
                Rows Removed by Index Recheck: 0
                Exact Heap Blocks: 42380
                Lossy Heap Blocks: 0
                Plans: 
                  - Node Type: "Bitmap Index Scan"
                    Parent Relationship: "Outer"
                    Index Name: "idx_lineitem_shipdate"
                    Startup Cost: 0.00
                    Total Cost: 1858.80
                    Plan Rows: 73037
                    Plan Width: 0
                    Actual Startup Time: 38.250
                    Actual Total Time: 38.250
                    Actual Rows: 77171
                    Actual Loops: 1
                    Index Cond: "((l_shipdate >= '1995-07-01'::date) AND (l_shipdate < '1995-08-01 00:00:00'::timestamp without time zone))"
              - Node Type: "Hash"
                Parent Relationship: "Inner"
                Startup Cost: 6099.00
                Total Cost: 6099.00
                Plan Rows: 200000
                Plan Width: 25
                Actual Startup Time: 238.612
                Actual Total Time: 238.612
                Actual Rows: 200000
                Actual Loops: 1
                Hash Buckets: 8192
                Hash Batches: 4
                Original Hash Batches: 4
                Peak Memory Usage: 2896
                Plans: 
                  - Node Type: "Seq Scan"
                    Parent Relationship: "Outer"
                    Relation Name: "part"
                    Alias: "part"
                    Startup Cost: 0.00
                    Total Cost: 6099.00
                    Plan Rows: 200000
                    Plan Width: 25
                    Actual Startup Time: 0.009
                    Actual Total Time: 120.288
                    Actual Rows: 200000
                    Actual Loops: 1
  Planning Time: 0.694
  Triggers: 
  Execution Time: 1136.136
Key => Node Type
Value  name ,=> -1.0
Key => Plan Width
Value  name ,=> 33.0
Key => Actual Rows
Value  name ,=> 1.0
Key => Actual Loops
Value  name ,=> 1.0
Key => Plans
Value  name ,=> -1.0
Key => Node Type
Value  name ,=> -1.0
Key => Strategy
Value  name ,=> -1.0
Key => Parent Relationship
Value  name ,=> -1.0
Key => Plan Width
Value  name ,=> 33.0
Key => Actual Rows
Value  name ,=> 1.0
Key => Actual Loops
Value  name ,=> 1.0
Key => Plans
Value  name ,=> -1.0
Key => Node Type
Value  name ,=> -1.0
Key => Parent Relationship
Value  name ,=> -1.0
Key => Join Type
Value  name ,=> -1.0
Key => Plan Width
Value  name ,=> 33.0
Key => Actual Rows
Value  name ,=> 77171.0
Key => Actual Loops
Value  name ,=> 1.0
Key => Hash Cond
Value  name ,=> -1.0
Key => Plans
Value  name ,=> -1.0
Key => Node Type
Value  name ,=> -1.0
Key => Parent Relationship
Value  name ,=> -1.0
Key => Relation Name
Value  name ,=> -1.0
Key => Alias
Value  name ,=> -1.0
Key => Plan Width
Value  name ,=> 20.0
Key => Actual Rows
Value  name ,=> 77171.0
Key => Actual Loops
Value  name ,=> 1.0
Key => Recheck Cond
Value  name ,=> -1.0
Key => Rows Removed by Index Recheck
Value  name ,=> 0.0
Key => Exact Heap Blocks
Value  name ,=> 42380.0
Key => Lossy Heap Blocks
Value  name ,=> 0.0
Key => Plans
Value  name ,=> -1.0
Key => Node Type
Value  name ,=> -1.0
Key => Parent Relationship
Value  name ,=> -1.0
Key => Index Name
Value  name ,=> -1.0
Key => Plan Width
Value  name ,=> 0.0
Key => Actual Rows
Value  name ,=> 77171.0
Key => Actual Loops
Value  name ,=> 1.0
Key => Index Cond
Value  name ,=> -1.0
Data BitmapIndexScan , 1.0 77171.0 0.0 0.0 38.25
Added training data to files
Data BitmapHeapScan , 1.0 77171.0 42380.0 0.0 20.0 0.0 0.0 77171.0 0.0 432.908
Added training data to files
Key => Node Type
Value  name ,=> -1.0
Key => Parent Relationship
Value  name ,=> -1.0
Key => Plan Width
Value  name ,=> 25.0
Key => Actual Rows
Value  name ,=> 200000.0
Key => Actual Loops
Value  name ,=> 1.0
Key => Hash Buckets
Value  name ,=> 8192.0
Key => Hash Batches
Value  name ,=> 4.0
Key => Original Hash Batches
Value  name ,=> 4.0
Key => Peak Memory Usage
Value  name ,=> 2896.0
Key => Plans
Value  name ,=> -1.0
Key => Node Type
Value  name ,=> -1.0
Key => Parent Relationship
Value  name ,=> -1.0
Key => Relation Name
Value  name ,=> -1.0
Key => Alias
Value  name ,=> -1.0
Key => Plan Width
Value  name ,=> 25.0
Key => Actual Rows
Value  name ,=> 200000.0
Key => Actual Loops
Value  name ,=> 1.0
Data SeqScan , 1.0 200000.0 25.0 0.0 120.288
Added training data to files
Data Hash , 1.0 200000.0 4.0 8192.0 4.0 2896.0 25.0 0.0 200000.0 25.0 238.612
Added training data to files
Data HashJoin , 1.0 77171.0 33.0 0.0 77171.0 20.0 200000.0 25.0 891.766
Added training data to files
Data Aggregate-Plain , 1.0 1.0 33.0 0.0 77171.0 33.0 1133.462
Added training data to files
Data Limit , 1.0 1.0 33.0 0.0 1.0 33.0 1133.464
Added training data to files
Training query 139 executed successfully
Executed command ,script returned :  Exit value of child process : 1
Query : 
select
	p_brand,
	p_type,
	p_size,
	count(distinct ps_suppkey) as supplier_cnt
from
	partsupp,
	part
where
	p_partkey = ps_partkey
	and p_brand <> 'Brand#51'
	and p_type not like 'MEDIUM BRUSHED%'
	and p_size in (7, 8, 35, 27, 4, 3, 44, 40)
	and ps_suppkey not in (
		select
			s_suppkey
		from
			supplier
		where
			s_comment like '%Customer%Complaints%'
	)
group by
	p_brand,
	p_type,
	p_size
order by
	supplier_cnt desc,
	p_brand,
	p_type,
	p_size
LIMIT 1;

Node output - Plan: 
    Node Type: "Limit"
    Startup Cost: 50491.13
    Total Cost: 50491.13
    Plan Rows: 1
    Plan Width: 44
    Actual Startup Time: 7069.783
    Actual Total Time: 7069.783
    Actual Rows: 1
    Actual Loops: 1
    Plans: 
      - Node Type: "Sort"
        Parent Relationship: "Outer"
        Startup Cost: 50491.13
        Total Cost: 50498.55
        Plan Rows: 2969
        Plan Width: 44
        Actual Startup Time: 7069.781
        Actual Total Time: 7069.781
        Actual Rows: 1
        Actual Loops: 1
        Sort Key: 
          - "(count(DISTINCT partsupp.ps_suppkey))"
          - "part.p_brand"
          - "part.p_type"
          - "part.p_size"
        Sort Method: "top-N heapsort"
        Sort Space Used: 25
        Sort Space Type: "Memory"
        Plans: 
          - Node Type: "Aggregate"
            Strategy: "Sorted"
            Parent Relationship: "Outer"
            Startup Cost: 49712.28
            Total Cost: 50476.29
            Plan Rows: 2969
            Plan Width: 44
            Actual Startup Time: 6073.978
            Actual Total Time: 7052.263
            Actual Rows: 18348
            Actual Loops: 1
            Group Key: 
              - "part.p_brand"
              - "part.p_type"
              - "part.p_size"
            Plans: 
              - Node Type: "Sort"
                Parent Relationship: "Outer"
                Startup Cost: 49712.28
                Total Cost: 49859.15
                Plan Rows: 58745
                Plan Width: 44
                Actual Startup Time: 6073.892
                Actual Total Time: 6828.116
                Actual Rows: 119680
                Actual Loops: 1
                Sort Key: 
                  - "part.p_brand"
                  - "part.p_type"
                  - "part.p_size"
                Sort Method: "external merge"
                Sort Space Used: 6768
                Sort Space Type: "Disk"
                Plans: 
                  - Node Type: "Hash Join"
                    Parent Relationship: "Outer"
                    Join Type: "Inner"
                    Startup Cost: 9825.09
                    Total Cost: 43249.54
                    Plan Rows: 58745
                    Plan Width: 44
                    Actual Startup Time: 337.181
                    Actual Total Time: 1465.573
                    Actual Rows: 119680
                    Actual Loops: 1
                    Hash Cond: "(partsupp.ps_partkey = part.p_partkey)"
                    Plans: 
                      - Node Type: "Seq Scan"
                        Parent Relationship: "Outer"
                        Relation Name: "partsupp"
                        Alias: "partsupp"
                        Startup Cost: 355.00
                        Total Cost: 28692.00
                        Plan Rows: 400000
                        Plan Width: 16
                        Actual Startup Time: 67.726
                        Actual Total Time: 718.360
                        Actual Rows: 799680
                        Actual Loops: 1
                        Filter: "(NOT (hashed SubPlan 1))"
                        Rows Removed by Filter: 320
                        Plans: 
                          - Node Type: "Seq Scan"
                            Parent Relationship: "SubPlan"
                            Subplan Name: "SubPlan 1"
                            Relation Name: "supplier"
                            Alias: "supplier"
                            Startup Cost: 0.00
                            Total Cost: 355.00
                            Plan Rows: 1
                            Plan Width: 4
                            Actual Startup Time: 0.643
                            Actual Total Time: 67.649
                            Actual Rows: 4
                            Actual Loops: 1
                            Filter: "((s_comment)::text ~~ '%Customer%Complaints%'::text)"
                            Rows Removed by Filter: 9996
                      - Node Type: "Hash"
                        Parent Relationship: "Inner"
                        Startup Cost: 9099.00
                        Total Cost: 9099.00
                        Plan Rows: 29687
                        Plan Width: 40
                        Actual Startup Time: 269.417
                        Actual Total Time: 269.417
                        Actual Rows: 29931
                        Actual Loops: 1
                        Hash Buckets: 4096
                        Hash Batches: 1
                        Original Hash Batches: 1
                        Peak Memory Usage: 2167
                        Plans: 
                          - Node Type: "Seq Scan"
                            Parent Relationship: "Outer"
                            Relation Name: "part"
                            Alias: "part"
                            Startup Cost: 0.00
                            Total Cost: 9099.00
                            Plan Rows: 29687
                            Plan Width: 40
                            Actual Startup Time: 0.020
                            Actual Total Time: 244.744
                            Actual Rows: 29931
                            Actual Loops: 1
                            Filter: "((p_brand <> 'Brand#51'::bpchar) AND ((p_type)::text !~~ 'MEDIUM BRUSHED%'::text) AND (p_size = ANY ('{7,8,35,27,4,3,44,40}'::integer[])))"
                            Rows Removed by Filter: 170069
  Planning Time: 15.090
  Triggers: 
  Execution Time: 7076.600
Key => Node Type
Value  name ,=> -1.0
Key => Plan Width
Value  name ,=> 44.0
Key => Actual Rows
Value  name ,=> 1.0
Key => Actual Loops
Value  name ,=> 1.0
Key => Plans
Value  name ,=> -1.0
Key => Node Type
Value  name ,=> -1.0
Key => Parent Relationship
Value  name ,=> -1.0
Key => Plan Width
Value  name ,=> 44.0
Key => Actual Rows
Value  name ,=> 1.0
Key => Actual Loops
Value  name ,=> 1.0
Key => Sort Key
Value  name ,=> 4.0
Key => Sort Method
Value  name ,=> -1.0
Key => Sort Space Used
Value  name ,=> 25.0
Key => Sort Space Type
Value  name ,=> -1.0
Key => Plans
Value  name ,=> -1.0
Key => Node Type
Value  name ,=> -1.0
Key => Strategy
Value  name ,=> -1.0
Key => Parent Relationship
Value  name ,=> -1.0
Key => Plan Width
Value  name ,=> 44.0
Key => Actual Rows
Value  name ,=> 18348.0
Key => Actual Loops
Value  name ,=> 1.0
Key => Group Key
Value  name ,=> 3.0
Key => Plans
Value  name ,=> -1.0
Key => Node Type
Value  name ,=> -1.0
Key => Parent Relationship
Value  name ,=> -1.0
Key => Plan Width
Value  name ,=> 44.0
Key => Actual Rows
Value  name ,=> 119680.0
Key => Actual Loops
Value  name ,=> 1.0
Key => Sort Key
Value  name ,=> 3.0
Key => Sort Method
Value  name ,=> -1.0
Key => Sort Space Used
Value  name ,=> 6768.0
Key => Sort Space Type
Value  name ,=> -1.0
Key => Plans
Value  name ,=> -1.0
Key => Node Type
Value  name ,=> -1.0
Key => Parent Relationship
Value  name ,=> -1.0
Key => Join Type
Value  name ,=> -1.0
Key => Plan Width
Value  name ,=> 44.0
Key => Actual Rows
Value  name ,=> 119680.0
Key => Actual Loops
Value  name ,=> 1.0
Key => Hash Cond
Value  name ,=> -1.0
Key => Plans
Value  name ,=> -1.0
Key => Node Type
Value  name ,=> -1.0
Key => Parent Relationship
Value  name ,=> -1.0
Key => Relation Name
Value  name ,=> -1.0
Key => Alias
Value  name ,=> -1.0
Key => Plan Width
Value  name ,=> 16.0
Key => Actual Rows
Value  name ,=> 799680.0
Key => Actual Loops
Value  name ,=> 1.0
Key => Filter
Value  name ,=> -1.0
Key => Plans
Value  name ,=> -1.0
Key => Node Type
Value  name ,=> -1.0
Key => Parent Relationship
Value  name ,=> -1.0
Key => Subplan Name
Value  name ,=> -1.0
Key => Relation Name
Value  name ,=> -1.0
Key => Alias
Value  name ,=> -1.0
Key => Plan Width
Value  name ,=> 4.0
Key => Actual Rows
Value  name ,=> 4.0
Key => Actual Loops
Value  name ,=> 1.0
Key => Filter
Value  name ,=> -1.0
Data SeqScan , 1.0 4.0 4.0 9996.0 67.649
Added training data to files
Data SeqScan , 1.0 799680.0 16.0 320.0 4.0 4.0 718.36
Added training data to files
Key => Node Type
Value  name ,=> -1.0
Key => Parent Relationship
Value  name ,=> -1.0
Key => Plan Width
Value  name ,=> 40.0
Key => Actual Rows
Value  name ,=> 29931.0
Key => Actual Loops
Value  name ,=> 1.0
Key => Hash Buckets
Value  name ,=> 4096.0
Key => Hash Batches
Value  name ,=> 1.0
Key => Original Hash Batches
Value  name ,=> 1.0
Key => Peak Memory Usage
Value  name ,=> 2167.0
Key => Plans
Value  name ,=> -1.0
Key => Node Type
Value  name ,=> -1.0
Key => Parent Relationship
Value  name ,=> -1.0
Key => Relation Name
Value  name ,=> -1.0
Key => Alias
Value  name ,=> -1.0
Key => Plan Width
Value  name ,=> 40.0
Key => Actual Rows
Value  name ,=> 29931.0
Key => Actual Loops
Value  name ,=> 1.0
Key => Filter
Value  name ,=> -1.0
Data SeqScan , 1.0 29931.0 40.0 170069.0 244.744
Added training data to files
Data Hash , 1.0 29931.0 1.0 4096.0 1.0 2167.0 40.0 0.0 29931.0 40.0 269.417
Added training data to files
Data HashJoin , 1.0 119680.0 44.0 0.0 799680.0 16.0 29931.0 40.0 1465.573
Added training data to files
Data Sort-externalmerge , 1.0 119680.0 44.0 3.0 6768.0 0.0 119680.0 44.0 6828.116
Added training data to files
Data Aggregate-Sorted , 1.0 18348.0 3.0 44.0 0.0 119680.0 44.0 7052.263
Added training data to files
Data Sort-top-Nheapsort , 1.0 1.0 44.0 4.0 25.0 0.0 18348.0 44.0 7069.781
Added training data to files
Data Limit , 1.0 1.0 44.0 0.0 1.0 44.0 7069.783
Added training data to files
Training query 140 executed successfully
Executed command ,script returned :  Exit value of child process : 1
Query : 
select
	p_brand,
	p_type,
	p_size,
	count(distinct ps_suppkey) as supplier_cnt
from
	partsupp,
	part
where
	p_partkey = ps_partkey
	and p_brand <> 'Brand#51'
	and p_type not like 'MEDIUM BRUSHED%'
	and p_size in (7, 8, 35, 27, 4, 3, 44, 40)
	and ps_suppkey not in (
		select
			s_suppkey
		from
			supplier
		where
			s_comment like '%Customer%Complaints%'
	)
group by
	p_brand,
	p_type,
	p_size
order by
	supplier_cnt desc,
	p_brand,
	p_type,
	p_size
LIMIT 1;

Node output - Plan: 
    Node Type: "Limit"
    Startup Cost: 50491.13
    Total Cost: 50491.13
    Plan Rows: 1
    Plan Width: 44
    Actual Startup Time: 6897.186
    Actual Total Time: 6897.187
    Actual Rows: 1
    Actual Loops: 1
    Plans: 
      - Node Type: "Sort"
        Parent Relationship: "Outer"
        Startup Cost: 50491.13
        Total Cost: 50498.55
        Plan Rows: 2969
        Plan Width: 44
        Actual Startup Time: 6897.184
        Actual Total Time: 6897.184
        Actual Rows: 1
        Actual Loops: 1
        Sort Key: 
          - "(count(DISTINCT partsupp.ps_suppkey))"
          - "part.p_brand"
          - "part.p_type"
          - "part.p_size"
        Sort Method: "top-N heapsort"
        Sort Space Used: 25
        Sort Space Type: "Memory"
        Plans: 
          - Node Type: "Aggregate"
            Strategy: "Sorted"
            Parent Relationship: "Outer"
            Startup Cost: 49712.28
            Total Cost: 50476.29
            Plan Rows: 2969
            Plan Width: 44
            Actual Startup Time: 5928.183
            Actual Total Time: 6880.028
            Actual Rows: 18348
            Actual Loops: 1
            Group Key: 
              - "part.p_brand"
              - "part.p_type"
              - "part.p_size"
            Plans: 
              - Node Type: "Sort"
                Parent Relationship: "Outer"
                Startup Cost: 49712.28
                Total Cost: 49859.15
                Plan Rows: 58745
                Plan Width: 44
                Actual Startup Time: 5928.100
                Actual Total Time: 6661.972
                Actual Rows: 119680
                Actual Loops: 1
                Sort Key: 
                  - "part.p_brand"
                  - "part.p_type"
                  - "part.p_size"
                Sort Method: "external merge"
                Sort Space Used: 6768
                Sort Space Type: "Disk"
                Plans: 
                  - Node Type: "Hash Join"
                    Parent Relationship: "Outer"
                    Join Type: "Inner"
                    Startup Cost: 9825.09
                    Total Cost: 43249.54
                    Plan Rows: 58745
                    Plan Width: 44
                    Actual Startup Time: 280.724
                    Actual Total Time: 1397.102
                    Actual Rows: 119680
                    Actual Loops: 1
                    Hash Cond: "(partsupp.ps_partkey = part.p_partkey)"
                    Plans: 
                      - Node Type: "Seq Scan"
                        Parent Relationship: "Outer"
                        Relation Name: "partsupp"
                        Alias: "partsupp"
                        Startup Cost: 355.00
                        Total Cost: 28692.00
                        Plan Rows: 400000
                        Plan Width: 16
                        Actual Startup Time: 18.436
                        Actual Total Time: 660.491
                        Actual Rows: 799680
                        Actual Loops: 1
                        Filter: "(NOT (hashed SubPlan 1))"
                        Rows Removed by Filter: 320
                        Plans: 
                          - Node Type: "Seq Scan"
                            Parent Relationship: "SubPlan"
                            Subplan Name: "SubPlan 1"
                            Relation Name: "supplier"
                            Alias: "supplier"
                            Startup Cost: 0.00
                            Total Cost: 355.00
                            Plan Rows: 1
                            Plan Width: 4
                            Actual Startup Time: 0.683
                            Actual Total Time: 18.347
                            Actual Rows: 4
                            Actual Loops: 1
                            Filter: "((s_comment)::text ~~ '%Customer%Complaints%'::text)"
                            Rows Removed by Filter: 9996
                      - Node Type: "Hash"
                        Parent Relationship: "Inner"
                        Startup Cost: 9099.00
                        Total Cost: 9099.00
                        Plan Rows: 29687
                        Plan Width: 40
                        Actual Startup Time: 262.235
                        Actual Total Time: 262.235
                        Actual Rows: 29931
                        Actual Loops: 1
                        Hash Buckets: 4096
                        Hash Batches: 1
                        Original Hash Batches: 1
                        Peak Memory Usage: 2167
                        Plans: 
                          - Node Type: "Seq Scan"
                            Parent Relationship: "Outer"
                            Relation Name: "part"
                            Alias: "part"
                            Startup Cost: 0.00
                            Total Cost: 9099.00
                            Plan Rows: 29687
                            Plan Width: 40
                            Actual Startup Time: 0.037
                            Actual Total Time: 238.954
                            Actual Rows: 29931
                            Actual Loops: 1
                            Filter: "((p_brand <> 'Brand#51'::bpchar) AND ((p_type)::text !~~ 'MEDIUM BRUSHED%'::text) AND (p_size = ANY ('{7,8,35,27,4,3,44,40}'::integer[])))"
                            Rows Removed by Filter: 170069
  Planning Time: 2.338
  Triggers: 
  Execution Time: 6903.286
Key => Node Type
Value  name ,=> -1.0
Key => Plan Width
Value  name ,=> 44.0
Key => Actual Rows
Value  name ,=> 1.0
Key => Actual Loops
Value  name ,=> 1.0
Key => Plans
Value  name ,=> -1.0
Key => Node Type
Value  name ,=> -1.0
Key => Parent Relationship
Value  name ,=> -1.0
Key => Plan Width
Value  name ,=> 44.0
Key => Actual Rows
Value  name ,=> 1.0
Key => Actual Loops
Value  name ,=> 1.0
Key => Sort Key
Value  name ,=> 4.0
Key => Sort Method
Value  name ,=> -1.0
Key => Sort Space Used
Value  name ,=> 25.0
Key => Sort Space Type
Value  name ,=> -1.0
Key => Plans
Value  name ,=> -1.0
Key => Node Type
Value  name ,=> -1.0
Key => Strategy
Value  name ,=> -1.0
Key => Parent Relationship
Value  name ,=> -1.0
Key => Plan Width
Value  name ,=> 44.0
Key => Actual Rows
Value  name ,=> 18348.0
Key => Actual Loops
Value  name ,=> 1.0
Key => Group Key
Value  name ,=> 3.0
Key => Plans
Value  name ,=> -1.0
Key => Node Type
Value  name ,=> -1.0
Key => Parent Relationship
Value  name ,=> -1.0
Key => Plan Width
Value  name ,=> 44.0
Key => Actual Rows
Value  name ,=> 119680.0
Key => Actual Loops
Value  name ,=> 1.0
Key => Sort Key
Value  name ,=> 3.0
Key => Sort Method
Value  name ,=> -1.0
Key => Sort Space Used
Value  name ,=> 6768.0
Key => Sort Space Type
Value  name ,=> -1.0
Key => Plans
Value  name ,=> -1.0
Key => Node Type
Value  name ,=> -1.0
Key => Parent Relationship
Value  name ,=> -1.0
Key => Join Type
Value  name ,=> -1.0
Key => Plan Width
Value  name ,=> 44.0
Key => Actual Rows
Value  name ,=> 119680.0
Key => Actual Loops
Value  name ,=> 1.0
Key => Hash Cond
Value  name ,=> -1.0
Key => Plans
Value  name ,=> -1.0
Key => Node Type
Value  name ,=> -1.0
Key => Parent Relationship
Value  name ,=> -1.0
Key => Relation Name
Value  name ,=> -1.0
Key => Alias
Value  name ,=> -1.0
Key => Plan Width
Value  name ,=> 16.0
Key => Actual Rows
Value  name ,=> 799680.0
Key => Actual Loops
Value  name ,=> 1.0
Key => Filter
Value  name ,=> -1.0
Key => Plans
Value  name ,=> -1.0
Key => Node Type
Value  name ,=> -1.0
Key => Parent Relationship
Value  name ,=> -1.0
Key => Subplan Name
Value  name ,=> -1.0
Key => Relation Name
Value  name ,=> -1.0
Key => Alias
Value  name ,=> -1.0
Key => Plan Width
Value  name ,=> 4.0
Key => Actual Rows
Value  name ,=> 4.0
Key => Actual Loops
Value  name ,=> 1.0
Key => Filter
Value  name ,=> -1.0
Data SeqScan , 1.0 4.0 4.0 9996.0 18.347
Added training data to files
Data SeqScan , 1.0 799680.0 16.0 320.0 4.0 4.0 660.491
Added training data to files
Key => Node Type
Value  name ,=> -1.0
Key => Parent Relationship
Value  name ,=> -1.0
Key => Plan Width
Value  name ,=> 40.0
Key => Actual Rows
Value  name ,=> 29931.0
Key => Actual Loops
Value  name ,=> 1.0
Key => Hash Buckets
Value  name ,=> 4096.0
Key => Hash Batches
Value  name ,=> 1.0
Key => Original Hash Batches
Value  name ,=> 1.0
Key => Peak Memory Usage
Value  name ,=> 2167.0
Key => Plans
Value  name ,=> -1.0
Key => Node Type
Value  name ,=> -1.0
Key => Parent Relationship
Value  name ,=> -1.0
Key => Relation Name
Value  name ,=> -1.0
Key => Alias
Value  name ,=> -1.0
Key => Plan Width
Value  name ,=> 40.0
Key => Actual Rows
Value  name ,=> 29931.0
Key => Actual Loops
Value  name ,=> 1.0
Key => Filter
Value  name ,=> -1.0
Data SeqScan , 1.0 29931.0 40.0 170069.0 238.954
Added training data to files
Data Hash , 1.0 29931.0 1.0 4096.0 1.0 2167.0 40.0 0.0 29931.0 40.0 262.235
Added training data to files
Data HashJoin , 1.0 119680.0 44.0 0.0 799680.0 16.0 29931.0 40.0 1397.102
Added training data to files
Data Sort-externalmerge , 1.0 119680.0 44.0 3.0 6768.0 0.0 119680.0 44.0 6661.972
Added training data to files
Data Aggregate-Sorted , 1.0 18348.0 3.0 44.0 0.0 119680.0 44.0 6880.028
Added training data to files
Data Sort-top-Nheapsort , 1.0 1.0 44.0 4.0 25.0 0.0 18348.0 44.0 6897.184
Added training data to files
Data Limit , 1.0 1.0 44.0 0.0 1.0 44.0 6897.187
Added training data to files
Training query 141 executed successfully
Executed command ,script returned :  Exit value of child process : 1
Query : 
select
	p_brand,
	p_type,
	p_size,
	count(distinct ps_suppkey) as supplier_cnt
from
	partsupp,
	part
where
	p_partkey = ps_partkey
	and p_brand <> 'Brand#51'
	and p_type not like 'MEDIUM BRUSHED%'
	and p_size in (7, 8, 35, 27, 4, 3, 44, 40)
	and ps_suppkey not in (
		select
			s_suppkey
		from
			supplier
		where
			s_comment like '%Customer%Complaints%'
	)
group by
	p_brand,
	p_type,
	p_size
order by
	supplier_cnt desc,
	p_brand,
	p_type,
	p_size
LIMIT 1;

Node output - Plan: 
    Node Type: "Limit"
    Startup Cost: 50491.13
    Total Cost: 50491.13
    Plan Rows: 1
    Plan Width: 44
    Actual Startup Time: 6867.820
    Actual Total Time: 6867.821
    Actual Rows: 1
    Actual Loops: 1
    Plans: 
      - Node Type: "Sort"
        Parent Relationship: "Outer"
        Startup Cost: 50491.13
        Total Cost: 50498.55
        Plan Rows: 2969
        Plan Width: 44
        Actual Startup Time: 6867.818
        Actual Total Time: 6867.818
        Actual Rows: 1
        Actual Loops: 1
        Sort Key: 
          - "(count(DISTINCT partsupp.ps_suppkey))"
          - "part.p_brand"
          - "part.p_type"
          - "part.p_size"
        Sort Method: "top-N heapsort"
        Sort Space Used: 25
        Sort Space Type: "Memory"
        Plans: 
          - Node Type: "Aggregate"
            Strategy: "Sorted"
            Parent Relationship: "Outer"
            Startup Cost: 49712.28
            Total Cost: 50476.29
            Plan Rows: 2969
            Plan Width: 44
            Actual Startup Time: 5891.264
            Actual Total Time: 6850.629
            Actual Rows: 18348
            Actual Loops: 1
            Group Key: 
              - "part.p_brand"
              - "part.p_type"
              - "part.p_size"
            Plans: 
              - Node Type: "Sort"
                Parent Relationship: "Outer"
                Startup Cost: 49712.28
                Total Cost: 49859.15
                Plan Rows: 58745
                Plan Width: 44
                Actual Startup Time: 5891.177
                Actual Total Time: 6631.464
                Actual Rows: 119680
                Actual Loops: 1
                Sort Key: 
                  - "part.p_brand"
                  - "part.p_type"
                  - "part.p_size"
                Sort Method: "external merge"
                Sort Space Used: 6768
                Sort Space Type: "Disk"
                Plans: 
                  - Node Type: "Hash Join"
                    Parent Relationship: "Outer"
                    Join Type: "Inner"
                    Startup Cost: 9825.09
                    Total Cost: 43249.54
                    Plan Rows: 58745
                    Plan Width: 44
                    Actual Startup Time: 283.248
                    Actual Total Time: 1395.277
                    Actual Rows: 119680
                    Actual Loops: 1
                    Hash Cond: "(partsupp.ps_partkey = part.p_partkey)"
                    Plans: 
                      - Node Type: "Seq Scan"
                        Parent Relationship: "Outer"
                        Relation Name: "partsupp"
                        Alias: "partsupp"
                        Startup Cost: 355.00
                        Total Cost: 28692.00
                        Plan Rows: 400000
                        Plan Width: 16
                        Actual Startup Time: 11.672
                        Actual Total Time: 651.854
                        Actual Rows: 799680
                        Actual Loops: 1
                        Filter: "(NOT (hashed SubPlan 1))"
                        Rows Removed by Filter: 320
                        Plans: 
                          - Node Type: "Seq Scan"
                            Parent Relationship: "SubPlan"
                            Subplan Name: "SubPlan 1"
                            Relation Name: "supplier"
                            Alias: "supplier"
                            Startup Cost: 0.00
                            Total Cost: 355.00
                            Plan Rows: 1
                            Plan Width: 4
                            Actual Startup Time: 0.611
                            Actual Total Time: 11.625
                            Actual Rows: 4
                            Actual Loops: 1
                            Filter: "((s_comment)::text ~~ '%Customer%Complaints%'::text)"
                            Rows Removed by Filter: 9996
                      - Node Type: "Hash"
                        Parent Relationship: "Inner"
                        Startup Cost: 9099.00
                        Total Cost: 9099.00
                        Plan Rows: 29687
                        Plan Width: 40
                        Actual Startup Time: 271.544
                        Actual Total Time: 271.544
                        Actual Rows: 29931
                        Actual Loops: 1
                        Hash Buckets: 4096
                        Hash Batches: 1
                        Original Hash Batches: 1
                        Peak Memory Usage: 2167
                        Plans: 
                          - Node Type: "Seq Scan"
                            Parent Relationship: "Outer"
                            Relation Name: "part"
                            Alias: "part"
                            Startup Cost: 0.00
                            Total Cost: 9099.00
                            Plan Rows: 29687
                            Plan Width: 40
                            Actual Startup Time: 0.019
                            Actual Total Time: 246.542
                            Actual Rows: 29931
                            Actual Loops: 1
                            Filter: "((p_brand <> 'Brand#51'::bpchar) AND ((p_type)::text !~~ 'MEDIUM BRUSHED%'::text) AND (p_size = ANY ('{7,8,35,27,4,3,44,40}'::integer[])))"
                            Rows Removed by Filter: 170069
  Planning Time: 2.115
  Triggers: 
  Execution Time: 6873.719
Key => Node Type
Value  name ,=> -1.0
Key => Plan Width
Value  name ,=> 44.0
Key => Actual Rows
Value  name ,=> 1.0
Key => Actual Loops
Value  name ,=> 1.0
Key => Plans
Value  name ,=> -1.0
Key => Node Type
Value  name ,=> -1.0
Key => Parent Relationship
Value  name ,=> -1.0
Key => Plan Width
Value  name ,=> 44.0
Key => Actual Rows
Value  name ,=> 1.0
Key => Actual Loops
Value  name ,=> 1.0
Key => Sort Key
Value  name ,=> 4.0
Key => Sort Method
Value  name ,=> -1.0
Key => Sort Space Used
Value  name ,=> 25.0
Key => Sort Space Type
Value  name ,=> -1.0
Key => Plans
Value  name ,=> -1.0
Key => Node Type
Value  name ,=> -1.0
Key => Strategy
Value  name ,=> -1.0
Key => Parent Relationship
Value  name ,=> -1.0
Key => Plan Width
Value  name ,=> 44.0
Key => Actual Rows
Value  name ,=> 18348.0
Key => Actual Loops
Value  name ,=> 1.0
Key => Group Key
Value  name ,=> 3.0
Key => Plans
Value  name ,=> -1.0
Key => Node Type
Value  name ,=> -1.0
Key => Parent Relationship
Value  name ,=> -1.0
Key => Plan Width
Value  name ,=> 44.0
Key => Actual Rows
Value  name ,=> 119680.0
Key => Actual Loops
Value  name ,=> 1.0
Key => Sort Key
Value  name ,=> 3.0
Key => Sort Method
Value  name ,=> -1.0
Key => Sort Space Used
Value  name ,=> 6768.0
Key => Sort Space Type
Value  name ,=> -1.0
Key => Plans
Value  name ,=> -1.0
Key => Node Type
Value  name ,=> -1.0
Key => Parent Relationship
Value  name ,=> -1.0
Key => Join Type
Value  name ,=> -1.0
Key => Plan Width
Value  name ,=> 44.0
Key => Actual Rows
Value  name ,=> 119680.0
Key => Actual Loops
Value  name ,=> 1.0
Key => Hash Cond
Value  name ,=> -1.0
Key => Plans
Value  name ,=> -1.0
Key => Node Type
Value  name ,=> -1.0
Key => Parent Relationship
Value  name ,=> -1.0
Key => Relation Name
Value  name ,=> -1.0
Key => Alias
Value  name ,=> -1.0
Key => Plan Width
Value  name ,=> 16.0
Key => Actual Rows
Value  name ,=> 799680.0
Key => Actual Loops
Value  name ,=> 1.0
Key => Filter
Value  name ,=> -1.0
Key => Plans
Value  name ,=> -1.0
Key => Node Type
Value  name ,=> -1.0
Key => Parent Relationship
Value  name ,=> -1.0
Key => Subplan Name
Value  name ,=> -1.0
Key => Relation Name
Value  name ,=> -1.0
Key => Alias
Value  name ,=> -1.0
Key => Plan Width
Value  name ,=> 4.0
Key => Actual Rows
Value  name ,=> 4.0
Key => Actual Loops
Value  name ,=> 1.0
Key => Filter
Value  name ,=> -1.0
Data SeqScan , 1.0 4.0 4.0 9996.0 11.625
Added training data to files
Data SeqScan , 1.0 799680.0 16.0 320.0 4.0 4.0 651.854
Added training data to files
Key => Node Type
Value  name ,=> -1.0
Key => Parent Relationship
Value  name ,=> -1.0
Key => Plan Width
Value  name ,=> 40.0
Key => Actual Rows
Value  name ,=> 29931.0
Key => Actual Loops
Value  name ,=> 1.0
Key => Hash Buckets
Value  name ,=> 4096.0
Key => Hash Batches
Value  name ,=> 1.0
Key => Original Hash Batches
Value  name ,=> 1.0
Key => Peak Memory Usage
Value  name ,=> 2167.0
Key => Plans
Value  name ,=> -1.0
Key => Node Type
Value  name ,=> -1.0
Key => Parent Relationship
Value  name ,=> -1.0
Key => Relation Name
Value  name ,=> -1.0
Key => Alias
Value  name ,=> -1.0
Key => Plan Width
Value  name ,=> 40.0
Key => Actual Rows
Value  name ,=> 29931.0
Key => Actual Loops
Value  name ,=> 1.0
Key => Filter
Value  name ,=> -1.0
Data SeqScan , 1.0 29931.0 40.0 170069.0 246.542
Added training data to files
Data Hash , 1.0 29931.0 1.0 4096.0 1.0 2167.0 40.0 0.0 29931.0 40.0 271.544
Added training data to files
Data HashJoin , 1.0 119680.0 44.0 0.0 799680.0 16.0 29931.0 40.0 1395.277
Added training data to files
Data Sort-externalmerge , 1.0 119680.0 44.0 3.0 6768.0 0.0 119680.0 44.0 6631.464
Added training data to files
Data Aggregate-Sorted , 1.0 18348.0 3.0 44.0 0.0 119680.0 44.0 6850.629
Added training data to files
Data Sort-top-Nheapsort , 1.0 1.0 44.0 4.0 25.0 0.0 18348.0 44.0 6867.818
Added training data to files
Data Limit , 1.0 1.0 44.0 0.0 1.0 44.0 6867.821
Added training data to files
Training query 142 executed successfully
Executed command ,script returned :  Exit value of child process : 1
Query : 
select
	p_brand,
	p_type,
	p_size,
	count(distinct ps_suppkey) as supplier_cnt
from
	partsupp,
	part
where
	p_partkey = ps_partkey
	and p_brand <> 'Brand#51'
	and p_type not like 'MEDIUM BRUSHED%'
	and p_size in (7, 8, 35, 27, 4, 3, 44, 40)
	and ps_suppkey not in (
		select
			s_suppkey
		from
			supplier
		where
			s_comment like '%Customer%Complaints%'
	)
group by
	p_brand,
	p_type,
	p_size
order by
	supplier_cnt desc,
	p_brand,
	p_type,
	p_size
LIMIT 1;

Node output - Plan: 
    Node Type: "Limit"
    Startup Cost: 50491.13
    Total Cost: 50491.13
    Plan Rows: 1
    Plan Width: 44
    Actual Startup Time: 6110.873
    Actual Total Time: 6110.873
    Actual Rows: 1
    Actual Loops: 1
    Plans: 
      - Node Type: "Sort"
        Parent Relationship: "Outer"
        Startup Cost: 50491.13
        Total Cost: 50498.55
        Plan Rows: 2969
        Plan Width: 44
        Actual Startup Time: 6110.871
        Actual Total Time: 6110.871
        Actual Rows: 1
        Actual Loops: 1
        Sort Key: 
          - "(count(DISTINCT partsupp.ps_suppkey))"
          - "part.p_brand"
          - "part.p_type"
          - "part.p_size"
        Sort Method: "top-N heapsort"
        Sort Space Used: 25
        Sort Space Type: "Memory"
        Plans: 
          - Node Type: "Aggregate"
            Strategy: "Sorted"
            Parent Relationship: "Outer"
            Startup Cost: 49712.28
            Total Cost: 50476.29
            Plan Rows: 2969
            Plan Width: 44
            Actual Startup Time: 5240.559
            Actual Total Time: 6095.649
            Actual Rows: 18348
            Actual Loops: 1
            Group Key: 
              - "part.p_brand"
              - "part.p_type"
              - "part.p_size"
            Plans: 
              - Node Type: "Sort"
                Parent Relationship: "Outer"
                Startup Cost: 49712.28
                Total Cost: 49859.15
                Plan Rows: 58745
                Plan Width: 44
                Actual Startup Time: 5240.479
                Actual Total Time: 5900.220
                Actual Rows: 119680
                Actual Loops: 1
                Sort Key: 
                  - "part.p_brand"
                  - "part.p_type"
                  - "part.p_size"
                Sort Method: "external merge"
                Sort Space Used: 6768
                Sort Space Type: "Disk"
                Plans: 
                  - Node Type: "Hash Join"
                    Parent Relationship: "Outer"
                    Join Type: "Inner"
                    Startup Cost: 9825.09
                    Total Cost: 43249.54
                    Plan Rows: 58745
                    Plan Width: 44
                    Actual Startup Time: 282.808
                    Actual Total Time: 1264.431
                    Actual Rows: 119680
                    Actual Loops: 1
                    Hash Cond: "(partsupp.ps_partkey = part.p_partkey)"
                    Plans: 
                      - Node Type: "Seq Scan"
                        Parent Relationship: "Outer"
                        Relation Name: "partsupp"
                        Alias: "partsupp"
                        Startup Cost: 355.00
                        Total Cost: 28692.00
                        Plan Rows: 400000
                        Plan Width: 16
                        Actual Startup Time: 11.907
                        Actual Total Time: 571.505
                        Actual Rows: 799680
                        Actual Loops: 1
                        Filter: "(NOT (hashed SubPlan 1))"
                        Rows Removed by Filter: 320
                        Plans: 
                          - Node Type: "Seq Scan"
                            Parent Relationship: "SubPlan"
                            Subplan Name: "SubPlan 1"
                            Relation Name: "supplier"
                            Alias: "supplier"
                            Startup Cost: 0.00
                            Total Cost: 355.00
                            Plan Rows: 1
                            Plan Width: 4
                            Actual Startup Time: 0.260
                            Actual Total Time: 11.861
                            Actual Rows: 4
                            Actual Loops: 1
                            Filter: "((s_comment)::text ~~ '%Customer%Complaints%'::text)"
                            Rows Removed by Filter: 9996
                      - Node Type: "Hash"
                        Parent Relationship: "Inner"
                        Startup Cost: 9099.00
                        Total Cost: 9099.00
                        Plan Rows: 29687
                        Plan Width: 40
                        Actual Startup Time: 270.869
                        Actual Total Time: 270.869
                        Actual Rows: 29931
                        Actual Loops: 1
                        Hash Buckets: 4096
                        Hash Batches: 1
                        Original Hash Batches: 1
                        Peak Memory Usage: 2167
                        Plans: 
                          - Node Type: "Seq Scan"
                            Parent Relationship: "Outer"
                            Relation Name: "part"
                            Alias: "part"
                            Startup Cost: 0.00
                            Total Cost: 9099.00
                            Plan Rows: 29687
                            Plan Width: 40
                            Actual Startup Time: 0.017
                            Actual Total Time: 245.900
                            Actual Rows: 29931
                            Actual Loops: 1
                            Filter: "((p_brand <> 'Brand#51'::bpchar) AND ((p_type)::text !~~ 'MEDIUM BRUSHED%'::text) AND (p_size = ANY ('{7,8,35,27,4,3,44,40}'::integer[])))"
                            Rows Removed by Filter: 170069
  Planning Time: 0.961
  Triggers: 
  Execution Time: 6116.335
Key => Node Type
Value  name ,=> -1.0
Key => Plan Width
Value  name ,=> 44.0
Key => Actual Rows
Value  name ,=> 1.0
Key => Actual Loops
Value  name ,=> 1.0
Key => Plans
Value  name ,=> -1.0
Key => Node Type
Value  name ,=> -1.0
Key => Parent Relationship
Value  name ,=> -1.0
Key => Plan Width
Value  name ,=> 44.0
Key => Actual Rows
Value  name ,=> 1.0
Key => Actual Loops
Value  name ,=> 1.0
Key => Sort Key
Value  name ,=> 4.0
Key => Sort Method
Value  name ,=> -1.0
Key => Sort Space Used
Value  name ,=> 25.0
Key => Sort Space Type
Value  name ,=> -1.0
Key => Plans
Value  name ,=> -1.0
Key => Node Type
Value  name ,=> -1.0
Key => Strategy
Value  name ,=> -1.0
Key => Parent Relationship
Value  name ,=> -1.0
Key => Plan Width
Value  name ,=> 44.0
Key => Actual Rows
Value  name ,=> 18348.0
Key => Actual Loops
Value  name ,=> 1.0
Key => Group Key
Value  name ,=> 3.0
Key => Plans
Value  name ,=> -1.0
Key => Node Type
Value  name ,=> -1.0
Key => Parent Relationship
Value  name ,=> -1.0
Key => Plan Width
Value  name ,=> 44.0
Key => Actual Rows
Value  name ,=> 119680.0
Key => Actual Loops
Value  name ,=> 1.0
Key => Sort Key
Value  name ,=> 3.0
Key => Sort Method
Value  name ,=> -1.0
Key => Sort Space Used
Value  name ,=> 6768.0
Key => Sort Space Type
Value  name ,=> -1.0
Key => Plans
Value  name ,=> -1.0
Key => Node Type
Value  name ,=> -1.0
Key => Parent Relationship
Value  name ,=> -1.0
Key => Join Type
Value  name ,=> -1.0
Key => Plan Width
Value  name ,=> 44.0
Key => Actual Rows
Value  name ,=> 119680.0
Key => Actual Loops
Value  name ,=> 1.0
Key => Hash Cond
Value  name ,=> -1.0
Key => Plans
Value  name ,=> -1.0
Key => Node Type
Value  name ,=> -1.0
Key => Parent Relationship
Value  name ,=> -1.0
Key => Relation Name
Value  name ,=> -1.0
Key => Alias
Value  name ,=> -1.0
Key => Plan Width
Value  name ,=> 16.0
Key => Actual Rows
Value  name ,=> 799680.0
Key => Actual Loops
Value  name ,=> 1.0
Key => Filter
Value  name ,=> -1.0
Key => Plans
Value  name ,=> -1.0
Key => Node Type
Value  name ,=> -1.0
Key => Parent Relationship
Value  name ,=> -1.0
Key => Subplan Name
Value  name ,=> -1.0
Key => Relation Name
Value  name ,=> -1.0
Key => Alias
Value  name ,=> -1.0
Key => Plan Width
Value  name ,=> 4.0
Key => Actual Rows
Value  name ,=> 4.0
Key => Actual Loops
Value  name ,=> 1.0
Key => Filter
Value  name ,=> -1.0
Data SeqScan , 1.0 4.0 4.0 9996.0 11.861
Added training data to files
Data SeqScan , 1.0 799680.0 16.0 320.0 4.0 4.0 571.505
Added training data to files
Key => Node Type
Value  name ,=> -1.0
Key => Parent Relationship
Value  name ,=> -1.0
Key => Plan Width
Value  name ,=> 40.0
Key => Actual Rows
Value  name ,=> 29931.0
Key => Actual Loops
Value  name ,=> 1.0
Key => Hash Buckets
Value  name ,=> 4096.0
Key => Hash Batches
Value  name ,=> 1.0
Key => Original Hash Batches
Value  name ,=> 1.0
Key => Peak Memory Usage
Value  name ,=> 2167.0
Key => Plans
Value  name ,=> -1.0
Key => Node Type
Value  name ,=> -1.0
Key => Parent Relationship
Value  name ,=> -1.0
Key => Relation Name
Value  name ,=> -1.0
Key => Alias
Value  name ,=> -1.0
Key => Plan Width
Value  name ,=> 40.0
Key => Actual Rows
Value  name ,=> 29931.0
Key => Actual Loops
Value  name ,=> 1.0
Key => Filter
Value  name ,=> -1.0
Data SeqScan , 1.0 29931.0 40.0 170069.0 245.9
Added training data to files
Data Hash , 1.0 29931.0 1.0 4096.0 1.0 2167.0 40.0 0.0 29931.0 40.0 270.869
Added training data to files
Data HashJoin , 1.0 119680.0 44.0 0.0 799680.0 16.0 29931.0 40.0 1264.431
Added training data to files
Data Sort-externalmerge , 1.0 119680.0 44.0 3.0 6768.0 0.0 119680.0 44.0 5900.22
Added training data to files
Data Aggregate-Sorted , 1.0 18348.0 3.0 44.0 0.0 119680.0 44.0 6095.649
Added training data to files
Data Sort-top-Nheapsort , 1.0 1.0 44.0 4.0 25.0 0.0 18348.0 44.0 6110.871
Added training data to files
Data Limit , 1.0 1.0 44.0 0.0 1.0 44.0 6110.873
Added training data to files
Training query 143 executed successfully
Executed command ,script returned :  Exit value of child process : 1
Query : 
select
	p_brand,
	p_type,
	p_size,
	count(distinct ps_suppkey) as supplier_cnt
from
	partsupp,
	part
where
	p_partkey = ps_partkey
	and p_brand <> 'Brand#51'
	and p_type not like 'MEDIUM BRUSHED%'
	and p_size in (7, 8, 35, 27, 4, 3, 44, 40)
	and ps_suppkey not in (
		select
			s_suppkey
		from
			supplier
		where
			s_comment like '%Customer%Complaints%'
	)
group by
	p_brand,
	p_type,
	p_size
order by
	supplier_cnt desc,
	p_brand,
	p_type,
	p_size
LIMIT 1;

Node output - Plan: 
    Node Type: "Limit"
    Startup Cost: 50491.13
    Total Cost: 50491.13
    Plan Rows: 1
    Plan Width: 44
    Actual Startup Time: 6160.023
    Actual Total Time: 6160.023
    Actual Rows: 1
    Actual Loops: 1
    Plans: 
      - Node Type: "Sort"
        Parent Relationship: "Outer"
        Startup Cost: 50491.13
        Total Cost: 50498.55
        Plan Rows: 2969
        Plan Width: 44
        Actual Startup Time: 6160.020
        Actual Total Time: 6160.020
        Actual Rows: 1
        Actual Loops: 1
        Sort Key: 
          - "(count(DISTINCT partsupp.ps_suppkey))"
          - "part.p_brand"
          - "part.p_type"
          - "part.p_size"
        Sort Method: "top-N heapsort"
        Sort Space Used: 25
        Sort Space Type: "Memory"
        Plans: 
          - Node Type: "Aggregate"
            Strategy: "Sorted"
            Parent Relationship: "Outer"
            Startup Cost: 49712.28
            Total Cost: 50476.29
            Plan Rows: 2969
            Plan Width: 44
            Actual Startup Time: 5280.001
            Actual Total Time: 6144.581
            Actual Rows: 18348
            Actual Loops: 1
            Group Key: 
              - "part.p_brand"
              - "part.p_type"
              - "part.p_size"
            Plans: 
              - Node Type: "Sort"
                Parent Relationship: "Outer"
                Startup Cost: 49712.28
                Total Cost: 49859.15
                Plan Rows: 58745
                Plan Width: 44
                Actual Startup Time: 5279.915
                Actual Total Time: 5946.215
                Actual Rows: 119680
                Actual Loops: 1
                Sort Key: 
                  - "part.p_brand"
                  - "part.p_type"
                  - "part.p_size"
                Sort Method: "external merge"
                Sort Space Used: 6768
                Sort Space Type: "Disk"
                Plans: 
                  - Node Type: "Hash Join"
                    Parent Relationship: "Outer"
                    Join Type: "Inner"
                    Startup Cost: 9825.09
                    Total Cost: 43249.54
                    Plan Rows: 58745
                    Plan Width: 44
                    Actual Startup Time: 248.465
                    Actual Total Time: 1249.548
                    Actual Rows: 119680
                    Actual Loops: 1
                    Hash Cond: "(partsupp.ps_partkey = part.p_partkey)"
                    Plans: 
                      - Node Type: "Seq Scan"
                        Parent Relationship: "Outer"
                        Relation Name: "partsupp"
                        Alias: "partsupp"
                        Startup Cost: 355.00
                        Total Cost: 28692.00
                        Plan Rows: 400000
                        Plan Width: 16
                        Actual Startup Time: 9.684
                        Actual Total Time: 581.380
                        Actual Rows: 799680
                        Actual Loops: 1
                        Filter: "(NOT (hashed SubPlan 1))"
                        Rows Removed by Filter: 320
                        Plans: 
                          - Node Type: "Seq Scan"
                            Parent Relationship: "SubPlan"
                            Subplan Name: "SubPlan 1"
                            Relation Name: "supplier"
                            Alias: "supplier"
                            Startup Cost: 0.00
                            Total Cost: 355.00
                            Plan Rows: 1
                            Plan Width: 4
                            Actual Startup Time: 0.683
                            Actual Total Time: 9.622
                            Actual Rows: 4
                            Actual Loops: 1
                            Filter: "((s_comment)::text ~~ '%Customer%Complaints%'::text)"
                            Rows Removed by Filter: 9996
                      - Node Type: "Hash"
                        Parent Relationship: "Inner"
                        Startup Cost: 9099.00
                        Total Cost: 9099.00
                        Plan Rows: 29687
                        Plan Width: 40
                        Actual Startup Time: 238.736
                        Actual Total Time: 238.736
                        Actual Rows: 29931
                        Actual Loops: 1
                        Hash Buckets: 4096
                        Hash Batches: 1
                        Original Hash Batches: 1
                        Peak Memory Usage: 2167
                        Plans: 
                          - Node Type: "Seq Scan"
                            Parent Relationship: "Outer"
                            Relation Name: "part"
                            Alias: "part"
                            Startup Cost: 0.00
                            Total Cost: 9099.00
                            Plan Rows: 29687
                            Plan Width: 40
                            Actual Startup Time: 0.014
                            Actual Total Time: 216.850
                            Actual Rows: 29931
                            Actual Loops: 1
                            Filter: "((p_brand <> 'Brand#51'::bpchar) AND ((p_type)::text !~~ 'MEDIUM BRUSHED%'::text) AND (p_size = ANY ('{7,8,35,27,4,3,44,40}'::integer[])))"
                            Rows Removed by Filter: 170069
  Planning Time: 2.447
  Triggers: 
  Execution Time: 6165.764
Key => Node Type
Value  name ,=> -1.0
Key => Plan Width
Value  name ,=> 44.0
Key => Actual Rows
Value  name ,=> 1.0
Key => Actual Loops
Value  name ,=> 1.0
Key => Plans
Value  name ,=> -1.0
Key => Node Type
Value  name ,=> -1.0
Key => Parent Relationship
Value  name ,=> -1.0
Key => Plan Width
Value  name ,=> 44.0
Key => Actual Rows
Value  name ,=> 1.0
Key => Actual Loops
Value  name ,=> 1.0
Key => Sort Key
Value  name ,=> 4.0
Key => Sort Method
Value  name ,=> -1.0
Key => Sort Space Used
Value  name ,=> 25.0
Key => Sort Space Type
Value  name ,=> -1.0
Key => Plans
Value  name ,=> -1.0
Key => Node Type
Value  name ,=> -1.0
Key => Strategy
Value  name ,=> -1.0
Key => Parent Relationship
Value  name ,=> -1.0
Key => Plan Width
Value  name ,=> 44.0
Key => Actual Rows
Value  name ,=> 18348.0
Key => Actual Loops
Value  name ,=> 1.0
Key => Group Key
Value  name ,=> 3.0
Key => Plans
Value  name ,=> -1.0
Key => Node Type
Value  name ,=> -1.0
Key => Parent Relationship
Value  name ,=> -1.0
Key => Plan Width
Value  name ,=> 44.0
Key => Actual Rows
Value  name ,=> 119680.0
Key => Actual Loops
Value  name ,=> 1.0
Key => Sort Key
Value  name ,=> 3.0
Key => Sort Method
Value  name ,=> -1.0
Key => Sort Space Used
Value  name ,=> 6768.0
Key => Sort Space Type
Value  name ,=> -1.0
Key => Plans
Value  name ,=> -1.0
Key => Node Type
Value  name ,=> -1.0
Key => Parent Relationship
Value  name ,=> -1.0
Key => Join Type
Value  name ,=> -1.0
Key => Plan Width
Value  name ,=> 44.0
Key => Actual Rows
Value  name ,=> 119680.0
Key => Actual Loops
Value  name ,=> 1.0
Key => Hash Cond
Value  name ,=> -1.0
Key => Plans
Value  name ,=> -1.0
Key => Node Type
Value  name ,=> -1.0
Key => Parent Relationship
Value  name ,=> -1.0
Key => Relation Name
Value  name ,=> -1.0
Key => Alias
Value  name ,=> -1.0
Key => Plan Width
Value  name ,=> 16.0
Key => Actual Rows
Value  name ,=> 799680.0
Key => Actual Loops
Value  name ,=> 1.0
Key => Filter
Value  name ,=> -1.0
Key => Plans
Value  name ,=> -1.0
Key => Node Type
Value  name ,=> -1.0
Key => Parent Relationship
Value  name ,=> -1.0
Key => Subplan Name
Value  name ,=> -1.0
Key => Relation Name
Value  name ,=> -1.0
Key => Alias
Value  name ,=> -1.0
Key => Plan Width
Value  name ,=> 4.0
Key => Actual Rows
Value  name ,=> 4.0
Key => Actual Loops
Value  name ,=> 1.0
Key => Filter
Value  name ,=> -1.0
Data SeqScan , 1.0 4.0 4.0 9996.0 9.622
Added training data to files
Data SeqScan , 1.0 799680.0 16.0 320.0 4.0 4.0 581.38
Added training data to files
Key => Node Type
Value  name ,=> -1.0
Key => Parent Relationship
Value  name ,=> -1.0
Key => Plan Width
Value  name ,=> 40.0
Key => Actual Rows
Value  name ,=> 29931.0
Key => Actual Loops
Value  name ,=> 1.0
Key => Hash Buckets
Value  name ,=> 4096.0
Key => Hash Batches
Value  name ,=> 1.0
Key => Original Hash Batches
Value  name ,=> 1.0
Key => Peak Memory Usage
Value  name ,=> 2167.0
Key => Plans
Value  name ,=> -1.0
Key => Node Type
Value  name ,=> -1.0
Key => Parent Relationship
Value  name ,=> -1.0
Key => Relation Name
Value  name ,=> -1.0
Key => Alias
Value  name ,=> -1.0
Key => Plan Width
Value  name ,=> 40.0
Key => Actual Rows
Value  name ,=> 29931.0
Key => Actual Loops
Value  name ,=> 1.0
Key => Filter
Value  name ,=> -1.0
Data SeqScan , 1.0 29931.0 40.0 170069.0 216.85
Added training data to files
Data Hash , 1.0 29931.0 1.0 4096.0 1.0 2167.0 40.0 0.0 29931.0 40.0 238.736
Added training data to files
Data HashJoin , 1.0 119680.0 44.0 0.0 799680.0 16.0 29931.0 40.0 1249.548
Added training data to files
Data Sort-externalmerge , 1.0 119680.0 44.0 3.0 6768.0 0.0 119680.0 44.0 5946.215
Added training data to files
Data Aggregate-Sorted , 1.0 18348.0 3.0 44.0 0.0 119680.0 44.0 6144.581
Added training data to files
Data Sort-top-Nheapsort , 1.0 1.0 44.0 4.0 25.0 0.0 18348.0 44.0 6160.02
Added training data to files
Data Limit , 1.0 1.0 44.0 0.0 1.0 44.0 6160.023
Added training data to files
Training query 144 executed successfully
Executed command ,script returned :  Exit value of child process : 1
Query : 
select
	p_brand,
	p_type,
	p_size,
	count(distinct ps_suppkey) as supplier_cnt
from
	partsupp,
	part
where
	p_partkey = ps_partkey
	and p_brand <> 'Brand#51'
	and p_type not like 'MEDIUM BRUSHED%'
	and p_size in (7, 8, 35, 27, 4, 3, 44, 40)
	and ps_suppkey not in (
		select
			s_suppkey
		from
			supplier
		where
			s_comment like '%Customer%Complaints%'
	)
group by
	p_brand,
	p_type,
	p_size
order by
	supplier_cnt desc,
	p_brand,
	p_type,
	p_size
LIMIT 1;

Node output - Plan: 
    Node Type: "Limit"
    Startup Cost: 50491.13
    Total Cost: 50491.13
    Plan Rows: 1
    Plan Width: 44
    Actual Startup Time: 6872.943
    Actual Total Time: 6872.943
    Actual Rows: 1
    Actual Loops: 1
    Plans: 
      - Node Type: "Sort"
        Parent Relationship: "Outer"
        Startup Cost: 50491.13
        Total Cost: 50498.55
        Plan Rows: 2969
        Plan Width: 44
        Actual Startup Time: 6872.942
        Actual Total Time: 6872.942
        Actual Rows: 1
        Actual Loops: 1
        Sort Key: 
          - "(count(DISTINCT partsupp.ps_suppkey))"
          - "part.p_brand"
          - "part.p_type"
          - "part.p_size"
        Sort Method: "top-N heapsort"
        Sort Space Used: 25
        Sort Space Type: "Memory"
        Plans: 
          - Node Type: "Aggregate"
            Strategy: "Sorted"
            Parent Relationship: "Outer"
            Startup Cost: 49712.28
            Total Cost: 50476.29
            Plan Rows: 2969
            Plan Width: 44
            Actual Startup Time: 5904.328
            Actual Total Time: 6855.874
            Actual Rows: 18348
            Actual Loops: 1
            Group Key: 
              - "part.p_brand"
              - "part.p_type"
              - "part.p_size"
            Plans: 
              - Node Type: "Sort"
                Parent Relationship: "Outer"
                Startup Cost: 49712.28
                Total Cost: 49859.15
                Plan Rows: 58745
                Plan Width: 44
                Actual Startup Time: 5904.243
                Actual Total Time: 6638.335
                Actual Rows: 119680
                Actual Loops: 1
                Sort Key: 
                  - "part.p_brand"
                  - "part.p_type"
                  - "part.p_size"
                Sort Method: "external merge"
                Sort Space Used: 6768
                Sort Space Type: "Disk"
                Plans: 
                  - Node Type: "Hash Join"
                    Parent Relationship: "Outer"
                    Join Type: "Inner"
                    Startup Cost: 9825.09
                    Total Cost: 43249.54
                    Plan Rows: 58745
                    Plan Width: 44
                    Actual Startup Time: 269.565
                    Actual Total Time: 1384.530
                    Actual Rows: 119680
                    Actual Loops: 1
                    Hash Cond: "(partsupp.ps_partkey = part.p_partkey)"
                    Plans: 
                      - Node Type: "Seq Scan"
                        Parent Relationship: "Outer"
                        Relation Name: "partsupp"
                        Alias: "partsupp"
                        Startup Cost: 355.00
                        Total Cost: 28692.00
                        Plan Rows: 400000
                        Plan Width: 16
                        Actual Startup Time: 6.797
                        Actual Total Time: 647.011
                        Actual Rows: 799680
                        Actual Loops: 1
                        Filter: "(NOT (hashed SubPlan 1))"
                        Rows Removed by Filter: 320
                        Plans: 
                          - Node Type: "Seq Scan"
                            Parent Relationship: "SubPlan"
                            Subplan Name: "SubPlan 1"
                            Relation Name: "supplier"
                            Alias: "supplier"
                            Startup Cost: 0.00
                            Total Cost: 355.00
                            Plan Rows: 1
                            Plan Width: 4
                            Actual Startup Time: 0.245
                            Actual Total Time: 6.762
                            Actual Rows: 4
                            Actual Loops: 1
                            Filter: "((s_comment)::text ~~ '%Customer%Complaints%'::text)"
                            Rows Removed by Filter: 9996
                      - Node Type: "Hash"
                        Parent Relationship: "Inner"
                        Startup Cost: 9099.00
                        Total Cost: 9099.00
                        Plan Rows: 29687
                        Plan Width: 40
                        Actual Startup Time: 262.734
                        Actual Total Time: 262.734
                        Actual Rows: 29931
                        Actual Loops: 1
                        Hash Buckets: 4096
                        Hash Batches: 1
                        Original Hash Batches: 1
                        Peak Memory Usage: 2167
                        Plans: 
                          - Node Type: "Seq Scan"
                            Parent Relationship: "Outer"
                            Relation Name: "part"
                            Alias: "part"
                            Startup Cost: 0.00
                            Total Cost: 9099.00
                            Plan Rows: 29687
                            Plan Width: 40
                            Actual Startup Time: 0.022
                            Actual Total Time: 239.141
                            Actual Rows: 29931
                            Actual Loops: 1
                            Filter: "((p_brand <> 'Brand#51'::bpchar) AND ((p_type)::text !~~ 'MEDIUM BRUSHED%'::text) AND (p_size = ANY ('{7,8,35,27,4,3,44,40}'::integer[])))"
                            Rows Removed by Filter: 170069
  Planning Time: 0.889
  Triggers: 
  Execution Time: 6878.776
Key => Node Type
Value  name ,=> -1.0
Key => Plan Width
Value  name ,=> 44.0
Key => Actual Rows
Value  name ,=> 1.0
Key => Actual Loops
Value  name ,=> 1.0
Key => Plans
Value  name ,=> -1.0
Key => Node Type
Value  name ,=> -1.0
Key => Parent Relationship
Value  name ,=> -1.0
Key => Plan Width
Value  name ,=> 44.0
Key => Actual Rows
Value  name ,=> 1.0
Key => Actual Loops
Value  name ,=> 1.0
Key => Sort Key
Value  name ,=> 4.0
Key => Sort Method
Value  name ,=> -1.0
Key => Sort Space Used
Value  name ,=> 25.0
Key => Sort Space Type
Value  name ,=> -1.0
Key => Plans
Value  name ,=> -1.0
Key => Node Type
Value  name ,=> -1.0
Key => Strategy
Value  name ,=> -1.0
Key => Parent Relationship
Value  name ,=> -1.0
Key => Plan Width
Value  name ,=> 44.0
Key => Actual Rows
Value  name ,=> 18348.0
Key => Actual Loops
Value  name ,=> 1.0
Key => Group Key
Value  name ,=> 3.0
Key => Plans
Value  name ,=> -1.0
Key => Node Type
Value  name ,=> -1.0
Key => Parent Relationship
Value  name ,=> -1.0
Key => Plan Width
Value  name ,=> 44.0
Key => Actual Rows
Value  name ,=> 119680.0
Key => Actual Loops
Value  name ,=> 1.0
Key => Sort Key
Value  name ,=> 3.0
Key => Sort Method
Value  name ,=> -1.0
Key => Sort Space Used
Value  name ,=> 6768.0
Key => Sort Space Type
Value  name ,=> -1.0
Key => Plans
Value  name ,=> -1.0
Key => Node Type
Value  name ,=> -1.0
Key => Parent Relationship
Value  name ,=> -1.0
Key => Join Type
Value  name ,=> -1.0
Key => Plan Width
Value  name ,=> 44.0
Key => Actual Rows
Value  name ,=> 119680.0
Key => Actual Loops
Value  name ,=> 1.0
Key => Hash Cond
Value  name ,=> -1.0
Key => Plans
Value  name ,=> -1.0
Key => Node Type
Value  name ,=> -1.0
Key => Parent Relationship
Value  name ,=> -1.0
Key => Relation Name
Value  name ,=> -1.0
Key => Alias
Value  name ,=> -1.0
Key => Plan Width
Value  name ,=> 16.0
Key => Actual Rows
Value  name ,=> 799680.0
Key => Actual Loops
Value  name ,=> 1.0
Key => Filter
Value  name ,=> -1.0
Key => Plans
Value  name ,=> -1.0
Key => Node Type
Value  name ,=> -1.0
Key => Parent Relationship
Value  name ,=> -1.0
Key => Subplan Name
Value  name ,=> -1.0
Key => Relation Name
Value  name ,=> -1.0
Key => Alias
Value  name ,=> -1.0
Key => Plan Width
Value  name ,=> 4.0
Key => Actual Rows
Value  name ,=> 4.0
Key => Actual Loops
Value  name ,=> 1.0
Key => Filter
Value  name ,=> -1.0
Data SeqScan , 1.0 4.0 4.0 9996.0 6.762
Added training data to files
Data SeqScan , 1.0 799680.0 16.0 320.0 4.0 4.0 647.011
Added training data to files
Key => Node Type
Value  name ,=> -1.0
Key => Parent Relationship
Value  name ,=> -1.0
Key => Plan Width
Value  name ,=> 40.0
Key => Actual Rows
Value  name ,=> 29931.0
Key => Actual Loops
Value  name ,=> 1.0
Key => Hash Buckets
Value  name ,=> 4096.0
Key => Hash Batches
Value  name ,=> 1.0
Key => Original Hash Batches
Value  name ,=> 1.0
Key => Peak Memory Usage
Value  name ,=> 2167.0
Key => Plans
Value  name ,=> -1.0
Key => Node Type
Value  name ,=> -1.0
Key => Parent Relationship
Value  name ,=> -1.0
Key => Relation Name
Value  name ,=> -1.0
Key => Alias
Value  name ,=> -1.0
Key => Plan Width
Value  name ,=> 40.0
Key => Actual Rows
Value  name ,=> 29931.0
Key => Actual Loops
Value  name ,=> 1.0
Key => Filter
Value  name ,=> -1.0
Data SeqScan , 1.0 29931.0 40.0 170069.0 239.141
Added training data to files
Data Hash , 1.0 29931.0 1.0 4096.0 1.0 2167.0 40.0 0.0 29931.0 40.0 262.734
Added training data to files
Data HashJoin , 1.0 119680.0 44.0 0.0 799680.0 16.0 29931.0 40.0 1384.53
Added training data to files
Data Sort-externalmerge , 1.0 119680.0 44.0 3.0 6768.0 0.0 119680.0 44.0 6638.335
Added training data to files
Data Aggregate-Sorted , 1.0 18348.0 3.0 44.0 0.0 119680.0 44.0 6855.874
Added training data to files
Data Sort-top-Nheapsort , 1.0 1.0 44.0 4.0 25.0 0.0 18348.0 44.0 6872.942
Added training data to files
Data Limit , 1.0 1.0 44.0 0.0 1.0 44.0 6872.943
Added training data to files
Training query 145 executed successfully
Executed command ,script returned :  Exit value of child process : 1
Query : 
select
	p_brand,
	p_type,
	p_size,
	count(distinct ps_suppkey) as supplier_cnt
from
	partsupp,
	part
where
	p_partkey = ps_partkey
	and p_brand <> 'Brand#51'
	and p_type not like 'MEDIUM BRUSHED%'
	and p_size in (7, 8, 35, 27, 4, 3, 44, 40)
	and ps_suppkey not in (
		select
			s_suppkey
		from
			supplier
		where
			s_comment like '%Customer%Complaints%'
	)
group by
	p_brand,
	p_type,
	p_size
order by
	supplier_cnt desc,
	p_brand,
	p_type,
	p_size
LIMIT 1;

Node output - Plan: 
    Node Type: "Limit"
    Startup Cost: 50491.13
    Total Cost: 50491.13
    Plan Rows: 1
    Plan Width: 44
    Actual Startup Time: 6788.321
    Actual Total Time: 6788.322
    Actual Rows: 1
    Actual Loops: 1
    Plans: 
      - Node Type: "Sort"
        Parent Relationship: "Outer"
        Startup Cost: 50491.13
        Total Cost: 50498.55
        Plan Rows: 2969
        Plan Width: 44
        Actual Startup Time: 6788.319
        Actual Total Time: 6788.319
        Actual Rows: 1
        Actual Loops: 1
        Sort Key: 
          - "(count(DISTINCT partsupp.ps_suppkey))"
          - "part.p_brand"
          - "part.p_type"
          - "part.p_size"
        Sort Method: "top-N heapsort"
        Sort Space Used: 25
        Sort Space Type: "Memory"
        Plans: 
          - Node Type: "Aggregate"
            Strategy: "Sorted"
            Parent Relationship: "Outer"
            Startup Cost: 49712.28
            Total Cost: 50476.29
            Plan Rows: 2969
            Plan Width: 44
            Actual Startup Time: 5820.038
            Actual Total Time: 6771.350
            Actual Rows: 18348
            Actual Loops: 1
            Group Key: 
              - "part.p_brand"
              - "part.p_type"
              - "part.p_size"
            Plans: 
              - Node Type: "Sort"
                Parent Relationship: "Outer"
                Startup Cost: 49712.28
                Total Cost: 49859.15
                Plan Rows: 58745
                Plan Width: 44
                Actual Startup Time: 5819.952
                Actual Total Time: 6553.897
                Actual Rows: 119680
                Actual Loops: 1
                Sort Key: 
                  - "part.p_brand"
                  - "part.p_type"
                  - "part.p_size"
                Sort Method: "external merge"
                Sort Space Used: 6768
                Sort Space Type: "Disk"
                Plans: 
                  - Node Type: "Hash Join"
                    Parent Relationship: "Outer"
                    Join Type: "Inner"
                    Startup Cost: 9825.09
                    Total Cost: 43249.54
                    Plan Rows: 58745
                    Plan Width: 44
                    Actual Startup Time: 273.509
                    Actual Total Time: 1372.733
                    Actual Rows: 119680
                    Actual Loops: 1
                    Hash Cond: "(partsupp.ps_partkey = part.p_partkey)"
                    Plans: 
                      - Node Type: "Seq Scan"
                        Parent Relationship: "Outer"
                        Relation Name: "partsupp"
                        Alias: "partsupp"
                        Startup Cost: 355.00
                        Total Cost: 28692.00
                        Plan Rows: 400000
                        Plan Width: 16
                        Actual Startup Time: 9.673
                        Actual Total Time: 640.716
                        Actual Rows: 799680
                        Actual Loops: 1
                        Filter: "(NOT (hashed SubPlan 1))"
                        Rows Removed by Filter: 320
                        Plans: 
                          - Node Type: "Seq Scan"
                            Parent Relationship: "SubPlan"
                            Subplan Name: "SubPlan 1"
                            Relation Name: "supplier"
                            Alias: "supplier"
                            Startup Cost: 0.00
                            Total Cost: 355.00
                            Plan Rows: 1
                            Plan Width: 4
                            Actual Startup Time: 0.265
                            Actual Total Time: 9.633
                            Actual Rows: 4
                            Actual Loops: 1
                            Filter: "((s_comment)::text ~~ '%Customer%Complaints%'::text)"
                            Rows Removed by Filter: 9996
                      - Node Type: "Hash"
                        Parent Relationship: "Inner"
                        Startup Cost: 9099.00
                        Total Cost: 9099.00
                        Plan Rows: 29687
                        Plan Width: 40
                        Actual Startup Time: 263.806
                        Actual Total Time: 263.806
                        Actual Rows: 29931
                        Actual Loops: 1
                        Hash Buckets: 4096
                        Hash Batches: 1
                        Original Hash Batches: 1
                        Peak Memory Usage: 2167
                        Plans: 
                          - Node Type: "Seq Scan"
                            Parent Relationship: "Outer"
                            Relation Name: "part"
                            Alias: "part"
                            Startup Cost: 0.00
                            Total Cost: 9099.00
                            Plan Rows: 29687
                            Plan Width: 40
                            Actual Startup Time: 0.016
                            Actual Total Time: 239.860
                            Actual Rows: 29931
                            Actual Loops: 1
                            Filter: "((p_brand <> 'Brand#51'::bpchar) AND ((p_type)::text !~~ 'MEDIUM BRUSHED%'::text) AND (p_size = ANY ('{7,8,35,27,4,3,44,40}'::integer[])))"
                            Rows Removed by Filter: 170069
  Planning Time: 0.939
  Triggers: 
  Execution Time: 6794.098
Key => Node Type
Value  name ,=> -1.0
Key => Plan Width
Value  name ,=> 44.0
Key => Actual Rows
Value  name ,=> 1.0
Key => Actual Loops
Value  name ,=> 1.0
Key => Plans
Value  name ,=> -1.0
Key => Node Type
Value  name ,=> -1.0
Key => Parent Relationship
Value  name ,=> -1.0
Key => Plan Width
Value  name ,=> 44.0
Key => Actual Rows
Value  name ,=> 1.0
Key => Actual Loops
Value  name ,=> 1.0
Key => Sort Key
Value  name ,=> 4.0
Key => Sort Method
Value  name ,=> -1.0
Key => Sort Space Used
Value  name ,=> 25.0
Key => Sort Space Type
Value  name ,=> -1.0
Key => Plans
Value  name ,=> -1.0
Key => Node Type
Value  name ,=> -1.0
Key => Strategy
Value  name ,=> -1.0
Key => Parent Relationship
Value  name ,=> -1.0
Key => Plan Width
Value  name ,=> 44.0
Key => Actual Rows
Value  name ,=> 18348.0
Key => Actual Loops
Value  name ,=> 1.0
Key => Group Key
Value  name ,=> 3.0
Key => Plans
Value  name ,=> -1.0
Key => Node Type
Value  name ,=> -1.0
Key => Parent Relationship
Value  name ,=> -1.0
Key => Plan Width
Value  name ,=> 44.0
Key => Actual Rows
Value  name ,=> 119680.0
Key => Actual Loops
Value  name ,=> 1.0
Key => Sort Key
Value  name ,=> 3.0
Key => Sort Method
Value  name ,=> -1.0
Key => Sort Space Used
Value  name ,=> 6768.0
Key => Sort Space Type
Value  name ,=> -1.0
Key => Plans
Value  name ,=> -1.0
Key => Node Type
Value  name ,=> -1.0
Key => Parent Relationship
Value  name ,=> -1.0
Key => Join Type
Value  name ,=> -1.0
Key => Plan Width
Value  name ,=> 44.0
Key => Actual Rows
Value  name ,=> 119680.0
Key => Actual Loops
Value  name ,=> 1.0
Key => Hash Cond
Value  name ,=> -1.0
Key => Plans
Value  name ,=> -1.0
Key => Node Type
Value  name ,=> -1.0
Key => Parent Relationship
Value  name ,=> -1.0
Key => Relation Name
Value  name ,=> -1.0
Key => Alias
Value  name ,=> -1.0
Key => Plan Width
Value  name ,=> 16.0
Key => Actual Rows
Value  name ,=> 799680.0
Key => Actual Loops
Value  name ,=> 1.0
Key => Filter
Value  name ,=> -1.0
Key => Plans
Value  name ,=> -1.0
Key => Node Type
Value  name ,=> -1.0
Key => Parent Relationship
Value  name ,=> -1.0
Key => Subplan Name
Value  name ,=> -1.0
Key => Relation Name
Value  name ,=> -1.0
Key => Alias
Value  name ,=> -1.0
Key => Plan Width
Value  name ,=> 4.0
Key => Actual Rows
Value  name ,=> 4.0
Key => Actual Loops
Value  name ,=> 1.0
Key => Filter
Value  name ,=> -1.0
Data SeqScan , 1.0 4.0 4.0 9996.0 9.633
Added training data to files
Data SeqScan , 1.0 799680.0 16.0 320.0 4.0 4.0 640.716
Added training data to files
Key => Node Type
Value  name ,=> -1.0
Key => Parent Relationship
Value  name ,=> -1.0
Key => Plan Width
Value  name ,=> 40.0
Key => Actual Rows
Value  name ,=> 29931.0
Key => Actual Loops
Value  name ,=> 1.0
Key => Hash Buckets
Value  name ,=> 4096.0
Key => Hash Batches
Value  name ,=> 1.0
Key => Original Hash Batches
Value  name ,=> 1.0
Key => Peak Memory Usage
Value  name ,=> 2167.0
Key => Plans
Value  name ,=> -1.0
Key => Node Type
Value  name ,=> -1.0
Key => Parent Relationship
Value  name ,=> -1.0
Key => Relation Name
Value  name ,=> -1.0
Key => Alias
Value  name ,=> -1.0
Key => Plan Width
Value  name ,=> 40.0
Key => Actual Rows
Value  name ,=> 29931.0
Key => Actual Loops
Value  name ,=> 1.0
Key => Filter
Value  name ,=> -1.0
Data SeqScan , 1.0 29931.0 40.0 170069.0 239.86
Added training data to files
Data Hash , 1.0 29931.0 1.0 4096.0 1.0 2167.0 40.0 0.0 29931.0 40.0 263.806
Added training data to files
Data HashJoin , 1.0 119680.0 44.0 0.0 799680.0 16.0 29931.0 40.0 1372.733
Added training data to files
Data Sort-externalmerge , 1.0 119680.0 44.0 3.0 6768.0 0.0 119680.0 44.0 6553.897
Added training data to files
Data Aggregate-Sorted , 1.0 18348.0 3.0 44.0 0.0 119680.0 44.0 6771.35
Added training data to files
Data Sort-top-Nheapsort , 1.0 1.0 44.0 4.0 25.0 0.0 18348.0 44.0 6788.319
Added training data to files
Data Limit , 1.0 1.0 44.0 0.0 1.0 44.0 6788.322
Added training data to files
Training query 146 executed successfully
Executed command ,script returned :  Exit value of child process : 1
Query : 
select
	p_brand,
	p_type,
	p_size,
	count(distinct ps_suppkey) as supplier_cnt
from
	partsupp,
	part
where
	p_partkey = ps_partkey
	and p_brand <> 'Brand#51'
	and p_type not like 'MEDIUM BRUSHED%'
	and p_size in (7, 8, 35, 27, 4, 3, 44, 40)
	and ps_suppkey not in (
		select
			s_suppkey
		from
			supplier
		where
			s_comment like '%Customer%Complaints%'
	)
group by
	p_brand,
	p_type,
	p_size
order by
	supplier_cnt desc,
	p_brand,
	p_type,
	p_size
LIMIT 1;

Node output - Plan: 
    Node Type: "Limit"
    Startup Cost: 50491.13
    Total Cost: 50491.13
    Plan Rows: 1
    Plan Width: 44
    Actual Startup Time: 6726.518
    Actual Total Time: 6726.519
    Actual Rows: 1
    Actual Loops: 1
    Plans: 
      - Node Type: "Sort"
        Parent Relationship: "Outer"
        Startup Cost: 50491.13
        Total Cost: 50498.55
        Plan Rows: 2969
        Plan Width: 44
        Actual Startup Time: 6726.516
        Actual Total Time: 6726.516
        Actual Rows: 1
        Actual Loops: 1
        Sort Key: 
          - "(count(DISTINCT partsupp.ps_suppkey))"
          - "part.p_brand"
          - "part.p_type"
          - "part.p_size"
        Sort Method: "top-N heapsort"
        Sort Space Used: 25
        Sort Space Type: "Memory"
        Plans: 
          - Node Type: "Aggregate"
            Strategy: "Sorted"
            Parent Relationship: "Outer"
            Startup Cost: 49712.28
            Total Cost: 50476.29
            Plan Rows: 2969
            Plan Width: 44
            Actual Startup Time: 5776.288
            Actual Total Time: 6709.744
            Actual Rows: 18348
            Actual Loops: 1
            Group Key: 
              - "part.p_brand"
              - "part.p_type"
              - "part.p_size"
            Plans: 
              - Node Type: "Sort"
                Parent Relationship: "Outer"
                Startup Cost: 49712.28
                Total Cost: 49859.15
                Plan Rows: 58745
                Plan Width: 44
                Actual Startup Time: 5776.204
                Actual Total Time: 6495.816
                Actual Rows: 119680
                Actual Loops: 1
                Sort Key: 
                  - "part.p_brand"
                  - "part.p_type"
                  - "part.p_size"
                Sort Method: "external merge"
                Sort Space Used: 6768
                Sort Space Type: "Disk"
                Plans: 
                  - Node Type: "Hash Join"
                    Parent Relationship: "Outer"
                    Join Type: "Inner"
                    Startup Cost: 9825.09
                    Total Cost: 43249.54
                    Plan Rows: 58745
                    Plan Width: 44
                    Actual Startup Time: 269.310
                    Actual Total Time: 1361.291
                    Actual Rows: 119680
                    Actual Loops: 1
                    Hash Cond: "(partsupp.ps_partkey = part.p_partkey)"
                    Plans: 
                      - Node Type: "Seq Scan"
                        Parent Relationship: "Outer"
                        Relation Name: "partsupp"
                        Alias: "partsupp"
                        Startup Cost: 355.00
                        Total Cost: 28692.00
                        Plan Rows: 400000
                        Plan Width: 16
                        Actual Startup Time: 6.893
                        Actual Total Time: 634.944
                        Actual Rows: 799680
                        Actual Loops: 1
                        Filter: "(NOT (hashed SubPlan 1))"
                        Rows Removed by Filter: 320
                        Plans: 
                          - Node Type: "Seq Scan"
                            Parent Relationship: "SubPlan"
                            Subplan Name: "SubPlan 1"
                            Relation Name: "supplier"
                            Alias: "supplier"
                            Startup Cost: 0.00
                            Total Cost: 355.00
                            Plan Rows: 1
                            Plan Width: 4
                            Actual Startup Time: 0.289
                            Actual Total Time: 6.858
                            Actual Rows: 4
                            Actual Loops: 1
                            Filter: "((s_comment)::text ~~ '%Customer%Complaints%'::text)"
                            Rows Removed by Filter: 9996
                      - Node Type: "Hash"
                        Parent Relationship: "Inner"
                        Startup Cost: 9099.00
                        Total Cost: 9099.00
                        Plan Rows: 29687
                        Plan Width: 40
                        Actual Startup Time: 262.389
                        Actual Total Time: 262.389
                        Actual Rows: 29931
                        Actual Loops: 1
                        Hash Buckets: 4096
                        Hash Batches: 1
                        Original Hash Batches: 1
                        Peak Memory Usage: 2167
                        Plans: 
                          - Node Type: "Seq Scan"
                            Parent Relationship: "Outer"
                            Relation Name: "part"
                            Alias: "part"
                            Startup Cost: 0.00
                            Total Cost: 9099.00
                            Plan Rows: 29687
                            Plan Width: 40
                            Actual Startup Time: 0.016
                            Actual Total Time: 238.982
                            Actual Rows: 29931
                            Actual Loops: 1
                            Filter: "((p_brand <> 'Brand#51'::bpchar) AND ((p_type)::text !~~ 'MEDIUM BRUSHED%'::text) AND (p_size = ANY ('{7,8,35,27,4,3,44,40}'::integer[])))"
                            Rows Removed by Filter: 170069
  Planning Time: 0.970
  Triggers: 
  Execution Time: 6732.267
Key => Node Type
Value  name ,=> -1.0
Key => Plan Width
Value  name ,=> 44.0
Key => Actual Rows
Value  name ,=> 1.0
Key => Actual Loops
Value  name ,=> 1.0
Key => Plans
Value  name ,=> -1.0
Key => Node Type
Value  name ,=> -1.0
Key => Parent Relationship
Value  name ,=> -1.0
Key => Plan Width
Value  name ,=> 44.0
Key => Actual Rows
Value  name ,=> 1.0
Key => Actual Loops
Value  name ,=> 1.0
Key => Sort Key
Value  name ,=> 4.0
Key => Sort Method
Value  name ,=> -1.0
Key => Sort Space Used
Value  name ,=> 25.0
Key => Sort Space Type
Value  name ,=> -1.0
Key => Plans
Value  name ,=> -1.0
Key => Node Type
Value  name ,=> -1.0
Key => Strategy
Value  name ,=> -1.0
Key => Parent Relationship
Value  name ,=> -1.0
Key => Plan Width
Value  name ,=> 44.0
Key => Actual Rows
Value  name ,=> 18348.0
Key => Actual Loops
Value  name ,=> 1.0
Key => Group Key
Value  name ,=> 3.0
Key => Plans
Value  name ,=> -1.0
Key => Node Type
Value  name ,=> -1.0
Key => Parent Relationship
Value  name ,=> -1.0
Key => Plan Width
Value  name ,=> 44.0
Key => Actual Rows
Value  name ,=> 119680.0
Key => Actual Loops
Value  name ,=> 1.0
Key => Sort Key
Value  name ,=> 3.0
Key => Sort Method
Value  name ,=> -1.0
Key => Sort Space Used
Value  name ,=> 6768.0
Key => Sort Space Type
Value  name ,=> -1.0
Key => Plans
Value  name ,=> -1.0
Key => Node Type
Value  name ,=> -1.0
Key => Parent Relationship
Value  name ,=> -1.0
Key => Join Type
Value  name ,=> -1.0
Key => Plan Width
Value  name ,=> 44.0
Key => Actual Rows
Value  name ,=> 119680.0
Key => Actual Loops
Value  name ,=> 1.0
Key => Hash Cond
Value  name ,=> -1.0
Key => Plans
Value  name ,=> -1.0
Key => Node Type
Value  name ,=> -1.0
Key => Parent Relationship
Value  name ,=> -1.0
Key => Relation Name
Value  name ,=> -1.0
Key => Alias
Value  name ,=> -1.0
Key => Plan Width
Value  name ,=> 16.0
Key => Actual Rows
Value  name ,=> 799680.0
Key => Actual Loops
Value  name ,=> 1.0
Key => Filter
Value  name ,=> -1.0
Key => Plans
Value  name ,=> -1.0
Key => Node Type
Value  name ,=> -1.0
Key => Parent Relationship
Value  name ,=> -1.0
Key => Subplan Name
Value  name ,=> -1.0
Key => Relation Name
Value  name ,=> -1.0
Key => Alias
Value  name ,=> -1.0
Key => Plan Width
Value  name ,=> 4.0
Key => Actual Rows
Value  name ,=> 4.0
Key => Actual Loops
Value  name ,=> 1.0
Key => Filter
Value  name ,=> -1.0
Data SeqScan , 1.0 4.0 4.0 9996.0 6.858
Added training data to files
Data SeqScan , 1.0 799680.0 16.0 320.0 4.0 4.0 634.944
Added training data to files
Key => Node Type
Value  name ,=> -1.0
Key => Parent Relationship
Value  name ,=> -1.0
Key => Plan Width
Value  name ,=> 40.0
Key => Actual Rows
Value  name ,=> 29931.0
Key => Actual Loops
Value  name ,=> 1.0
Key => Hash Buckets
Value  name ,=> 4096.0
Key => Hash Batches
Value  name ,=> 1.0
Key => Original Hash Batches
Value  name ,=> 1.0
Key => Peak Memory Usage
Value  name ,=> 2167.0
Key => Plans
Value  name ,=> -1.0
Key => Node Type
Value  name ,=> -1.0
Key => Parent Relationship
Value  name ,=> -1.0
Key => Relation Name
Value  name ,=> -1.0
Key => Alias
Value  name ,=> -1.0
Key => Plan Width
Value  name ,=> 40.0
Key => Actual Rows
Value  name ,=> 29931.0
Key => Actual Loops
Value  name ,=> 1.0
Key => Filter
Value  name ,=> -1.0
Data SeqScan , 1.0 29931.0 40.0 170069.0 238.982
Added training data to files
Data Hash , 1.0 29931.0 1.0 4096.0 1.0 2167.0 40.0 0.0 29931.0 40.0 262.389
Added training data to files
Data HashJoin , 1.0 119680.0 44.0 0.0 799680.0 16.0 29931.0 40.0 1361.291
Added training data to files
Data Sort-externalmerge , 1.0 119680.0 44.0 3.0 6768.0 0.0 119680.0 44.0 6495.816
Added training data to files
Data Aggregate-Sorted , 1.0 18348.0 3.0 44.0 0.0 119680.0 44.0 6709.744
Added training data to files
Data Sort-top-Nheapsort , 1.0 1.0 44.0 4.0 25.0 0.0 18348.0 44.0 6726.516
Added training data to files
Data Limit , 1.0 1.0 44.0 0.0 1.0 44.0 6726.519
Added training data to files
Training query 147 executed successfully
Executed command ,script returned :  Exit value of child process : 1
Query : 
select
	p_brand,
	p_type,
	p_size,
	count(distinct ps_suppkey) as supplier_cnt
from
	partsupp,
	part
where
	p_partkey = ps_partkey
	and p_brand <> 'Brand#51'
	and p_type not like 'MEDIUM BRUSHED%'
	and p_size in (7, 8, 35, 27, 4, 3, 44, 40)
	and ps_suppkey not in (
		select
			s_suppkey
		from
			supplier
		where
			s_comment like '%Customer%Complaints%'
	)
group by
	p_brand,
	p_type,
	p_size
order by
	supplier_cnt desc,
	p_brand,
	p_type,
	p_size
LIMIT 1;

Node output - Plan: 
    Node Type: "Limit"
    Startup Cost: 50491.13
    Total Cost: 50491.13
    Plan Rows: 1
    Plan Width: 44
    Actual Startup Time: 6681.214
    Actual Total Time: 6681.214
    Actual Rows: 1
    Actual Loops: 1
    Plans: 
      - Node Type: "Sort"
        Parent Relationship: "Outer"
        Startup Cost: 50491.13
        Total Cost: 50498.55
        Plan Rows: 2969
        Plan Width: 44
        Actual Startup Time: 6681.212
        Actual Total Time: 6681.212
        Actual Rows: 1
        Actual Loops: 1
        Sort Key: 
          - "(count(DISTINCT partsupp.ps_suppkey))"
          - "part.p_brand"
          - "part.p_type"
          - "part.p_size"
        Sort Method: "top-N heapsort"
        Sort Space Used: 25
        Sort Space Type: "Memory"
        Plans: 
          - Node Type: "Aggregate"
            Strategy: "Sorted"
            Parent Relationship: "Outer"
            Startup Cost: 49712.28
            Total Cost: 50476.29
            Plan Rows: 2969
            Plan Width: 44
            Actual Startup Time: 5737.633
            Actual Total Time: 6664.647
            Actual Rows: 18348
            Actual Loops: 1
            Group Key: 
              - "part.p_brand"
              - "part.p_type"
              - "part.p_size"
            Plans: 
              - Node Type: "Sort"
                Parent Relationship: "Outer"
                Startup Cost: 49712.28
                Total Cost: 49859.15
                Plan Rows: 58745
                Plan Width: 44
                Actual Startup Time: 5737.546
                Actual Total Time: 6452.141
                Actual Rows: 119680
                Actual Loops: 1
                Sort Key: 
                  - "part.p_brand"
                  - "part.p_type"
                  - "part.p_size"
                Sort Method: "external merge"
                Sort Space Used: 6768
                Sort Space Type: "Disk"
                Plans: 
                  - Node Type: "Hash Join"
                    Parent Relationship: "Outer"
                    Join Type: "Inner"
                    Startup Cost: 9825.09
                    Total Cost: 43249.54
                    Plan Rows: 58745
                    Plan Width: 44
                    Actual Startup Time: 270.228
                    Actual Total Time: 1354.777
                    Actual Rows: 119680
                    Actual Loops: 1
                    Hash Cond: "(partsupp.ps_partkey = part.p_partkey)"
                    Plans: 
                      - Node Type: "Seq Scan"
                        Parent Relationship: "Outer"
                        Relation Name: "partsupp"
                        Alias: "partsupp"
                        Startup Cost: 355.00
                        Total Cost: 28692.00
                        Plan Rows: 400000
                        Plan Width: 16
                        Actual Startup Time: 10.609
                        Actual Total Time: 632.924
                        Actual Rows: 799680
                        Actual Loops: 1
                        Filter: "(NOT (hashed SubPlan 1))"
                        Rows Removed by Filter: 320
                        Plans: 
                          - Node Type: "Seq Scan"
                            Parent Relationship: "SubPlan"
                            Subplan Name: "SubPlan 1"
                            Relation Name: "supplier"
                            Alias: "supplier"
                            Startup Cost: 0.00
                            Total Cost: 355.00
                            Plan Rows: 1
                            Plan Width: 4
                            Actual Startup Time: 0.750
                            Actual Total Time: 10.544
                            Actual Rows: 4
                            Actual Loops: 1
                            Filter: "((s_comment)::text ~~ '%Customer%Complaints%'::text)"
                            Rows Removed by Filter: 9996
                      - Node Type: "Hash"
                        Parent Relationship: "Inner"
                        Startup Cost: 9099.00
                        Total Cost: 9099.00
                        Plan Rows: 29687
                        Plan Width: 40
                        Actual Startup Time: 259.587
                        Actual Total Time: 259.587
                        Actual Rows: 29931
                        Actual Loops: 1
                        Hash Buckets: 4096
                        Hash Batches: 1
                        Original Hash Batches: 1
                        Peak Memory Usage: 2167
                        Plans: 
                          - Node Type: "Seq Scan"
                            Parent Relationship: "Outer"
                            Relation Name: "part"
                            Alias: "part"
                            Startup Cost: 0.00
                            Total Cost: 9099.00
                            Plan Rows: 29687
                            Plan Width: 40
                            Actual Startup Time: 0.018
                            Actual Total Time: 235.761
                            Actual Rows: 29931
                            Actual Loops: 1
                            Filter: "((p_brand <> 'Brand#51'::bpchar) AND ((p_type)::text !~~ 'MEDIUM BRUSHED%'::text) AND (p_size = ANY ('{7,8,35,27,4,3,44,40}'::integer[])))"
                            Rows Removed by Filter: 170069
  Planning Time: 2.324
  Triggers: 
  Execution Time: 6687.057
Key => Node Type
Value  name ,=> -1.0
Key => Plan Width
Value  name ,=> 44.0
Key => Actual Rows
Value  name ,=> 1.0
Key => Actual Loops
Value  name ,=> 1.0
Key => Plans
Value  name ,=> -1.0
Key => Node Type
Value  name ,=> -1.0
Key => Parent Relationship
Value  name ,=> -1.0
Key => Plan Width
Value  name ,=> 44.0
Key => Actual Rows
Value  name ,=> 1.0
Key => Actual Loops
Value  name ,=> 1.0
Key => Sort Key
Value  name ,=> 4.0
Key => Sort Method
Value  name ,=> -1.0
Key => Sort Space Used
Value  name ,=> 25.0
Key => Sort Space Type
Value  name ,=> -1.0
Key => Plans
Value  name ,=> -1.0
Key => Node Type
Value  name ,=> -1.0
Key => Strategy
Value  name ,=> -1.0
Key => Parent Relationship
Value  name ,=> -1.0
Key => Plan Width
Value  name ,=> 44.0
Key => Actual Rows
Value  name ,=> 18348.0
Key => Actual Loops
Value  name ,=> 1.0
Key => Group Key
Value  name ,=> 3.0
Key => Plans
Value  name ,=> -1.0
Key => Node Type
Value  name ,=> -1.0
Key => Parent Relationship
Value  name ,=> -1.0
Key => Plan Width
Value  name ,=> 44.0
Key => Actual Rows
Value  name ,=> 119680.0
Key => Actual Loops
Value  name ,=> 1.0
Key => Sort Key
Value  name ,=> 3.0
Key => Sort Method
Value  name ,=> -1.0
Key => Sort Space Used
Value  name ,=> 6768.0
Key => Sort Space Type
Value  name ,=> -1.0
Key => Plans
Value  name ,=> -1.0
Key => Node Type
Value  name ,=> -1.0
Key => Parent Relationship
Value  name ,=> -1.0
Key => Join Type
Value  name ,=> -1.0
Key => Plan Width
Value  name ,=> 44.0
Key => Actual Rows
Value  name ,=> 119680.0
Key => Actual Loops
Value  name ,=> 1.0
Key => Hash Cond
Value  name ,=> -1.0
Key => Plans
Value  name ,=> -1.0
Key => Node Type
Value  name ,=> -1.0
Key => Parent Relationship
Value  name ,=> -1.0
Key => Relation Name
Value  name ,=> -1.0
Key => Alias
Value  name ,=> -1.0
Key => Plan Width
Value  name ,=> 16.0
Key => Actual Rows
Value  name ,=> 799680.0
Key => Actual Loops
Value  name ,=> 1.0
Key => Filter
Value  name ,=> -1.0
Key => Plans
Value  name ,=> -1.0
Key => Node Type
Value  name ,=> -1.0
Key => Parent Relationship
Value  name ,=> -1.0
Key => Subplan Name
Value  name ,=> -1.0
Key => Relation Name
Value  name ,=> -1.0
Key => Alias
Value  name ,=> -1.0
Key => Plan Width
Value  name ,=> 4.0
Key => Actual Rows
Value  name ,=> 4.0
Key => Actual Loops
Value  name ,=> 1.0
Key => Filter
Value  name ,=> -1.0
Data SeqScan , 1.0 4.0 4.0 9996.0 10.544
Added training data to files
Data SeqScan , 1.0 799680.0 16.0 320.0 4.0 4.0 632.924
Added training data to files
Key => Node Type
Value  name ,=> -1.0
Key => Parent Relationship
Value  name ,=> -1.0
Key => Plan Width
Value  name ,=> 40.0
Key => Actual Rows
Value  name ,=> 29931.0
Key => Actual Loops
Value  name ,=> 1.0
Key => Hash Buckets
Value  name ,=> 4096.0
Key => Hash Batches
Value  name ,=> 1.0
Key => Original Hash Batches
Value  name ,=> 1.0
Key => Peak Memory Usage
Value  name ,=> 2167.0
Key => Plans
Value  name ,=> -1.0
Key => Node Type
Value  name ,=> -1.0
Key => Parent Relationship
Value  name ,=> -1.0
Key => Relation Name
Value  name ,=> -1.0
Key => Alias
Value  name ,=> -1.0
Key => Plan Width
Value  name ,=> 40.0
Key => Actual Rows
Value  name ,=> 29931.0
Key => Actual Loops
Value  name ,=> 1.0
Key => Filter
Value  name ,=> -1.0
Data SeqScan , 1.0 29931.0 40.0 170069.0 235.761
Added training data to files
Data Hash , 1.0 29931.0 1.0 4096.0 1.0 2167.0 40.0 0.0 29931.0 40.0 259.587
Added training data to files
Data HashJoin , 1.0 119680.0 44.0 0.0 799680.0 16.0 29931.0 40.0 1354.777
Added training data to files
Data Sort-externalmerge , 1.0 119680.0 44.0 3.0 6768.0 0.0 119680.0 44.0 6452.141
Added training data to files
Data Aggregate-Sorted , 1.0 18348.0 3.0 44.0 0.0 119680.0 44.0 6664.647
Added training data to files
Data Sort-top-Nheapsort , 1.0 1.0 44.0 4.0 25.0 0.0 18348.0 44.0 6681.212
Added training data to files
Data Limit , 1.0 1.0 44.0 0.0 1.0 44.0 6681.214
Added training data to files
Training query 148 executed successfully
Executed command ,script returned :  Exit value of child process : 1
Query : 
select
	p_brand,
	p_type,
	p_size,
	count(distinct ps_suppkey) as supplier_cnt
from
	partsupp,
	part
where
	p_partkey = ps_partkey
	and p_brand <> 'Brand#51'
	and p_type not like 'MEDIUM BRUSHED%'
	and p_size in (7, 8, 35, 27, 4, 3, 44, 40)
	and ps_suppkey not in (
		select
			s_suppkey
		from
			supplier
		where
			s_comment like '%Customer%Complaints%'
	)
group by
	p_brand,
	p_type,
	p_size
order by
	supplier_cnt desc,
	p_brand,
	p_type,
	p_size
LIMIT 1;

Node output - Plan: 
    Node Type: "Limit"
    Startup Cost: 50491.13
    Total Cost: 50491.13
    Plan Rows: 1
    Plan Width: 44
    Actual Startup Time: 6111.920
    Actual Total Time: 6111.922
    Actual Rows: 1
    Actual Loops: 1
    Plans: 
      - Node Type: "Sort"
        Parent Relationship: "Outer"
        Startup Cost: 50491.13
        Total Cost: 50498.55
        Plan Rows: 2969
        Plan Width: 44
        Actual Startup Time: 6111.918
        Actual Total Time: 6111.918
        Actual Rows: 1
        Actual Loops: 1
        Sort Key: 
          - "(count(DISTINCT partsupp.ps_suppkey))"
          - "part.p_brand"
          - "part.p_type"
          - "part.p_size"
        Sort Method: "top-N heapsort"
        Sort Space Used: 25
        Sort Space Type: "Memory"
        Plans: 
          - Node Type: "Aggregate"
            Strategy: "Sorted"
            Parent Relationship: "Outer"
            Startup Cost: 49712.28
            Total Cost: 50476.29
            Plan Rows: 2969
            Plan Width: 44
            Actual Startup Time: 5241.036
            Actual Total Time: 6096.679
            Actual Rows: 18348
            Actual Loops: 1
            Group Key: 
              - "part.p_brand"
              - "part.p_type"
              - "part.p_size"
            Plans: 
              - Node Type: "Sort"
                Parent Relationship: "Outer"
                Startup Cost: 49712.28
                Total Cost: 49859.15
                Plan Rows: 58745
                Plan Width: 44
                Actual Startup Time: 5240.957
                Actual Total Time: 5901.291
                Actual Rows: 119680
                Actual Loops: 1
                Sort Key: 
                  - "part.p_brand"
                  - "part.p_type"
                  - "part.p_size"
                Sort Method: "external merge"
                Sort Space Used: 6768
                Sort Space Type: "Disk"
                Plans: 
                  - Node Type: "Hash Join"
                    Parent Relationship: "Outer"
                    Join Type: "Inner"
                    Startup Cost: 9825.09
                    Total Cost: 43249.54
                    Plan Rows: 58745
                    Plan Width: 44
                    Actual Startup Time: 235.086
                    Actual Total Time: 1226.358
                    Actual Rows: 119680
                    Actual Loops: 1
                    Hash Cond: "(partsupp.ps_partkey = part.p_partkey)"
                    Plans: 
                      - Node Type: "Seq Scan"
                        Parent Relationship: "Outer"
                        Relation Name: "partsupp"
                        Alias: "partsupp"
                        Startup Cost: 355.00
                        Total Cost: 28692.00
                        Plan Rows: 400000
                        Plan Width: 16
                        Actual Startup Time: 7.325
                        Actual Total Time: 573.273
                        Actual Rows: 799680
                        Actual Loops: 1
                        Filter: "(NOT (hashed SubPlan 1))"
                        Rows Removed by Filter: 320
                        Plans: 
                          - Node Type: "Seq Scan"
                            Parent Relationship: "SubPlan"
                            Subplan Name: "SubPlan 1"
                            Relation Name: "supplier"
                            Alias: "supplier"
                            Startup Cost: 0.00
                            Total Cost: 355.00
                            Plan Rows: 1
                            Plan Width: 4
                            Actual Startup Time: 0.266
                            Actual Total Time: 7.291
                            Actual Rows: 4
                            Actual Loops: 1
                            Filter: "((s_comment)::text ~~ '%Customer%Complaints%'::text)"
                            Rows Removed by Filter: 9996
                      - Node Type: "Hash"
                        Parent Relationship: "Inner"
                        Startup Cost: 9099.00
                        Total Cost: 9099.00
                        Plan Rows: 29687
                        Plan Width: 40
                        Actual Startup Time: 227.730
                        Actual Total Time: 227.730
                        Actual Rows: 29931
                        Actual Loops: 1
                        Hash Buckets: 4096
                        Hash Batches: 1
                        Original Hash Batches: 1
                        Peak Memory Usage: 2167
                        Plans: 
                          - Node Type: "Seq Scan"
                            Parent Relationship: "Outer"
                            Relation Name: "part"
                            Alias: "part"
                            Startup Cost: 0.00
                            Total Cost: 9099.00
                            Plan Rows: 29687
                            Plan Width: 40
                            Actual Startup Time: 0.016
                            Actual Total Time: 207.207
                            Actual Rows: 29931
                            Actual Loops: 1
                            Filter: "((p_brand <> 'Brand#51'::bpchar) AND ((p_type)::text !~~ 'MEDIUM BRUSHED%'::text) AND (p_size = ANY ('{7,8,35,27,4,3,44,40}'::integer[])))"
                            Rows Removed by Filter: 170069
  Planning Time: 0.941
  Triggers: 
  Execution Time: 6117.482
Key => Node Type
Value  name ,=> -1.0
Key => Plan Width
Value  name ,=> 44.0
Key => Actual Rows
Value  name ,=> 1.0
Key => Actual Loops
Value  name ,=> 1.0
Key => Plans
Value  name ,=> -1.0
Key => Node Type
Value  name ,=> -1.0
Key => Parent Relationship
Value  name ,=> -1.0
Key => Plan Width
Value  name ,=> 44.0
Key => Actual Rows
Value  name ,=> 1.0
Key => Actual Loops
Value  name ,=> 1.0
Key => Sort Key
Value  name ,=> 4.0
Key => Sort Method
Value  name ,=> -1.0
Key => Sort Space Used
Value  name ,=> 25.0
Key => Sort Space Type
Value  name ,=> -1.0
Key => Plans
Value  name ,=> -1.0
Key => Node Type
Value  name ,=> -1.0
Key => Strategy
Value  name ,=> -1.0
Key => Parent Relationship
Value  name ,=> -1.0
Key => Plan Width
Value  name ,=> 44.0
Key => Actual Rows
Value  name ,=> 18348.0
Key => Actual Loops
Value  name ,=> 1.0
Key => Group Key
Value  name ,=> 3.0
Key => Plans
Value  name ,=> -1.0
Key => Node Type
Value  name ,=> -1.0
Key => Parent Relationship
Value  name ,=> -1.0
Key => Plan Width
Value  name ,=> 44.0
Key => Actual Rows
Value  name ,=> 119680.0
Key => Actual Loops
Value  name ,=> 1.0
Key => Sort Key
Value  name ,=> 3.0
Key => Sort Method
Value  name ,=> -1.0
Key => Sort Space Used
Value  name ,=> 6768.0
Key => Sort Space Type
Value  name ,=> -1.0
Key => Plans
Value  name ,=> -1.0
Key => Node Type
Value  name ,=> -1.0
Key => Parent Relationship
Value  name ,=> -1.0
Key => Join Type
Value  name ,=> -1.0
Key => Plan Width
Value  name ,=> 44.0
Key => Actual Rows
Value  name ,=> 119680.0
Key => Actual Loops
Value  name ,=> 1.0
Key => Hash Cond
Value  name ,=> -1.0
Key => Plans
Value  name ,=> -1.0
Key => Node Type
Value  name ,=> -1.0
Key => Parent Relationship
Value  name ,=> -1.0
Key => Relation Name
Value  name ,=> -1.0
Key => Alias
Value  name ,=> -1.0
Key => Plan Width
Value  name ,=> 16.0
Key => Actual Rows
Value  name ,=> 799680.0
Key => Actual Loops
Value  name ,=> 1.0
Key => Filter
Value  name ,=> -1.0
Key => Plans
Value  name ,=> -1.0
Key => Node Type
Value  name ,=> -1.0
Key => Parent Relationship
Value  name ,=> -1.0
Key => Subplan Name
Value  name ,=> -1.0
Key => Relation Name
Value  name ,=> -1.0
Key => Alias
Value  name ,=> -1.0
Key => Plan Width
Value  name ,=> 4.0
Key => Actual Rows
Value  name ,=> 4.0
Key => Actual Loops
Value  name ,=> 1.0
Key => Filter
Value  name ,=> -1.0
Data SeqScan , 1.0 4.0 4.0 9996.0 7.291
Added training data to files
Data SeqScan , 1.0 799680.0 16.0 320.0 4.0 4.0 573.273
Added training data to files
Key => Node Type
Value  name ,=> -1.0
Key => Parent Relationship
Value  name ,=> -1.0
Key => Plan Width
Value  name ,=> 40.0
Key => Actual Rows
Value  name ,=> 29931.0
Key => Actual Loops
Value  name ,=> 1.0
Key => Hash Buckets
Value  name ,=> 4096.0
Key => Hash Batches
Value  name ,=> 1.0
Key => Original Hash Batches
Value  name ,=> 1.0
Key => Peak Memory Usage
Value  name ,=> 2167.0
Key => Plans
Value  name ,=> -1.0
Key => Node Type
Value  name ,=> -1.0
Key => Parent Relationship
Value  name ,=> -1.0
Key => Relation Name
Value  name ,=> -1.0
Key => Alias
Value  name ,=> -1.0
Key => Plan Width
Value  name ,=> 40.0
Key => Actual Rows
Value  name ,=> 29931.0
Key => Actual Loops
Value  name ,=> 1.0
Key => Filter
Value  name ,=> -1.0
Data SeqScan , 1.0 29931.0 40.0 170069.0 207.207
Added training data to files
Data Hash , 1.0 29931.0 1.0 4096.0 1.0 2167.0 40.0 0.0 29931.0 40.0 227.73
Added training data to files
Data HashJoin , 1.0 119680.0 44.0 0.0 799680.0 16.0 29931.0 40.0 1226.358
Added training data to files
Data Sort-externalmerge , 1.0 119680.0 44.0 3.0 6768.0 0.0 119680.0 44.0 5901.291
Added training data to files
Data Aggregate-Sorted , 1.0 18348.0 3.0 44.0 0.0 119680.0 44.0 6096.679
Added training data to files
Data Sort-top-Nheapsort , 1.0 1.0 44.0 4.0 25.0 0.0 18348.0 44.0 6111.918
Added training data to files
Data Limit , 1.0 1.0 44.0 0.0 1.0 44.0 6111.922
Added training data to files
Training query 149 executed successfully
Executed command ,script returned :  Exit value of child process : 1
Query : 
select
	sum(l_extendedprice) / 7.0 as avg_yearly
from
	lineitem,
	part,
	(SELECT l_partkey AS agg_partkey, 0.2 * avg(l_quantity) AS avg_quantity FROM lineitem GROUP BY l_partkey) part_agg
where
	p_partkey = l_partkey
	and agg_partkey = l_partkey
	and p_brand = 'Brand#13'
	and p_container = 'SM PKG'
	and l_quantity < avg_quantity
LIMIT 1;

Node output - Plan: 
    Node Type: "Limit"
    Startup Cost: 715094.47
    Total Cost: 715094.48
    Plan Rows: 1
    Plan Width: 8
    Actual Startup Time: 48284.567
    Actual Total Time: 48284.568
    Actual Rows: 1
    Actual Loops: 1
    Plans: 
      - Node Type: "Aggregate"
        Strategy: "Plain"
        Parent Relationship: "Outer"
        Startup Cost: 715094.47
        Total Cost: 715094.48
        Plan Rows: 1
        Plan Width: 8
        Actual Startup Time: 48284.564
        Actual Total Time: 48284.564
        Actual Rows: 1
        Actual Loops: 1
        Plans: 
          - Node Type: "Nested Loop"
            Parent Relationship: "Outer"
            Join Type: "Inner"
            Startup Cost: 1.29
            Total Cost: 715089.65
            Plan Rows: 1925
            Plan Width: 8
            Actual Startup Time: 77.699
            Actual Total Time: 48283.676
            Actual Rows: 583
            Actual Loops: 1
            Join Filter: "(part.p_partkey = lineitem.l_partkey)"
            Rows Removed by Join Filter: 0
            Plans: 
              - Node Type: "Merge Join"
                Parent Relationship: "Outer"
                Join Type: "Inner"
                Startup Cost: 0.85
                Total Cost: 714277.27
                Plan Rows: 192
                Plan Width: 44
                Actual Startup Time: 77.655
                Actual Total Time: 48263.698
                Actual Rows: 213
                Actual Loops: 1
                Merge Cond: "(lineitem_1.l_partkey = part.p_partkey)"
                Plans: 
                  - Node Type: "Aggregate"
                    Strategy: "Sorted"
                    Parent Relationship: "Outer"
                    Startup Cost: 0.43
                    Total Cost: 701538.23
                    Plan Rows: 194416
                    Plan Width: 13
                    Actual Startup Time: 0.293
                    Actual Total Time: 47972.922
                    Actual Rows: 197115
                    Actual Loops: 1
                    Group Key: 
                      - "lineitem_1.l_partkey"
                    Plans: 
                      - Node Type: "Index Scan"
                        Parent Relationship: "Outer"
                        Scan Direction: "Forward"
                        Index Name: "idx_lineitem_part_supp"
                        Relation Name: "lineitem"
                        Alias: "lineitem_1"
                        Startup Cost: 0.43
                        Total Cost: 668615.92
                        Plan Rows: 6001215
                        Plan Width: 13
                        Actual Startup Time: 0.016
                        Actual Total Time: 39400.623
                        Actual Rows: 5914538
                        Actual Loops: 1
                  - Node Type: "Index Scan"
                    Parent Relationship: "Inner"
                    Scan Direction: "Forward"
                    Index Name: "part_pkey"
                    Relation Name: "part"
                    Alias: "part"
                    Startup Cost: 0.42
                    Total Cost: 10306.42
                    Plan Rows: 198
                    Plan Width: 4
                    Actual Startup Time: 0.230
                    Actual Total Time: 178.148
                    Actual Rows: 213
                    Actual Loops: 1
                    Filter: "((p_brand = 'Brand#13'::bpchar) AND (p_container = 'SM PKG'::bpchar))"
                    Rows Removed by Filter: 199787
              - Node Type: "Index Scan"
                Parent Relationship: "Inner"
                Scan Direction: "Forward"
                Index Name: "idx_lineitem_part_supp"
                Relation Name: "lineitem"
                Alias: "lineitem"
                Startup Cost: 0.43
                Total Cost: 4.11
                Plan Rows: 10
                Plan Width: 21
                Actual Startup Time: 0.046
                Actual Total Time: 0.084
                Actual Rows: 3
                Actual Loops: 213
                Index Cond: "(l_partkey = lineitem_1.l_partkey)"
                Rows Removed by Index Recheck: 0
                Filter: "(l_quantity < ((0.2 * avg(lineitem_1.l_quantity))))"
                Rows Removed by Filter: 27
  Planning Time: 2.107
  Triggers: 
  Execution Time: 48284.754
Key => Node Type
Value  name ,=> -1.0
Key => Plan Width
Value  name ,=> 8.0
Key => Actual Rows
Value  name ,=> 1.0
Key => Actual Loops
Value  name ,=> 1.0
Key => Plans
Value  name ,=> -1.0
Key => Node Type
Value  name ,=> -1.0
Key => Strategy
Value  name ,=> -1.0
Key => Parent Relationship
Value  name ,=> -1.0
Key => Plan Width
Value  name ,=> 8.0
Key => Actual Rows
Value  name ,=> 1.0
Key => Actual Loops
Value  name ,=> 1.0
Key => Plans
Value  name ,=> -1.0
Key => Node Type
Value  name ,=> -1.0
Key => Parent Relationship
Value  name ,=> -1.0
Key => Join Type
Value  name ,=> -1.0
Key => Plan Width
Value  name ,=> 8.0
Key => Actual Rows
Value  name ,=> 583.0
Key => Actual Loops
Value  name ,=> 1.0
Key => Join Filter
Value  name ,=> -1.0
Key => Plans
Value  name ,=> -1.0
Key => Node Type
Value  name ,=> -1.0
Key => Parent Relationship
Value  name ,=> -1.0
Key => Join Type
Value  name ,=> -1.0
Key => Plan Width
Value  name ,=> 44.0
Key => Actual Rows
Value  name ,=> 213.0
Key => Actual Loops
Value  name ,=> 1.0
Key => Merge Cond
Value  name ,=> -1.0
Key => Plans
Value  name ,=> -1.0
Key => Node Type
Value  name ,=> -1.0
Key => Strategy
Value  name ,=> -1.0
Key => Parent Relationship
Value  name ,=> -1.0
Key => Plan Width
Value  name ,=> 13.0
Key => Actual Rows
Value  name ,=> 197115.0
Key => Actual Loops
Value  name ,=> 1.0
Key => Group Key
Value  name ,=> 1.0
Key => Plans
Value  name ,=> -1.0
Key => Node Type
Value  name ,=> -1.0
Key => Parent Relationship
Value  name ,=> -1.0
Key => Scan Direction
Value  name ,=> -1.0
Key => Index Name
Value  name ,=> -1.0
Key => Relation Name
Value  name ,=> -1.0
Key => Alias
Value  name ,=> -1.0
Key => Plan Width
Value  name ,=> 13.0
Key => Actual Rows
Value  name ,=> 5914538.0
Key => Actual Loops
Value  name ,=> 1.0
Data IndexScan , 1.0 5914538.0 13.0 0.0 39400.623
Added training data to files
Data Aggregate-Sorted , 1.0 197115.0 1.0 13.0 0.0 5914538.0 13.0 47972.922
Added training data to files
Key => Node Type
Value  name ,=> -1.0
Key => Parent Relationship
Value  name ,=> -1.0
Key => Scan Direction
Value  name ,=> -1.0
Key => Index Name
Value  name ,=> -1.0
Key => Relation Name
Value  name ,=> -1.0
Key => Alias
Value  name ,=> -1.0
Key => Plan Width
Value  name ,=> 4.0
Key => Actual Rows
Value  name ,=> 213.0
Key => Actual Loops
Value  name ,=> 1.0
Key => Filter
Value  name ,=> -1.0
Data IndexScan , 1.0 213.0 4.0 199787.0 178.148
Added training data to files
Data MergeJoin , 1.0 213.0 44.0 0.0 197115.0 13.0 213.0 4.0 48263.698
Added training data to files
Key => Node Type
Value  name ,=> -1.0
Key => Parent Relationship
Value  name ,=> -1.0
Key => Scan Direction
Value  name ,=> -1.0
Key => Index Name
Value  name ,=> -1.0
Key => Relation Name
Value  name ,=> -1.0
Key => Alias
Value  name ,=> -1.0
Key => Plan Width
Value  name ,=> 21.0
Key => Actual Rows
Value  name ,=> 3.0
Key => Actual Loops
Value  name ,=> 213.0
Key => Index Cond
Value  name ,=> -1.0
Key => Rows Removed by Index Recheck
Value  name ,=> 0.0
Key => Filter
Value  name ,=> -1.0
Data IndexScan , 213.0 3.0 21.0 27.0 0.0 0.084
Added training data to files
Data NestedLoopIndexScan , 1.0 583.0 8.0 0.0 213.0 44.0 3.0 21.0 48283.676
Added training data to files
Data Aggregate-Plain , 1.0 1.0 8.0 0.0 583.0 8.0 48284.564
Added training data to files
Data Limit , 1.0 1.0 8.0 0.0 1.0 8.0 48284.568
Added training data to files
Training query 150 executed successfully
Executed command ,script returned :  Exit value of child process : 1
Query : 
select
	sum(l_extendedprice) / 7.0 as avg_yearly
from
	lineitem,
	part,
	(SELECT l_partkey AS agg_partkey, 0.2 * avg(l_quantity) AS avg_quantity FROM lineitem GROUP BY l_partkey) part_agg
where
	p_partkey = l_partkey
	and agg_partkey = l_partkey
	and p_brand = 'Brand#13'
	and p_container = 'SM PKG'
	and l_quantity < avg_quantity
LIMIT 1;

Node output - Plan: 
    Node Type: "Limit"
    Startup Cost: 715094.47
    Total Cost: 715094.48
    Plan Rows: 1
    Plan Width: 8
    Actual Startup Time: 44902.821
    Actual Total Time: 44902.821
    Actual Rows: 1
    Actual Loops: 1
    Plans: 
      - Node Type: "Aggregate"
        Strategy: "Plain"
        Parent Relationship: "Outer"
        Startup Cost: 715094.47
        Total Cost: 715094.48
        Plan Rows: 1
        Plan Width: 8
        Actual Startup Time: 44902.819
        Actual Total Time: 44902.819
        Actual Rows: 1
        Actual Loops: 1
        Plans: 
          - Node Type: "Nested Loop"
            Parent Relationship: "Outer"
            Join Type: "Inner"
            Startup Cost: 1.29
            Total Cost: 715089.65
            Plan Rows: 1925
            Plan Width: 8
            Actual Startup Time: 63.138
            Actual Total Time: 44902.003
            Actual Rows: 583
            Actual Loops: 1
            Join Filter: "(part.p_partkey = lineitem.l_partkey)"
            Rows Removed by Join Filter: 0
            Plans: 
              - Node Type: "Merge Join"
                Parent Relationship: "Outer"
                Join Type: "Inner"
                Startup Cost: 0.85
                Total Cost: 714277.27
                Plan Rows: 192
                Plan Width: 44
                Actual Startup Time: 63.094
                Actual Total Time: 44883.629
                Actual Rows: 213
                Actual Loops: 1
                Merge Cond: "(lineitem_1.l_partkey = part.p_partkey)"
                Plans: 
                  - Node Type: "Aggregate"
                    Strategy: "Sorted"
                    Parent Relationship: "Outer"
                    Startup Cost: 0.43
                    Total Cost: 701538.23
                    Plan Rows: 194416
                    Plan Width: 13
                    Actual Startup Time: 0.246
                    Actual Total Time: 44614.533
                    Actual Rows: 197115
                    Actual Loops: 1
                    Group Key: 
                      - "lineitem_1.l_partkey"
                    Plans: 
                      - Node Type: "Index Scan"
                        Parent Relationship: "Outer"
                        Scan Direction: "Forward"
                        Index Name: "idx_lineitem_part_supp"
                        Relation Name: "lineitem"
                        Alias: "lineitem_1"
                        Startup Cost: 0.43
                        Total Cost: 668615.92
                        Plan Rows: 6001215
                        Plan Width: 13
                        Actual Startup Time: 0.015
                        Actual Total Time: 36682.941
                        Actual Rows: 5914538
                        Actual Loops: 1
                  - Node Type: "Index Scan"
                    Parent Relationship: "Inner"
                    Scan Direction: "Forward"
                    Index Name: "part_pkey"
                    Relation Name: "part"
                    Alias: "part"
                    Startup Cost: 0.42
                    Total Cost: 10306.42
                    Plan Rows: 198
                    Plan Width: 4
                    Actual Startup Time: 0.233
                    Actual Total Time: 167.197
                    Actual Rows: 213
                    Actual Loops: 1
                    Filter: "((p_brand = 'Brand#13'::bpchar) AND (p_container = 'SM PKG'::bpchar))"
                    Rows Removed by Filter: 199787
              - Node Type: "Index Scan"
                Parent Relationship: "Inner"
                Scan Direction: "Forward"
                Index Name: "idx_lineitem_part_supp"
                Relation Name: "lineitem"
                Alias: "lineitem"
                Startup Cost: 0.43
                Total Cost: 4.11
                Plan Rows: 10
                Plan Width: 21
                Actual Startup Time: 0.042
                Actual Total Time: 0.077
                Actual Rows: 3
                Actual Loops: 213
                Index Cond: "(l_partkey = lineitem_1.l_partkey)"
                Rows Removed by Index Recheck: 0
                Filter: "(l_quantity < ((0.2 * avg(lineitem_1.l_quantity))))"
                Rows Removed by Filter: 27
  Planning Time: 1.205
  Triggers: 
  Execution Time: 44902.967
Key => Node Type
Value  name ,=> -1.0
Key => Plan Width
Value  name ,=> 8.0
Key => Actual Rows
Value  name ,=> 1.0
Key => Actual Loops
Value  name ,=> 1.0
Key => Plans
Value  name ,=> -1.0
Key => Node Type
Value  name ,=> -1.0
Key => Strategy
Value  name ,=> -1.0
Key => Parent Relationship
Value  name ,=> -1.0
Key => Plan Width
Value  name ,=> 8.0
Key => Actual Rows
Value  name ,=> 1.0
Key => Actual Loops
Value  name ,=> 1.0
Key => Plans
Value  name ,=> -1.0
Key => Node Type
Value  name ,=> -1.0
Key => Parent Relationship
Value  name ,=> -1.0
Key => Join Type
Value  name ,=> -1.0
Key => Plan Width
Value  name ,=> 8.0
Key => Actual Rows
Value  name ,=> 583.0
Key => Actual Loops
Value  name ,=> 1.0
Key => Join Filter
Value  name ,=> -1.0
Key => Plans
Value  name ,=> -1.0
Key => Node Type
Value  name ,=> -1.0
Key => Parent Relationship
Value  name ,=> -1.0
Key => Join Type
Value  name ,=> -1.0
Key => Plan Width
Value  name ,=> 44.0
Key => Actual Rows
Value  name ,=> 213.0
Key => Actual Loops
Value  name ,=> 1.0
Key => Merge Cond
Value  name ,=> -1.0
Key => Plans
Value  name ,=> -1.0
Key => Node Type
Value  name ,=> -1.0
Key => Strategy
Value  name ,=> -1.0
Key => Parent Relationship
Value  name ,=> -1.0
Key => Plan Width
Value  name ,=> 13.0
Key => Actual Rows
Value  name ,=> 197115.0
Key => Actual Loops
Value  name ,=> 1.0
Key => Group Key
Value  name ,=> 1.0
Key => Plans
Value  name ,=> -1.0
Key => Node Type
Value  name ,=> -1.0
Key => Parent Relationship
Value  name ,=> -1.0
Key => Scan Direction
Value  name ,=> -1.0
Key => Index Name
Value  name ,=> -1.0
Key => Relation Name
Value  name ,=> -1.0
Key => Alias
Value  name ,=> -1.0
Key => Plan Width
Value  name ,=> 13.0
Key => Actual Rows
Value  name ,=> 5914538.0
Key => Actual Loops
Value  name ,=> 1.0
Data IndexScan , 1.0 5914538.0 13.0 0.0 36682.941
Added training data to files
Data Aggregate-Sorted , 1.0 197115.0 1.0 13.0 0.0 5914538.0 13.0 44614.533
Added training data to files
Key => Node Type
Value  name ,=> -1.0
Key => Parent Relationship
Value  name ,=> -1.0
Key => Scan Direction
Value  name ,=> -1.0
Key => Index Name
Value  name ,=> -1.0
Key => Relation Name
Value  name ,=> -1.0
Key => Alias
Value  name ,=> -1.0
Key => Plan Width
Value  name ,=> 4.0
Key => Actual Rows
Value  name ,=> 213.0
Key => Actual Loops
Value  name ,=> 1.0
Key => Filter
Value  name ,=> -1.0
Data IndexScan , 1.0 213.0 4.0 199787.0 167.197
Added training data to files
Data MergeJoin , 1.0 213.0 44.0 0.0 197115.0 13.0 213.0 4.0 44883.629
Added training data to files
Key => Node Type
Value  name ,=> -1.0
Key => Parent Relationship
Value  name ,=> -1.0
Key => Scan Direction
Value  name ,=> -1.0
Key => Index Name
Value  name ,=> -1.0
Key => Relation Name
Value  name ,=> -1.0
Key => Alias
Value  name ,=> -1.0
Key => Plan Width
Value  name ,=> 21.0
Key => Actual Rows
Value  name ,=> 3.0
Key => Actual Loops
Value  name ,=> 213.0
Key => Index Cond
Value  name ,=> -1.0
Key => Rows Removed by Index Recheck
Value  name ,=> 0.0
Key => Filter
Value  name ,=> -1.0
Data IndexScan , 213.0 3.0 21.0 27.0 0.0 0.077
Added training data to files
Data NestedLoopIndexScan , 1.0 583.0 8.0 0.0 213.0 44.0 3.0 21.0 44902.003
Added training data to files
Data Aggregate-Plain , 1.0 1.0 8.0 0.0 583.0 8.0 44902.819
Added training data to files
Data Limit , 1.0 1.0 8.0 0.0 1.0 8.0 44902.821
Added training data to files
Training query 151 executed successfully
Executed command ,script returned :  Exit value of child process : 1
Query : 
select
	sum(l_extendedprice) / 7.0 as avg_yearly
from
	lineitem,
	part,
	(SELECT l_partkey AS agg_partkey, 0.2 * avg(l_quantity) AS avg_quantity FROM lineitem GROUP BY l_partkey) part_agg
where
	p_partkey = l_partkey
	and agg_partkey = l_partkey
	and p_brand = 'Brand#13'
	and p_container = 'SM PKG'
	and l_quantity < avg_quantity
LIMIT 1;

Node output - Plan: 
    Node Type: "Limit"
    Startup Cost: 715094.47
    Total Cost: 715094.48
    Plan Rows: 1
    Plan Width: 8
    Actual Startup Time: 44570.132
    Actual Total Time: 44570.133
    Actual Rows: 1
    Actual Loops: 1
    Plans: 
      - Node Type: "Aggregate"
        Strategy: "Plain"
        Parent Relationship: "Outer"
        Startup Cost: 715094.47
        Total Cost: 715094.48
        Plan Rows: 1
        Plan Width: 8
        Actual Startup Time: 44570.129
        Actual Total Time: 44570.129
        Actual Rows: 1
        Actual Loops: 1
        Plans: 
          - Node Type: "Nested Loop"
            Parent Relationship: "Outer"
            Join Type: "Inner"
            Startup Cost: 1.29
            Total Cost: 715089.65
            Plan Rows: 1925
            Plan Width: 8
            Actual Startup Time: 96.149
            Actual Total Time: 44569.339
            Actual Rows: 583
            Actual Loops: 1
            Join Filter: "(part.p_partkey = lineitem.l_partkey)"
            Rows Removed by Join Filter: 0
            Plans: 
              - Node Type: "Merge Join"
                Parent Relationship: "Outer"
                Join Type: "Inner"
                Startup Cost: 0.85
                Total Cost: 714277.27
                Plan Rows: 192
                Plan Width: 44
                Actual Startup Time: 96.094
                Actual Total Time: 44551.183
                Actual Rows: 213
                Actual Loops: 1
                Merge Cond: "(lineitem_1.l_partkey = part.p_partkey)"
                Plans: 
                  - Node Type: "Aggregate"
                    Strategy: "Sorted"
                    Parent Relationship: "Outer"
                    Startup Cost: 0.43
                    Total Cost: 701538.23
                    Plan Rows: 194416
                    Plan Width: 13
                    Actual Startup Time: 0.658
                    Actual Total Time: 44291.403
                    Actual Rows: 197115
                    Actual Loops: 1
                    Group Key: 
                      - "lineitem_1.l_partkey"
                    Plans: 
                      - Node Type: "Index Scan"
                        Parent Relationship: "Outer"
                        Scan Direction: "Forward"
                        Index Name: "idx_lineitem_part_supp"
                        Relation Name: "lineitem"
                        Alias: "lineitem_1"
                        Startup Cost: 0.43
                        Total Cost: 668615.92
                        Plan Rows: 6001215
                        Plan Width: 13
                        Actual Startup Time: 0.043
                        Actual Total Time: 36374.720
                        Actual Rows: 5914538
                        Actual Loops: 1
                  - Node Type: "Index Scan"
                    Parent Relationship: "Inner"
                    Scan Direction: "Forward"
                    Index Name: "part_pkey"
                    Relation Name: "part"
                    Alias: "part"
                    Startup Cost: 0.42
                    Total Cost: 10306.42
                    Plan Rows: 198
                    Plan Width: 4
                    Actual Startup Time: 0.449
                    Actual Total Time: 157.197
                    Actual Rows: 213
                    Actual Loops: 1
                    Filter: "((p_brand = 'Brand#13'::bpchar) AND (p_container = 'SM PKG'::bpchar))"
                    Rows Removed by Filter: 199787
              - Node Type: "Index Scan"
                Parent Relationship: "Inner"
                Scan Direction: "Forward"
                Index Name: "idx_lineitem_part_supp"
                Relation Name: "lineitem"
                Alias: "lineitem"
                Startup Cost: 0.43
                Total Cost: 4.11
                Plan Rows: 10
                Plan Width: 21
                Actual Startup Time: 0.041
                Actual Total Time: 0.077
                Actual Rows: 3
                Actual Loops: 213
                Index Cond: "(l_partkey = lineitem_1.l_partkey)"
                Rows Removed by Index Recheck: 0
                Filter: "(l_quantity < ((0.2 * avg(lineitem_1.l_quantity))))"
                Rows Removed by Filter: 27
  Planning Time: 3.260
  Triggers: 
  Execution Time: 44570.450
Key => Node Type
Value  name ,=> -1.0
Key => Plan Width
Value  name ,=> 8.0
Key => Actual Rows
Value  name ,=> 1.0
Key => Actual Loops
Value  name ,=> 1.0
Key => Plans
Value  name ,=> -1.0
Key => Node Type
Value  name ,=> -1.0
Key => Strategy
Value  name ,=> -1.0
Key => Parent Relationship
Value  name ,=> -1.0
Key => Plan Width
Value  name ,=> 8.0
Key => Actual Rows
Value  name ,=> 1.0
Key => Actual Loops
Value  name ,=> 1.0
Key => Plans
Value  name ,=> -1.0
Key => Node Type
Value  name ,=> -1.0
Key => Parent Relationship
Value  name ,=> -1.0
Key => Join Type
Value  name ,=> -1.0
Key => Plan Width
Value  name ,=> 8.0
Key => Actual Rows
Value  name ,=> 583.0
Key => Actual Loops
Value  name ,=> 1.0
Key => Join Filter
Value  name ,=> -1.0
Key => Plans
Value  name ,=> -1.0
Key => Node Type
Value  name ,=> -1.0
Key => Parent Relationship
Value  name ,=> -1.0
Key => Join Type
Value  name ,=> -1.0
Key => Plan Width
Value  name ,=> 44.0
Key => Actual Rows
Value  name ,=> 213.0
Key => Actual Loops
Value  name ,=> 1.0
Key => Merge Cond
Value  name ,=> -1.0
Key => Plans
Value  name ,=> -1.0
Key => Node Type
Value  name ,=> -1.0
Key => Strategy
Value  name ,=> -1.0
Key => Parent Relationship
Value  name ,=> -1.0
Key => Plan Width
Value  name ,=> 13.0
Key => Actual Rows
Value  name ,=> 197115.0
Key => Actual Loops
Value  name ,=> 1.0
Key => Group Key
Value  name ,=> 1.0
Key => Plans
Value  name ,=> -1.0
Key => Node Type
Value  name ,=> -1.0
Key => Parent Relationship
Value  name ,=> -1.0
Key => Scan Direction
Value  name ,=> -1.0
Key => Index Name
Value  name ,=> -1.0
Key => Relation Name
Value  name ,=> -1.0
Key => Alias
Value  name ,=> -1.0
Key => Plan Width
Value  name ,=> 13.0
Key => Actual Rows
Value  name ,=> 5914538.0
Key => Actual Loops
Value  name ,=> 1.0
Data IndexScan , 1.0 5914538.0 13.0 0.0 36374.72
Added training data to files
Data Aggregate-Sorted , 1.0 197115.0 1.0 13.0 0.0 5914538.0 13.0 44291.403
Added training data to files
Key => Node Type
Value  name ,=> -1.0
Key => Parent Relationship
Value  name ,=> -1.0
Key => Scan Direction
Value  name ,=> -1.0
Key => Index Name
Value  name ,=> -1.0
Key => Relation Name
Value  name ,=> -1.0
Key => Alias
Value  name ,=> -1.0
Key => Plan Width
Value  name ,=> 4.0
Key => Actual Rows
Value  name ,=> 213.0
Key => Actual Loops
Value  name ,=> 1.0
Key => Filter
Value  name ,=> -1.0
Data IndexScan , 1.0 213.0 4.0 199787.0 157.197
Added training data to files
Data MergeJoin , 1.0 213.0 44.0 0.0 197115.0 13.0 213.0 4.0 44551.183
Added training data to files
Key => Node Type
Value  name ,=> -1.0
Key => Parent Relationship
Value  name ,=> -1.0
Key => Scan Direction
Value  name ,=> -1.0
Key => Index Name
Value  name ,=> -1.0
Key => Relation Name
Value  name ,=> -1.0
Key => Alias
Value  name ,=> -1.0
Key => Plan Width
Value  name ,=> 21.0
Key => Actual Rows
Value  name ,=> 3.0
Key => Actual Loops
Value  name ,=> 213.0
Key => Index Cond
Value  name ,=> -1.0
Key => Rows Removed by Index Recheck
Value  name ,=> 0.0
Key => Filter
Value  name ,=> -1.0
Data IndexScan , 213.0 3.0 21.0 27.0 0.0 0.077
Added training data to files
Data NestedLoopIndexScan , 1.0 583.0 8.0 0.0 213.0 44.0 3.0 21.0 44569.339
Added training data to files
Data Aggregate-Plain , 1.0 1.0 8.0 0.0 583.0 8.0 44570.129
Added training data to files
Data Limit , 1.0 1.0 8.0 0.0 1.0 8.0 44570.133
Added training data to files
Training query 152 executed successfully
Executed command ,script returned :  Exit value of child process : 1
Query : 
select
	sum(l_extendedprice) / 7.0 as avg_yearly
from
	lineitem,
	part,
	(SELECT l_partkey AS agg_partkey, 0.2 * avg(l_quantity) AS avg_quantity FROM lineitem GROUP BY l_partkey) part_agg
where
	p_partkey = l_partkey
	and agg_partkey = l_partkey
	and p_brand = 'Brand#13'
	and p_container = 'SM PKG'
	and l_quantity < avg_quantity
LIMIT 1;

Node output - Plan: 
    Node Type: "Limit"
    Startup Cost: 715094.47
    Total Cost: 715094.48
    Plan Rows: 1
    Plan Width: 8
    Actual Startup Time: 47411.882
    Actual Total Time: 47411.883
    Actual Rows: 1
    Actual Loops: 1
    Plans: 
      - Node Type: "Aggregate"
        Strategy: "Plain"
        Parent Relationship: "Outer"
        Startup Cost: 715094.47
        Total Cost: 715094.48
        Plan Rows: 1
        Plan Width: 8
        Actual Startup Time: 47411.880
        Actual Total Time: 47411.880
        Actual Rows: 1
        Actual Loops: 1
        Plans: 
          - Node Type: "Nested Loop"
            Parent Relationship: "Outer"
            Join Type: "Inner"
            Startup Cost: 1.29
            Total Cost: 715089.65
            Plan Rows: 1925
            Plan Width: 8
            Actual Startup Time: 65.126
            Actual Total Time: 47411.037
            Actual Rows: 583
            Actual Loops: 1
            Join Filter: "(part.p_partkey = lineitem.l_partkey)"
            Rows Removed by Join Filter: 0
            Plans: 
              - Node Type: "Merge Join"
                Parent Relationship: "Outer"
                Join Type: "Inner"
                Startup Cost: 0.85
                Total Cost: 714277.27
                Plan Rows: 192
                Plan Width: 44
                Actual Startup Time: 65.081
                Actual Total Time: 47391.808
                Actual Rows: 213
                Actual Loops: 1
                Merge Cond: "(lineitem_1.l_partkey = part.p_partkey)"
                Plans: 
                  - Node Type: "Aggregate"
                    Strategy: "Sorted"
                    Parent Relationship: "Outer"
                    Startup Cost: 0.43
                    Total Cost: 701538.23
                    Plan Rows: 194416
                    Plan Width: 13
                    Actual Startup Time: 0.243
                    Actual Total Time: 47115.642
                    Actual Rows: 197115
                    Actual Loops: 1
                    Group Key: 
                      - "lineitem_1.l_partkey"
                    Plans: 
                      - Node Type: "Index Scan"
                        Parent Relationship: "Outer"
                        Scan Direction: "Forward"
                        Index Name: "idx_lineitem_part_supp"
                        Relation Name: "lineitem"
                        Alias: "lineitem_1"
                        Startup Cost: 0.43
                        Total Cost: 668615.92
                        Plan Rows: 6001215
                        Plan Width: 13
                        Actual Startup Time: 0.014
                        Actual Total Time: 38542.402
                        Actual Rows: 5914538
                        Actual Loops: 1
                  - Node Type: "Index Scan"
                    Parent Relationship: "Inner"
                    Scan Direction: "Forward"
                    Index Name: "part_pkey"
                    Relation Name: "part"
                    Alias: "part"
                    Startup Cost: 0.42
                    Total Cost: 10306.42
                    Plan Rows: 198
                    Plan Width: 4
                    Actual Startup Time: 0.219
                    Actual Total Time: 166.015
                    Actual Rows: 213
                    Actual Loops: 1
                    Filter: "((p_brand = 'Brand#13'::bpchar) AND (p_container = 'SM PKG'::bpchar))"
                    Rows Removed by Filter: 199787
              - Node Type: "Index Scan"
                Parent Relationship: "Inner"
                Scan Direction: "Forward"
                Index Name: "idx_lineitem_part_supp"
                Relation Name: "lineitem"
                Alias: "lineitem"
                Startup Cost: 0.43
                Total Cost: 4.11
                Plan Rows: 10
                Plan Width: 21
                Actual Startup Time: 0.044
                Actual Total Time: 0.082
                Actual Rows: 3
                Actual Loops: 213
                Index Cond: "(l_partkey = lineitem_1.l_partkey)"
                Rows Removed by Index Recheck: 0
                Filter: "(l_quantity < ((0.2 * avg(lineitem_1.l_quantity))))"
                Rows Removed by Filter: 27
  Planning Time: 1.138
  Triggers: 
  Execution Time: 47412.031
Key => Node Type
Value  name ,=> -1.0
Key => Plan Width
Value  name ,=> 8.0
Key => Actual Rows
Value  name ,=> 1.0
Key => Actual Loops
Value  name ,=> 1.0
Key => Plans
Value  name ,=> -1.0
Key => Node Type
Value  name ,=> -1.0
Key => Strategy
Value  name ,=> -1.0
Key => Parent Relationship
Value  name ,=> -1.0
Key => Plan Width
Value  name ,=> 8.0
Key => Actual Rows
Value  name ,=> 1.0
Key => Actual Loops
Value  name ,=> 1.0
Key => Plans
Value  name ,=> -1.0
Key => Node Type
Value  name ,=> -1.0
Key => Parent Relationship
Value  name ,=> -1.0
Key => Join Type
Value  name ,=> -1.0
Key => Plan Width
Value  name ,=> 8.0
Key => Actual Rows
Value  name ,=> 583.0
Key => Actual Loops
Value  name ,=> 1.0
Key => Join Filter
Value  name ,=> -1.0
Key => Plans
Value  name ,=> -1.0
Key => Node Type
Value  name ,=> -1.0
Key => Parent Relationship
Value  name ,=> -1.0
Key => Join Type
Value  name ,=> -1.0
Key => Plan Width
Value  name ,=> 44.0
Key => Actual Rows
Value  name ,=> 213.0
Key => Actual Loops
Value  name ,=> 1.0
Key => Merge Cond
Value  name ,=> -1.0
Key => Plans
Value  name ,=> -1.0
Key => Node Type
Value  name ,=> -1.0
Key => Strategy
Value  name ,=> -1.0
Key => Parent Relationship
Value  name ,=> -1.0
Key => Plan Width
Value  name ,=> 13.0
Key => Actual Rows
Value  name ,=> 197115.0
Key => Actual Loops
Value  name ,=> 1.0
Key => Group Key
Value  name ,=> 1.0
Key => Plans
Value  name ,=> -1.0
Key => Node Type
Value  name ,=> -1.0
Key => Parent Relationship
Value  name ,=> -1.0
Key => Scan Direction
Value  name ,=> -1.0
Key => Index Name
Value  name ,=> -1.0
Key => Relation Name
Value  name ,=> -1.0
Key => Alias
Value  name ,=> -1.0
Key => Plan Width
Value  name ,=> 13.0
Key => Actual Rows
Value  name ,=> 5914538.0
Key => Actual Loops
Value  name ,=> 1.0
Data IndexScan , 1.0 5914538.0 13.0 0.0 38542.402
Added training data to files
Data Aggregate-Sorted , 1.0 197115.0 1.0 13.0 0.0 5914538.0 13.0 47115.642
Added training data to files
Key => Node Type
Value  name ,=> -1.0
Key => Parent Relationship
Value  name ,=> -1.0
Key => Scan Direction
Value  name ,=> -1.0
Key => Index Name
Value  name ,=> -1.0
Key => Relation Name
Value  name ,=> -1.0
Key => Alias
Value  name ,=> -1.0
Key => Plan Width
Value  name ,=> 4.0
Key => Actual Rows
Value  name ,=> 213.0
Key => Actual Loops
Value  name ,=> 1.0
Key => Filter
Value  name ,=> -1.0
Data IndexScan , 1.0 213.0 4.0 199787.0 166.015
Added training data to files
Data MergeJoin , 1.0 213.0 44.0 0.0 197115.0 13.0 213.0 4.0 47391.808
Added training data to files
Key => Node Type
Value  name ,=> -1.0
Key => Parent Relationship
Value  name ,=> -1.0
Key => Scan Direction
Value  name ,=> -1.0
Key => Index Name
Value  name ,=> -1.0
Key => Relation Name
Value  name ,=> -1.0
Key => Alias
Value  name ,=> -1.0
Key => Plan Width
Value  name ,=> 21.0
Key => Actual Rows
Value  name ,=> 3.0
Key => Actual Loops
Value  name ,=> 213.0
Key => Index Cond
Value  name ,=> -1.0
Key => Rows Removed by Index Recheck
Value  name ,=> 0.0
Key => Filter
Value  name ,=> -1.0
Data IndexScan , 213.0 3.0 21.0 27.0 0.0 0.082
Added training data to files
Data NestedLoopIndexScan , 1.0 583.0 8.0 0.0 213.0 44.0 3.0 21.0 47411.037
Added training data to files
Data Aggregate-Plain , 1.0 1.0 8.0 0.0 583.0 8.0 47411.88
Added training data to files
Data Limit , 1.0 1.0 8.0 0.0 1.0 8.0 47411.883
Added training data to files
Training query 153 executed successfully
Executed command ,script returned :  Exit value of child process : 1
Query : 
select
	sum(l_extendedprice) / 7.0 as avg_yearly
from
	lineitem,
	part,
	(SELECT l_partkey AS agg_partkey, 0.2 * avg(l_quantity) AS avg_quantity FROM lineitem GROUP BY l_partkey) part_agg
where
	p_partkey = l_partkey
	and agg_partkey = l_partkey
	and p_brand = 'Brand#13'
	and p_container = 'SM PKG'
	and l_quantity < avg_quantity
LIMIT 1;

Node output - Plan: 
    Node Type: "Limit"
    Startup Cost: 715094.47
    Total Cost: 715094.48
    Plan Rows: 1
    Plan Width: 8
    Actual Startup Time: 47260.250
    Actual Total Time: 47260.251
    Actual Rows: 1
    Actual Loops: 1
    Plans: 
      - Node Type: "Aggregate"
        Strategy: "Plain"
        Parent Relationship: "Outer"
        Startup Cost: 715094.47
        Total Cost: 715094.48
        Plan Rows: 1
        Plan Width: 8
        Actual Startup Time: 47260.248
        Actual Total Time: 47260.248
        Actual Rows: 1
        Actual Loops: 1
        Plans: 
          - Node Type: "Nested Loop"
            Parent Relationship: "Outer"
            Join Type: "Inner"
            Startup Cost: 1.29
            Total Cost: 715089.65
            Plan Rows: 1925
            Plan Width: 8
            Actual Startup Time: 71.548
            Actual Total Time: 47259.415
            Actual Rows: 583
            Actual Loops: 1
            Join Filter: "(part.p_partkey = lineitem.l_partkey)"
            Rows Removed by Join Filter: 0
            Plans: 
              - Node Type: "Merge Join"
                Parent Relationship: "Outer"
                Join Type: "Inner"
                Startup Cost: 0.85
                Total Cost: 714277.27
                Plan Rows: 192
                Plan Width: 44
                Actual Startup Time: 71.494
                Actual Total Time: 47240.153
                Actual Rows: 213
                Actual Loops: 1
                Merge Cond: "(lineitem_1.l_partkey = part.p_partkey)"
                Plans: 
                  - Node Type: "Aggregate"
                    Strategy: "Sorted"
                    Parent Relationship: "Outer"
                    Startup Cost: 0.43
                    Total Cost: 701538.23
                    Plan Rows: 194416
                    Plan Width: 13
                    Actual Startup Time: 0.629
                    Actual Total Time: 46965.024
                    Actual Rows: 197115
                    Actual Loops: 1
                    Group Key: 
                      - "lineitem_1.l_partkey"
                    Plans: 
                      - Node Type: "Index Scan"
                        Parent Relationship: "Outer"
                        Scan Direction: "Forward"
                        Index Name: "idx_lineitem_part_supp"
                        Relation Name: "lineitem"
                        Alias: "lineitem_1"
                        Startup Cost: 0.43
                        Total Cost: 668615.92
                        Plan Rows: 6001215
                        Plan Width: 13
                        Actual Startup Time: 0.040
                        Actual Total Time: 38431.202
                        Actual Rows: 5914538
                        Actual Loops: 1
                  - Node Type: "Index Scan"
                    Parent Relationship: "Inner"
                    Scan Direction: "Forward"
                    Index Name: "part_pkey"
                    Relation Name: "part"
                    Alias: "part"
                    Startup Cost: 0.42
                    Total Cost: 10306.42
                    Plan Rows: 198
                    Plan Width: 4
                    Actual Startup Time: 0.640
                    Actual Total Time: 165.943
                    Actual Rows: 213
                    Actual Loops: 1
                    Filter: "((p_brand = 'Brand#13'::bpchar) AND (p_container = 'SM PKG'::bpchar))"
                    Rows Removed by Filter: 199787
              - Node Type: "Index Scan"
                Parent Relationship: "Inner"
                Scan Direction: "Forward"
                Index Name: "idx_lineitem_part_supp"
                Relation Name: "lineitem"
                Alias: "lineitem"
                Startup Cost: 0.43
                Total Cost: 4.11
                Plan Rows: 10
                Plan Width: 21
                Actual Startup Time: 0.044
                Actual Total Time: 0.082
                Actual Rows: 3
                Actual Loops: 213
                Index Cond: "(l_partkey = lineitem_1.l_partkey)"
                Rows Removed by Index Recheck: 0
                Filter: "(l_quantity < ((0.2 * avg(lineitem_1.l_quantity))))"
                Rows Removed by Filter: 27
  Planning Time: 3.111
  Triggers: 
  Execution Time: 47260.569
Key => Node Type
Value  name ,=> -1.0
Key => Plan Width
Value  name ,=> 8.0
Key => Actual Rows
Value  name ,=> 1.0
Key => Actual Loops
Value  name ,=> 1.0
Key => Plans
Value  name ,=> -1.0
Key => Node Type
Value  name ,=> -1.0
Key => Strategy
Value  name ,=> -1.0
Key => Parent Relationship
Value  name ,=> -1.0
Key => Plan Width
Value  name ,=> 8.0
Key => Actual Rows
Value  name ,=> 1.0
Key => Actual Loops
Value  name ,=> 1.0
Key => Plans
Value  name ,=> -1.0
Key => Node Type
Value  name ,=> -1.0
Key => Parent Relationship
Value  name ,=> -1.0
Key => Join Type
Value  name ,=> -1.0
Key => Plan Width
Value  name ,=> 8.0
Key => Actual Rows
Value  name ,=> 583.0
Key => Actual Loops
Value  name ,=> 1.0
Key => Join Filter
Value  name ,=> -1.0
Key => Plans
Value  name ,=> -1.0
Key => Node Type
Value  name ,=> -1.0
Key => Parent Relationship
Value  name ,=> -1.0
Key => Join Type
Value  name ,=> -1.0
Key => Plan Width
Value  name ,=> 44.0
Key => Actual Rows
Value  name ,=> 213.0
Key => Actual Loops
Value  name ,=> 1.0
Key => Merge Cond
Value  name ,=> -1.0
Key => Plans
Value  name ,=> -1.0
Key => Node Type
Value  name ,=> -1.0
Key => Strategy
Value  name ,=> -1.0
Key => Parent Relationship
Value  name ,=> -1.0
Key => Plan Width
Value  name ,=> 13.0
Key => Actual Rows
Value  name ,=> 197115.0
Key => Actual Loops
Value  name ,=> 1.0
Key => Group Key
Value  name ,=> 1.0
Key => Plans
Value  name ,=> -1.0
Key => Node Type
Value  name ,=> -1.0
Key => Parent Relationship
Value  name ,=> -1.0
Key => Scan Direction
Value  name ,=> -1.0
Key => Index Name
Value  name ,=> -1.0
Key => Relation Name
Value  name ,=> -1.0
Key => Alias
Value  name ,=> -1.0
Key => Plan Width
Value  name ,=> 13.0
Key => Actual Rows
Value  name ,=> 5914538.0
Key => Actual Loops
Value  name ,=> 1.0
Data IndexScan , 1.0 5914538.0 13.0 0.0 38431.202
Added training data to files
Data Aggregate-Sorted , 1.0 197115.0 1.0 13.0 0.0 5914538.0 13.0 46965.024
Added training data to files
Key => Node Type
Value  name ,=> -1.0
Key => Parent Relationship
Value  name ,=> -1.0
Key => Scan Direction
Value  name ,=> -1.0
Key => Index Name
Value  name ,=> -1.0
Key => Relation Name
Value  name ,=> -1.0
Key => Alias
Value  name ,=> -1.0
Key => Plan Width
Value  name ,=> 4.0
Key => Actual Rows
Value  name ,=> 213.0
Key => Actual Loops
Value  name ,=> 1.0
Key => Filter
Value  name ,=> -1.0
Data IndexScan , 1.0 213.0 4.0 199787.0 165.943
Added training data to files
Data MergeJoin , 1.0 213.0 44.0 0.0 197115.0 13.0 213.0 4.0 47240.153
Added training data to files
Key => Node Type
Value  name ,=> -1.0
Key => Parent Relationship
Value  name ,=> -1.0
Key => Scan Direction
Value  name ,=> -1.0
Key => Index Name
Value  name ,=> -1.0
Key => Relation Name
Value  name ,=> -1.0
Key => Alias
Value  name ,=> -1.0
Key => Plan Width
Value  name ,=> 21.0
Key => Actual Rows
Value  name ,=> 3.0
Key => Actual Loops
Value  name ,=> 213.0
Key => Index Cond
Value  name ,=> -1.0
Key => Rows Removed by Index Recheck
Value  name ,=> 0.0
Key => Filter
Value  name ,=> -1.0
Data IndexScan , 213.0 3.0 21.0 27.0 0.0 0.082
Added training data to files
Data NestedLoopIndexScan , 1.0 583.0 8.0 0.0 213.0 44.0 3.0 21.0 47259.415
Added training data to files
Data Aggregate-Plain , 1.0 1.0 8.0 0.0 583.0 8.0 47260.248
Added training data to files
Data Limit , 1.0 1.0 8.0 0.0 1.0 8.0 47260.251
Added training data to files
Training query 154 executed successfully
Executed command ,script returned :  Exit value of child process : 1
Query : 
select
	sum(l_extendedprice) / 7.0 as avg_yearly
from
	lineitem,
	part,
	(SELECT l_partkey AS agg_partkey, 0.2 * avg(l_quantity) AS avg_quantity FROM lineitem GROUP BY l_partkey) part_agg
where
	p_partkey = l_partkey
	and agg_partkey = l_partkey
	and p_brand = 'Brand#13'
	and p_container = 'SM PKG'
	and l_quantity < avg_quantity
LIMIT 1;

Node output - Plan: 
    Node Type: "Limit"
    Startup Cost: 715094.47
    Total Cost: 715094.48
    Plan Rows: 1
    Plan Width: 8
    Actual Startup Time: 44368.641
    Actual Total Time: 44368.641
    Actual Rows: 1
    Actual Loops: 1
    Plans: 
      - Node Type: "Aggregate"
        Strategy: "Plain"
        Parent Relationship: "Outer"
        Startup Cost: 715094.47
        Total Cost: 715094.48
        Plan Rows: 1
        Plan Width: 8
        Actual Startup Time: 44368.640
        Actual Total Time: 44368.640
        Actual Rows: 1
        Actual Loops: 1
        Plans: 
          - Node Type: "Nested Loop"
            Parent Relationship: "Outer"
            Join Type: "Inner"
            Startup Cost: 1.29
            Total Cost: 715089.65
            Plan Rows: 1925
            Plan Width: 8
            Actual Startup Time: 64.092
            Actual Total Time: 44367.869
            Actual Rows: 583
            Actual Loops: 1
            Join Filter: "(part.p_partkey = lineitem.l_partkey)"
            Rows Removed by Join Filter: 0
            Plans: 
              - Node Type: "Merge Join"
                Parent Relationship: "Outer"
                Join Type: "Inner"
                Startup Cost: 0.85
                Total Cost: 714277.27
                Plan Rows: 192
                Plan Width: 44
                Actual Startup Time: 64.047
                Actual Total Time: 44349.876
                Actual Rows: 213
                Actual Loops: 1
                Merge Cond: "(lineitem_1.l_partkey = part.p_partkey)"
                Plans: 
                  - Node Type: "Aggregate"
                    Strategy: "Sorted"
                    Parent Relationship: "Outer"
                    Startup Cost: 0.43
                    Total Cost: 701538.23
                    Plan Rows: 194416
                    Plan Width: 13
                    Actual Startup Time: 0.331
                    Actual Total Time: 44094.885
                    Actual Rows: 197115
                    Actual Loops: 1
                    Group Key: 
                      - "lineitem_1.l_partkey"
                    Plans: 
                      - Node Type: "Index Scan"
                        Parent Relationship: "Outer"
                        Scan Direction: "Forward"
                        Index Name: "idx_lineitem_part_supp"
                        Relation Name: "lineitem"
                        Alias: "lineitem_1"
                        Startup Cost: 0.43
                        Total Cost: 668615.92
                        Plan Rows: 6001215
                        Plan Width: 13
                        Actual Startup Time: 0.019
                        Actual Total Time: 36240.807
                        Actual Rows: 5914538
                        Actual Loops: 1
                  - Node Type: "Index Scan"
                    Parent Relationship: "Inner"
                    Scan Direction: "Forward"
                    Index Name: "part_pkey"
                    Relation Name: "part"
                    Alias: "part"
                    Startup Cost: 0.42
                    Total Cost: 10306.42
                    Plan Rows: 198
                    Plan Width: 4
                    Actual Startup Time: 0.277
                    Actual Total Time: 153.946
                    Actual Rows: 213
                    Actual Loops: 1
                    Filter: "((p_brand = 'Brand#13'::bpchar) AND (p_container = 'SM PKG'::bpchar))"
                    Rows Removed by Filter: 199787
              - Node Type: "Index Scan"
                Parent Relationship: "Inner"
                Scan Direction: "Forward"
                Index Name: "idx_lineitem_part_supp"
                Relation Name: "lineitem"
                Alias: "lineitem"
                Startup Cost: 0.43
                Total Cost: 4.11
                Plan Rows: 10
                Plan Width: 21
                Actual Startup Time: 0.041
                Actual Total Time: 0.076
                Actual Rows: 3
                Actual Loops: 213
                Index Cond: "(l_partkey = lineitem_1.l_partkey)"
                Rows Removed by Index Recheck: 0
                Filter: "(l_quantity < ((0.2 * avg(lineitem_1.l_quantity))))"
                Rows Removed by Filter: 27
  Planning Time: 1.456
  Triggers: 
  Execution Time: 44368.810
Key => Node Type
Value  name ,=> -1.0
Key => Plan Width
Value  name ,=> 8.0
Key => Actual Rows
Value  name ,=> 1.0
Key => Actual Loops
Value  name ,=> 1.0
Key => Plans
Value  name ,=> -1.0
Key => Node Type
Value  name ,=> -1.0
Key => Strategy
Value  name ,=> -1.0
Key => Parent Relationship
Value  name ,=> -1.0
Key => Plan Width
Value  name ,=> 8.0
Key => Actual Rows
Value  name ,=> 1.0
Key => Actual Loops
Value  name ,=> 1.0
Key => Plans
Value  name ,=> -1.0
Key => Node Type
Value  name ,=> -1.0
Key => Parent Relationship
Value  name ,=> -1.0
Key => Join Type
Value  name ,=> -1.0
Key => Plan Width
Value  name ,=> 8.0
Key => Actual Rows
Value  name ,=> 583.0
Key => Actual Loops
Value  name ,=> 1.0
Key => Join Filter
Value  name ,=> -1.0
Key => Plans
Value  name ,=> -1.0
Key => Node Type
Value  name ,=> -1.0
Key => Parent Relationship
Value  name ,=> -1.0
Key => Join Type
Value  name ,=> -1.0
Key => Plan Width
Value  name ,=> 44.0
Key => Actual Rows
Value  name ,=> 213.0
Key => Actual Loops
Value  name ,=> 1.0
Key => Merge Cond
Value  name ,=> -1.0
Key => Plans
Value  name ,=> -1.0
Key => Node Type
Value  name ,=> -1.0
Key => Strategy
Value  name ,=> -1.0
Key => Parent Relationship
Value  name ,=> -1.0
Key => Plan Width
Value  name ,=> 13.0
Key => Actual Rows
Value  name ,=> 197115.0
Key => Actual Loops
Value  name ,=> 1.0
Key => Group Key
Value  name ,=> 1.0
Key => Plans
Value  name ,=> -1.0
Key => Node Type
Value  name ,=> -1.0
Key => Parent Relationship
Value  name ,=> -1.0
Key => Scan Direction
Value  name ,=> -1.0
Key => Index Name
Value  name ,=> -1.0
Key => Relation Name
Value  name ,=> -1.0
Key => Alias
Value  name ,=> -1.0
Key => Plan Width
Value  name ,=> 13.0
Key => Actual Rows
Value  name ,=> 5914538.0
Key => Actual Loops
Value  name ,=> 1.0
Data IndexScan , 1.0 5914538.0 13.0 0.0 36240.807
Added training data to files
Data Aggregate-Sorted , 1.0 197115.0 1.0 13.0 0.0 5914538.0 13.0 44094.885
Added training data to files
Key => Node Type
Value  name ,=> -1.0
Key => Parent Relationship
Value  name ,=> -1.0
Key => Scan Direction
Value  name ,=> -1.0
Key => Index Name
Value  name ,=> -1.0
Key => Relation Name
Value  name ,=> -1.0
Key => Alias
Value  name ,=> -1.0
Key => Plan Width
Value  name ,=> 4.0
Key => Actual Rows
Value  name ,=> 213.0
Key => Actual Loops
Value  name ,=> 1.0
Key => Filter
Value  name ,=> -1.0
Data IndexScan , 1.0 213.0 4.0 199787.0 153.946
Added training data to files
Data MergeJoin , 1.0 213.0 44.0 0.0 197115.0 13.0 213.0 4.0 44349.876
Added training data to files
Key => Node Type
Value  name ,=> -1.0
Key => Parent Relationship
Value  name ,=> -1.0
Key => Scan Direction
Value  name ,=> -1.0
Key => Index Name
Value  name ,=> -1.0
Key => Relation Name
Value  name ,=> -1.0
Key => Alias
Value  name ,=> -1.0
Key => Plan Width
Value  name ,=> 21.0
Key => Actual Rows
Value  name ,=> 3.0
Key => Actual Loops
Value  name ,=> 213.0
Key => Index Cond
Value  name ,=> -1.0
Key => Rows Removed by Index Recheck
Value  name ,=> 0.0
Key => Filter
Value  name ,=> -1.0
Data IndexScan , 213.0 3.0 21.0 27.0 0.0 0.076
Added training data to files
Data NestedLoopIndexScan , 1.0 583.0 8.0 0.0 213.0 44.0 3.0 21.0 44367.869
Added training data to files
Data Aggregate-Plain , 1.0 1.0 8.0 0.0 583.0 8.0 44368.64
Added training data to files
Data Limit , 1.0 1.0 8.0 0.0 1.0 8.0 44368.641
Added training data to files
Training query 155 executed successfully
Executed command ,script returned :  Exit value of child process : 1
Query : 
select
	sum(l_extendedprice) / 7.0 as avg_yearly
from
	lineitem,
	part,
	(SELECT l_partkey AS agg_partkey, 0.2 * avg(l_quantity) AS avg_quantity FROM lineitem GROUP BY l_partkey) part_agg
where
	p_partkey = l_partkey
	and agg_partkey = l_partkey
	and p_brand = 'Brand#13'
	and p_container = 'SM PKG'
	and l_quantity < avg_quantity
LIMIT 1;

Node output - Plan: 
    Node Type: "Limit"
    Startup Cost: 715094.47
    Total Cost: 715094.48
    Plan Rows: 1
    Plan Width: 8
    Actual Startup Time: 46801.938
    Actual Total Time: 46801.939
    Actual Rows: 1
    Actual Loops: 1
    Plans: 
      - Node Type: "Aggregate"
        Strategy: "Plain"
        Parent Relationship: "Outer"
        Startup Cost: 715094.47
        Total Cost: 715094.48
        Plan Rows: 1
        Plan Width: 8
        Actual Startup Time: 46801.936
        Actual Total Time: 46801.936
        Actual Rows: 1
        Actual Loops: 1
        Plans: 
          - Node Type: "Nested Loop"
            Parent Relationship: "Outer"
            Join Type: "Inner"
            Startup Cost: 1.29
            Total Cost: 715089.65
            Plan Rows: 1925
            Plan Width: 8
            Actual Startup Time: 62.586
            Actual Total Time: 46801.083
            Actual Rows: 583
            Actual Loops: 1
            Join Filter: "(part.p_partkey = lineitem.l_partkey)"
            Rows Removed by Join Filter: 0
            Plans: 
              - Node Type: "Merge Join"
                Parent Relationship: "Outer"
                Join Type: "Inner"
                Startup Cost: 0.85
                Total Cost: 714277.27
                Plan Rows: 192
                Plan Width: 44
                Actual Startup Time: 62.544
                Actual Total Time: 46781.909
                Actual Rows: 213
                Actual Loops: 1
                Merge Cond: "(lineitem_1.l_partkey = part.p_partkey)"
                Plans: 
                  - Node Type: "Aggregate"
                    Strategy: "Sorted"
                    Parent Relationship: "Outer"
                    Startup Cost: 0.43
                    Total Cost: 701538.23
                    Plan Rows: 194416
                    Plan Width: 13
                    Actual Startup Time: 0.265
                    Actual Total Time: 46508.941
                    Actual Rows: 197115
                    Actual Loops: 1
                    Group Key: 
                      - "lineitem_1.l_partkey"
                    Plans: 
                      - Node Type: "Index Scan"
                        Parent Relationship: "Outer"
                        Scan Direction: "Forward"
                        Index Name: "idx_lineitem_part_supp"
                        Relation Name: "lineitem"
                        Alias: "lineitem_1"
                        Startup Cost: 0.43
                        Total Cost: 668615.92
                        Plan Rows: 6001215
                        Plan Width: 13
                        Actual Startup Time: 0.014
                        Actual Total Time: 38081.600
                        Actual Rows: 5914538
                        Actual Loops: 1
                  - Node Type: "Index Scan"
                    Parent Relationship: "Inner"
                    Scan Direction: "Forward"
                    Index Name: "part_pkey"
                    Relation Name: "part"
                    Alias: "part"
                    Startup Cost: 0.42
                    Total Cost: 10306.42
                    Plan Rows: 198
                    Plan Width: 4
                    Actual Startup Time: 0.214
                    Actual Total Time: 164.537
                    Actual Rows: 213
                    Actual Loops: 1
                    Filter: "((p_brand = 'Brand#13'::bpchar) AND (p_container = 'SM PKG'::bpchar))"
                    Rows Removed by Filter: 199787
              - Node Type: "Index Scan"
                Parent Relationship: "Inner"
                Scan Direction: "Forward"
                Index Name: "idx_lineitem_part_supp"
                Relation Name: "lineitem"
                Alias: "lineitem"
                Startup Cost: 0.43
                Total Cost: 4.11
                Plan Rows: 10
                Plan Width: 21
                Actual Startup Time: 0.044
                Actual Total Time: 0.081
                Actual Rows: 3
                Actual Loops: 213
                Index Cond: "(l_partkey = lineitem_1.l_partkey)"
                Rows Removed by Index Recheck: 0
                Filter: "(l_quantity < ((0.2 * avg(lineitem_1.l_quantity))))"
                Rows Removed by Filter: 27
  Planning Time: 1.098
  Triggers: 
  Execution Time: 46802.082
Key => Node Type
Value  name ,=> -1.0
Key => Plan Width
Value  name ,=> 8.0
Key => Actual Rows
Value  name ,=> 1.0
Key => Actual Loops
Value  name ,=> 1.0
Key => Plans
Value  name ,=> -1.0
Key => Node Type
Value  name ,=> -1.0
Key => Strategy
Value  name ,=> -1.0
Key => Parent Relationship
Value  name ,=> -1.0
Key => Plan Width
Value  name ,=> 8.0
Key => Actual Rows
Value  name ,=> 1.0
Key => Actual Loops
Value  name ,=> 1.0
Key => Plans
Value  name ,=> -1.0
Key => Node Type
Value  name ,=> -1.0
Key => Parent Relationship
Value  name ,=> -1.0
Key => Join Type
Value  name ,=> -1.0
Key => Plan Width
Value  name ,=> 8.0
Key => Actual Rows
Value  name ,=> 583.0
Key => Actual Loops
Value  name ,=> 1.0
Key => Join Filter
Value  name ,=> -1.0
Key => Plans
Value  name ,=> -1.0
Key => Node Type
Value  name ,=> -1.0
Key => Parent Relationship
Value  name ,=> -1.0
Key => Join Type
Value  name ,=> -1.0
Key => Plan Width
Value  name ,=> 44.0
Key => Actual Rows
Value  name ,=> 213.0
Key => Actual Loops
Value  name ,=> 1.0
Key => Merge Cond
Value  name ,=> -1.0
Key => Plans
Value  name ,=> -1.0
Key => Node Type
Value  name ,=> -1.0
Key => Strategy
Value  name ,=> -1.0
Key => Parent Relationship
Value  name ,=> -1.0
Key => Plan Width
Value  name ,=> 13.0
Key => Actual Rows
Value  name ,=> 197115.0
Key => Actual Loops
Value  name ,=> 1.0
Key => Group Key
Value  name ,=> 1.0
Key => Plans
Value  name ,=> -1.0
Key => Node Type
Value  name ,=> -1.0
Key => Parent Relationship
Value  name ,=> -1.0
Key => Scan Direction
Value  name ,=> -1.0
Key => Index Name
Value  name ,=> -1.0
Key => Relation Name
Value  name ,=> -1.0
Key => Alias
Value  name ,=> -1.0
Key => Plan Width
Value  name ,=> 13.0
Key => Actual Rows
Value  name ,=> 5914538.0
Key => Actual Loops
Value  name ,=> 1.0
Data IndexScan , 1.0 5914538.0 13.0 0.0 38081.6
Added training data to files
Data Aggregate-Sorted , 1.0 197115.0 1.0 13.0 0.0 5914538.0 13.0 46508.941
Added training data to files
Key => Node Type
Value  name ,=> -1.0
Key => Parent Relationship
Value  name ,=> -1.0
Key => Scan Direction
Value  name ,=> -1.0
Key => Index Name
Value  name ,=> -1.0
Key => Relation Name
Value  name ,=> -1.0
Key => Alias
Value  name ,=> -1.0
Key => Plan Width
Value  name ,=> 4.0
Key => Actual Rows
Value  name ,=> 213.0
Key => Actual Loops
Value  name ,=> 1.0
Key => Filter
Value  name ,=> -1.0
Data IndexScan , 1.0 213.0 4.0 199787.0 164.537
Added training data to files
Data MergeJoin , 1.0 213.0 44.0 0.0 197115.0 13.0 213.0 4.0 46781.909
Added training data to files
Key => Node Type
Value  name ,=> -1.0
Key => Parent Relationship
Value  name ,=> -1.0
Key => Scan Direction
Value  name ,=> -1.0
Key => Index Name
Value  name ,=> -1.0
Key => Relation Name
Value  name ,=> -1.0
Key => Alias
Value  name ,=> -1.0
Key => Plan Width
Value  name ,=> 21.0
Key => Actual Rows
Value  name ,=> 3.0
Key => Actual Loops
Value  name ,=> 213.0
Key => Index Cond
Value  name ,=> -1.0
Key => Rows Removed by Index Recheck
Value  name ,=> 0.0
Key => Filter
Value  name ,=> -1.0
Data IndexScan , 213.0 3.0 21.0 27.0 0.0 0.081
Added training data to files
Data NestedLoopIndexScan , 1.0 583.0 8.0 0.0 213.0 44.0 3.0 21.0 46801.083
Added training data to files
Data Aggregate-Plain , 1.0 1.0 8.0 0.0 583.0 8.0 46801.936
Added training data to files
Data Limit , 1.0 1.0 8.0 0.0 1.0 8.0 46801.939
Added training data to files
Training query 156 executed successfully
Executed command ,script returned :  Exit value of child process : 1
Query : 
select
	sum(l_extendedprice) / 7.0 as avg_yearly
from
	lineitem,
	part,
	(SELECT l_partkey AS agg_partkey, 0.2 * avg(l_quantity) AS avg_quantity FROM lineitem GROUP BY l_partkey) part_agg
where
	p_partkey = l_partkey
	and agg_partkey = l_partkey
	and p_brand = 'Brand#13'
	and p_container = 'SM PKG'
	and l_quantity < avg_quantity
LIMIT 1;

Node output - Plan: 
    Node Type: "Limit"
    Startup Cost: 715094.47
    Total Cost: 715094.48
    Plan Rows: 1
    Plan Width: 8
    Actual Startup Time: 48416.604
    Actual Total Time: 48416.604
    Actual Rows: 1
    Actual Loops: 1
    Plans: 
      - Node Type: "Aggregate"
        Strategy: "Plain"
        Parent Relationship: "Outer"
        Startup Cost: 715094.47
        Total Cost: 715094.48
        Plan Rows: 1
        Plan Width: 8
        Actual Startup Time: 48416.602
        Actual Total Time: 48416.602
        Actual Rows: 1
        Actual Loops: 1
        Plans: 
          - Node Type: "Nested Loop"
            Parent Relationship: "Outer"
            Join Type: "Inner"
            Startup Cost: 1.29
            Total Cost: 715089.65
            Plan Rows: 1925
            Plan Width: 8
            Actual Startup Time: 68.961
            Actual Total Time: 48415.721
            Actual Rows: 583
            Actual Loops: 1
            Join Filter: "(part.p_partkey = lineitem.l_partkey)"
            Rows Removed by Join Filter: 0
            Plans: 
              - Node Type: "Merge Join"
                Parent Relationship: "Outer"
                Join Type: "Inner"
                Startup Cost: 0.85
                Total Cost: 714277.27
                Plan Rows: 192
                Plan Width: 44
                Actual Startup Time: 68.913
                Actual Total Time: 48395.884
                Actual Rows: 213
                Actual Loops: 1
                Merge Cond: "(lineitem_1.l_partkey = part.p_partkey)"
                Plans: 
                  - Node Type: "Aggregate"
                    Strategy: "Sorted"
                    Parent Relationship: "Outer"
                    Startup Cost: 0.43
                    Total Cost: 701538.23
                    Plan Rows: 194416
                    Plan Width: 13
                    Actual Startup Time: 0.497
                    Actual Total Time: 48113.902
                    Actual Rows: 197115
                    Actual Loops: 1
                    Group Key: 
                      - "lineitem_1.l_partkey"
                    Plans: 
                      - Node Type: "Index Scan"
                        Parent Relationship: "Outer"
                        Scan Direction: "Forward"
                        Index Name: "idx_lineitem_part_supp"
                        Relation Name: "lineitem"
                        Alias: "lineitem_1"
                        Startup Cost: 0.43
                        Total Cost: 668615.92
                        Plan Rows: 6001215
                        Plan Width: 13
                        Actual Startup Time: 0.032
                        Actual Total Time: 39294.565
                        Actual Rows: 5914538
                        Actual Loops: 1
                  - Node Type: "Index Scan"
                    Parent Relationship: "Inner"
                    Scan Direction: "Forward"
                    Index Name: "part_pkey"
                    Relation Name: "part"
                    Alias: "part"
                    Startup Cost: 0.42
                    Total Cost: 10306.42
                    Plan Rows: 198
                    Plan Width: 4
                    Actual Startup Time: 0.532
                    Actual Total Time: 170.395
                    Actual Rows: 213
                    Actual Loops: 1
                    Filter: "((p_brand = 'Brand#13'::bpchar) AND (p_container = 'SM PKG'::bpchar))"
                    Rows Removed by Filter: 199787
              - Node Type: "Index Scan"
                Parent Relationship: "Inner"
                Scan Direction: "Forward"
                Index Name: "idx_lineitem_part_supp"
                Relation Name: "lineitem"
                Alias: "lineitem"
                Startup Cost: 0.43
                Total Cost: 4.11
                Plan Rows: 10
                Plan Width: 21
                Actual Startup Time: 0.045
                Actual Total Time: 0.084
                Actual Rows: 3
                Actual Loops: 213
                Index Cond: "(l_partkey = lineitem_1.l_partkey)"
                Rows Removed by Index Recheck: 0
                Filter: "(l_quantity < ((0.2 * avg(lineitem_1.l_quantity))))"
                Rows Removed by Filter: 27
  Planning Time: 2.455
  Triggers: 
  Execution Time: 48416.877
Key => Node Type
Value  name ,=> -1.0
Key => Plan Width
Value  name ,=> 8.0
Key => Actual Rows
Value  name ,=> 1.0
Key => Actual Loops
Value  name ,=> 1.0
Key => Plans
Value  name ,=> -1.0
Key => Node Type
Value  name ,=> -1.0
Key => Strategy
Value  name ,=> -1.0
Key => Parent Relationship
Value  name ,=> -1.0
Key => Plan Width
Value  name ,=> 8.0
Key => Actual Rows
Value  name ,=> 1.0
Key => Actual Loops
Value  name ,=> 1.0
Key => Plans
Value  name ,=> -1.0
Key => Node Type
Value  name ,=> -1.0
Key => Parent Relationship
Value  name ,=> -1.0
Key => Join Type
Value  name ,=> -1.0
Key => Plan Width
Value  name ,=> 8.0
Key => Actual Rows
Value  name ,=> 583.0
Key => Actual Loops
Value  name ,=> 1.0
Key => Join Filter
Value  name ,=> -1.0
Key => Plans
Value  name ,=> -1.0
Key => Node Type
Value  name ,=> -1.0
Key => Parent Relationship
Value  name ,=> -1.0
Key => Join Type
Value  name ,=> -1.0
Key => Plan Width
Value  name ,=> 44.0
Key => Actual Rows
Value  name ,=> 213.0
Key => Actual Loops
Value  name ,=> 1.0
Key => Merge Cond
Value  name ,=> -1.0
Key => Plans
Value  name ,=> -1.0
Key => Node Type
Value  name ,=> -1.0
Key => Strategy
Value  name ,=> -1.0
Key => Parent Relationship
Value  name ,=> -1.0
Key => Plan Width
Value  name ,=> 13.0
Key => Actual Rows
Value  name ,=> 197115.0
Key => Actual Loops
Value  name ,=> 1.0
Key => Group Key
Value  name ,=> 1.0
Key => Plans
Value  name ,=> -1.0
Key => Node Type
Value  name ,=> -1.0
Key => Parent Relationship
Value  name ,=> -1.0
Key => Scan Direction
Value  name ,=> -1.0
Key => Index Name
Value  name ,=> -1.0
Key => Relation Name
Value  name ,=> -1.0
Key => Alias
Value  name ,=> -1.0
Key => Plan Width
Value  name ,=> 13.0
Key => Actual Rows
Value  name ,=> 5914538.0
Key => Actual Loops
Value  name ,=> 1.0
Data IndexScan , 1.0 5914538.0 13.0 0.0 39294.565
Added training data to files
Data Aggregate-Sorted , 1.0 197115.0 1.0 13.0 0.0 5914538.0 13.0 48113.902
Added training data to files
Key => Node Type
Value  name ,=> -1.0
Key => Parent Relationship
Value  name ,=> -1.0
Key => Scan Direction
Value  name ,=> -1.0
Key => Index Name
Value  name ,=> -1.0
Key => Relation Name
Value  name ,=> -1.0
Key => Alias
Value  name ,=> -1.0
Key => Plan Width
Value  name ,=> 4.0
Key => Actual Rows
Value  name ,=> 213.0
Key => Actual Loops
Value  name ,=> 1.0
Key => Filter
Value  name ,=> -1.0
Data IndexScan , 1.0 213.0 4.0 199787.0 170.395
Added training data to files
Data MergeJoin , 1.0 213.0 44.0 0.0 197115.0 13.0 213.0 4.0 48395.884
Added training data to files
Key => Node Type
Value  name ,=> -1.0
Key => Parent Relationship
Value  name ,=> -1.0
Key => Scan Direction
Value  name ,=> -1.0
Key => Index Name
Value  name ,=> -1.0
Key => Relation Name
Value  name ,=> -1.0
Key => Alias
Value  name ,=> -1.0
Key => Plan Width
Value  name ,=> 21.0
Key => Actual Rows
Value  name ,=> 3.0
Key => Actual Loops
Value  name ,=> 213.0
Key => Index Cond
Value  name ,=> -1.0
Key => Rows Removed by Index Recheck
Value  name ,=> 0.0
Key => Filter
Value  name ,=> -1.0
Data IndexScan , 213.0 3.0 21.0 27.0 0.0 0.084
Added training data to files
Data NestedLoopIndexScan , 1.0 583.0 8.0 0.0 213.0 44.0 3.0 21.0 48415.721
Added training data to files
Data Aggregate-Plain , 1.0 1.0 8.0 0.0 583.0 8.0 48416.602
Added training data to files
Data Limit , 1.0 1.0 8.0 0.0 1.0 8.0 48416.604
Added training data to files
Training query 157 executed successfully
Executed command ,script returned :  Exit value of child process : 1
Query : 
select
	sum(l_extendedprice) / 7.0 as avg_yearly
from
	lineitem,
	part,
	(SELECT l_partkey AS agg_partkey, 0.2 * avg(l_quantity) AS avg_quantity FROM lineitem GROUP BY l_partkey) part_agg
where
	p_partkey = l_partkey
	and agg_partkey = l_partkey
	and p_brand = 'Brand#13'
	and p_container = 'SM PKG'
	and l_quantity < avg_quantity
LIMIT 1;

Node output - Plan: 
    Node Type: "Limit"
    Startup Cost: 715094.47
    Total Cost: 715094.48
    Plan Rows: 1
    Plan Width: 8
    Actual Startup Time: 45813.703
    Actual Total Time: 45813.704
    Actual Rows: 1
    Actual Loops: 1
    Plans: 
      - Node Type: "Aggregate"
        Strategy: "Plain"
        Parent Relationship: "Outer"
        Startup Cost: 715094.47
        Total Cost: 715094.48
        Plan Rows: 1
        Plan Width: 8
        Actual Startup Time: 45813.701
        Actual Total Time: 45813.701
        Actual Rows: 1
        Actual Loops: 1
        Plans: 
          - Node Type: "Nested Loop"
            Parent Relationship: "Outer"
            Join Type: "Inner"
            Startup Cost: 1.29
            Total Cost: 715089.65
            Plan Rows: 1925
            Plan Width: 8
            Actual Startup Time: 75.018
            Actual Total Time: 45812.873
            Actual Rows: 583
            Actual Loops: 1
            Join Filter: "(part.p_partkey = lineitem.l_partkey)"
            Rows Removed by Join Filter: 0
            Plans: 
              - Node Type: "Merge Join"
                Parent Relationship: "Outer"
                Join Type: "Inner"
                Startup Cost: 0.85
                Total Cost: 714277.27
                Plan Rows: 192
                Plan Width: 44
                Actual Startup Time: 74.973
                Actual Total Time: 45794.241
                Actual Rows: 213
                Actual Loops: 1
                Merge Cond: "(lineitem_1.l_partkey = part.p_partkey)"
                Plans: 
                  - Node Type: "Aggregate"
                    Strategy: "Sorted"
                    Parent Relationship: "Outer"
                    Startup Cost: 0.43
                    Total Cost: 701538.23
                    Plan Rows: 194416
                    Plan Width: 13
                    Actual Startup Time: 0.296
                    Actual Total Time: 45528.453
                    Actual Rows: 197115
                    Actual Loops: 1
                    Group Key: 
                      - "lineitem_1.l_partkey"
                    Plans: 
                      - Node Type: "Index Scan"
                        Parent Relationship: "Outer"
                        Scan Direction: "Forward"
                        Index Name: "idx_lineitem_part_supp"
                        Relation Name: "lineitem"
                        Alias: "lineitem_1"
                        Startup Cost: 0.43
                        Total Cost: 668615.92
                        Plan Rows: 6001215
                        Plan Width: 13
                        Actual Startup Time: 0.019
                        Actual Total Time: 37327.013
                        Actual Rows: 5914538
                        Actual Loops: 1
                  - Node Type: "Index Scan"
                    Parent Relationship: "Inner"
                    Scan Direction: "Forward"
                    Index Name: "part_pkey"
                    Relation Name: "part"
                    Alias: "part"
                    Startup Cost: 0.42
                    Total Cost: 10306.42
                    Plan Rows: 198
                    Plan Width: 4
                    Actual Startup Time: 0.275
                    Actual Total Time: 159.335
                    Actual Rows: 213
                    Actual Loops: 1
                    Filter: "((p_brand = 'Brand#13'::bpchar) AND (p_container = 'SM PKG'::bpchar))"
                    Rows Removed by Filter: 199787
              - Node Type: "Index Scan"
                Parent Relationship: "Inner"
                Scan Direction: "Forward"
                Index Name: "idx_lineitem_part_supp"
                Relation Name: "lineitem"
                Alias: "lineitem"
                Startup Cost: 0.43
                Total Cost: 4.11
                Plan Rows: 10
                Plan Width: 21
                Actual Startup Time: 0.043
                Actual Total Time: 0.079
                Actual Rows: 3
                Actual Loops: 213
                Index Cond: "(l_partkey = lineitem_1.l_partkey)"
                Rows Removed by Index Recheck: 0
                Filter: "(l_quantity < ((0.2 * avg(lineitem_1.l_quantity))))"
                Rows Removed by Filter: 27
  Planning Time: 1.427
  Triggers: 
  Execution Time: 45813.870
Key => Node Type
Value  name ,=> -1.0
Key => Plan Width
Value  name ,=> 8.0
Key => Actual Rows
Value  name ,=> 1.0
Key => Actual Loops
Value  name ,=> 1.0
Key => Plans
Value  name ,=> -1.0
Key => Node Type
Value  name ,=> -1.0
Key => Strategy
Value  name ,=> -1.0
Key => Parent Relationship
Value  name ,=> -1.0
Key => Plan Width
Value  name ,=> 8.0
Key => Actual Rows
Value  name ,=> 1.0
Key => Actual Loops
Value  name ,=> 1.0
Key => Plans
Value  name ,=> -1.0
Key => Node Type
Value  name ,=> -1.0
Key => Parent Relationship
Value  name ,=> -1.0
Key => Join Type
Value  name ,=> -1.0
Key => Plan Width
Value  name ,=> 8.0
Key => Actual Rows
Value  name ,=> 583.0
Key => Actual Loops
Value  name ,=> 1.0
Key => Join Filter
Value  name ,=> -1.0
Key => Plans
Value  name ,=> -1.0
Key => Node Type
Value  name ,=> -1.0
Key => Parent Relationship
Value  name ,=> -1.0
Key => Join Type
Value  name ,=> -1.0
Key => Plan Width
Value  name ,=> 44.0
Key => Actual Rows
Value  name ,=> 213.0
Key => Actual Loops
Value  name ,=> 1.0
Key => Merge Cond
Value  name ,=> -1.0
Key => Plans
Value  name ,=> -1.0
Key => Node Type
Value  name ,=> -1.0
Key => Strategy
Value  name ,=> -1.0
Key => Parent Relationship
Value  name ,=> -1.0
Key => Plan Width
Value  name ,=> 13.0
Key => Actual Rows
Value  name ,=> 197115.0
Key => Actual Loops
Value  name ,=> 1.0
Key => Group Key
Value  name ,=> 1.0
Key => Plans
Value  name ,=> -1.0
Key => Node Type
Value  name ,=> -1.0
Key => Parent Relationship
Value  name ,=> -1.0
Key => Scan Direction
Value  name ,=> -1.0
Key => Index Name
Value  name ,=> -1.0
Key => Relation Name
Value  name ,=> -1.0
Key => Alias
Value  name ,=> -1.0
Key => Plan Width
Value  name ,=> 13.0
Key => Actual Rows
Value  name ,=> 5914538.0
Key => Actual Loops
Value  name ,=> 1.0
Data IndexScan , 1.0 5914538.0 13.0 0.0 37327.013
Added training data to files
Data Aggregate-Sorted , 1.0 197115.0 1.0 13.0 0.0 5914538.0 13.0 45528.453
Added training data to files
Key => Node Type
Value  name ,=> -1.0
Key => Parent Relationship
Value  name ,=> -1.0
Key => Scan Direction
Value  name ,=> -1.0
Key => Index Name
Value  name ,=> -1.0
Key => Relation Name
Value  name ,=> -1.0
Key => Alias
Value  name ,=> -1.0
Key => Plan Width
Value  name ,=> 4.0
Key => Actual Rows
Value  name ,=> 213.0
Key => Actual Loops
Value  name ,=> 1.0
Key => Filter
Value  name ,=> -1.0
Data IndexScan , 1.0 213.0 4.0 199787.0 159.335
Added training data to files
Data MergeJoin , 1.0 213.0 44.0 0.0 197115.0 13.0 213.0 4.0 45794.241
Added training data to files
Key => Node Type
Value  name ,=> -1.0
Key => Parent Relationship
Value  name ,=> -1.0
Key => Scan Direction
Value  name ,=> -1.0
Key => Index Name
Value  name ,=> -1.0
Key => Relation Name
Value  name ,=> -1.0
Key => Alias
Value  name ,=> -1.0
Key => Plan Width
Value  name ,=> 21.0
Key => Actual Rows
Value  name ,=> 3.0
Key => Actual Loops
Value  name ,=> 213.0
Key => Index Cond
Value  name ,=> -1.0
Key => Rows Removed by Index Recheck
Value  name ,=> 0.0
Key => Filter
Value  name ,=> -1.0
Data IndexScan , 213.0 3.0 21.0 27.0 0.0 0.079
Added training data to files
Data NestedLoopIndexScan , 1.0 583.0 8.0 0.0 213.0 44.0 3.0 21.0 45812.873
Added training data to files
Data Aggregate-Plain , 1.0 1.0 8.0 0.0 583.0 8.0 45813.701
Added training data to files
Data Limit , 1.0 1.0 8.0 0.0 1.0 8.0 45813.704
Added training data to files
Training query 158 executed successfully
Executed command ,script returned :  Exit value of child process : 1
Query : 
select
	sum(l_extendedprice) / 7.0 as avg_yearly
from
	lineitem,
	part,
	(SELECT l_partkey AS agg_partkey, 0.2 * avg(l_quantity) AS avg_quantity FROM lineitem GROUP BY l_partkey) part_agg
where
	p_partkey = l_partkey
	and agg_partkey = l_partkey
	and p_brand = 'Brand#13'
	and p_container = 'SM PKG'
	and l_quantity < avg_quantity
LIMIT 1;

Node output - Plan: 
    Node Type: "Limit"
    Startup Cost: 715094.47
    Total Cost: 715094.48
    Plan Rows: 1
    Plan Width: 8
    Actual Startup Time: 45175.987
    Actual Total Time: 45175.987
    Actual Rows: 1
    Actual Loops: 1
    Plans: 
      - Node Type: "Aggregate"
        Strategy: "Plain"
        Parent Relationship: "Outer"
        Startup Cost: 715094.47
        Total Cost: 715094.48
        Plan Rows: 1
        Plan Width: 8
        Actual Startup Time: 45175.985
        Actual Total Time: 45175.985
        Actual Rows: 1
        Actual Loops: 1
        Plans: 
          - Node Type: "Nested Loop"
            Parent Relationship: "Outer"
            Join Type: "Inner"
            Startup Cost: 1.29
            Total Cost: 715089.65
            Plan Rows: 1925
            Plan Width: 8
            Actual Startup Time: 97.370
            Actual Total Time: 45175.192
            Actual Rows: 583
            Actual Loops: 1
            Join Filter: "(part.p_partkey = lineitem.l_partkey)"
            Rows Removed by Join Filter: 0
            Plans: 
              - Node Type: "Merge Join"
                Parent Relationship: "Outer"
                Join Type: "Inner"
                Startup Cost: 0.85
                Total Cost: 714277.27
                Plan Rows: 192
                Plan Width: 44
                Actual Startup Time: 97.316
                Actual Total Time: 45156.853
                Actual Rows: 213
                Actual Loops: 1
                Merge Cond: "(lineitem_1.l_partkey = part.p_partkey)"
                Plans: 
                  - Node Type: "Aggregate"
                    Strategy: "Sorted"
                    Parent Relationship: "Outer"
                    Startup Cost: 0.43
                    Total Cost: 701538.23
                    Plan Rows: 194416
                    Plan Width: 13
                    Actual Startup Time: 0.549
                    Actual Total Time: 44894.784
                    Actual Rows: 197115
                    Actual Loops: 1
                    Group Key: 
                      - "lineitem_1.l_partkey"
                    Plans: 
                      - Node Type: "Index Scan"
                        Parent Relationship: "Outer"
                        Scan Direction: "Forward"
                        Index Name: "idx_lineitem_part_supp"
                        Relation Name: "lineitem"
                        Alias: "lineitem_1"
                        Startup Cost: 0.43
                        Total Cost: 668615.92
                        Plan Rows: 6001215
                        Plan Width: 13
                        Actual Startup Time: 0.029
                        Actual Total Time: 36843.367
                        Actual Rows: 5914538
                        Actual Loops: 1
                  - Node Type: "Index Scan"
                    Parent Relationship: "Inner"
                    Scan Direction: "Forward"
                    Index Name: "part_pkey"
                    Relation Name: "part"
                    Alias: "part"
                    Startup Cost: 0.42
                    Total Cost: 10306.42
                    Plan Rows: 198
                    Plan Width: 4
                    Actual Startup Time: 0.500
                    Actual Total Time: 157.118
                    Actual Rows: 213
                    Actual Loops: 1
                    Filter: "((p_brand = 'Brand#13'::bpchar) AND (p_container = 'SM PKG'::bpchar))"
                    Rows Removed by Filter: 199787
              - Node Type: "Index Scan"
                Parent Relationship: "Inner"
                Scan Direction: "Forward"
                Index Name: "idx_lineitem_part_supp"
                Relation Name: "lineitem"
                Alias: "lineitem"
                Startup Cost: 0.43
                Total Cost: 4.11
                Plan Rows: 10
                Plan Width: 21
                Actual Startup Time: 0.042
                Actual Total Time: 0.077
                Actual Rows: 3
                Actual Loops: 213
                Index Cond: "(l_partkey = lineitem_1.l_partkey)"
                Rows Removed by Index Recheck: 0
                Filter: "(l_quantity < ((0.2 * avg(lineitem_1.l_quantity))))"
                Rows Removed by Filter: 27
  Planning Time: 2.441
  Triggers: 
  Execution Time: 45176.226
Key => Node Type
Value  name ,=> -1.0
Key => Plan Width
Value  name ,=> 8.0
Key => Actual Rows
Value  name ,=> 1.0
Key => Actual Loops
Value  name ,=> 1.0
Key => Plans
Value  name ,=> -1.0
Key => Node Type
Value  name ,=> -1.0
Key => Strategy
Value  name ,=> -1.0
Key => Parent Relationship
Value  name ,=> -1.0
Key => Plan Width
Value  name ,=> 8.0
Key => Actual Rows
Value  name ,=> 1.0
Key => Actual Loops
Value  name ,=> 1.0
Key => Plans
Value  name ,=> -1.0
Key => Node Type
Value  name ,=> -1.0
Key => Parent Relationship
Value  name ,=> -1.0
Key => Join Type
Value  name ,=> -1.0
Key => Plan Width
Value  name ,=> 8.0
Key => Actual Rows
Value  name ,=> 583.0
Key => Actual Loops
Value  name ,=> 1.0
Key => Join Filter
Value  name ,=> -1.0
Key => Plans
Value  name ,=> -1.0
Key => Node Type
Value  name ,=> -1.0
Key => Parent Relationship
Value  name ,=> -1.0
Key => Join Type
Value  name ,=> -1.0
Key => Plan Width
Value  name ,=> 44.0
Key => Actual Rows
Value  name ,=> 213.0
Key => Actual Loops
Value  name ,=> 1.0
Key => Merge Cond
Value  name ,=> -1.0
Key => Plans
Value  name ,=> -1.0
Key => Node Type
Value  name ,=> -1.0
Key => Strategy
Value  name ,=> -1.0
Key => Parent Relationship
Value  name ,=> -1.0
Key => Plan Width
Value  name ,=> 13.0
Key => Actual Rows
Value  name ,=> 197115.0
Key => Actual Loops
Value  name ,=> 1.0
Key => Group Key
Value  name ,=> 1.0
Key => Plans
Value  name ,=> -1.0
Key => Node Type
Value  name ,=> -1.0
Key => Parent Relationship
Value  name ,=> -1.0
Key => Scan Direction
Value  name ,=> -1.0
Key => Index Name
Value  name ,=> -1.0
Key => Relation Name
Value  name ,=> -1.0
Key => Alias
Value  name ,=> -1.0
Key => Plan Width
Value  name ,=> 13.0
Key => Actual Rows
Value  name ,=> 5914538.0
Key => Actual Loops
Value  name ,=> 1.0
Data IndexScan , 1.0 5914538.0 13.0 0.0 36843.367
Added training data to files
Data Aggregate-Sorted , 1.0 197115.0 1.0 13.0 0.0 5914538.0 13.0 44894.784
Added training data to files
Key => Node Type
Value  name ,=> -1.0
Key => Parent Relationship
Value  name ,=> -1.0
Key => Scan Direction
Value  name ,=> -1.0
Key => Index Name
Value  name ,=> -1.0
Key => Relation Name
Value  name ,=> -1.0
Key => Alias
Value  name ,=> -1.0
Key => Plan Width
Value  name ,=> 4.0
Key => Actual Rows
Value  name ,=> 213.0
Key => Actual Loops
Value  name ,=> 1.0
Key => Filter
Value  name ,=> -1.0
Data IndexScan , 1.0 213.0 4.0 199787.0 157.118
Added training data to files
Data MergeJoin , 1.0 213.0 44.0 0.0 197115.0 13.0 213.0 4.0 45156.853
Added training data to files
Key => Node Type
Value  name ,=> -1.0
Key => Parent Relationship
Value  name ,=> -1.0
Key => Scan Direction
Value  name ,=> -1.0
Key => Index Name
Value  name ,=> -1.0
Key => Relation Name
Value  name ,=> -1.0
Key => Alias
Value  name ,=> -1.0
Key => Plan Width
Value  name ,=> 21.0
Key => Actual Rows
Value  name ,=> 3.0
Key => Actual Loops
Value  name ,=> 213.0
Key => Index Cond
Value  name ,=> -1.0
Key => Rows Removed by Index Recheck
Value  name ,=> 0.0
Key => Filter
Value  name ,=> -1.0
Data IndexScan , 213.0 3.0 21.0 27.0 0.0 0.077
Added training data to files
Data NestedLoopIndexScan , 1.0 583.0 8.0 0.0 213.0 44.0 3.0 21.0 45175.192
Added training data to files
Data Aggregate-Plain , 1.0 1.0 8.0 0.0 583.0 8.0 45175.985
Added training data to files
Data Limit , 1.0 1.0 8.0 0.0 1.0 8.0 45175.987
Added training data to files
Training query 159 executed successfully
Executed command ,script returned :  Exit value of child process : 1
Query : 
select
	c_name,
	c_custkey,
	o_orderkey,
	o_orderdate,
	o_totalprice,
	sum(l_quantity)
from
	customer,
	orders,
	lineitem
where
	o_orderkey in (
		select
			l_orderkey
		from
			lineitem
		group by
			l_orderkey having
				sum(l_quantity) > 313
	)
	and c_custkey = o_custkey
	and o_orderkey = l_orderkey
group by
	c_name,
	c_custkey,
	o_orderkey,
	o_orderdate,
	o_totalprice
order by
	o_totalprice desc,
	o_orderdate
LIMIT 100;

Node output - Plan: 
    Node Type: "Limit"
    Startup Cost: 1263339.13
    Total Cost: 1263342.13
    Plan Rows: 100
    Plan Width: 44
    Actual Startup Time: 29711.286
    Actual Total Time: 29711.385
    Actual Rows: 9
    Actual Loops: 1
    Plans: 
      - Node Type: "Aggregate"
        Strategy: "Sorted"
        Parent Relationship: "Outer"
        Startup Cost: 1263339.13
        Total Cost: 1353357.37
        Plan Rows: 3000608
        Plan Width: 44
        Actual Startup Time: 29711.284
        Actual Total Time: 29711.383
        Actual Rows: 9
        Actual Loops: 1
        Group Key: 
          - "orders.o_totalprice"
          - "orders.o_orderdate"
          - "customer.c_name"
          - "customer.c_custkey"
          - "orders.o_orderkey"
        Plans: 
          - Node Type: "Sort"
            Parent Relationship: "Outer"
            Startup Cost: 1263339.13
            Total Cost: 1270840.65
            Plan Rows: 3000608
            Plan Width: 44
            Actual Startup Time: 29711.250
            Actual Total Time: 29711.257
            Actual Rows: 63
            Actual Loops: 1
            Sort Key: 
              - "orders.o_totalprice"
              - "orders.o_orderdate"
              - "customer.c_name"
              - "customer.c_custkey"
              - "orders.o_orderkey"
            Sort Method: "quicksort"
            Sort Space Used: 30
            Sort Space Type: "Memory"
            Plans: 
              - Node Type: "Hash Join"
                Parent Relationship: "Outer"
                Join Type: "Inner"
                Startup Cost: 441641.54
                Total Cost: 755910.36
                Plan Rows: 3000608
                Plan Width: 44
                Actual Startup Time: 23416.160
                Actual Total Time: 29710.772
                Actual Rows: 63
                Actual Loops: 1
                Hash Cond: "(lineitem.l_orderkey = orders.o_orderkey)"
                Plans: 
                  - Node Type: "Seq Scan"
                    Parent Relationship: "Outer"
                    Relation Name: "lineitem"
                    Alias: "lineitem"
                    Startup Cost: 0.00
                    Total Cost: 181557.15
                    Plan Rows: 6001215
                    Plan Width: 13
                    Actual Startup Time: 0.008
                    Actual Total Time: 5659.114
                    Actual Rows: 6001215
                    Actual Loops: 1
                  - Node Type: "Hash"
                    Parent Relationship: "Inner"
                    Startup Cost: 425674.54
                    Total Cost: 425674.54
                    Plan Rows: 750000
                    Plan Width: 47
                    Actual Startup Time: 18721.417
                    Actual Total Time: 18721.417
                    Actual Rows: 9
                    Actual Loops: 1
                    Hash Buckets: 8192
                    Hash Batches: 16
                    Original Hash Batches: 16
                    Peak Memory Usage: 1
                    Plans: 
                      - Node Type: "Hash Join"
                        Parent Relationship: "Outer"
                        Join Type: "Inner"
                        Startup Cost: 7962.86
                        Total Cost: 425674.54
                        Plan Rows: 750000
                        Plan Width: 47
                        Actual Startup Time: 10072.076
                        Actual Total Time: 18721.177
                        Actual Rows: 9
                        Actual Loops: 1
                        Hash Cond: "(orders.o_custkey = customer.c_custkey)"
                        Plans: 
                          - Node Type: "Merge Join"
                            Parent Relationship: "Outer"
                            Join Type: "Semi"
                            Startup Cost: 0.86
                            Total Cost: 392517.04
                            Plan Rows: 750000
                            Plan Width: 32
                            Actual Startup Time: 4855.658
                            Actual Total Time: 18523.080
                            Actual Rows: 9
                            Actual Loops: 1
                            Merge Cond: "(orders.o_orderkey = lineitem_1.l_orderkey)"
                            Plans: 
                              - Node Type: "Index Scan"
                                Parent Relationship: "Outer"
                                Scan Direction: "Forward"
                                Index Name: "orders_pkey"
                                Relation Name: "orders"
                                Alias: "orders"
                                Startup Cost: 0.43
                                Total Cost: 66592.43
                                Plan Rows: 1500000
                                Plan Width: 24
                                Actual Startup Time: 0.016
                                Actual Total Time: 6612.365
                                Actual Rows: 1201687
                                Actual Loops: 1
                              - Node Type: "Materialize"
                                Parent Relationship: "Inner"
                                Startup Cost: 0.43
                                Total Cost: 317557.77
                                Plan Rows: 369347
                                Plan Width: 8
                                Actual Startup Time: 2745.283
                                Actual Total Time: 11586.842
                                Actual Rows: 9
                                Actual Loops: 1
                                Plans: 
                                  - Node Type: "Aggregate"
                                    Strategy: "Sorted"
                                    Parent Relationship: "Outer"
                                    Startup Cost: 0.43
                                    Total Cost: 312940.94
                                    Plan Rows: 369347
                                    Plan Width: 13
                                    Actual Startup Time: 2745.279
                                    Actual Total Time: 11586.814
                                    Actual Rows: 9
                                    Actual Loops: 1
                                    Group Key: 
                                      - "lineitem_1.l_orderkey"
                                    Filter: "(sum(lineitem_1.l_quantity) > 313::numeric)"
                                    Rows Removed by Filter: 1499991
                                    Plans: 
                                      - Node Type: "Index Scan"
                                        Parent Relationship: "Outer"
                                        Scan Direction: "Forward"
                                        Index Name: "idx_lineitem_orderkey"
                                        Relation Name: "lineitem"
                                        Alias: "lineitem_1"
                                        Startup Cost: 0.43
                                        Total Cost: 277394.66
                                        Plan Rows: 6001215
                                        Plan Width: 13
                                        Actual Startup Time: 0.013
                                        Actual Total Time: 4539.159
                                        Actual Rows: 6001215
                                        Actual Loops: 1
                          - Node Type: "Hash"
                            Parent Relationship: "Inner"
                            Startup Cost: 5208.00
                            Total Cost: 5208.00
                            Plan Rows: 150000
                            Plan Width: 23
                            Actual Startup Time: 154.947
                            Actual Total Time: 154.947
                            Actual Rows: 150000
                            Actual Loops: 1
                            Hash Buckets: 8192
                            Hash Batches: 4
                            Original Hash Batches: 4
                            Peak Memory Usage: 2066
                            Plans: 
                              - Node Type: "Seq Scan"
                                Parent Relationship: "Outer"
                                Relation Name: "customer"
                                Alias: "customer"
                                Startup Cost: 0.00
                                Total Cost: 5208.00
                                Plan Rows: 150000
                                Plan Width: 23
                                Actual Startup Time: 0.016
                                Actual Total Time: 79.197
                                Actual Rows: 150000
                                Actual Loops: 1
  Planning Time: 41.703
  Triggers: 
  Execution Time: 29712.874
Key => Node Type
Value  name ,=> -1.0
Key => Plan Width
Value  name ,=> 44.0
Key => Actual Rows
Value  name ,=> 9.0
Key => Actual Loops
Value  name ,=> 1.0
Key => Plans
Value  name ,=> -1.0
Key => Node Type
Value  name ,=> -1.0
Key => Strategy
Value  name ,=> -1.0
Key => Parent Relationship
Value  name ,=> -1.0
Key => Plan Width
Value  name ,=> 44.0
Key => Actual Rows
Value  name ,=> 9.0
Key => Actual Loops
Value  name ,=> 1.0
Key => Group Key
Value  name ,=> 5.0
Key => Plans
Value  name ,=> -1.0
Key => Node Type
Value  name ,=> -1.0
Key => Parent Relationship
Value  name ,=> -1.0
Key => Plan Width
Value  name ,=> 44.0
Key => Actual Rows
Value  name ,=> 63.0
Key => Actual Loops
Value  name ,=> 1.0
Key => Sort Key
Value  name ,=> 5.0
Key => Sort Method
Value  name ,=> -1.0
Key => Sort Space Used
Value  name ,=> 30.0
Key => Sort Space Type
Value  name ,=> -1.0
Key => Plans
Value  name ,=> -1.0
Key => Node Type
Value  name ,=> -1.0
Key => Parent Relationship
Value  name ,=> -1.0
Key => Join Type
Value  name ,=> -1.0
Key => Plan Width
Value  name ,=> 44.0
Key => Actual Rows
Value  name ,=> 63.0
Key => Actual Loops
Value  name ,=> 1.0
Key => Hash Cond
Value  name ,=> -1.0
Key => Plans
Value  name ,=> -1.0
Key => Node Type
Value  name ,=> -1.0
Key => Parent Relationship
Value  name ,=> -1.0
Key => Relation Name
Value  name ,=> -1.0
Key => Alias
Value  name ,=> -1.0
Key => Plan Width
Value  name ,=> 13.0
Key => Actual Rows
Value  name ,=> 6001215.0
Key => Actual Loops
Value  name ,=> 1.0
Data SeqScan , 1.0 6001215.0 13.0 0.0 5659.114
Added training data to files
Key => Node Type
Value  name ,=> -1.0
Key => Parent Relationship
Value  name ,=> -1.0
Key => Plan Width
Value  name ,=> 47.0
Key => Actual Rows
Value  name ,=> 9.0
Key => Actual Loops
Value  name ,=> 1.0
Key => Hash Buckets
Value  name ,=> 8192.0
Key => Hash Batches
Value  name ,=> 16.0
Key => Original Hash Batches
Value  name ,=> 16.0
Key => Peak Memory Usage
Value  name ,=> 1.0
Key => Plans
Value  name ,=> -1.0
Key => Node Type
Value  name ,=> -1.0
Key => Parent Relationship
Value  name ,=> -1.0
Key => Join Type
Value  name ,=> -1.0
Key => Plan Width
Value  name ,=> 47.0
Key => Actual Rows
Value  name ,=> 9.0
Key => Actual Loops
Value  name ,=> 1.0
Key => Hash Cond
Value  name ,=> -1.0
Key => Plans
Value  name ,=> -1.0
Key => Node Type
Value  name ,=> -1.0
Key => Parent Relationship
Value  name ,=> -1.0
Key => Join Type
Value  name ,=> -1.0
Key => Plan Width
Value  name ,=> 32.0
Key => Actual Rows
Value  name ,=> 9.0
Key => Actual Loops
Value  name ,=> 1.0
Key => Merge Cond
Value  name ,=> -1.0
Key => Plans
Value  name ,=> -1.0
Key => Node Type
Value  name ,=> -1.0
Key => Parent Relationship
Value  name ,=> -1.0
Key => Scan Direction
Value  name ,=> -1.0
Key => Index Name
Value  name ,=> -1.0
Key => Relation Name
Value  name ,=> -1.0
Key => Alias
Value  name ,=> -1.0
Key => Plan Width
Value  name ,=> 24.0
Key => Actual Rows
Value  name ,=> 1201687.0
Key => Actual Loops
Value  name ,=> 1.0
Data IndexScan , 1.0 1201687.0 24.0 0.0 6612.365
Added training data to files
Key => Node Type
Value  name ,=> -1.0
Key => Parent Relationship
Value  name ,=> -1.0
Key => Plan Width
Value  name ,=> 8.0
Key => Actual Rows
Value  name ,=> 9.0
Key => Actual Loops
Value  name ,=> 1.0
Key => Plans
Value  name ,=> -1.0
Key => Node Type
Value  name ,=> -1.0
Key => Strategy
Value  name ,=> -1.0
Key => Parent Relationship
Value  name ,=> -1.0
Key => Plan Width
Value  name ,=> 13.0
Key => Actual Rows
Value  name ,=> 9.0
Key => Actual Loops
Value  name ,=> 1.0
Key => Group Key
Value  name ,=> 1.0
Key => Filter
Value  name ,=> -1.0
Key => Plans
Value  name ,=> -1.0
Key => Node Type
Value  name ,=> -1.0
Key => Parent Relationship
Value  name ,=> -1.0
Key => Scan Direction
Value  name ,=> -1.0
Key => Index Name
Value  name ,=> -1.0
Key => Relation Name
Value  name ,=> -1.0
Key => Alias
Value  name ,=> -1.0
Key => Plan Width
Value  name ,=> 13.0
Key => Actual Rows
Value  name ,=> 6001215.0
Key => Actual Loops
Value  name ,=> 1.0
Data IndexScan , 1.0 6001215.0 13.0 0.0 4539.159
Added training data to files
Data Aggregate-Sorted , 1.0 9.0 1.0 13.0 1499991.0 6001215.0 13.0 11586.814
Added training data to files
Data Materialize , 1.0 9.0 8.0 0.0 9.0 13.0 11586.842
Added training data to files
Data MergeJoin , 1.0 9.0 32.0 0.0 1201687.0 24.0 9.0 8.0 18523.08
Added training data to files
Key => Node Type
Value  name ,=> -1.0
Key => Parent Relationship
Value  name ,=> -1.0
Key => Plan Width
Value  name ,=> 23.0
Key => Actual Rows
Value  name ,=> 150000.0
Key => Actual Loops
Value  name ,=> 1.0
Key => Hash Buckets
Value  name ,=> 8192.0
Key => Hash Batches
Value  name ,=> 4.0
Key => Original Hash Batches
Value  name ,=> 4.0
Key => Peak Memory Usage
Value  name ,=> 2066.0
Key => Plans
Value  name ,=> -1.0
Key => Node Type
Value  name ,=> -1.0
Key => Parent Relationship
Value  name ,=> -1.0
Key => Relation Name
Value  name ,=> -1.0
Key => Alias
Value  name ,=> -1.0
Key => Plan Width
Value  name ,=> 23.0
Key => Actual Rows
Value  name ,=> 150000.0
Key => Actual Loops
Value  name ,=> 1.0
Data SeqScan , 1.0 150000.0 23.0 0.0 79.197
Added training data to files
Data Hash , 1.0 150000.0 4.0 8192.0 4.0 2066.0 23.0 0.0 150000.0 23.0 154.947
Added training data to files
Data HashJoin , 1.0 9.0 47.0 0.0 9.0 32.0 150000.0 23.0 18721.177
Added training data to files
Data Hash , 1.0 9.0 16.0 8192.0 16.0 1.0 47.0 0.0 9.0 47.0 18721.417
Added training data to files
Data HashJoin , 1.0 63.0 44.0 0.0 6001215.0 13.0 9.0 47.0 29710.772
Added training data to files
Data Sort-quicksort , 1.0 63.0 44.0 5.0 30.0 0.0 63.0 44.0 29711.257
Added training data to files
Data Aggregate-Sorted , 1.0 9.0 5.0 44.0 0.0 63.0 44.0 29711.383
Added training data to files
Data Limit , 1.0 9.0 44.0 0.0 9.0 44.0 29711.385
Added training data to files
Training query 160 executed successfully
Executed command ,script returned :  Exit value of child process : 1
Query : 
select
	c_name,
	c_custkey,
	o_orderkey,
	o_orderdate,
	o_totalprice,
	sum(l_quantity)
from
	customer,
	orders,
	lineitem
where
	o_orderkey in (
		select
			l_orderkey
		from
			lineitem
		group by
			l_orderkey having
				sum(l_quantity) > 313
	)
	and c_custkey = o_custkey
	and o_orderkey = l_orderkey
group by
	c_name,
	c_custkey,
	o_orderkey,
	o_orderdate,
	o_totalprice
order by
	o_totalprice desc,
	o_orderdate
LIMIT 100;

Node output - Plan: 
    Node Type: "Limit"
    Startup Cost: 1263339.13
    Total Cost: 1263342.13
    Plan Rows: 100
    Plan Width: 44
    Actual Startup Time: 26429.187
    Actual Total Time: 26429.296
    Actual Rows: 9
    Actual Loops: 1
    Plans: 
      - Node Type: "Aggregate"
        Strategy: "Sorted"
        Parent Relationship: "Outer"
        Startup Cost: 1263339.13
        Total Cost: 1353357.37
        Plan Rows: 3000608
        Plan Width: 44
        Actual Startup Time: 26429.185
        Actual Total Time: 26429.292
        Actual Rows: 9
        Actual Loops: 1
        Group Key: 
          - "orders.o_totalprice"
          - "orders.o_orderdate"
          - "customer.c_name"
          - "customer.c_custkey"
          - "orders.o_orderkey"
        Plans: 
          - Node Type: "Sort"
            Parent Relationship: "Outer"
            Startup Cost: 1263339.13
            Total Cost: 1270840.65
            Plan Rows: 3000608
            Plan Width: 44
            Actual Startup Time: 26429.150
            Actual Total Time: 26429.155
            Actual Rows: 63
            Actual Loops: 1
            Sort Key: 
              - "orders.o_totalprice"
              - "orders.o_orderdate"
              - "customer.c_name"
              - "customer.c_custkey"
              - "orders.o_orderkey"
            Sort Method: "quicksort"
            Sort Space Used: 30
            Sort Space Type: "Memory"
            Plans: 
              - Node Type: "Hash Join"
                Parent Relationship: "Outer"
                Join Type: "Inner"
                Startup Cost: 441641.54
                Total Cost: 755910.36
                Plan Rows: 3000608
                Plan Width: 44
                Actual Startup Time: 20388.946
                Actual Total Time: 26428.641
                Actual Rows: 63
                Actual Loops: 1
                Hash Cond: "(lineitem.l_orderkey = orders.o_orderkey)"
                Plans: 
                  - Node Type: "Seq Scan"
                    Parent Relationship: "Outer"
                    Relation Name: "lineitem"
                    Alias: "lineitem"
                    Startup Cost: 0.00
                    Total Cost: 181557.15
                    Plan Rows: 6001215
                    Plan Width: 13
                    Actual Startup Time: 0.008
                    Actual Total Time: 3472.715
                    Actual Rows: 6001215
                    Actual Loops: 1
                  - Node Type: "Hash"
                    Parent Relationship: "Inner"
                    Startup Cost: 425674.54
                    Total Cost: 425674.54
                    Plan Rows: 750000
                    Plan Width: 47
                    Actual Startup Time: 17852.362
                    Actual Total Time: 17852.362
                    Actual Rows: 9
                    Actual Loops: 1
                    Hash Buckets: 8192
                    Hash Batches: 16
                    Original Hash Batches: 16
                    Peak Memory Usage: 1
                    Plans: 
                      - Node Type: "Hash Join"
                        Parent Relationship: "Outer"
                        Join Type: "Inner"
                        Startup Cost: 7962.86
                        Total Cost: 425674.54
                        Plan Rows: 750000
                        Plan Width: 47
                        Actual Startup Time: 10638.128
                        Actual Total Time: 17852.152
                        Actual Rows: 9
                        Actual Loops: 1
                        Hash Cond: "(orders.o_custkey = customer.c_custkey)"
                        Plans: 
                          - Node Type: "Merge Join"
                            Parent Relationship: "Outer"
                            Join Type: "Semi"
                            Startup Cost: 0.86
                            Total Cost: 392517.04
                            Plan Rows: 750000
                            Plan Width: 32
                            Actual Startup Time: 4744.245
                            Actual Total Time: 17351.084
                            Actual Rows: 9
                            Actual Loops: 1
                            Merge Cond: "(orders.o_orderkey = lineitem_1.l_orderkey)"
                            Plans: 
                              - Node Type: "Index Scan"
                                Parent Relationship: "Outer"
                                Scan Direction: "Forward"
                                Index Name: "orders_pkey"
                                Relation Name: "orders"
                                Alias: "orders"
                                Startup Cost: 0.43
                                Total Cost: 66592.43
                                Plan Rows: 1500000
                                Plan Width: 24
                                Actual Startup Time: 0.015
                                Actual Total Time: 5552.810
                                Actual Rows: 1201687
                                Actual Loops: 1
                              - Node Type: "Materialize"
                                Parent Relationship: "Inner"
                                Startup Cost: 0.43
                                Total Cost: 317557.77
                                Plan Rows: 369347
                                Plan Width: 8
                                Actual Startup Time: 2527.862
                                Actual Total Time: 11462.763
                                Actual Rows: 9
                                Actual Loops: 1
                                Plans: 
                                  - Node Type: "Aggregate"
                                    Strategy: "Sorted"
                                    Parent Relationship: "Outer"
                                    Startup Cost: 0.43
                                    Total Cost: 312940.94
                                    Plan Rows: 369347
                                    Plan Width: 13
                                    Actual Startup Time: 2527.857
                                    Actual Total Time: 11462.729
                                    Actual Rows: 9
                                    Actual Loops: 1
                                    Group Key: 
                                      - "lineitem_1.l_orderkey"
                                    Filter: "(sum(lineitem_1.l_quantity) > 313::numeric)"
                                    Rows Removed by Filter: 1499991
                                    Plans: 
                                      - Node Type: "Index Scan"
                                        Parent Relationship: "Outer"
                                        Scan Direction: "Forward"
                                        Index Name: "idx_lineitem_orderkey"
                                        Relation Name: "lineitem"
                                        Alias: "lineitem_1"
                                        Startup Cost: 0.43
                                        Total Cost: 277394.66
                                        Plan Rows: 6001215
                                        Plan Width: 13
                                        Actual Startup Time: 0.014
                                        Actual Total Time: 4498.326
                                        Actual Rows: 6001215
                                        Actual Loops: 1
                          - Node Type: "Hash"
                            Parent Relationship: "Inner"
                            Startup Cost: 5208.00
                            Total Cost: 5208.00
                            Plan Rows: 150000
                            Plan Width: 23
                            Actual Startup Time: 461.675
                            Actual Total Time: 461.675
                            Actual Rows: 150000
                            Actual Loops: 1
                            Hash Buckets: 8192
                            Hash Batches: 4
                            Original Hash Batches: 4
                            Peak Memory Usage: 2066
                            Plans: 
                              - Node Type: "Seq Scan"
                                Parent Relationship: "Outer"
                                Relation Name: "customer"
                                Alias: "customer"
                                Startup Cost: 0.00
                                Total Cost: 5208.00
                                Plan Rows: 150000
                                Plan Width: 23
                                Actual Startup Time: 0.017
                                Actual Total Time: 378.704
                                Actual Rows: 150000
                                Actual Loops: 1
  Planning Time: 125.670
  Triggers: 
  Execution Time: 26430.754
Key => Node Type
Value  name ,=> -1.0
Key => Plan Width
Value  name ,=> 44.0
Key => Actual Rows
Value  name ,=> 9.0
Key => Actual Loops
Value  name ,=> 1.0
Key => Plans
Value  name ,=> -1.0
Key => Node Type
Value  name ,=> -1.0
Key => Strategy
Value  name ,=> -1.0
Key => Parent Relationship
Value  name ,=> -1.0
Key => Plan Width
Value  name ,=> 44.0
Key => Actual Rows
Value  name ,=> 9.0
Key => Actual Loops
Value  name ,=> 1.0
Key => Group Key
Value  name ,=> 5.0
Key => Plans
Value  name ,=> -1.0
Key => Node Type
Value  name ,=> -1.0
Key => Parent Relationship
Value  name ,=> -1.0
Key => Plan Width
Value  name ,=> 44.0
Key => Actual Rows
Value  name ,=> 63.0
Key => Actual Loops
Value  name ,=> 1.0
Key => Sort Key
Value  name ,=> 5.0
Key => Sort Method
Value  name ,=> -1.0
Key => Sort Space Used
Value  name ,=> 30.0
Key => Sort Space Type
Value  name ,=> -1.0
Key => Plans
Value  name ,=> -1.0
Key => Node Type
Value  name ,=> -1.0
Key => Parent Relationship
Value  name ,=> -1.0
Key => Join Type
Value  name ,=> -1.0
Key => Plan Width
Value  name ,=> 44.0
Key => Actual Rows
Value  name ,=> 63.0
Key => Actual Loops
Value  name ,=> 1.0
Key => Hash Cond
Value  name ,=> -1.0
Key => Plans
Value  name ,=> -1.0
Key => Node Type
Value  name ,=> -1.0
Key => Parent Relationship
Value  name ,=> -1.0
Key => Relation Name
Value  name ,=> -1.0
Key => Alias
Value  name ,=> -1.0
Key => Plan Width
Value  name ,=> 13.0
Key => Actual Rows
Value  name ,=> 6001215.0
Key => Actual Loops
Value  name ,=> 1.0
Data SeqScan , 1.0 6001215.0 13.0 0.0 3472.715
Added training data to files
Key => Node Type
Value  name ,=> -1.0
Key => Parent Relationship
Value  name ,=> -1.0
Key => Plan Width
Value  name ,=> 47.0
Key => Actual Rows
Value  name ,=> 9.0
Key => Actual Loops
Value  name ,=> 1.0
Key => Hash Buckets
Value  name ,=> 8192.0
Key => Hash Batches
Value  name ,=> 16.0
Key => Original Hash Batches
Value  name ,=> 16.0
Key => Peak Memory Usage
Value  name ,=> 1.0
Key => Plans
Value  name ,=> -1.0
Key => Node Type
Value  name ,=> -1.0
Key => Parent Relationship
Value  name ,=> -1.0
Key => Join Type
Value  name ,=> -1.0
Key => Plan Width
Value  name ,=> 47.0
Key => Actual Rows
Value  name ,=> 9.0
Key => Actual Loops
Value  name ,=> 1.0
Key => Hash Cond
Value  name ,=> -1.0
Key => Plans
Value  name ,=> -1.0
Key => Node Type
Value  name ,=> -1.0
Key => Parent Relationship
Value  name ,=> -1.0
Key => Join Type
Value  name ,=> -1.0
Key => Plan Width
Value  name ,=> 32.0
Key => Actual Rows
Value  name ,=> 9.0
Key => Actual Loops
Value  name ,=> 1.0
Key => Merge Cond
Value  name ,=> -1.0
Key => Plans
Value  name ,=> -1.0
Key => Node Type
Value  name ,=> -1.0
Key => Parent Relationship
Value  name ,=> -1.0
Key => Scan Direction
Value  name ,=> -1.0
Key => Index Name
Value  name ,=> -1.0
Key => Relation Name
Value  name ,=> -1.0
Key => Alias
Value  name ,=> -1.0
Key => Plan Width
Value  name ,=> 24.0
Key => Actual Rows
Value  name ,=> 1201687.0
Key => Actual Loops
Value  name ,=> 1.0
Data IndexScan , 1.0 1201687.0 24.0 0.0 5552.81
Added training data to files
Key => Node Type
Value  name ,=> -1.0
Key => Parent Relationship
Value  name ,=> -1.0
Key => Plan Width
Value  name ,=> 8.0
Key => Actual Rows
Value  name ,=> 9.0
Key => Actual Loops
Value  name ,=> 1.0
Key => Plans
Value  name ,=> -1.0
Key => Node Type
Value  name ,=> -1.0
Key => Strategy
Value  name ,=> -1.0
Key => Parent Relationship
Value  name ,=> -1.0
Key => Plan Width
Value  name ,=> 13.0
Key => Actual Rows
Value  name ,=> 9.0
Key => Actual Loops
Value  name ,=> 1.0
Key => Group Key
Value  name ,=> 1.0
Key => Filter
Value  name ,=> -1.0
Key => Plans
Value  name ,=> -1.0
Key => Node Type
Value  name ,=> -1.0
Key => Parent Relationship
Value  name ,=> -1.0
Key => Scan Direction
Value  name ,=> -1.0
Key => Index Name
Value  name ,=> -1.0
Key => Relation Name
Value  name ,=> -1.0
Key => Alias
Value  name ,=> -1.0
Key => Plan Width
Value  name ,=> 13.0
Key => Actual Rows
Value  name ,=> 6001215.0
Key => Actual Loops
Value  name ,=> 1.0
Data IndexScan , 1.0 6001215.0 13.0 0.0 4498.326
Added training data to files
Data Aggregate-Sorted , 1.0 9.0 1.0 13.0 1499991.0 6001215.0 13.0 11462.729
Added training data to files
Data Materialize , 1.0 9.0 8.0 0.0 9.0 13.0 11462.763
Added training data to files
Data MergeJoin , 1.0 9.0 32.0 0.0 1201687.0 24.0 9.0 8.0 17351.084
Added training data to files
Key => Node Type
Value  name ,=> -1.0
Key => Parent Relationship
Value  name ,=> -1.0
Key => Plan Width
Value  name ,=> 23.0
Key => Actual Rows
Value  name ,=> 150000.0
Key => Actual Loops
Value  name ,=> 1.0
Key => Hash Buckets
Value  name ,=> 8192.0
Key => Hash Batches
Value  name ,=> 4.0
Key => Original Hash Batches
Value  name ,=> 4.0
Key => Peak Memory Usage
Value  name ,=> 2066.0
Key => Plans
Value  name ,=> -1.0
Key => Node Type
Value  name ,=> -1.0
Key => Parent Relationship
Value  name ,=> -1.0
Key => Relation Name
Value  name ,=> -1.0
Key => Alias
Value  name ,=> -1.0
Key => Plan Width
Value  name ,=> 23.0
Key => Actual Rows
Value  name ,=> 150000.0
Key => Actual Loops
Value  name ,=> 1.0
Data SeqScan , 1.0 150000.0 23.0 0.0 378.704
Added training data to files
Data Hash , 1.0 150000.0 4.0 8192.0 4.0 2066.0 23.0 0.0 150000.0 23.0 461.675
Added training data to files
Data HashJoin , 1.0 9.0 47.0 0.0 9.0 32.0 150000.0 23.0 17852.152
Added training data to files
Data Hash , 1.0 9.0 16.0 8192.0 16.0 1.0 47.0 0.0 9.0 47.0 17852.362
Added training data to files
Data HashJoin , 1.0 63.0 44.0 0.0 6001215.0 13.0 9.0 47.0 26428.641
Added training data to files
Data Sort-quicksort , 1.0 63.0 44.0 5.0 30.0 0.0 63.0 44.0 26429.155
Added training data to files
Data Aggregate-Sorted , 1.0 9.0 5.0 44.0 0.0 63.0 44.0 26429.292
Added training data to files
Data Limit , 1.0 9.0 44.0 0.0 9.0 44.0 26429.296
Added training data to files
Training query 161 executed successfully
Executed command ,script returned :  Exit value of child process : 1
Query : 
select
	c_name,
	c_custkey,
	o_orderkey,
	o_orderdate,
	o_totalprice,
	sum(l_quantity)
from
	customer,
	orders,
	lineitem
where
	o_orderkey in (
		select
			l_orderkey
		from
			lineitem
		group by
			l_orderkey having
				sum(l_quantity) > 313
	)
	and c_custkey = o_custkey
	and o_orderkey = l_orderkey
group by
	c_name,
	c_custkey,
	o_orderkey,
	o_orderdate,
	o_totalprice
order by
	o_totalprice desc,
	o_orderdate
LIMIT 100;

Node output - Plan: 
    Node Type: "Limit"
    Startup Cost: 1263339.13
    Total Cost: 1263342.13
    Plan Rows: 100
    Plan Width: 44
    Actual Startup Time: 25243.658
    Actual Total Time: 25243.748
    Actual Rows: 9
    Actual Loops: 1
    Plans: 
      - Node Type: "Aggregate"
        Strategy: "Sorted"
        Parent Relationship: "Outer"
        Startup Cost: 1263339.13
        Total Cost: 1353357.37
        Plan Rows: 3000608
        Plan Width: 44
        Actual Startup Time: 25243.654
        Actual Total Time: 25243.742
        Actual Rows: 9
        Actual Loops: 1
        Group Key: 
          - "orders.o_totalprice"
          - "orders.o_orderdate"
          - "customer.c_name"
          - "customer.c_custkey"
          - "orders.o_orderkey"
        Plans: 
          - Node Type: "Sort"
            Parent Relationship: "Outer"
            Startup Cost: 1263339.13
            Total Cost: 1270840.65
            Plan Rows: 3000608
            Plan Width: 44
            Actual Startup Time: 25243.617
            Actual Total Time: 25243.630
            Actual Rows: 63
            Actual Loops: 1
            Sort Key: 
              - "orders.o_totalprice"
              - "orders.o_orderdate"
              - "customer.c_name"
              - "customer.c_custkey"
              - "orders.o_orderkey"
            Sort Method: "quicksort"
            Sort Space Used: 30
            Sort Space Type: "Memory"
            Plans: 
              - Node Type: "Hash Join"
                Parent Relationship: "Outer"
                Join Type: "Inner"
                Startup Cost: 441641.54
                Total Cost: 755910.36
                Plan Rows: 3000608
                Plan Width: 44
                Actual Startup Time: 17594.611
                Actual Total Time: 25243.163
                Actual Rows: 63
                Actual Loops: 1
                Hash Cond: "(lineitem.l_orderkey = orders.o_orderkey)"
                Plans: 
                  - Node Type: "Seq Scan"
                    Parent Relationship: "Outer"
                    Relation Name: "lineitem"
                    Alias: "lineitem"
                    Startup Cost: 0.00
                    Total Cost: 181557.15
                    Plan Rows: 6001215
                    Plan Width: 13
                    Actual Startup Time: 0.022
                    Actual Total Time: 3406.436
                    Actual Rows: 6001215
                    Actual Loops: 1
                  - Node Type: "Hash"
                    Parent Relationship: "Inner"
                    Startup Cost: 425674.54
                    Total Cost: 425674.54
                    Plan Rows: 750000
                    Plan Width: 47
                    Actual Startup Time: 15025.578
                    Actual Total Time: 15025.578
                    Actual Rows: 9
                    Actual Loops: 1
                    Hash Buckets: 8192
                    Hash Batches: 16
                    Original Hash Batches: 16
                    Peak Memory Usage: 1
                    Plans: 
                      - Node Type: "Hash Join"
                        Parent Relationship: "Outer"
                        Join Type: "Inner"
                        Startup Cost: 7962.86
                        Total Cost: 425674.54
                        Plan Rows: 750000
                        Plan Width: 47
                        Actual Startup Time: 8574.657
                        Actual Total Time: 15025.332
                        Actual Rows: 9
                        Actual Loops: 1
                        Hash Cond: "(orders.o_custkey = customer.c_custkey)"
                        Plans: 
                          - Node Type: "Merge Join"
                            Parent Relationship: "Outer"
                            Join Type: "Semi"
                            Startup Cost: 0.86
                            Total Cost: 392517.04
                            Plan Rows: 750000
                            Plan Width: 32
                            Actual Startup Time: 4553.693
                            Actual Total Time: 14671.071
                            Actual Rows: 9
                            Actual Loops: 1
                            Merge Cond: "(orders.o_orderkey = lineitem_1.l_orderkey)"
                            Plans: 
                              - Node Type: "Index Scan"
                                Parent Relationship: "Outer"
                                Scan Direction: "Forward"
                                Index Name: "orders_pkey"
                                Relation Name: "orders"
                                Alias: "orders"
                                Startup Cost: 0.43
                                Total Cost: 66592.43
                                Plan Rows: 1500000
                                Plan Width: 24
                                Actual Startup Time: 0.047
                                Actual Total Time: 2898.721
                                Actual Rows: 1201687
                                Actual Loops: 1
                              - Node Type: "Materialize"
                                Parent Relationship: "Inner"
                                Startup Cost: 0.43
                                Total Cost: 317557.77
                                Plan Rows: 369347
                                Plan Width: 8
                                Actual Startup Time: 2404.082
                                Actual Total Time: 11457.008
                                Actual Rows: 9
                                Actual Loops: 1
                                Plans: 
                                  - Node Type: "Aggregate"
                                    Strategy: "Sorted"
                                    Parent Relationship: "Outer"
                                    Startup Cost: 0.43
                                    Total Cost: 312940.94
                                    Plan Rows: 369347
                                    Plan Width: 13
                                    Actual Startup Time: 2404.073
                                    Actual Total Time: 11456.973
                                    Actual Rows: 9
                                    Actual Loops: 1
                                    Group Key: 
                                      - "lineitem_1.l_orderkey"
                                    Filter: "(sum(lineitem_1.l_quantity) > 313::numeric)"
                                    Rows Removed by Filter: 1499991
                                    Plans: 
                                      - Node Type: "Index Scan"
                                        Parent Relationship: "Outer"
                                        Scan Direction: "Forward"
                                        Index Name: "idx_lineitem_orderkey"
                                        Relation Name: "lineitem"
                                        Alias: "lineitem_1"
                                        Startup Cost: 0.43
                                        Total Cost: 277394.66
                                        Plan Rows: 6001215
                                        Plan Width: 13
                                        Actual Startup Time: 0.038
                                        Actual Total Time: 4426.460
                                        Actual Rows: 6001215
                                        Actual Loops: 1
                          - Node Type: "Hash"
                            Parent Relationship: "Inner"
                            Startup Cost: 5208.00
                            Total Cost: 5208.00
                            Plan Rows: 150000
                            Plan Width: 23
                            Actual Startup Time: 313.560
                            Actual Total Time: 313.560
                            Actual Rows: 150000
                            Actual Loops: 1
                            Hash Buckets: 8192
                            Hash Batches: 4
                            Original Hash Batches: 4
                            Peak Memory Usage: 2066
                            Plans: 
                              - Node Type: "Seq Scan"
                                Parent Relationship: "Outer"
                                Relation Name: "customer"
                                Alias: "customer"
                                Startup Cost: 0.00
                                Total Cost: 5208.00
                                Plan Rows: 150000
                                Plan Width: 23
                                Actual Startup Time: 0.014
                                Actual Total Time: 235.746
                                Actual Rows: 150000
                                Actual Loops: 1
  Planning Time: 116.893
  Triggers: 
  Execution Time: 25245.284
Key => Node Type
Value  name ,=> -1.0
Key => Plan Width
Value  name ,=> 44.0
Key => Actual Rows
Value  name ,=> 9.0
Key => Actual Loops
Value  name ,=> 1.0
Key => Plans
Value  name ,=> -1.0
Key => Node Type
Value  name ,=> -1.0
Key => Strategy
Value  name ,=> -1.0
Key => Parent Relationship
Value  name ,=> -1.0
Key => Plan Width
Value  name ,=> 44.0
Key => Actual Rows
Value  name ,=> 9.0
Key => Actual Loops
Value  name ,=> 1.0
Key => Group Key
Value  name ,=> 5.0
Key => Plans
Value  name ,=> -1.0
Key => Node Type
Value  name ,=> -1.0
Key => Parent Relationship
Value  name ,=> -1.0
Key => Plan Width
Value  name ,=> 44.0
Key => Actual Rows
Value  name ,=> 63.0
Key => Actual Loops
Value  name ,=> 1.0
Key => Sort Key
Value  name ,=> 5.0
Key => Sort Method
Value  name ,=> -1.0
Key => Sort Space Used
Value  name ,=> 30.0
Key => Sort Space Type
Value  name ,=> -1.0
Key => Plans
Value  name ,=> -1.0
Key => Node Type
Value  name ,=> -1.0
Key => Parent Relationship
Value  name ,=> -1.0
Key => Join Type
Value  name ,=> -1.0
Key => Plan Width
Value  name ,=> 44.0
Key => Actual Rows
Value  name ,=> 63.0
Key => Actual Loops
Value  name ,=> 1.0
Key => Hash Cond
Value  name ,=> -1.0
Key => Plans
Value  name ,=> -1.0
Key => Node Type
Value  name ,=> -1.0
Key => Parent Relationship
Value  name ,=> -1.0
Key => Relation Name
Value  name ,=> -1.0
Key => Alias
Value  name ,=> -1.0
Key => Plan Width
Value  name ,=> 13.0
Key => Actual Rows
Value  name ,=> 6001215.0
Key => Actual Loops
Value  name ,=> 1.0
Data SeqScan , 1.0 6001215.0 13.0 0.0 3406.436
Added training data to files
Key => Node Type
Value  name ,=> -1.0
Key => Parent Relationship
Value  name ,=> -1.0
Key => Plan Width
Value  name ,=> 47.0
Key => Actual Rows
Value  name ,=> 9.0
Key => Actual Loops
Value  name ,=> 1.0
Key => Hash Buckets
Value  name ,=> 8192.0
Key => Hash Batches
Value  name ,=> 16.0
Key => Original Hash Batches
Value  name ,=> 16.0
Key => Peak Memory Usage
Value  name ,=> 1.0
Key => Plans
Value  name ,=> -1.0
Key => Node Type
Value  name ,=> -1.0
Key => Parent Relationship
Value  name ,=> -1.0
Key => Join Type
Value  name ,=> -1.0
Key => Plan Width
Value  name ,=> 47.0
Key => Actual Rows
Value  name ,=> 9.0
Key => Actual Loops
Value  name ,=> 1.0
Key => Hash Cond
Value  name ,=> -1.0
Key => Plans
Value  name ,=> -1.0
Key => Node Type
Value  name ,=> -1.0
Key => Parent Relationship
Value  name ,=> -1.0
Key => Join Type
Value  name ,=> -1.0
Key => Plan Width
Value  name ,=> 32.0
Key => Actual Rows
Value  name ,=> 9.0
Key => Actual Loops
Value  name ,=> 1.0
Key => Merge Cond
Value  name ,=> -1.0
Key => Plans
Value  name ,=> -1.0
Key => Node Type
Value  name ,=> -1.0
Key => Parent Relationship
Value  name ,=> -1.0
Key => Scan Direction
Value  name ,=> -1.0
Key => Index Name
Value  name ,=> -1.0
Key => Relation Name
Value  name ,=> -1.0
Key => Alias
Value  name ,=> -1.0
Key => Plan Width
Value  name ,=> 24.0
Key => Actual Rows
Value  name ,=> 1201687.0
Key => Actual Loops
Value  name ,=> 1.0
Data IndexScan , 1.0 1201687.0 24.0 0.0 2898.721
Added training data to files
Key => Node Type
Value  name ,=> -1.0
Key => Parent Relationship
Value  name ,=> -1.0
Key => Plan Width
Value  name ,=> 8.0
Key => Actual Rows
Value  name ,=> 9.0
Key => Actual Loops
Value  name ,=> 1.0
Key => Plans
Value  name ,=> -1.0
Key => Node Type
Value  name ,=> -1.0
Key => Strategy
Value  name ,=> -1.0
Key => Parent Relationship
Value  name ,=> -1.0
Key => Plan Width
Value  name ,=> 13.0
Key => Actual Rows
Value  name ,=> 9.0
Key => Actual Loops
Value  name ,=> 1.0
Key => Group Key
Value  name ,=> 1.0
Key => Filter
Value  name ,=> -1.0
Key => Plans
Value  name ,=> -1.0
Key => Node Type
Value  name ,=> -1.0
Key => Parent Relationship
Value  name ,=> -1.0
Key => Scan Direction
Value  name ,=> -1.0
Key => Index Name
Value  name ,=> -1.0
Key => Relation Name
Value  name ,=> -1.0
Key => Alias
Value  name ,=> -1.0
Key => Plan Width
Value  name ,=> 13.0
Key => Actual Rows
Value  name ,=> 6001215.0
Key => Actual Loops
Value  name ,=> 1.0
Data IndexScan , 1.0 6001215.0 13.0 0.0 4426.46
Added training data to files
Data Aggregate-Sorted , 1.0 9.0 1.0 13.0 1499991.0 6001215.0 13.0 11456.973
Added training data to files
Data Materialize , 1.0 9.0 8.0 0.0 9.0 13.0 11457.008
Added training data to files
Data MergeJoin , 1.0 9.0 32.0 0.0 1201687.0 24.0 9.0 8.0 14671.071
Added training data to files
Key => Node Type
Value  name ,=> -1.0
Key => Parent Relationship
Value  name ,=> -1.0
Key => Plan Width
Value  name ,=> 23.0
Key => Actual Rows
Value  name ,=> 150000.0
Key => Actual Loops
Value  name ,=> 1.0
Key => Hash Buckets
Value  name ,=> 8192.0
Key => Hash Batches
Value  name ,=> 4.0
Key => Original Hash Batches
Value  name ,=> 4.0
Key => Peak Memory Usage
Value  name ,=> 2066.0
Key => Plans
Value  name ,=> -1.0
Key => Node Type
Value  name ,=> -1.0
Key => Parent Relationship
Value  name ,=> -1.0
Key => Relation Name
Value  name ,=> -1.0
Key => Alias
Value  name ,=> -1.0
Key => Plan Width
Value  name ,=> 23.0
Key => Actual Rows
Value  name ,=> 150000.0
Key => Actual Loops
Value  name ,=> 1.0
Data SeqScan , 1.0 150000.0 23.0 0.0 235.746
Added training data to files
Data Hash , 1.0 150000.0 4.0 8192.0 4.0 2066.0 23.0 0.0 150000.0 23.0 313.56
Added training data to files
Data HashJoin , 1.0 9.0 47.0 0.0 9.0 32.0 150000.0 23.0 15025.332
Added training data to files
Data Hash , 1.0 9.0 16.0 8192.0 16.0 1.0 47.0 0.0 9.0 47.0 15025.578
Added training data to files
Data HashJoin , 1.0 63.0 44.0 0.0 6001215.0 13.0 9.0 47.0 25243.163
Added training data to files
Data Sort-quicksort , 1.0 63.0 44.0 5.0 30.0 0.0 63.0 44.0 25243.63
Added training data to files
Data Aggregate-Sorted , 1.0 9.0 5.0 44.0 0.0 63.0 44.0 25243.742
Added training data to files
Data Limit , 1.0 9.0 44.0 0.0 9.0 44.0 25243.748
Added training data to files
Training query 162 executed successfully
Executed command ,script returned :  Exit value of child process : 1
Query : 
select
	c_name,
	c_custkey,
	o_orderkey,
	o_orderdate,
	o_totalprice,
	sum(l_quantity)
from
	customer,
	orders,
	lineitem
where
	o_orderkey in (
		select
			l_orderkey
		from
			lineitem
		group by
			l_orderkey having
				sum(l_quantity) > 313
	)
	and c_custkey = o_custkey
	and o_orderkey = l_orderkey
group by
	c_name,
	c_custkey,
	o_orderkey,
	o_orderdate,
	o_totalprice
order by
	o_totalprice desc,
	o_orderdate
LIMIT 100;

Node output - Plan: 
    Node Type: "Limit"
    Startup Cost: 1263339.13
    Total Cost: 1263342.13
    Plan Rows: 100
    Plan Width: 44
    Actual Startup Time: 20018.477
    Actual Total Time: 20018.572
    Actual Rows: 9
    Actual Loops: 1
    Plans: 
      - Node Type: "Aggregate"
        Strategy: "Sorted"
        Parent Relationship: "Outer"
        Startup Cost: 1263339.13
        Total Cost: 1353357.37
        Plan Rows: 3000608
        Plan Width: 44
        Actual Startup Time: 20018.475
        Actual Total Time: 20018.569
        Actual Rows: 9
        Actual Loops: 1
        Group Key: 
          - "orders.o_totalprice"
          - "orders.o_orderdate"
          - "customer.c_name"
          - "customer.c_custkey"
          - "orders.o_orderkey"
        Plans: 
          - Node Type: "Sort"
            Parent Relationship: "Outer"
            Startup Cost: 1263339.13
            Total Cost: 1270840.65
            Plan Rows: 3000608
            Plan Width: 44
            Actual Startup Time: 20018.445
            Actual Total Time: 20018.450
            Actual Rows: 63
            Actual Loops: 1
            Sort Key: 
              - "orders.o_totalprice"
              - "orders.o_orderdate"
              - "customer.c_name"
              - "customer.c_custkey"
              - "orders.o_orderkey"
            Sort Method: "quicksort"
            Sort Space Used: 30
            Sort Space Type: "Memory"
            Plans: 
              - Node Type: "Hash Join"
                Parent Relationship: "Outer"
                Join Type: "Inner"
                Startup Cost: 441641.54
                Total Cost: 755910.36
                Plan Rows: 3000608
                Plan Width: 44
                Actual Startup Time: 13705.290
                Actual Total Time: 20017.993
                Actual Rows: 63
                Actual Loops: 1
                Hash Cond: "(lineitem.l_orderkey = orders.o_orderkey)"
                Plans: 
                  - Node Type: "Seq Scan"
                    Parent Relationship: "Outer"
                    Relation Name: "lineitem"
                    Alias: "lineitem"
                    Startup Cost: 0.00
                    Total Cost: 181557.15
                    Plan Rows: 6001215
                    Plan Width: 13
                    Actual Startup Time: 0.009
                    Actual Total Time: 3094.564
                    Actual Rows: 6001215
                    Actual Loops: 1
                  - Node Type: "Hash"
                    Parent Relationship: "Inner"
                    Startup Cost: 425674.54
                    Total Cost: 425674.54
                    Plan Rows: 750000
                    Plan Width: 47
                    Actual Startup Time: 11400.913
                    Actual Total Time: 11400.913
                    Actual Rows: 9
                    Actual Loops: 1
                    Hash Buckets: 8192
                    Hash Batches: 16
                    Original Hash Batches: 16
                    Peak Memory Usage: 1
                    Plans: 
                      - Node Type: "Hash Join"
                        Parent Relationship: "Outer"
                        Join Type: "Inner"
                        Startup Cost: 7962.86
                        Total Cost: 425674.54
                        Plan Rows: 750000
                        Plan Width: 47
                        Actual Startup Time: 5584.065
                        Actual Total Time: 11400.718
                        Actual Rows: 9
                        Actual Loops: 1
                        Hash Cond: "(orders.o_custkey = customer.c_custkey)"
                        Plans: 
                          - Node Type: "Merge Join"
                            Parent Relationship: "Outer"
                            Join Type: "Semi"
                            Startup Cost: 0.86
                            Total Cost: 392517.04
                            Plan Rows: 750000
                            Plan Width: 32
                            Actual Startup Time: 2362.590
                            Actual Total Time: 11206.347
                            Actual Rows: 9
                            Actual Loops: 1
                            Merge Cond: "(orders.o_orderkey = lineitem_1.l_orderkey)"
                            Plans: 
                              - Node Type: "Index Scan"
                                Parent Relationship: "Outer"
                                Scan Direction: "Forward"
                                Index Name: "orders_pkey"
                                Relation Name: "orders"
                                Alias: "orders"
                                Startup Cost: 0.43
                                Total Cost: 66592.43
                                Plan Rows: 1500000
                                Plan Width: 24
                                Actual Startup Time: 0.016
                                Actual Total Time: 669.359
                                Actual Rows: 1201687
                                Actual Loops: 1
                              - Node Type: "Materialize"
                                Parent Relationship: "Inner"
                                Startup Cost: 0.43
                                Total Cost: 317557.77
                                Plan Rows: 369347
                                Plan Width: 8
                                Actual Startup Time: 2119.363
                                Actual Total Time: 10274.385
                                Actual Rows: 9
                                Actual Loops: 1
                                Plans: 
                                  - Node Type: "Aggregate"
                                    Strategy: "Sorted"
                                    Parent Relationship: "Outer"
                                    Startup Cost: 0.43
                                    Total Cost: 312940.94
                                    Plan Rows: 369347
                                    Plan Width: 13
                                    Actual Startup Time: 2119.357
                                    Actual Total Time: 10274.355
                                    Actual Rows: 9
                                    Actual Loops: 1
                                    Group Key: 
                                      - "lineitem_1.l_orderkey"
                                    Filter: "(sum(lineitem_1.l_quantity) > 313::numeric)"
                                    Rows Removed by Filter: 1499991
                                    Plans: 
                                      - Node Type: "Index Scan"
                                        Parent Relationship: "Outer"
                                        Scan Direction: "Forward"
                                        Index Name: "idx_lineitem_orderkey"
                                        Relation Name: "lineitem"
                                        Alias: "lineitem_1"
                                        Startup Cost: 0.43
                                        Total Cost: 277394.66
                                        Plan Rows: 6001215
                                        Plan Width: 13
                                        Actual Startup Time: 0.019
                                        Actual Total Time: 3949.125
                                        Actual Rows: 6001215
                                        Actual Loops: 1
                          - Node Type: "Hash"
                            Parent Relationship: "Inner"
                            Startup Cost: 5208.00
                            Total Cost: 5208.00
                            Plan Rows: 150000
                            Plan Width: 23
                            Actual Startup Time: 159.400
                            Actual Total Time: 159.400
                            Actual Rows: 150000
                            Actual Loops: 1
                            Hash Buckets: 8192
                            Hash Batches: 4
                            Original Hash Batches: 4
                            Peak Memory Usage: 2066
                            Plans: 
                              - Node Type: "Seq Scan"
                                Parent Relationship: "Outer"
                                Relation Name: "customer"
                                Alias: "customer"
                                Startup Cost: 0.00
                                Total Cost: 5208.00
                                Plan Rows: 150000
                                Plan Width: 23
                                Actual Startup Time: 0.013
                                Actual Total Time: 81.469
                                Actual Rows: 150000
                                Actual Loops: 1
  Planning Time: 4.853
  Triggers: 
  Execution Time: 20020.212
Key => Node Type
Value  name ,=> -1.0
Key => Plan Width
Value  name ,=> 44.0
Key => Actual Rows
Value  name ,=> 9.0
Key => Actual Loops
Value  name ,=> 1.0
Key => Plans
Value  name ,=> -1.0
Key => Node Type
Value  name ,=> -1.0
Key => Strategy
Value  name ,=> -1.0
Key => Parent Relationship
Value  name ,=> -1.0
Key => Plan Width
Value  name ,=> 44.0
Key => Actual Rows
Value  name ,=> 9.0
Key => Actual Loops
Value  name ,=> 1.0
Key => Group Key
Value  name ,=> 5.0
Key => Plans
Value  name ,=> -1.0
Key => Node Type
Value  name ,=> -1.0
Key => Parent Relationship
Value  name ,=> -1.0
Key => Plan Width
Value  name ,=> 44.0
Key => Actual Rows
Value  name ,=> 63.0
Key => Actual Loops
Value  name ,=> 1.0
Key => Sort Key
Value  name ,=> 5.0
Key => Sort Method
Value  name ,=> -1.0
Key => Sort Space Used
Value  name ,=> 30.0
Key => Sort Space Type
Value  name ,=> -1.0
Key => Plans
Value  name ,=> -1.0
Key => Node Type
Value  name ,=> -1.0
Key => Parent Relationship
Value  name ,=> -1.0
Key => Join Type
Value  name ,=> -1.0
Key => Plan Width
Value  name ,=> 44.0
Key => Actual Rows
Value  name ,=> 63.0
Key => Actual Loops
Value  name ,=> 1.0
Key => Hash Cond
Value  name ,=> -1.0
Key => Plans
Value  name ,=> -1.0
Key => Node Type
Value  name ,=> -1.0
Key => Parent Relationship
Value  name ,=> -1.0
Key => Relation Name
Value  name ,=> -1.0
Key => Alias
Value  name ,=> -1.0
Key => Plan Width
Value  name ,=> 13.0
Key => Actual Rows
Value  name ,=> 6001215.0
Key => Actual Loops
Value  name ,=> 1.0
Data SeqScan , 1.0 6001215.0 13.0 0.0 3094.564
Added training data to files
Key => Node Type
Value  name ,=> -1.0
Key => Parent Relationship
Value  name ,=> -1.0
Key => Plan Width
Value  name ,=> 47.0
Key => Actual Rows
Value  name ,=> 9.0
Key => Actual Loops
Value  name ,=> 1.0
Key => Hash Buckets
Value  name ,=> 8192.0
Key => Hash Batches
Value  name ,=> 16.0
Key => Original Hash Batches
Value  name ,=> 16.0
Key => Peak Memory Usage
Value  name ,=> 1.0
Key => Plans
Value  name ,=> -1.0
Key => Node Type
Value  name ,=> -1.0
Key => Parent Relationship
Value  name ,=> -1.0
Key => Join Type
Value  name ,=> -1.0
Key => Plan Width
Value  name ,=> 47.0
Key => Actual Rows
Value  name ,=> 9.0
Key => Actual Loops
Value  name ,=> 1.0
Key => Hash Cond
Value  name ,=> -1.0
Key => Plans
Value  name ,=> -1.0
Key => Node Type
Value  name ,=> -1.0
Key => Parent Relationship
Value  name ,=> -1.0
Key => Join Type
Value  name ,=> -1.0
Key => Plan Width
Value  name ,=> 32.0
Key => Actual Rows
Value  name ,=> 9.0
Key => Actual Loops
Value  name ,=> 1.0
Key => Merge Cond
Value  name ,=> -1.0
Key => Plans
Value  name ,=> -1.0
Key => Node Type
Value  name ,=> -1.0
Key => Parent Relationship
Value  name ,=> -1.0
Key => Scan Direction
Value  name ,=> -1.0
Key => Index Name
Value  name ,=> -1.0
Key => Relation Name
Value  name ,=> -1.0
Key => Alias
Value  name ,=> -1.0
Key => Plan Width
Value  name ,=> 24.0
Key => Actual Rows
Value  name ,=> 1201687.0
Key => Actual Loops
Value  name ,=> 1.0
Data IndexScan , 1.0 1201687.0 24.0 0.0 669.359
Added training data to files
Key => Node Type
Value  name ,=> -1.0
Key => Parent Relationship
Value  name ,=> -1.0
Key => Plan Width
Value  name ,=> 8.0
Key => Actual Rows
Value  name ,=> 9.0
Key => Actual Loops
Value  name ,=> 1.0
Key => Plans
Value  name ,=> -1.0
Key => Node Type
Value  name ,=> -1.0
Key => Strategy
Value  name ,=> -1.0
Key => Parent Relationship
Value  name ,=> -1.0
Key => Plan Width
Value  name ,=> 13.0
Key => Actual Rows
Value  name ,=> 9.0
Key => Actual Loops
Value  name ,=> 1.0
Key => Group Key
Value  name ,=> 1.0
Key => Filter
Value  name ,=> -1.0
Key => Plans
Value  name ,=> -1.0
Key => Node Type
Value  name ,=> -1.0
Key => Parent Relationship
Value  name ,=> -1.0
Key => Scan Direction
Value  name ,=> -1.0
Key => Index Name
Value  name ,=> -1.0
Key => Relation Name
Value  name ,=> -1.0
Key => Alias
Value  name ,=> -1.0
Key => Plan Width
Value  name ,=> 13.0
Key => Actual Rows
Value  name ,=> 6001215.0
Key => Actual Loops
Value  name ,=> 1.0
Data IndexScan , 1.0 6001215.0 13.0 0.0 3949.125
Added training data to files
Data Aggregate-Sorted , 1.0 9.0 1.0 13.0 1499991.0 6001215.0 13.0 10274.355
Added training data to files
Data Materialize , 1.0 9.0 8.0 0.0 9.0 13.0 10274.385
Added training data to files
Data MergeJoin , 1.0 9.0 32.0 0.0 1201687.0 24.0 9.0 8.0 11206.347
Added training data to files
Key => Node Type
Value  name ,=> -1.0
Key => Parent Relationship
Value  name ,=> -1.0
Key => Plan Width
Value  name ,=> 23.0
Key => Actual Rows
Value  name ,=> 150000.0
Key => Actual Loops
Value  name ,=> 1.0
Key => Hash Buckets
Value  name ,=> 8192.0
Key => Hash Batches
Value  name ,=> 4.0
Key => Original Hash Batches
Value  name ,=> 4.0
Key => Peak Memory Usage
Value  name ,=> 2066.0
Key => Plans
Value  name ,=> -1.0
Key => Node Type
Value  name ,=> -1.0
Key => Parent Relationship
Value  name ,=> -1.0
Key => Relation Name
Value  name ,=> -1.0
Key => Alias
Value  name ,=> -1.0
Key => Plan Width
Value  name ,=> 23.0
Key => Actual Rows
Value  name ,=> 150000.0
Key => Actual Loops
Value  name ,=> 1.0
Data SeqScan , 1.0 150000.0 23.0 0.0 81.469
Added training data to files
Data Hash , 1.0 150000.0 4.0 8192.0 4.0 2066.0 23.0 0.0 150000.0 23.0 159.4
Added training data to files
Data HashJoin , 1.0 9.0 47.0 0.0 9.0 32.0 150000.0 23.0 11400.718
Added training data to files
Data Hash , 1.0 9.0 16.0 8192.0 16.0 1.0 47.0 0.0 9.0 47.0 11400.913
Added training data to files
Data HashJoin , 1.0 63.0 44.0 0.0 6001215.0 13.0 9.0 47.0 20017.993
Added training data to files
Data Sort-quicksort , 1.0 63.0 44.0 5.0 30.0 0.0 63.0 44.0 20018.45
Added training data to files
Data Aggregate-Sorted , 1.0 9.0 5.0 44.0 0.0 63.0 44.0 20018.569
Added training data to files
Data Limit , 1.0 9.0 44.0 0.0 9.0 44.0 20018.572
Added training data to files
Training query 163 executed successfully
Executed command ,script returned :  Exit value of child process : 1
Query : 
select
	c_name,
	c_custkey,
	o_orderkey,
	o_orderdate,
	o_totalprice,
	sum(l_quantity)
from
	customer,
	orders,
	lineitem
where
	o_orderkey in (
		select
			l_orderkey
		from
			lineitem
		group by
			l_orderkey having
				sum(l_quantity) > 313
	)
	and c_custkey = o_custkey
	and o_orderkey = l_orderkey
group by
	c_name,
	c_custkey,
	o_orderkey,
	o_orderdate,
	o_totalprice
order by
	o_totalprice desc,
	o_orderdate
LIMIT 100;

Node output - Plan: 
    Node Type: "Limit"
    Startup Cost: 1263339.13
    Total Cost: 1263342.13
    Plan Rows: 100
    Plan Width: 44
    Actual Startup Time: 21530.006
    Actual Total Time: 21530.096
    Actual Rows: 9
    Actual Loops: 1
    Plans: 
      - Node Type: "Aggregate"
        Strategy: "Sorted"
        Parent Relationship: "Outer"
        Startup Cost: 1263339.13
        Total Cost: 1353357.37
        Plan Rows: 3000608
        Plan Width: 44
        Actual Startup Time: 21530.003
        Actual Total Time: 21530.091
        Actual Rows: 9
        Actual Loops: 1
        Group Key: 
          - "orders.o_totalprice"
          - "orders.o_orderdate"
          - "customer.c_name"
          - "customer.c_custkey"
          - "orders.o_orderkey"
        Plans: 
          - Node Type: "Sort"
            Parent Relationship: "Outer"
            Startup Cost: 1263339.13
            Total Cost: 1270840.65
            Plan Rows: 3000608
            Plan Width: 44
            Actual Startup Time: 21529.970
            Actual Total Time: 21529.977
            Actual Rows: 63
            Actual Loops: 1
            Sort Key: 
              - "orders.o_totalprice"
              - "orders.o_orderdate"
              - "customer.c_name"
              - "customer.c_custkey"
              - "orders.o_orderkey"
            Sort Method: "quicksort"
            Sort Space Used: 30
            Sort Space Type: "Memory"
            Plans: 
              - Node Type: "Hash Join"
                Parent Relationship: "Outer"
                Join Type: "Inner"
                Startup Cost: 441641.54
                Total Cost: 755910.36
                Plan Rows: 3000608
                Plan Width: 44
                Actual Startup Time: 14115.966
                Actual Total Time: 21529.498
                Actual Rows: 63
                Actual Loops: 1
                Hash Cond: "(lineitem.l_orderkey = orders.o_orderkey)"
                Plans: 
                  - Node Type: "Seq Scan"
                    Parent Relationship: "Outer"
                    Relation Name: "lineitem"
                    Alias: "lineitem"
                    Startup Cost: 0.00
                    Total Cost: 181557.15
                    Plan Rows: 6001215
                    Plan Width: 13
                    Actual Startup Time: 0.022
                    Actual Total Time: 3400.180
                    Actual Rows: 6001215
                    Actual Loops: 1
                  - Node Type: "Hash"
                    Parent Relationship: "Inner"
                    Startup Cost: 425674.54
                    Total Cost: 425674.54
                    Plan Rows: 750000
                    Plan Width: 47
                    Actual Startup Time: 11760.954
                    Actual Total Time: 11760.954
                    Actual Rows: 9
                    Actual Loops: 1
                    Hash Buckets: 8192
                    Hash Batches: 16
                    Original Hash Batches: 16
                    Peak Memory Usage: 1
                    Plans: 
                      - Node Type: "Hash Join"
                        Parent Relationship: "Outer"
                        Join Type: "Inner"
                        Startup Cost: 7962.86
                        Total Cost: 425674.54
                        Plan Rows: 750000
                        Plan Width: 47
                        Actual Startup Time: 5806.356
                        Actual Total Time: 11760.740
                        Actual Rows: 9
                        Actual Loops: 1
                        Hash Cond: "(orders.o_custkey = customer.c_custkey)"
                        Plans: 
                          - Node Type: "Merge Join"
                            Parent Relationship: "Outer"
                            Join Type: "Semi"
                            Startup Cost: 0.86
                            Total Cost: 392517.04
                            Plan Rows: 750000
                            Plan Width: 32
                            Actual Startup Time: 2488.074
                            Actual Total Time: 11559.238
                            Actual Rows: 9
                            Actual Loops: 1
                            Merge Cond: "(orders.o_orderkey = lineitem_1.l_orderkey)"
                            Plans: 
                              - Node Type: "Index Scan"
                                Parent Relationship: "Outer"
                                Scan Direction: "Forward"
                                Index Name: "orders_pkey"
                                Relation Name: "orders"
                                Alias: "orders"
                                Startup Cost: 0.43
                                Total Cost: 66592.43
                                Plan Rows: 1500000
                                Plan Width: 24
                                Actual Startup Time: 0.048
                                Actual Total Time: 684.865
                                Actual Rows: 1201687
                                Actual Loops: 1
                              - Node Type: "Materialize"
                                Parent Relationship: "Inner"
                                Startup Cost: 0.43
                                Total Cost: 317557.77
                                Plan Rows: 369347
                                Plan Width: 8
                                Actual Startup Time: 2236.241
                                Actual Total Time: 10605.071
                                Actual Rows: 9
                                Actual Loops: 1
                                Plans: 
                                  - Node Type: "Aggregate"
                                    Strategy: "Sorted"
                                    Parent Relationship: "Outer"
                                    Startup Cost: 0.43
                                    Total Cost: 312940.94
                                    Plan Rows: 369347
                                    Plan Width: 13
                                    Actual Startup Time: 2236.234
                                    Actual Total Time: 10605.040
                                    Actual Rows: 9
                                    Actual Loops: 1
                                    Group Key: 
                                      - "lineitem_1.l_orderkey"
                                    Filter: "(sum(lineitem_1.l_quantity) > 313::numeric)"
                                    Rows Removed by Filter: 1499991
                                    Plans: 
                                      - Node Type: "Index Scan"
                                        Parent Relationship: "Outer"
                                        Scan Direction: "Forward"
                                        Index Name: "idx_lineitem_orderkey"
                                        Relation Name: "lineitem"
                                        Alias: "lineitem_1"
                                        Startup Cost: 0.43
                                        Total Cost: 277394.66
                                        Plan Rows: 6001215
                                        Plan Width: 13
                                        Actual Startup Time: 0.041
                                        Actual Total Time: 4067.513
                                        Actual Rows: 6001215
                                        Actual Loops: 1
                          - Node Type: "Hash"
                            Parent Relationship: "Inner"
                            Startup Cost: 5208.00
                            Total Cost: 5208.00
                            Plan Rows: 150000
                            Plan Width: 23
                            Actual Startup Time: 164.352
                            Actual Total Time: 164.352
                            Actual Rows: 150000
                            Actual Loops: 1
                            Hash Buckets: 8192
                            Hash Batches: 4
                            Original Hash Batches: 4
                            Peak Memory Usage: 2066
                            Plans: 
                              - Node Type: "Seq Scan"
                                Parent Relationship: "Outer"
                                Relation Name: "customer"
                                Alias: "customer"
                                Startup Cost: 0.00
                                Total Cost: 5208.00
                                Plan Rows: 150000
                                Plan Width: 23
                                Actual Startup Time: 0.014
                                Actual Total Time: 83.475
                                Actual Rows: 150000
                                Actual Loops: 1
  Planning Time: 6.172
  Triggers: 
  Execution Time: 21531.664
Key => Node Type
Value  name ,=> -1.0
Key => Plan Width
Value  name ,=> 44.0
Key => Actual Rows
Value  name ,=> 9.0
Key => Actual Loops
Value  name ,=> 1.0
Key => Plans
Value  name ,=> -1.0
Key => Node Type
Value  name ,=> -1.0
Key => Strategy
Value  name ,=> -1.0
Key => Parent Relationship
Value  name ,=> -1.0
Key => Plan Width
Value  name ,=> 44.0
Key => Actual Rows
Value  name ,=> 9.0
Key => Actual Loops
Value  name ,=> 1.0
Key => Group Key
Value  name ,=> 5.0
Key => Plans
Value  name ,=> -1.0
Key => Node Type
Value  name ,=> -1.0
Key => Parent Relationship
Value  name ,=> -1.0
Key => Plan Width
Value  name ,=> 44.0
Key => Actual Rows
Value  name ,=> 63.0
Key => Actual Loops
Value  name ,=> 1.0
Key => Sort Key
Value  name ,=> 5.0
Key => Sort Method
Value  name ,=> -1.0
Key => Sort Space Used
Value  name ,=> 30.0
Key => Sort Space Type
Value  name ,=> -1.0
Key => Plans
Value  name ,=> -1.0
Key => Node Type
Value  name ,=> -1.0
Key => Parent Relationship
Value  name ,=> -1.0
Key => Join Type
Value  name ,=> -1.0
Key => Plan Width
Value  name ,=> 44.0
Key => Actual Rows
Value  name ,=> 63.0
Key => Actual Loops
Value  name ,=> 1.0
Key => Hash Cond
Value  name ,=> -1.0
Key => Plans
Value  name ,=> -1.0
Key => Node Type
Value  name ,=> -1.0
Key => Parent Relationship
Value  name ,=> -1.0
Key => Relation Name
Value  name ,=> -1.0
Key => Alias
Value  name ,=> -1.0
Key => Plan Width
Value  name ,=> 13.0
Key => Actual Rows
Value  name ,=> 6001215.0
Key => Actual Loops
Value  name ,=> 1.0
Data SeqScan , 1.0 6001215.0 13.0 0.0 3400.18
Added training data to files
Key => Node Type
Value  name ,=> -1.0
Key => Parent Relationship
Value  name ,=> -1.0
Key => Plan Width
Value  name ,=> 47.0
Key => Actual Rows
Value  name ,=> 9.0
Key => Actual Loops
Value  name ,=> 1.0
Key => Hash Buckets
Value  name ,=> 8192.0
Key => Hash Batches
Value  name ,=> 16.0
Key => Original Hash Batches
Value  name ,=> 16.0
Key => Peak Memory Usage
Value  name ,=> 1.0
Key => Plans
Value  name ,=> -1.0
Key => Node Type
Value  name ,=> -1.0
Key => Parent Relationship
Value  name ,=> -1.0
Key => Join Type
Value  name ,=> -1.0
Key => Plan Width
Value  name ,=> 47.0
Key => Actual Rows
Value  name ,=> 9.0
Key => Actual Loops
Value  name ,=> 1.0
Key => Hash Cond
Value  name ,=> -1.0
Key => Plans
Value  name ,=> -1.0
Key => Node Type
Value  name ,=> -1.0
Key => Parent Relationship
Value  name ,=> -1.0
Key => Join Type
Value  name ,=> -1.0
Key => Plan Width
Value  name ,=> 32.0
Key => Actual Rows
Value  name ,=> 9.0
Key => Actual Loops
Value  name ,=> 1.0
Key => Merge Cond
Value  name ,=> -1.0
Key => Plans
Value  name ,=> -1.0
Key => Node Type
Value  name ,=> -1.0
Key => Parent Relationship
Value  name ,=> -1.0
Key => Scan Direction
Value  name ,=> -1.0
Key => Index Name
Value  name ,=> -1.0
Key => Relation Name
Value  name ,=> -1.0
Key => Alias
Value  name ,=> -1.0
Key => Plan Width
Value  name ,=> 24.0
Key => Actual Rows
Value  name ,=> 1201687.0
Key => Actual Loops
Value  name ,=> 1.0
Data IndexScan , 1.0 1201687.0 24.0 0.0 684.865
Added training data to files
Key => Node Type
Value  name ,=> -1.0
Key => Parent Relationship
Value  name ,=> -1.0
Key => Plan Width
Value  name ,=> 8.0
Key => Actual Rows
Value  name ,=> 9.0
Key => Actual Loops
Value  name ,=> 1.0
Key => Plans
Value  name ,=> -1.0
Key => Node Type
Value  name ,=> -1.0
Key => Strategy
Value  name ,=> -1.0
Key => Parent Relationship
Value  name ,=> -1.0
Key => Plan Width
Value  name ,=> 13.0
Key => Actual Rows
Value  name ,=> 9.0
Key => Actual Loops
Value  name ,=> 1.0
Key => Group Key
Value  name ,=> 1.0
Key => Filter
Value  name ,=> -1.0
Key => Plans
Value  name ,=> -1.0
Key => Node Type
Value  name ,=> -1.0
Key => Parent Relationship
Value  name ,=> -1.0
Key => Scan Direction
Value  name ,=> -1.0
Key => Index Name
Value  name ,=> -1.0
Key => Relation Name
Value  name ,=> -1.0
Key => Alias
Value  name ,=> -1.0
Key => Plan Width
Value  name ,=> 13.0
Key => Actual Rows
Value  name ,=> 6001215.0
Key => Actual Loops
Value  name ,=> 1.0
Data IndexScan , 1.0 6001215.0 13.0 0.0 4067.513
Added training data to files
Data Aggregate-Sorted , 1.0 9.0 1.0 13.0 1499991.0 6001215.0 13.0 10605.04
Added training data to files
Data Materialize , 1.0 9.0 8.0 0.0 9.0 13.0 10605.071
Added training data to files
Data MergeJoin , 1.0 9.0 32.0 0.0 1201687.0 24.0 9.0 8.0 11559.238
Added training data to files
Key => Node Type
Value  name ,=> -1.0
Key => Parent Relationship
Value  name ,=> -1.0
Key => Plan Width
Value  name ,=> 23.0
Key => Actual Rows
Value  name ,=> 150000.0
Key => Actual Loops
Value  name ,=> 1.0
Key => Hash Buckets
Value  name ,=> 8192.0
Key => Hash Batches
Value  name ,=> 4.0
Key => Original Hash Batches
Value  name ,=> 4.0
Key => Peak Memory Usage
Value  name ,=> 2066.0
Key => Plans
Value  name ,=> -1.0
Key => Node Type
Value  name ,=> -1.0
Key => Parent Relationship
Value  name ,=> -1.0
Key => Relation Name
Value  name ,=> -1.0
Key => Alias
Value  name ,=> -1.0
Key => Plan Width
Value  name ,=> 23.0
Key => Actual Rows
Value  name ,=> 150000.0
Key => Actual Loops
Value  name ,=> 1.0
Data SeqScan , 1.0 150000.0 23.0 0.0 83.475
Added training data to files
Data Hash , 1.0 150000.0 4.0 8192.0 4.0 2066.0 23.0 0.0 150000.0 23.0 164.352
Added training data to files
Data HashJoin , 1.0 9.0 47.0 0.0 9.0 32.0 150000.0 23.0 11760.74
Added training data to files
Data Hash , 1.0 9.0 16.0 8192.0 16.0 1.0 47.0 0.0 9.0 47.0 11760.954
Added training data to files
Data HashJoin , 1.0 63.0 44.0 0.0 6001215.0 13.0 9.0 47.0 21529.498
Added training data to files
Data Sort-quicksort , 1.0 63.0 44.0 5.0 30.0 0.0 63.0 44.0 21529.977
Added training data to files
Data Aggregate-Sorted , 1.0 9.0 5.0 44.0 0.0 63.0 44.0 21530.091
Added training data to files
Data Limit , 1.0 9.0 44.0 0.0 9.0 44.0 21530.096
Added training data to files
Training query 164 executed successfully
Executed command ,script returned :  Exit value of child process : 1
Query : 
select
	c_name,
	c_custkey,
	o_orderkey,
	o_orderdate,
	o_totalprice,
	sum(l_quantity)
from
	customer,
	orders,
	lineitem
where
	o_orderkey in (
		select
			l_orderkey
		from
			lineitem
		group by
			l_orderkey having
				sum(l_quantity) > 313
	)
	and c_custkey = o_custkey
	and o_orderkey = l_orderkey
group by
	c_name,
	c_custkey,
	o_orderkey,
	o_orderdate,
	o_totalprice
order by
	o_totalprice desc,
	o_orderdate
LIMIT 100;

Node output - Plan: 
    Node Type: "Limit"
    Startup Cost: 1263339.13
    Total Cost: 1263342.13
    Plan Rows: 100
    Plan Width: 44
    Actual Startup Time: 20536.600
    Actual Total Time: 20536.715
    Actual Rows: 9
    Actual Loops: 1
    Plans: 
      - Node Type: "Aggregate"
        Strategy: "Sorted"
        Parent Relationship: "Outer"
        Startup Cost: 1263339.13
        Total Cost: 1353357.37
        Plan Rows: 3000608
        Plan Width: 44
        Actual Startup Time: 20536.598
        Actual Total Time: 20536.710
        Actual Rows: 9
        Actual Loops: 1
        Group Key: 
          - "orders.o_totalprice"
          - "orders.o_orderdate"
          - "customer.c_name"
          - "customer.c_custkey"
          - "orders.o_orderkey"
        Plans: 
          - Node Type: "Sort"
            Parent Relationship: "Outer"
            Startup Cost: 1263339.13
            Total Cost: 1270840.65
            Plan Rows: 3000608
            Plan Width: 44
            Actual Startup Time: 20536.563
            Actual Total Time: 20536.571
            Actual Rows: 63
            Actual Loops: 1
            Sort Key: 
              - "orders.o_totalprice"
              - "orders.o_orderdate"
              - "customer.c_name"
              - "customer.c_custkey"
              - "orders.o_orderkey"
            Sort Method: "quicksort"
            Sort Space Used: 30
            Sort Space Type: "Memory"
            Plans: 
              - Node Type: "Hash Join"
                Parent Relationship: "Outer"
                Join Type: "Inner"
                Startup Cost: 441641.54
                Total Cost: 755910.36
                Plan Rows: 3000608
                Plan Width: 44
                Actual Startup Time: 15373.661
                Actual Total Time: 20536.033
                Actual Rows: 63
                Actual Loops: 1
                Hash Cond: "(lineitem.l_orderkey = orders.o_orderkey)"
                Plans: 
                  - Node Type: "Seq Scan"
                    Parent Relationship: "Outer"
                    Relation Name: "lineitem"
                    Alias: "lineitem"
                    Startup Cost: 0.00
                    Total Cost: 181557.15
                    Plan Rows: 6001215
                    Plan Width: 13
                    Actual Startup Time: 0.009
                    Actual Total Time: 3510.642
                    Actual Rows: 6001215
                    Actual Loops: 1
                  - Node Type: "Hash"
                    Parent Relationship: "Inner"
                    Startup Cost: 425674.54
                    Total Cost: 425674.54
                    Plan Rows: 750000
                    Plan Width: 47
                    Actual Startup Time: 12840.332
                    Actual Total Time: 12840.332
                    Actual Rows: 9
                    Actual Loops: 1
                    Hash Buckets: 8192
                    Hash Batches: 16
                    Original Hash Batches: 16
                    Peak Memory Usage: 1
                    Plans: 
                      - Node Type: "Hash Join"
                        Parent Relationship: "Outer"
                        Join Type: "Inner"
                        Startup Cost: 7962.86
                        Total Cost: 425674.54
                        Plan Rows: 750000
                        Plan Width: 47
                        Actual Startup Time: 6325.337
                        Actual Total Time: 12840.121
                        Actual Rows: 9
                        Actual Loops: 1
                        Hash Cond: "(orders.o_custkey = customer.c_custkey)"
                        Plans: 
                          - Node Type: "Merge Join"
                            Parent Relationship: "Outer"
                            Join Type: "Semi"
                            Startup Cost: 0.86
                            Total Cost: 392517.04
                            Plan Rows: 750000
                            Plan Width: 32
                            Actual Startup Time: 2668.378
                            Actual Total Time: 12622.776
                            Actual Rows: 9
                            Actual Loops: 1
                            Merge Cond: "(orders.o_orderkey = lineitem_1.l_orderkey)"
                            Plans: 
                              - Node Type: "Index Scan"
                                Parent Relationship: "Outer"
                                Scan Direction: "Forward"
                                Index Name: "orders_pkey"
                                Relation Name: "orders"
                                Alias: "orders"
                                Startup Cost: 0.43
                                Total Cost: 66592.43
                                Plan Rows: 1500000
                                Plan Width: 24
                                Actual Startup Time: 0.016
                                Actual Total Time: 745.341
                                Actual Rows: 1201687
                                Actual Loops: 1
                              - Node Type: "Materialize"
                                Parent Relationship: "Inner"
                                Startup Cost: 0.43
                                Total Cost: 317557.77
                                Plan Rows: 369347
                                Plan Width: 8
                                Actual Startup Time: 2398.142
                                Actual Total Time: 11581.504
                                Actual Rows: 9
                                Actual Loops: 1
                                Plans: 
                                  - Node Type: "Aggregate"
                                    Strategy: "Sorted"
                                    Parent Relationship: "Outer"
                                    Startup Cost: 0.43
                                    Total Cost: 312940.94
                                    Plan Rows: 369347
                                    Plan Width: 13
                                    Actual Startup Time: 2398.138
                                    Actual Total Time: 11581.471
                                    Actual Rows: 9
                                    Actual Loops: 1
                                    Group Key: 
                                      - "lineitem_1.l_orderkey"
                                    Filter: "(sum(lineitem_1.l_quantity) > 313::numeric)"
                                    Rows Removed by Filter: 1499991
                                    Plans: 
                                      - Node Type: "Index Scan"
                                        Parent Relationship: "Outer"
                                        Scan Direction: "Forward"
                                        Index Name: "idx_lineitem_orderkey"
                                        Relation Name: "lineitem"
                                        Alias: "lineitem_1"
                                        Startup Cost: 0.43
                                        Total Cost: 277394.66
                                        Plan Rows: 6001215
                                        Plan Width: 13
                                        Actual Startup Time: 0.014
                                        Actual Total Time: 4419.330
                                        Actual Rows: 6001215
                                        Actual Loops: 1
                          - Node Type: "Hash"
                            Parent Relationship: "Inner"
                            Startup Cost: 5208.00
                            Total Cost: 5208.00
                            Plan Rows: 150000
                            Plan Width: 23
                            Actual Startup Time: 176.935
                            Actual Total Time: 176.935
                            Actual Rows: 150000
                            Actual Loops: 1
                            Hash Buckets: 8192
                            Hash Batches: 4
                            Original Hash Batches: 4
                            Peak Memory Usage: 2066
                            Plans: 
                              - Node Type: "Seq Scan"
                                Parent Relationship: "Outer"
                                Relation Name: "customer"
                                Alias: "customer"
                                Startup Cost: 0.00
                                Total Cost: 5208.00
                                Plan Rows: 150000
                                Plan Width: 23
                                Actual Startup Time: 0.014
                                Actual Total Time: 89.375
                                Actual Rows: 150000
                                Actual Loops: 1
  Planning Time: 3.063
  Triggers: 
  Execution Time: 20538.304
Key => Node Type
Value  name ,=> -1.0
Key => Plan Width
Value  name ,=> 44.0
Key => Actual Rows
Value  name ,=> 9.0
Key => Actual Loops
Value  name ,=> 1.0
Key => Plans
Value  name ,=> -1.0
Key => Node Type
Value  name ,=> -1.0
Key => Strategy
Value  name ,=> -1.0
Key => Parent Relationship
Value  name ,=> -1.0
Key => Plan Width
Value  name ,=> 44.0
Key => Actual Rows
Value  name ,=> 9.0
Key => Actual Loops
Value  name ,=> 1.0
Key => Group Key
Value  name ,=> 5.0
Key => Plans
Value  name ,=> -1.0
Key => Node Type
Value  name ,=> -1.0
Key => Parent Relationship
Value  name ,=> -1.0
Key => Plan Width
Value  name ,=> 44.0
Key => Actual Rows
Value  name ,=> 63.0
Key => Actual Loops
Value  name ,=> 1.0
Key => Sort Key
Value  name ,=> 5.0
Key => Sort Method
Value  name ,=> -1.0
Key => Sort Space Used
Value  name ,=> 30.0
Key => Sort Space Type
Value  name ,=> -1.0
Key => Plans
Value  name ,=> -1.0
Key => Node Type
Value  name ,=> -1.0
Key => Parent Relationship
Value  name ,=> -1.0
Key => Join Type
Value  name ,=> -1.0
Key => Plan Width
Value  name ,=> 44.0
Key => Actual Rows
Value  name ,=> 63.0
Key => Actual Loops
Value  name ,=> 1.0
Key => Hash Cond
Value  name ,=> -1.0
Key => Plans
Value  name ,=> -1.0
Key => Node Type
Value  name ,=> -1.0
Key => Parent Relationship
Value  name ,=> -1.0
Key => Relation Name
Value  name ,=> -1.0
Key => Alias
Value  name ,=> -1.0
Key => Plan Width
Value  name ,=> 13.0
Key => Actual Rows
Value  name ,=> 6001215.0
Key => Actual Loops
Value  name ,=> 1.0
Data SeqScan , 1.0 6001215.0 13.0 0.0 3510.642
Added training data to files
Key => Node Type
Value  name ,=> -1.0
Key => Parent Relationship
Value  name ,=> -1.0
Key => Plan Width
Value  name ,=> 47.0
Key => Actual Rows
Value  name ,=> 9.0
Key => Actual Loops
Value  name ,=> 1.0
Key => Hash Buckets
Value  name ,=> 8192.0
Key => Hash Batches
Value  name ,=> 16.0
Key => Original Hash Batches
Value  name ,=> 16.0
Key => Peak Memory Usage
Value  name ,=> 1.0
Key => Plans
Value  name ,=> -1.0
Key => Node Type
Value  name ,=> -1.0
Key => Parent Relationship
Value  name ,=> -1.0
Key => Join Type
Value  name ,=> -1.0
Key => Plan Width
Value  name ,=> 47.0
Key => Actual Rows
Value  name ,=> 9.0
Key => Actual Loops
Value  name ,=> 1.0
Key => Hash Cond
Value  name ,=> -1.0
Key => Plans
Value  name ,=> -1.0
Key => Node Type
Value  name ,=> -1.0
Key => Parent Relationship
Value  name ,=> -1.0
Key => Join Type
Value  name ,=> -1.0
Key => Plan Width
Value  name ,=> 32.0
Key => Actual Rows
Value  name ,=> 9.0
Key => Actual Loops
Value  name ,=> 1.0
Key => Merge Cond
Value  name ,=> -1.0
Key => Plans
Value  name ,=> -1.0
Key => Node Type
Value  name ,=> -1.0
Key => Parent Relationship
Value  name ,=> -1.0
Key => Scan Direction
Value  name ,=> -1.0
Key => Index Name
Value  name ,=> -1.0
Key => Relation Name
Value  name ,=> -1.0
Key => Alias
Value  name ,=> -1.0
Key => Plan Width
Value  name ,=> 24.0
Key => Actual Rows
Value  name ,=> 1201687.0
Key => Actual Loops
Value  name ,=> 1.0
Data IndexScan , 1.0 1201687.0 24.0 0.0 745.341
Added training data to files
Key => Node Type
Value  name ,=> -1.0
Key => Parent Relationship
Value  name ,=> -1.0
Key => Plan Width
Value  name ,=> 8.0
Key => Actual Rows
Value  name ,=> 9.0
Key => Actual Loops
Value  name ,=> 1.0
Key => Plans
Value  name ,=> -1.0
Key => Node Type
Value  name ,=> -1.0
Key => Strategy
Value  name ,=> -1.0
Key => Parent Relationship
Value  name ,=> -1.0
Key => Plan Width
Value  name ,=> 13.0
Key => Actual Rows
Value  name ,=> 9.0
Key => Actual Loops
Value  name ,=> 1.0
Key => Group Key
Value  name ,=> 1.0
Key => Filter
Value  name ,=> -1.0
Key => Plans
Value  name ,=> -1.0
Key => Node Type
Value  name ,=> -1.0
Key => Parent Relationship
Value  name ,=> -1.0
Key => Scan Direction
Value  name ,=> -1.0
Key => Index Name
Value  name ,=> -1.0
Key => Relation Name
Value  name ,=> -1.0
Key => Alias
Value  name ,=> -1.0
Key => Plan Width
Value  name ,=> 13.0
Key => Actual Rows
Value  name ,=> 6001215.0
Key => Actual Loops
Value  name ,=> 1.0
Data IndexScan , 1.0 6001215.0 13.0 0.0 4419.33
Added training data to files
Data Aggregate-Sorted , 1.0 9.0 1.0 13.0 1499991.0 6001215.0 13.0 11581.471
Added training data to files
Data Materialize , 1.0 9.0 8.0 0.0 9.0 13.0 11581.504
Added training data to files
Data MergeJoin , 1.0 9.0 32.0 0.0 1201687.0 24.0 9.0 8.0 12622.776
Added training data to files
Key => Node Type
Value  name ,=> -1.0
Key => Parent Relationship
Value  name ,=> -1.0
Key => Plan Width
Value  name ,=> 23.0
Key => Actual Rows
Value  name ,=> 150000.0
Key => Actual Loops
Value  name ,=> 1.0
Key => Hash Buckets
Value  name ,=> 8192.0
Key => Hash Batches
Value  name ,=> 4.0
Key => Original Hash Batches
Value  name ,=> 4.0
Key => Peak Memory Usage
Value  name ,=> 2066.0
Key => Plans
Value  name ,=> -1.0
Key => Node Type
Value  name ,=> -1.0
Key => Parent Relationship
Value  name ,=> -1.0
Key => Relation Name
Value  name ,=> -1.0
Key => Alias
Value  name ,=> -1.0
Key => Plan Width
Value  name ,=> 23.0
Key => Actual Rows
Value  name ,=> 150000.0
Key => Actual Loops
Value  name ,=> 1.0
Data SeqScan , 1.0 150000.0 23.0 0.0 89.375
Added training data to files
Data Hash , 1.0 150000.0 4.0 8192.0 4.0 2066.0 23.0 0.0 150000.0 23.0 176.935
Added training data to files
Data HashJoin , 1.0 9.0 47.0 0.0 9.0 32.0 150000.0 23.0 12840.121
Added training data to files
Data Hash , 1.0 9.0 16.0 8192.0 16.0 1.0 47.0 0.0 9.0 47.0 12840.332
Added training data to files
Data HashJoin , 1.0 63.0 44.0 0.0 6001215.0 13.0 9.0 47.0 20536.033
Added training data to files
Data Sort-quicksort , 1.0 63.0 44.0 5.0 30.0 0.0 63.0 44.0 20536.571
Added training data to files
Data Aggregate-Sorted , 1.0 9.0 5.0 44.0 0.0 63.0 44.0 20536.71
Added training data to files
Data Limit , 1.0 9.0 44.0 0.0 9.0 44.0 20536.715
Added training data to files
Training query 165 executed successfully
Executed command ,script returned :  Exit value of child process : 1
Query : 
select
	c_name,
	c_custkey,
	o_orderkey,
	o_orderdate,
	o_totalprice,
	sum(l_quantity)
from
	customer,
	orders,
	lineitem
where
	o_orderkey in (
		select
			l_orderkey
		from
			lineitem
		group by
			l_orderkey having
				sum(l_quantity) > 313
	)
	and c_custkey = o_custkey
	and o_orderkey = l_orderkey
group by
	c_name,
	c_custkey,
	o_orderkey,
	o_orderdate,
	o_totalprice
order by
	o_totalprice desc,
	o_orderdate
LIMIT 100;

Node output - Plan: 
    Node Type: "Limit"
    Startup Cost: 1263339.13
    Total Cost: 1263342.13
    Plan Rows: 100
    Plan Width: 44
    Actual Startup Time: 21776.709
    Actual Total Time: 21776.807
    Actual Rows: 9
    Actual Loops: 1
    Plans: 
      - Node Type: "Aggregate"
        Strategy: "Sorted"
        Parent Relationship: "Outer"
        Startup Cost: 1263339.13
        Total Cost: 1353357.37
        Plan Rows: 3000608
        Plan Width: 44
        Actual Startup Time: 21776.707
        Actual Total Time: 21776.805
        Actual Rows: 9
        Actual Loops: 1
        Group Key: 
          - "orders.o_totalprice"
          - "orders.o_orderdate"
          - "customer.c_name"
          - "customer.c_custkey"
          - "orders.o_orderkey"
        Plans: 
          - Node Type: "Sort"
            Parent Relationship: "Outer"
            Startup Cost: 1263339.13
            Total Cost: 1270840.65
            Plan Rows: 3000608
            Plan Width: 44
            Actual Startup Time: 21776.675
            Actual Total Time: 21776.680
            Actual Rows: 63
            Actual Loops: 1
            Sort Key: 
              - "orders.o_totalprice"
              - "orders.o_orderdate"
              - "customer.c_name"
              - "customer.c_custkey"
              - "orders.o_orderkey"
            Sort Method: "quicksort"
            Sort Space Used: 30
            Sort Space Type: "Memory"
            Plans: 
              - Node Type: "Hash Join"
                Parent Relationship: "Outer"
                Join Type: "Inner"
                Startup Cost: 441641.54
                Total Cost: 755910.36
                Plan Rows: 3000608
                Plan Width: 44
                Actual Startup Time: 15583.980
                Actual Total Time: 21776.205
                Actual Rows: 63
                Actual Loops: 1
                Hash Cond: "(lineitem.l_orderkey = orders.o_orderkey)"
                Plans: 
                  - Node Type: "Seq Scan"
                    Parent Relationship: "Outer"
                    Relation Name: "lineitem"
                    Alias: "lineitem"
                    Startup Cost: 0.00
                    Total Cost: 181557.15
                    Plan Rows: 6001215
                    Plan Width: 13
                    Actual Startup Time: 0.009
                    Actual Total Time: 3432.068
                    Actual Rows: 6001215
                    Actual Loops: 1
                  - Node Type: "Hash"
                    Parent Relationship: "Inner"
                    Startup Cost: 425674.54
                    Total Cost: 425674.54
                    Plan Rows: 750000
                    Plan Width: 47
                    Actual Startup Time: 13001.900
                    Actual Total Time: 13001.900
                    Actual Rows: 9
                    Actual Loops: 1
                    Hash Buckets: 8192
                    Hash Batches: 16
                    Original Hash Batches: 16
                    Peak Memory Usage: 1
                    Plans: 
                      - Node Type: "Hash Join"
                        Parent Relationship: "Outer"
                        Join Type: "Inner"
                        Startup Cost: 7962.86
                        Total Cost: 425674.54
                        Plan Rows: 750000
                        Plan Width: 47
                        Actual Startup Time: 6414.073
                        Actual Total Time: 13001.677
                        Actual Rows: 9
                        Actual Loops: 1
                        Hash Cond: "(orders.o_custkey = customer.c_custkey)"
                        Plans: 
                          - Node Type: "Merge Join"
                            Parent Relationship: "Outer"
                            Join Type: "Semi"
                            Startup Cost: 0.86
                            Total Cost: 392517.04
                            Plan Rows: 750000
                            Plan Width: 32
                            Actual Startup Time: 2747.175
                            Actual Total Time: 12779.841
                            Actual Rows: 9
                            Actual Loops: 1
                            Merge Cond: "(orders.o_orderkey = lineitem_1.l_orderkey)"
                            Plans: 
                              - Node Type: "Index Scan"
                                Parent Relationship: "Outer"
                                Scan Direction: "Forward"
                                Index Name: "orders_pkey"
                                Relation Name: "orders"
                                Alias: "orders"
                                Startup Cost: 0.43
                                Total Cost: 66592.43
                                Plan Rows: 1500000
                                Plan Width: 24
                                Actual Startup Time: 0.018
                                Actual Total Time: 751.673
                                Actual Rows: 1201687
                                Actual Loops: 1
                              - Node Type: "Materialize"
                                Parent Relationship: "Inner"
                                Startup Cost: 0.43
                                Total Cost: 317557.77
                                Plan Rows: 369347
                                Plan Width: 8
                                Actual Startup Time: 2470.213
                                Actual Total Time: 11730.019
                                Actual Rows: 9
                                Actual Loops: 1
                                Plans: 
                                  - Node Type: "Aggregate"
                                    Strategy: "Sorted"
                                    Parent Relationship: "Outer"
                                    Startup Cost: 0.43
                                    Total Cost: 312940.94
                                    Plan Rows: 369347
                                    Plan Width: 13
                                    Actual Startup Time: 2470.208
                                    Actual Total Time: 11729.987
                                    Actual Rows: 9
                                    Actual Loops: 1
                                    Group Key: 
                                      - "lineitem_1.l_orderkey"
                                    Filter: "(sum(lineitem_1.l_quantity) > 313::numeric)"
                                    Rows Removed by Filter: 1499991
                                    Plans: 
                                      - Node Type: "Index Scan"
                                        Parent Relationship: "Outer"
                                        Scan Direction: "Forward"
                                        Index Name: "idx_lineitem_orderkey"
                                        Relation Name: "lineitem"
                                        Alias: "lineitem_1"
                                        Startup Cost: 0.43
                                        Total Cost: 277394.66
                                        Plan Rows: 6001215
                                        Plan Width: 13
                                        Actual Startup Time: 0.015
                                        Actual Total Time: 4481.070
                                        Actual Rows: 6001215
                                        Actual Loops: 1
                          - Node Type: "Hash"
                            Parent Relationship: "Inner"
                            Startup Cost: 5208.00
                            Total Cost: 5208.00
                            Plan Rows: 150000
                            Plan Width: 23
                            Actual Startup Time: 180.467
                            Actual Total Time: 180.467
                            Actual Rows: 150000
                            Actual Loops: 1
                            Hash Buckets: 8192
                            Hash Batches: 4
                            Original Hash Batches: 4
                            Peak Memory Usage: 2066
                            Plans: 
                              - Node Type: "Seq Scan"
                                Parent Relationship: "Outer"
                                Relation Name: "customer"
                                Alias: "customer"
                                Startup Cost: 0.00
                                Total Cost: 5208.00
                                Plan Rows: 150000
                                Plan Width: 23
                                Actual Startup Time: 0.015
                                Actual Total Time: 90.805
                                Actual Rows: 150000
                                Actual Loops: 1
  Planning Time: 3.491
  Triggers: 
  Execution Time: 21778.207
Key => Node Type
Value  name ,=> -1.0
Key => Plan Width
Value  name ,=> 44.0
Key => Actual Rows
Value  name ,=> 9.0
Key => Actual Loops
Value  name ,=> 1.0
Key => Plans
Value  name ,=> -1.0
Key => Node Type
Value  name ,=> -1.0
Key => Strategy
Value  name ,=> -1.0
Key => Parent Relationship
Value  name ,=> -1.0
Key => Plan Width
Value  name ,=> 44.0
Key => Actual Rows
Value  name ,=> 9.0
Key => Actual Loops
Value  name ,=> 1.0
Key => Group Key
Value  name ,=> 5.0
Key => Plans
Value  name ,=> -1.0
Key => Node Type
Value  name ,=> -1.0
Key => Parent Relationship
Value  name ,=> -1.0
Key => Plan Width
Value  name ,=> 44.0
Key => Actual Rows
Value  name ,=> 63.0
Key => Actual Loops
Value  name ,=> 1.0
Key => Sort Key
Value  name ,=> 5.0
Key => Sort Method
Value  name ,=> -1.0
Key => Sort Space Used
Value  name ,=> 30.0
Key => Sort Space Type
Value  name ,=> -1.0
Key => Plans
Value  name ,=> -1.0
Key => Node Type
Value  name ,=> -1.0
Key => Parent Relationship
Value  name ,=> -1.0
Key => Join Type
Value  name ,=> -1.0
Key => Plan Width
Value  name ,=> 44.0
Key => Actual Rows
Value  name ,=> 63.0
Key => Actual Loops
Value  name ,=> 1.0
Key => Hash Cond
Value  name ,=> -1.0
Key => Plans
Value  name ,=> -1.0
Key => Node Type
Value  name ,=> -1.0
Key => Parent Relationship
Value  name ,=> -1.0
Key => Relation Name
Value  name ,=> -1.0
Key => Alias
Value  name ,=> -1.0
Key => Plan Width
Value  name ,=> 13.0
Key => Actual Rows
Value  name ,=> 6001215.0
Key => Actual Loops
Value  name ,=> 1.0
Data SeqScan , 1.0 6001215.0 13.0 0.0 3432.068
Added training data to files
Key => Node Type
Value  name ,=> -1.0
Key => Parent Relationship
Value  name ,=> -1.0
Key => Plan Width
Value  name ,=> 47.0
Key => Actual Rows
Value  name ,=> 9.0
Key => Actual Loops
Value  name ,=> 1.0
Key => Hash Buckets
Value  name ,=> 8192.0
Key => Hash Batches
Value  name ,=> 16.0
Key => Original Hash Batches
Value  name ,=> 16.0
Key => Peak Memory Usage
Value  name ,=> 1.0
Key => Plans
Value  name ,=> -1.0
Key => Node Type
Value  name ,=> -1.0
Key => Parent Relationship
Value  name ,=> -1.0
Key => Join Type
Value  name ,=> -1.0
Key => Plan Width
Value  name ,=> 47.0
Key => Actual Rows
Value  name ,=> 9.0
Key => Actual Loops
Value  name ,=> 1.0
Key => Hash Cond
Value  name ,=> -1.0
Key => Plans
Value  name ,=> -1.0
Key => Node Type
Value  name ,=> -1.0
Key => Parent Relationship
Value  name ,=> -1.0
Key => Join Type
Value  name ,=> -1.0
Key => Plan Width
Value  name ,=> 32.0
Key => Actual Rows
Value  name ,=> 9.0
Key => Actual Loops
Value  name ,=> 1.0
Key => Merge Cond
Value  name ,=> -1.0
Key => Plans
Value  name ,=> -1.0
Key => Node Type
Value  name ,=> -1.0
Key => Parent Relationship
Value  name ,=> -1.0
Key => Scan Direction
Value  name ,=> -1.0
Key => Index Name
Value  name ,=> -1.0
Key => Relation Name
Value  name ,=> -1.0
Key => Alias
Value  name ,=> -1.0
Key => Plan Width
Value  name ,=> 24.0
Key => Actual Rows
Value  name ,=> 1201687.0
Key => Actual Loops
Value  name ,=> 1.0
Data IndexScan , 1.0 1201687.0 24.0 0.0 751.673
Added training data to files
Key => Node Type
Value  name ,=> -1.0
Key => Parent Relationship
Value  name ,=> -1.0
Key => Plan Width
Value  name ,=> 8.0
Key => Actual Rows
Value  name ,=> 9.0
Key => Actual Loops
Value  name ,=> 1.0
Key => Plans
Value  name ,=> -1.0
Key => Node Type
Value  name ,=> -1.0
Key => Strategy
Value  name ,=> -1.0
Key => Parent Relationship
Value  name ,=> -1.0
Key => Plan Width
Value  name ,=> 13.0
Key => Actual Rows
Value  name ,=> 9.0
Key => Actual Loops
Value  name ,=> 1.0
Key => Group Key
Value  name ,=> 1.0
Key => Filter
Value  name ,=> -1.0
Key => Plans
Value  name ,=> -1.0
Key => Node Type
Value  name ,=> -1.0
Key => Parent Relationship
Value  name ,=> -1.0
Key => Scan Direction
Value  name ,=> -1.0
Key => Index Name
Value  name ,=> -1.0
Key => Relation Name
Value  name ,=> -1.0
Key => Alias
Value  name ,=> -1.0
Key => Plan Width
Value  name ,=> 13.0
Key => Actual Rows
Value  name ,=> 6001215.0
Key => Actual Loops
Value  name ,=> 1.0
Data IndexScan , 1.0 6001215.0 13.0 0.0 4481.07
Added training data to files
Data Aggregate-Sorted , 1.0 9.0 1.0 13.0 1499991.0 6001215.0 13.0 11729.987
Added training data to files
Data Materialize , 1.0 9.0 8.0 0.0 9.0 13.0 11730.019
Added training data to files
Data MergeJoin , 1.0 9.0 32.0 0.0 1201687.0 24.0 9.0 8.0 12779.841
Added training data to files
Key => Node Type
Value  name ,=> -1.0
Key => Parent Relationship
Value  name ,=> -1.0
Key => Plan Width
Value  name ,=> 23.0
Key => Actual Rows
Value  name ,=> 150000.0
Key => Actual Loops
Value  name ,=> 1.0
Key => Hash Buckets
Value  name ,=> 8192.0
Key => Hash Batches
Value  name ,=> 4.0
Key => Original Hash Batches
Value  name ,=> 4.0
Key => Peak Memory Usage
Value  name ,=> 2066.0
Key => Plans
Value  name ,=> -1.0
Key => Node Type
Value  name ,=> -1.0
Key => Parent Relationship
Value  name ,=> -1.0
Key => Relation Name
Value  name ,=> -1.0
Key => Alias
Value  name ,=> -1.0
Key => Plan Width
Value  name ,=> 23.0
Key => Actual Rows
Value  name ,=> 150000.0
Key => Actual Loops
Value  name ,=> 1.0
Data SeqScan , 1.0 150000.0 23.0 0.0 90.805
Added training data to files
Data Hash , 1.0 150000.0 4.0 8192.0 4.0 2066.0 23.0 0.0 150000.0 23.0 180.467
Added training data to files
Data HashJoin , 1.0 9.0 47.0 0.0 9.0 32.0 150000.0 23.0 13001.677
Added training data to files
Data Hash , 1.0 9.0 16.0 8192.0 16.0 1.0 47.0 0.0 9.0 47.0 13001.9
Added training data to files
Data HashJoin , 1.0 63.0 44.0 0.0 6001215.0 13.0 9.0 47.0 21776.205
Added training data to files
Data Sort-quicksort , 1.0 63.0 44.0 5.0 30.0 0.0 63.0 44.0 21776.68
Added training data to files
Data Aggregate-Sorted , 1.0 9.0 5.0 44.0 0.0 63.0 44.0 21776.805
Added training data to files
Data Limit , 1.0 9.0 44.0 0.0 9.0 44.0 21776.807
Added training data to files
Training query 166 executed successfully
Executed command ,script returned :  Exit value of child process : 1
Query : 
select
	c_name,
	c_custkey,
	o_orderkey,
	o_orderdate,
	o_totalprice,
	sum(l_quantity)
from
	customer,
	orders,
	lineitem
where
	o_orderkey in (
		select
			l_orderkey
		from
			lineitem
		group by
			l_orderkey having
				sum(l_quantity) > 313
	)
	and c_custkey = o_custkey
	and o_orderkey = l_orderkey
group by
	c_name,
	c_custkey,
	o_orderkey,
	o_orderdate,
	o_totalprice
order by
	o_totalprice desc,
	o_orderdate
LIMIT 100;

Node output - Plan: 
    Node Type: "Limit"
    Startup Cost: 1263339.13
    Total Cost: 1263342.13
    Plan Rows: 100
    Plan Width: 44
    Actual Startup Time: 21038.298
    Actual Total Time: 21038.401
    Actual Rows: 9
    Actual Loops: 1
    Plans: 
      - Node Type: "Aggregate"
        Strategy: "Sorted"
        Parent Relationship: "Outer"
        Startup Cost: 1263339.13
        Total Cost: 1353357.37
        Plan Rows: 3000608
        Plan Width: 44
        Actual Startup Time: 21038.298
        Actual Total Time: 21038.400
        Actual Rows: 9
        Actual Loops: 1
        Group Key: 
          - "orders.o_totalprice"
          - "orders.o_orderdate"
          - "customer.c_name"
          - "customer.c_custkey"
          - "orders.o_orderkey"
        Plans: 
          - Node Type: "Sort"
            Parent Relationship: "Outer"
            Startup Cost: 1263339.13
            Total Cost: 1270840.65
            Plan Rows: 3000608
            Plan Width: 44
            Actual Startup Time: 21038.263
            Actual Total Time: 21038.275
            Actual Rows: 63
            Actual Loops: 1
            Sort Key: 
              - "orders.o_totalprice"
              - "orders.o_orderdate"
              - "customer.c_name"
              - "customer.c_custkey"
              - "orders.o_orderkey"
            Sort Method: "quicksort"
            Sort Space Used: 30
            Sort Space Type: "Memory"
            Plans: 
              - Node Type: "Hash Join"
                Parent Relationship: "Outer"
                Join Type: "Inner"
                Startup Cost: 441641.54
                Total Cost: 755910.36
                Plan Rows: 3000608
                Plan Width: 44
                Actual Startup Time: 15225.053
                Actual Total Time: 21037.782
                Actual Rows: 63
                Actual Loops: 1
                Hash Cond: "(lineitem.l_orderkey = orders.o_orderkey)"
                Plans: 
                  - Node Type: "Seq Scan"
                    Parent Relationship: "Outer"
                    Relation Name: "lineitem"
                    Alias: "lineitem"
                    Startup Cost: 0.00
                    Total Cost: 181557.15
                    Plan Rows: 6001215
                    Plan Width: 13
                    Actual Startup Time: 0.010
                    Actual Total Time: 3208.854
                    Actual Rows: 6001215
                    Actual Loops: 1
                  - Node Type: "Hash"
                    Parent Relationship: "Inner"
                    Startup Cost: 425674.54
                    Total Cost: 425674.54
                    Plan Rows: 750000
                    Plan Width: 47
                    Actual Startup Time: 12903.745
                    Actual Total Time: 12903.745
                    Actual Rows: 9
                    Actual Loops: 1
                    Hash Buckets: 8192
                    Hash Batches: 16
                    Original Hash Batches: 16
                    Peak Memory Usage: 1
                    Plans: 
                      - Node Type: "Hash Join"
                        Parent Relationship: "Outer"
                        Join Type: "Inner"
                        Startup Cost: 7962.86
                        Total Cost: 425674.54
                        Plan Rows: 750000
                        Plan Width: 47
                        Actual Startup Time: 6375.352
                        Actual Total Time: 12903.533
                        Actual Rows: 9
                        Actual Loops: 1
                        Hash Cond: "(orders.o_custkey = customer.c_custkey)"
                        Plans: 
                          - Node Type: "Merge Join"
                            Parent Relationship: "Outer"
                            Join Type: "Semi"
                            Startup Cost: 0.86
                            Total Cost: 392517.04
                            Plan Rows: 750000
                            Plan Width: 32
                            Actual Startup Time: 2717.533
                            Actual Total Time: 12682.514
                            Actual Rows: 9
                            Actual Loops: 1
                            Merge Cond: "(orders.o_orderkey = lineitem_1.l_orderkey)"
                            Plans: 
                              - Node Type: "Index Scan"
                                Parent Relationship: "Outer"
                                Scan Direction: "Forward"
                                Index Name: "orders_pkey"
                                Relation Name: "orders"
                                Alias: "orders"
                                Startup Cost: 0.43
                                Total Cost: 66592.43
                                Plan Rows: 1500000
                                Plan Width: 24
                                Actual Startup Time: 0.016
                                Actual Total Time: 754.268
                                Actual Rows: 1201687
                                Actual Loops: 1
                              - Node Type: "Materialize"
                                Parent Relationship: "Inner"
                                Startup Cost: 0.43
                                Total Cost: 317557.77
                                Plan Rows: 369347
                                Plan Width: 8
                                Actual Startup Time: 2441.359
                                Actual Total Time: 11629.323
                                Actual Rows: 9
                                Actual Loops: 1
                                Plans: 
                                  - Node Type: "Aggregate"
                                    Strategy: "Sorted"
                                    Parent Relationship: "Outer"
                                    Startup Cost: 0.43
                                    Total Cost: 312940.94
                                    Plan Rows: 369347
                                    Plan Width: 13
                                    Actual Startup Time: 2441.355
                                    Actual Total Time: 11629.292
                                    Actual Rows: 9
                                    Actual Loops: 1
                                    Group Key: 
                                      - "lineitem_1.l_orderkey"
                                    Filter: "(sum(lineitem_1.l_quantity) > 313::numeric)"
                                    Rows Removed by Filter: 1499991
                                    Plans: 
                                      - Node Type: "Index Scan"
                                        Parent Relationship: "Outer"
                                        Scan Direction: "Forward"
                                        Index Name: "idx_lineitem_orderkey"
                                        Relation Name: "lineitem"
                                        Alias: "lineitem_1"
                                        Startup Cost: 0.43
                                        Total Cost: 277394.66
                                        Plan Rows: 6001215
                                        Plan Width: 13
                                        Actual Startup Time: 0.013
                                        Actual Total Time: 4442.252
                                        Actual Rows: 6001215
                                        Actual Loops: 1
                          - Node Type: "Hash"
                            Parent Relationship: "Inner"
                            Startup Cost: 5208.00
                            Total Cost: 5208.00
                            Plan Rows: 150000
                            Plan Width: 23
                            Actual Startup Time: 181.149
                            Actual Total Time: 181.149
                            Actual Rows: 150000
                            Actual Loops: 1
                            Hash Buckets: 8192
                            Hash Batches: 4
                            Original Hash Batches: 4
                            Peak Memory Usage: 2066
                            Plans: 
                              - Node Type: "Seq Scan"
                                Parent Relationship: "Outer"
                                Relation Name: "customer"
                                Alias: "customer"
                                Startup Cost: 0.00
                                Total Cost: 5208.00
                                Plan Rows: 150000
                                Plan Width: 23
                                Actual Startup Time: 0.025
                                Actual Total Time: 91.796
                                Actual Rows: 150000
                                Actual Loops: 1
  Planning Time: 2.111
  Triggers: 
  Execution Time: 21039.884
Key => Node Type
Value  name ,=> -1.0
Key => Plan Width
Value  name ,=> 44.0
Key => Actual Rows
Value  name ,=> 9.0
Key => Actual Loops
Value  name ,=> 1.0
Key => Plans
Value  name ,=> -1.0
Key => Node Type
Value  name ,=> -1.0
Key => Strategy
Value  name ,=> -1.0
Key => Parent Relationship
Value  name ,=> -1.0
Key => Plan Width
Value  name ,=> 44.0
Key => Actual Rows
Value  name ,=> 9.0
Key => Actual Loops
Value  name ,=> 1.0
Key => Group Key
Value  name ,=> 5.0
Key => Plans
Value  name ,=> -1.0
Key => Node Type
Value  name ,=> -1.0
Key => Parent Relationship
Value  name ,=> -1.0
Key => Plan Width
Value  name ,=> 44.0
Key => Actual Rows
Value  name ,=> 63.0
Key => Actual Loops
Value  name ,=> 1.0
Key => Sort Key
Value  name ,=> 5.0
Key => Sort Method
Value  name ,=> -1.0
Key => Sort Space Used
Value  name ,=> 30.0
Key => Sort Space Type
Value  name ,=> -1.0
Key => Plans
Value  name ,=> -1.0
Key => Node Type
Value  name ,=> -1.0
Key => Parent Relationship
Value  name ,=> -1.0
Key => Join Type
Value  name ,=> -1.0
Key => Plan Width
Value  name ,=> 44.0
Key => Actual Rows
Value  name ,=> 63.0
Key => Actual Loops
Value  name ,=> 1.0
Key => Hash Cond
Value  name ,=> -1.0
Key => Plans
Value  name ,=> -1.0
Key => Node Type
Value  name ,=> -1.0
Key => Parent Relationship
Value  name ,=> -1.0
Key => Relation Name
Value  name ,=> -1.0
Key => Alias
Value  name ,=> -1.0
Key => Plan Width
Value  name ,=> 13.0
Key => Actual Rows
Value  name ,=> 6001215.0
Key => Actual Loops
Value  name ,=> 1.0
Data SeqScan , 1.0 6001215.0 13.0 0.0 3208.854
Added training data to files
Key => Node Type
Value  name ,=> -1.0
Key => Parent Relationship
Value  name ,=> -1.0
Key => Plan Width
Value  name ,=> 47.0
Key => Actual Rows
Value  name ,=> 9.0
Key => Actual Loops
Value  name ,=> 1.0
Key => Hash Buckets
Value  name ,=> 8192.0
Key => Hash Batches
Value  name ,=> 16.0
Key => Original Hash Batches
Value  name ,=> 16.0
Key => Peak Memory Usage
Value  name ,=> 1.0
Key => Plans
Value  name ,=> -1.0
Key => Node Type
Value  name ,=> -1.0
Key => Parent Relationship
Value  name ,=> -1.0
Key => Join Type
Value  name ,=> -1.0
Key => Plan Width
Value  name ,=> 47.0
Key => Actual Rows
Value  name ,=> 9.0
Key => Actual Loops
Value  name ,=> 1.0
Key => Hash Cond
Value  name ,=> -1.0
Key => Plans
Value  name ,=> -1.0
Key => Node Type
Value  name ,=> -1.0
Key => Parent Relationship
Value  name ,=> -1.0
Key => Join Type
Value  name ,=> -1.0
Key => Plan Width
Value  name ,=> 32.0
Key => Actual Rows
Value  name ,=> 9.0
Key => Actual Loops
Value  name ,=> 1.0
Key => Merge Cond
Value  name ,=> -1.0
Key => Plans
Value  name ,=> -1.0
Key => Node Type
Value  name ,=> -1.0
Key => Parent Relationship
Value  name ,=> -1.0
Key => Scan Direction
Value  name ,=> -1.0
Key => Index Name
Value  name ,=> -1.0
Key => Relation Name
Value  name ,=> -1.0
Key => Alias
Value  name ,=> -1.0
Key => Plan Width
Value  name ,=> 24.0
Key => Actual Rows
Value  name ,=> 1201687.0
Key => Actual Loops
Value  name ,=> 1.0
Data IndexScan , 1.0 1201687.0 24.0 0.0 754.268
Added training data to files
Key => Node Type
Value  name ,=> -1.0
Key => Parent Relationship
Value  name ,=> -1.0
Key => Plan Width
Value  name ,=> 8.0
Key => Actual Rows
Value  name ,=> 9.0
Key => Actual Loops
Value  name ,=> 1.0
Key => Plans
Value  name ,=> -1.0
Key => Node Type
Value  name ,=> -1.0
Key => Strategy
Value  name ,=> -1.0
Key => Parent Relationship
Value  name ,=> -1.0
Key => Plan Width
Value  name ,=> 13.0
Key => Actual Rows
Value  name ,=> 9.0
Key => Actual Loops
Value  name ,=> 1.0
Key => Group Key
Value  name ,=> 1.0
Key => Filter
Value  name ,=> -1.0
Key => Plans
Value  name ,=> -1.0
Key => Node Type
Value  name ,=> -1.0
Key => Parent Relationship
Value  name ,=> -1.0
Key => Scan Direction
Value  name ,=> -1.0
Key => Index Name
Value  name ,=> -1.0
Key => Relation Name
Value  name ,=> -1.0
Key => Alias
Value  name ,=> -1.0
Key => Plan Width
Value  name ,=> 13.0
Key => Actual Rows
Value  name ,=> 6001215.0
Key => Actual Loops
Value  name ,=> 1.0
Data IndexScan , 1.0 6001215.0 13.0 0.0 4442.252
Added training data to files
Data Aggregate-Sorted , 1.0 9.0 1.0 13.0 1499991.0 6001215.0 13.0 11629.292
Added training data to files
Data Materialize , 1.0 9.0 8.0 0.0 9.0 13.0 11629.323
Added training data to files
Data MergeJoin , 1.0 9.0 32.0 0.0 1201687.0 24.0 9.0 8.0 12682.514
Added training data to files
Key => Node Type
Value  name ,=> -1.0
Key => Parent Relationship
Value  name ,=> -1.0
Key => Plan Width
Value  name ,=> 23.0
Key => Actual Rows
Value  name ,=> 150000.0
Key => Actual Loops
Value  name ,=> 1.0
Key => Hash Buckets
Value  name ,=> 8192.0
Key => Hash Batches
Value  name ,=> 4.0
Key => Original Hash Batches
Value  name ,=> 4.0
Key => Peak Memory Usage
Value  name ,=> 2066.0
Key => Plans
Value  name ,=> -1.0
Key => Node Type
Value  name ,=> -1.0
Key => Parent Relationship
Value  name ,=> -1.0
Key => Relation Name
Value  name ,=> -1.0
Key => Alias
Value  name ,=> -1.0
Key => Plan Width
Value  name ,=> 23.0
Key => Actual Rows
Value  name ,=> 150000.0
Key => Actual Loops
Value  name ,=> 1.0
Data SeqScan , 1.0 150000.0 23.0 0.0 91.796
Added training data to files
Data Hash , 1.0 150000.0 4.0 8192.0 4.0 2066.0 23.0 0.0 150000.0 23.0 181.149
Added training data to files
Data HashJoin , 1.0 9.0 47.0 0.0 9.0 32.0 150000.0 23.0 12903.533
Added training data to files
Data Hash , 1.0 9.0 16.0 8192.0 16.0 1.0 47.0 0.0 9.0 47.0 12903.745
Added training data to files
Data HashJoin , 1.0 63.0 44.0 0.0 6001215.0 13.0 9.0 47.0 21037.782
Added training data to files
Data Sort-quicksort , 1.0 63.0 44.0 5.0 30.0 0.0 63.0 44.0 21038.275
Added training data to files
Data Aggregate-Sorted , 1.0 9.0 5.0 44.0 0.0 63.0 44.0 21038.4
Added training data to files
Data Limit , 1.0 9.0 44.0 0.0 9.0 44.0 21038.401
Added training data to files
Training query 167 executed successfully
Executed command ,script returned :  Exit value of child process : 1
Query : 
select
	c_name,
	c_custkey,
	o_orderkey,
	o_orderdate,
	o_totalprice,
	sum(l_quantity)
from
	customer,
	orders,
	lineitem
where
	o_orderkey in (
		select
			l_orderkey
		from
			lineitem
		group by
			l_orderkey having
				sum(l_quantity) > 313
	)
	and c_custkey = o_custkey
	and o_orderkey = l_orderkey
group by
	c_name,
	c_custkey,
	o_orderkey,
	o_orderdate,
	o_totalprice
order by
	o_totalprice desc,
	o_orderdate
LIMIT 100;

Node output - Plan: 
    Node Type: "Limit"
    Startup Cost: 1263339.13
    Total Cost: 1263342.13
    Plan Rows: 100
    Plan Width: 44
    Actual Startup Time: 22366.998
    Actual Total Time: 22367.097
    Actual Rows: 9
    Actual Loops: 1
    Plans: 
      - Node Type: "Aggregate"
        Strategy: "Sorted"
        Parent Relationship: "Outer"
        Startup Cost: 1263339.13
        Total Cost: 1353357.37
        Plan Rows: 3000608
        Plan Width: 44
        Actual Startup Time: 22366.994
        Actual Total Time: 22367.091
        Actual Rows: 9
        Actual Loops: 1
        Group Key: 
          - "orders.o_totalprice"
          - "orders.o_orderdate"
          - "customer.c_name"
          - "customer.c_custkey"
          - "orders.o_orderkey"
        Plans: 
          - Node Type: "Sort"
            Parent Relationship: "Outer"
            Startup Cost: 1263339.13
            Total Cost: 1270840.65
            Plan Rows: 3000608
            Plan Width: 44
            Actual Startup Time: 22366.961
            Actual Total Time: 22366.968
            Actual Rows: 63
            Actual Loops: 1
            Sort Key: 
              - "orders.o_totalprice"
              - "orders.o_orderdate"
              - "customer.c_name"
              - "customer.c_custkey"
              - "orders.o_orderkey"
            Sort Method: "quicksort"
            Sort Space Used: 30
            Sort Space Type: "Memory"
            Plans: 
              - Node Type: "Hash Join"
                Parent Relationship: "Outer"
                Join Type: "Inner"
                Startup Cost: 441641.54
                Total Cost: 755910.36
                Plan Rows: 3000608
                Plan Width: 44
                Actual Startup Time: 15617.372
                Actual Total Time: 22366.468
                Actual Rows: 63
                Actual Loops: 1
                Hash Cond: "(lineitem.l_orderkey = orders.o_orderkey)"
                Plans: 
                  - Node Type: "Seq Scan"
                    Parent Relationship: "Outer"
                    Relation Name: "lineitem"
                    Alias: "lineitem"
                    Startup Cost: 0.00
                    Total Cost: 181557.15
                    Plan Rows: 6001215
                    Plan Width: 13
                    Actual Startup Time: 0.022
                    Actual Total Time: 3598.535
                    Actual Rows: 6001215
                    Actual Loops: 1
                  - Node Type: "Hash"
                    Parent Relationship: "Inner"
                    Startup Cost: 425674.54
                    Total Cost: 425674.54
                    Plan Rows: 750000
                    Plan Width: 47
                    Actual Startup Time: 12928.599
                    Actual Total Time: 12928.599
                    Actual Rows: 9
                    Actual Loops: 1
                    Hash Buckets: 8192
                    Hash Batches: 16
                    Original Hash Batches: 16
                    Peak Memory Usage: 1
                    Plans: 
                      - Node Type: "Hash Join"
                        Parent Relationship: "Outer"
                        Join Type: "Inner"
                        Startup Cost: 7962.86
                        Total Cost: 425674.54
                        Plan Rows: 750000
                        Plan Width: 47
                        Actual Startup Time: 6348.682
                        Actual Total Time: 12928.389
                        Actual Rows: 9
                        Actual Loops: 1
                        Hash Cond: "(orders.o_custkey = customer.c_custkey)"
                        Plans: 
                          - Node Type: "Merge Join"
                            Parent Relationship: "Outer"
                            Join Type: "Semi"
                            Startup Cost: 0.86
                            Total Cost: 392517.04
                            Plan Rows: 750000
                            Plan Width: 32
                            Actual Startup Time: 2703.891
                            Actual Total Time: 12707.874
                            Actual Rows: 9
                            Actual Loops: 1
                            Merge Cond: "(orders.o_orderkey = lineitem_1.l_orderkey)"
                            Plans: 
                              - Node Type: "Index Scan"
                                Parent Relationship: "Outer"
                                Scan Direction: "Forward"
                                Index Name: "orders_pkey"
                                Relation Name: "orders"
                                Alias: "orders"
                                Startup Cost: 0.43
                                Total Cost: 66592.43
                                Plan Rows: 1500000
                                Plan Width: 24
                                Actual Startup Time: 0.048
                                Actual Total Time: 747.194
                                Actual Rows: 1201687
                                Actual Loops: 1
                              - Node Type: "Materialize"
                                Parent Relationship: "Inner"
                                Startup Cost: 0.43
                                Total Cost: 317557.77
                                Plan Rows: 369347
                                Plan Width: 8
                                Actual Startup Time: 2430.438
                                Actual Total Time: 11664.621
                                Actual Rows: 9
                                Actual Loops: 1
                                Plans: 
                                  - Node Type: "Aggregate"
                                    Strategy: "Sorted"
                                    Parent Relationship: "Outer"
                                    Startup Cost: 0.43
                                    Total Cost: 312940.94
                                    Plan Rows: 369347
                                    Plan Width: 13
                                    Actual Startup Time: 2430.431
                                    Actual Total Time: 11664.584
                                    Actual Rows: 9
                                    Actual Loops: 1
                                    Group Key: 
                                      - "lineitem_1.l_orderkey"
                                    Filter: "(sum(lineitem_1.l_quantity) > 313::numeric)"
                                    Rows Removed by Filter: 1499991
                                    Plans: 
                                      - Node Type: "Index Scan"
                                        Parent Relationship: "Outer"
                                        Scan Direction: "Forward"
                                        Index Name: "idx_lineitem_orderkey"
                                        Relation Name: "lineitem"
                                        Alias: "lineitem_1"
                                        Startup Cost: 0.43
                                        Total Cost: 277394.66
                                        Plan Rows: 6001215
                                        Plan Width: 13
                                        Actual Startup Time: 0.039
                                        Actual Total Time: 4454.017
                                        Actual Rows: 6001215
                                        Actual Loops: 1
                          - Node Type: "Hash"
                            Parent Relationship: "Inner"
                            Startup Cost: 5208.00
                            Total Cost: 5208.00
                            Plan Rows: 150000
                            Plan Width: 23
                            Actual Startup Time: 178.946
                            Actual Total Time: 178.946
                            Actual Rows: 150000
                            Actual Loops: 1
                            Hash Buckets: 8192
                            Hash Batches: 4
                            Original Hash Batches: 4
                            Peak Memory Usage: 2066
                            Plans: 
                              - Node Type: "Seq Scan"
                                Parent Relationship: "Outer"
                                Relation Name: "customer"
                                Alias: "customer"
                                Startup Cost: 0.00
                                Total Cost: 5208.00
                                Plan Rows: 150000
                                Plan Width: 23
                                Actual Startup Time: 0.016
                                Actual Total Time: 90.767
                                Actual Rows: 150000
                                Actual Loops: 1
  Planning Time: 6.064
  Triggers: 
  Execution Time: 22368.684
Key => Node Type
Value  name ,=> -1.0
Key => Plan Width
Value  name ,=> 44.0
Key => Actual Rows
Value  name ,=> 9.0
Key => Actual Loops
Value  name ,=> 1.0
Key => Plans
Value  name ,=> -1.0
Key => Node Type
Value  name ,=> -1.0
Key => Strategy
Value  name ,=> -1.0
Key => Parent Relationship
Value  name ,=> -1.0
Key => Plan Width
Value  name ,=> 44.0
Key => Actual Rows
Value  name ,=> 9.0
Key => Actual Loops
Value  name ,=> 1.0
Key => Group Key
Value  name ,=> 5.0
Key => Plans
Value  name ,=> -1.0
Key => Node Type
Value  name ,=> -1.0
Key => Parent Relationship
Value  name ,=> -1.0
Key => Plan Width
Value  name ,=> 44.0
Key => Actual Rows
Value  name ,=> 63.0
Key => Actual Loops
Value  name ,=> 1.0
Key => Sort Key
Value  name ,=> 5.0
Key => Sort Method
Value  name ,=> -1.0
Key => Sort Space Used
Value  name ,=> 30.0
Key => Sort Space Type
Value  name ,=> -1.0
Key => Plans
Value  name ,=> -1.0
Key => Node Type
Value  name ,=> -1.0
Key => Parent Relationship
Value  name ,=> -1.0
Key => Join Type
Value  name ,=> -1.0
Key => Plan Width
Value  name ,=> 44.0
Key => Actual Rows
Value  name ,=> 63.0
Key => Actual Loops
Value  name ,=> 1.0
Key => Hash Cond
Value  name ,=> -1.0
Key => Plans
Value  name ,=> -1.0
Key => Node Type
Value  name ,=> -1.0
Key => Parent Relationship
Value  name ,=> -1.0
Key => Relation Name
Value  name ,=> -1.0
Key => Alias
Value  name ,=> -1.0
Key => Plan Width
Value  name ,=> 13.0
Key => Actual Rows
Value  name ,=> 6001215.0
Key => Actual Loops
Value  name ,=> 1.0
Data SeqScan , 1.0 6001215.0 13.0 0.0 3598.535
Added training data to files
Key => Node Type
Value  name ,=> -1.0
Key => Parent Relationship
Value  name ,=> -1.0
Key => Plan Width
Value  name ,=> 47.0
Key => Actual Rows
Value  name ,=> 9.0
Key => Actual Loops
Value  name ,=> 1.0
Key => Hash Buckets
Value  name ,=> 8192.0
Key => Hash Batches
Value  name ,=> 16.0
Key => Original Hash Batches
Value  name ,=> 16.0
Key => Peak Memory Usage
Value  name ,=> 1.0
Key => Plans
Value  name ,=> -1.0
Key => Node Type
Value  name ,=> -1.0
Key => Parent Relationship
Value  name ,=> -1.0
Key => Join Type
Value  name ,=> -1.0
Key => Plan Width
Value  name ,=> 47.0
Key => Actual Rows
Value  name ,=> 9.0
Key => Actual Loops
Value  name ,=> 1.0
Key => Hash Cond
Value  name ,=> -1.0
Key => Plans
Value  name ,=> -1.0
Key => Node Type
Value  name ,=> -1.0
Key => Parent Relationship
Value  name ,=> -1.0
Key => Join Type
Value  name ,=> -1.0
Key => Plan Width
Value  name ,=> 32.0
Key => Actual Rows
Value  name ,=> 9.0
Key => Actual Loops
Value  name ,=> 1.0
Key => Merge Cond
Value  name ,=> -1.0
Key => Plans
Value  name ,=> -1.0
Key => Node Type
Value  name ,=> -1.0
Key => Parent Relationship
Value  name ,=> -1.0
Key => Scan Direction
Value  name ,=> -1.0
Key => Index Name
Value  name ,=> -1.0
Key => Relation Name
Value  name ,=> -1.0
Key => Alias
Value  name ,=> -1.0
Key => Plan Width
Value  name ,=> 24.0
Key => Actual Rows
Value  name ,=> 1201687.0
Key => Actual Loops
Value  name ,=> 1.0
Data IndexScan , 1.0 1201687.0 24.0 0.0 747.194
Added training data to files
Key => Node Type
Value  name ,=> -1.0
Key => Parent Relationship
Value  name ,=> -1.0
Key => Plan Width
Value  name ,=> 8.0
Key => Actual Rows
Value  name ,=> 9.0
Key => Actual Loops
Value  name ,=> 1.0
Key => Plans
Value  name ,=> -1.0
Key => Node Type
Value  name ,=> -1.0
Key => Strategy
Value  name ,=> -1.0
Key => Parent Relationship
Value  name ,=> -1.0
Key => Plan Width
Value  name ,=> 13.0
Key => Actual Rows
Value  name ,=> 9.0
Key => Actual Loops
Value  name ,=> 1.0
Key => Group Key
Value  name ,=> 1.0
Key => Filter
Value  name ,=> -1.0
Key => Plans
Value  name ,=> -1.0
Key => Node Type
Value  name ,=> -1.0
Key => Parent Relationship
Value  name ,=> -1.0
Key => Scan Direction
Value  name ,=> -1.0
Key => Index Name
Value  name ,=> -1.0
Key => Relation Name
Value  name ,=> -1.0
Key => Alias
Value  name ,=> -1.0
Key => Plan Width
Value  name ,=> 13.0
Key => Actual Rows
Value  name ,=> 6001215.0
Key => Actual Loops
Value  name ,=> 1.0
Data IndexScan , 1.0 6001215.0 13.0 0.0 4454.017
Added training data to files
Data Aggregate-Sorted , 1.0 9.0 1.0 13.0 1499991.0 6001215.0 13.0 11664.584
Added training data to files
Data Materialize , 1.0 9.0 8.0 0.0 9.0 13.0 11664.621
Added training data to files
Data MergeJoin , 1.0 9.0 32.0 0.0 1201687.0 24.0 9.0 8.0 12707.874
Added training data to files
Key => Node Type
Value  name ,=> -1.0
Key => Parent Relationship
Value  name ,=> -1.0
Key => Plan Width
Value  name ,=> 23.0
Key => Actual Rows
Value  name ,=> 150000.0
Key => Actual Loops
Value  name ,=> 1.0
Key => Hash Buckets
Value  name ,=> 8192.0
Key => Hash Batches
Value  name ,=> 4.0
Key => Original Hash Batches
Value  name ,=> 4.0
Key => Peak Memory Usage
Value  name ,=> 2066.0
Key => Plans
Value  name ,=> -1.0
Key => Node Type
Value  name ,=> -1.0
Key => Parent Relationship
Value  name ,=> -1.0
Key => Relation Name
Value  name ,=> -1.0
Key => Alias
Value  name ,=> -1.0
Key => Plan Width
Value  name ,=> 23.0
Key => Actual Rows
Value  name ,=> 150000.0
Key => Actual Loops
Value  name ,=> 1.0
Data SeqScan , 1.0 150000.0 23.0 0.0 90.767
Added training data to files
Data Hash , 1.0 150000.0 4.0 8192.0 4.0 2066.0 23.0 0.0 150000.0 23.0 178.946
Added training data to files
Data HashJoin , 1.0 9.0 47.0 0.0 9.0 32.0 150000.0 23.0 12928.389
Added training data to files
Data Hash , 1.0 9.0 16.0 8192.0 16.0 1.0 47.0 0.0 9.0 47.0 12928.599
Added training data to files
Data HashJoin , 1.0 63.0 44.0 0.0 6001215.0 13.0 9.0 47.0 22366.468
Added training data to files
Data Sort-quicksort , 1.0 63.0 44.0 5.0 30.0 0.0 63.0 44.0 22366.968
Added training data to files
Data Aggregate-Sorted , 1.0 9.0 5.0 44.0 0.0 63.0 44.0 22367.091
Added training data to files
Data Limit , 1.0 9.0 44.0 0.0 9.0 44.0 22367.097
Added training data to files
Training query 168 executed successfully
Executed command ,script returned :  Exit value of child process : 1
Query : 
select
	c_name,
	c_custkey,
	o_orderkey,
	o_orderdate,
	o_totalprice,
	sum(l_quantity)
from
	customer,
	orders,
	lineitem
where
	o_orderkey in (
		select
			l_orderkey
		from
			lineitem
		group by
			l_orderkey having
				sum(l_quantity) > 313
	)
	and c_custkey = o_custkey
	and o_orderkey = l_orderkey
group by
	c_name,
	c_custkey,
	o_orderkey,
	o_orderdate,
	o_totalprice
order by
	o_totalprice desc,
	o_orderdate
LIMIT 100;

Node output - Plan: 
    Node Type: "Limit"
    Startup Cost: 1263339.13
    Total Cost: 1263342.13
    Plan Rows: 100
    Plan Width: 44
    Actual Startup Time: 20267.785
    Actual Total Time: 20267.880
    Actual Rows: 9
    Actual Loops: 1
    Plans: 
      - Node Type: "Aggregate"
        Strategy: "Sorted"
        Parent Relationship: "Outer"
        Startup Cost: 1263339.13
        Total Cost: 1353357.37
        Plan Rows: 3000608
        Plan Width: 44
        Actual Startup Time: 20267.783
        Actual Total Time: 20267.875
        Actual Rows: 9
        Actual Loops: 1
        Group Key: 
          - "orders.o_totalprice"
          - "orders.o_orderdate"
          - "customer.c_name"
          - "customer.c_custkey"
          - "orders.o_orderkey"
        Plans: 
          - Node Type: "Sort"
            Parent Relationship: "Outer"
            Startup Cost: 1263339.13
            Total Cost: 1270840.65
            Plan Rows: 3000608
            Plan Width: 44
            Actual Startup Time: 20267.750
            Actual Total Time: 20267.756
            Actual Rows: 63
            Actual Loops: 1
            Sort Key: 
              - "orders.o_totalprice"
              - "orders.o_orderdate"
              - "customer.c_name"
              - "customer.c_custkey"
              - "orders.o_orderkey"
            Sort Method: "quicksort"
            Sort Space Used: 30
            Sort Space Type: "Memory"
            Plans: 
              - Node Type: "Hash Join"
                Parent Relationship: "Outer"
                Join Type: "Inner"
                Startup Cost: 441641.54
                Total Cost: 755910.36
                Plan Rows: 3000608
                Plan Width: 44
                Actual Startup Time: 13850.661
                Actual Total Time: 20267.292
                Actual Rows: 63
                Actual Loops: 1
                Hash Cond: "(lineitem.l_orderkey = orders.o_orderkey)"
                Plans: 
                  - Node Type: "Seq Scan"
                    Parent Relationship: "Outer"
                    Relation Name: "lineitem"
                    Alias: "lineitem"
                    Startup Cost: 0.00
                    Total Cost: 181557.15
                    Plan Rows: 6001215
                    Plan Width: 13
                    Actual Startup Time: 0.012
                    Actual Total Time: 3382.654
                    Actual Rows: 6001215
                    Actual Loops: 1
                  - Node Type: "Hash"
                    Parent Relationship: "Inner"
                    Startup Cost: 425674.54
                    Total Cost: 425674.54
                    Plan Rows: 750000
                    Plan Width: 47
                    Actual Startup Time: 11528.308
                    Actual Total Time: 11528.308
                    Actual Rows: 9
                    Actual Loops: 1
                    Hash Buckets: 8192
                    Hash Batches: 16
                    Original Hash Batches: 16
                    Peak Memory Usage: 1
                    Plans: 
                      - Node Type: "Hash Join"
                        Parent Relationship: "Outer"
                        Join Type: "Inner"
                        Startup Cost: 7962.86
                        Total Cost: 425674.54
                        Plan Rows: 750000
                        Plan Width: 47
                        Actual Startup Time: 5645.627
                        Actual Total Time: 11528.114
                        Actual Rows: 9
                        Actual Loops: 1
                        Hash Cond: "(orders.o_custkey = customer.c_custkey)"
                        Plans: 
                          - Node Type: "Merge Join"
                            Parent Relationship: "Outer"
                            Join Type: "Semi"
                            Startup Cost: 0.86
                            Total Cost: 392517.04
                            Plan Rows: 750000
                            Plan Width: 32
                            Actual Startup Time: 2382.706
                            Actual Total Time: 11334.035
                            Actual Rows: 9
                            Actual Loops: 1
                            Merge Cond: "(orders.o_orderkey = lineitem_1.l_orderkey)"
                            Plans: 
                              - Node Type: "Index Scan"
                                Parent Relationship: "Outer"
                                Scan Direction: "Forward"
                                Index Name: "orders_pkey"
                                Relation Name: "orders"
                                Alias: "orders"
                                Startup Cost: 0.43
                                Total Cost: 66592.43
                                Plan Rows: 1500000
                                Plan Width: 24
                                Actual Startup Time: 0.025
                                Actual Total Time: 675.774
                                Actual Rows: 1201687
                                Actual Loops: 1
                              - Node Type: "Materialize"
                                Parent Relationship: "Inner"
                                Startup Cost: 0.43
                                Total Cost: 317557.77
                                Plan Rows: 369347
                                Plan Width: 8
                                Actual Startup Time: 2138.828
                                Actual Total Time: 10392.732
                                Actual Rows: 9
                                Actual Loops: 1
                                Plans: 
                                  - Node Type: "Aggregate"
                                    Strategy: "Sorted"
                                    Parent Relationship: "Outer"
                                    Startup Cost: 0.43
                                    Total Cost: 312940.94
                                    Plan Rows: 369347
                                    Plan Width: 13
                                    Actual Startup Time: 2138.823
                                    Actual Total Time: 10392.701
                                    Actual Rows: 9
                                    Actual Loops: 1
                                    Group Key: 
                                      - "lineitem_1.l_orderkey"
                                    Filter: "(sum(lineitem_1.l_quantity) > 313::numeric)"
                                    Rows Removed by Filter: 1499991
                                    Plans: 
                                      - Node Type: "Index Scan"
                                        Parent Relationship: "Outer"
                                        Scan Direction: "Forward"
                                        Index Name: "idx_lineitem_orderkey"
                                        Relation Name: "lineitem"
                                        Alias: "lineitem_1"
                                        Startup Cost: 0.43
                                        Total Cost: 277394.66
                                        Plan Rows: 6001215
                                        Plan Width: 13
                                        Actual Startup Time: 0.019
                                        Actual Total Time: 3987.801
                                        Actual Rows: 6001215
                                        Actual Loops: 1
                          - Node Type: "Hash"
                            Parent Relationship: "Inner"
                            Startup Cost: 5208.00
                            Total Cost: 5208.00
                            Plan Rows: 150000
                            Plan Width: 23
                            Actual Startup Time: 157.743
                            Actual Total Time: 157.743
                            Actual Rows: 150000
                            Actual Loops: 1
                            Hash Buckets: 8192
                            Hash Batches: 4
                            Original Hash Batches: 4
                            Peak Memory Usage: 2066
                            Plans: 
                              - Node Type: "Seq Scan"
                                Parent Relationship: "Outer"
                                Relation Name: "customer"
                                Alias: "customer"
                                Startup Cost: 0.00
                                Total Cost: 5208.00
                                Plan Rows: 150000
                                Plan Width: 23
                                Actual Startup Time: 0.014
                                Actual Total Time: 80.161
                                Actual Rows: 150000
                                Actual Loops: 1
  Planning Time: 3.081
  Triggers: 
  Execution Time: 20269.304
Key => Node Type
Value  name ,=> -1.0
Key => Plan Width
Value  name ,=> 44.0
Key => Actual Rows
Value  name ,=> 9.0
Key => Actual Loops
Value  name ,=> 1.0
Key => Plans
Value  name ,=> -1.0
Key => Node Type
Value  name ,=> -1.0
Key => Strategy
Value  name ,=> -1.0
Key => Parent Relationship
Value  name ,=> -1.0
Key => Plan Width
Value  name ,=> 44.0
Key => Actual Rows
Value  name ,=> 9.0
Key => Actual Loops
Value  name ,=> 1.0
Key => Group Key
Value  name ,=> 5.0
Key => Plans
Value  name ,=> -1.0
Key => Node Type
Value  name ,=> -1.0
Key => Parent Relationship
Value  name ,=> -1.0
Key => Plan Width
Value  name ,=> 44.0
Key => Actual Rows
Value  name ,=> 63.0
Key => Actual Loops
Value  name ,=> 1.0
Key => Sort Key
Value  name ,=> 5.0
Key => Sort Method
Value  name ,=> -1.0
Key => Sort Space Used
Value  name ,=> 30.0
Key => Sort Space Type
Value  name ,=> -1.0
Key => Plans
Value  name ,=> -1.0
Key => Node Type
Value  name ,=> -1.0
Key => Parent Relationship
Value  name ,=> -1.0
Key => Join Type
Value  name ,=> -1.0
Key => Plan Width
Value  name ,=> 44.0
Key => Actual Rows
Value  name ,=> 63.0
Key => Actual Loops
Value  name ,=> 1.0
Key => Hash Cond
Value  name ,=> -1.0
Key => Plans
Value  name ,=> -1.0
Key => Node Type
Value  name ,=> -1.0
Key => Parent Relationship
Value  name ,=> -1.0
Key => Relation Name
Value  name ,=> -1.0
Key => Alias
Value  name ,=> -1.0
Key => Plan Width
Value  name ,=> 13.0
Key => Actual Rows
Value  name ,=> 6001215.0
Key => Actual Loops
Value  name ,=> 1.0
Data SeqScan , 1.0 6001215.0 13.0 0.0 3382.654
Added training data to files
Key => Node Type
Value  name ,=> -1.0
Key => Parent Relationship
Value  name ,=> -1.0
Key => Plan Width
Value  name ,=> 47.0
Key => Actual Rows
Value  name ,=> 9.0
Key => Actual Loops
Value  name ,=> 1.0
Key => Hash Buckets
Value  name ,=> 8192.0
Key => Hash Batches
Value  name ,=> 16.0
Key => Original Hash Batches
Value  name ,=> 16.0
Key => Peak Memory Usage
Value  name ,=> 1.0
Key => Plans
Value  name ,=> -1.0
Key => Node Type
Value  name ,=> -1.0
Key => Parent Relationship
Value  name ,=> -1.0
Key => Join Type
Value  name ,=> -1.0
Key => Plan Width
Value  name ,=> 47.0
Key => Actual Rows
Value  name ,=> 9.0
Key => Actual Loops
Value  name ,=> 1.0
Key => Hash Cond
Value  name ,=> -1.0
Key => Plans
Value  name ,=> -1.0
Key => Node Type
Value  name ,=> -1.0
Key => Parent Relationship
Value  name ,=> -1.0
Key => Join Type
Value  name ,=> -1.0
Key => Plan Width
Value  name ,=> 32.0
Key => Actual Rows
Value  name ,=> 9.0
Key => Actual Loops
Value  name ,=> 1.0
Key => Merge Cond
Value  name ,=> -1.0
Key => Plans
Value  name ,=> -1.0
Key => Node Type
Value  name ,=> -1.0
Key => Parent Relationship
Value  name ,=> -1.0
Key => Scan Direction
Value  name ,=> -1.0
Key => Index Name
Value  name ,=> -1.0
Key => Relation Name
Value  name ,=> -1.0
Key => Alias
Value  name ,=> -1.0
Key => Plan Width
Value  name ,=> 24.0
Key => Actual Rows
Value  name ,=> 1201687.0
Key => Actual Loops
Value  name ,=> 1.0
Data IndexScan , 1.0 1201687.0 24.0 0.0 675.774
Added training data to files
Key => Node Type
Value  name ,=> -1.0
Key => Parent Relationship
Value  name ,=> -1.0
Key => Plan Width
Value  name ,=> 8.0
Key => Actual Rows
Value  name ,=> 9.0
Key => Actual Loops
Value  name ,=> 1.0
Key => Plans
Value  name ,=> -1.0
Key => Node Type
Value  name ,=> -1.0
Key => Strategy
Value  name ,=> -1.0
Key => Parent Relationship
Value  name ,=> -1.0
Key => Plan Width
Value  name ,=> 13.0
Key => Actual Rows
Value  name ,=> 9.0
Key => Actual Loops
Value  name ,=> 1.0
Key => Group Key
Value  name ,=> 1.0
Key => Filter
Value  name ,=> -1.0
Key => Plans
Value  name ,=> -1.0
Key => Node Type
Value  name ,=> -1.0
Key => Parent Relationship
Value  name ,=> -1.0
Key => Scan Direction
Value  name ,=> -1.0
Key => Index Name
Value  name ,=> -1.0
Key => Relation Name
Value  name ,=> -1.0
Key => Alias
Value  name ,=> -1.0
Key => Plan Width
Value  name ,=> 13.0
Key => Actual Rows
Value  name ,=> 6001215.0
Key => Actual Loops
Value  name ,=> 1.0
Data IndexScan , 1.0 6001215.0 13.0 0.0 3987.801
Added training data to files
Data Aggregate-Sorted , 1.0 9.0 1.0 13.0 1499991.0 6001215.0 13.0 10392.701
Added training data to files
Data Materialize , 1.0 9.0 8.0 0.0 9.0 13.0 10392.732
Added training data to files
Data MergeJoin , 1.0 9.0 32.0 0.0 1201687.0 24.0 9.0 8.0 11334.035
Added training data to files
Key => Node Type
Value  name ,=> -1.0
Key => Parent Relationship
Value  name ,=> -1.0
Key => Plan Width
Value  name ,=> 23.0
Key => Actual Rows
Value  name ,=> 150000.0
Key => Actual Loops
Value  name ,=> 1.0
Key => Hash Buckets
Value  name ,=> 8192.0
Key => Hash Batches
Value  name ,=> 4.0
Key => Original Hash Batches
Value  name ,=> 4.0
Key => Peak Memory Usage
Value  name ,=> 2066.0
Key => Plans
Value  name ,=> -1.0
Key => Node Type
Value  name ,=> -1.0
Key => Parent Relationship
Value  name ,=> -1.0
Key => Relation Name
Value  name ,=> -1.0
Key => Alias
Value  name ,=> -1.0
Key => Plan Width
Value  name ,=> 23.0
Key => Actual Rows
Value  name ,=> 150000.0
Key => Actual Loops
Value  name ,=> 1.0
Data SeqScan , 1.0 150000.0 23.0 0.0 80.161
Added training data to files
Data Hash , 1.0 150000.0 4.0 8192.0 4.0 2066.0 23.0 0.0 150000.0 23.0 157.743
Added training data to files
Data HashJoin , 1.0 9.0 47.0 0.0 9.0 32.0 150000.0 23.0 11528.114
Added training data to files
Data Hash , 1.0 9.0 16.0 8192.0 16.0 1.0 47.0 0.0 9.0 47.0 11528.308
Added training data to files
Data HashJoin , 1.0 63.0 44.0 0.0 6001215.0 13.0 9.0 47.0 20267.292
Added training data to files
Data Sort-quicksort , 1.0 63.0 44.0 5.0 30.0 0.0 63.0 44.0 20267.756
Added training data to files
Data Aggregate-Sorted , 1.0 9.0 5.0 44.0 0.0 63.0 44.0 20267.875
Added training data to files
Data Limit , 1.0 9.0 44.0 0.0 9.0 44.0 20267.88
Added training data to files
Training query 169 executed successfully
Executed command ,script returned :  Exit value of child process : 1
Query : 
select
	sum(l_extendedprice* (1 - l_discount)) as revenue
from
	lineitem,
	part
where
	(
		p_partkey = l_partkey
		and p_brand = 'Brand#11'
		and p_container in ('SM CASE', 'SM BOX', 'SM PACK', 'SM PKG')
		and l_quantity >= 9 and l_quantity <= 9 + 10
		and p_size between 1 and 5
		and l_shipmode in ('AIR', 'AIR REG')
		and l_shipinstruct = 'DELIVER IN PERSON'
	)
	or
	(
		p_partkey = l_partkey
		and p_brand = 'Brand#43'
		and p_container in ('MED BAG', 'MED BOX', 'MED PKG', 'MED PACK')
		and l_quantity >= 18 and l_quantity <= 18 + 10
		and p_size between 1 and 10
		and l_shipmode in ('AIR', 'AIR REG')
		and l_shipinstruct = 'DELIVER IN PERSON'
	)
	or
	(
		p_partkey = l_partkey
		and p_brand = 'Brand#34'
		and p_container in ('LG CASE', 'LG BOX', 'LG PACK', 'LG PKG')
		and l_quantity >= 23 and l_quantity <= 23 + 10
		and p_size between 1 and 15
		and l_shipmode in ('AIR', 'AIR REG')
		and l_shipinstruct = 'DELIVER IN PERSON'
	)
LIMIT 1;

Node output - Plan: 
    Node Type: "Limit"
    Startup Cost: 72998.25
    Total Cost: 72998.26
    Plan Rows: 1
    Plan Width: 12
    Actual Startup Time: 4628.382
    Actual Total Time: 4628.383
    Actual Rows: 1
    Actual Loops: 1
    Plans: 
      - Node Type: "Aggregate"
        Strategy: "Plain"
        Parent Relationship: "Outer"
        Startup Cost: 72998.25
        Total Cost: 72998.26
        Plan Rows: 1
        Plan Width: 12
        Actual Startup Time: 4628.380
        Actual Total Time: 4628.380
        Actual Rows: 1
        Actual Loops: 1
        Plans: 
          - Node Type: "Nested Loop"
            Parent Relationship: "Outer"
            Join Type: "Inner"
            Startup Cost: 0.43
            Total Cost: 72997.39
            Plan Rows: 115
            Plan Width: 12
            Actual Startup Time: 16.938
            Actual Total Time: 4627.216
            Actual Rows: 122
            Actual Loops: 1
            Plans: 
              - Node Type: "Seq Scan"
                Parent Relationship: "Outer"
                Relation Name: "part"
                Alias: "part"
                Startup Cost: 0.00
                Total Cost: 12599.00
                Plan Rows: 488
                Plan Width: 30
                Actual Startup Time: 1.361
                Actual Total Time: 1238.556
                Actual Rows: 484
                Actual Loops: 1
                Filter: "((p_size >= 1) AND (((p_brand = 'Brand#11'::bpchar) AND (p_container = ANY ('{\"SM CASE\",\"SM BOX\",\"SM PACK\",\"SM PKG\"}'::bpchar[])) AND (p_size <= 5)) OR ((p_brand = 'Brand#43'::bpchar) AND (p_container = ANY ('{\"MED BAG\",\"MED BOX\",\"MED PKG\",\"MED PACK\"}'::bpchar[])) AND (p_size <= 10)) OR ((p_brand = 'Brand#34'::bpchar) AND (p_container = ANY ('{\"LG CASE\",\"LG BOX\",\"LG PACK\",\"LG PKG\"}'::bpchar[])) AND (p_size <= 15))))"
                Rows Removed by Filter: 199516
              - Node Type: "Index Scan"
                Parent Relationship: "Inner"
                Scan Direction: "Forward"
                Index Name: "idx_lineitem_part_supp"
                Relation Name: "lineitem"
                Alias: "lineitem"
                Startup Cost: 0.43
                Total Cost: 123.76
                Plan Rows: 1
                Plan Width: 25
                Actual Startup Time: 6.973
                Actual Total Time: 6.995
                Actual Rows: 0
                Actual Loops: 484
                Index Cond: "(l_partkey = part.p_partkey)"
                Rows Removed by Index Recheck: 0
                Filter: "((l_shipmode = ANY ('{AIR,\"AIR REG\"}'::bpchar[])) AND (l_shipinstruct = 'DELIVER IN PERSON'::bpchar) AND (((l_quantity >= 9::numeric) AND (l_quantity <= 19::numeric)) OR ((l_quantity >= 18::numeric) AND (l_quantity <= 28::numeric)) OR ((l_quantity >= 23::numeric) AND (l_quantity <= 33::numeric))) AND (((part.p_brand = 'Brand#11'::bpchar) AND (part.p_container = ANY ('{\"SM CASE\",\"SM BOX\",\"SM PACK\",\"SM PKG\"}'::bpchar[])) AND (l_quantity >= 9::numeric) AND (l_quantity <= 19::numeric) AND (part.p_size <= 5)) OR ((part.p_brand = 'Brand#43'::bpchar) AND (part.p_container = ANY ('{\"MED BAG\",\"MED BOX\",\"MED PKG\",\"MED PACK\"}'::bpchar[])) AND (l_quantity >= 18::numeric) AND (l_quantity <= 28::numeric) AND (part.p_size <= 10)) OR ((part.p_brand = 'Brand#34'::bpchar) AND (part.p_container = ANY ('{\"LG CASE\",\"LG BOX\",\"LG PACK\",\"LG PKG\"}'::bpchar[])) AND (l_quantity >= 23::numeric) AND (l_quantity <= 33::numeric) AND (part.p_size <= 15))))"
                Rows Removed by Filter: 30
  Planning Time: 137.629
  Triggers: 
  Execution Time: 4628.540
Key => Node Type
Value  name ,=> -1.0
Key => Plan Width
Value  name ,=> 12.0
Key => Actual Rows
Value  name ,=> 1.0
Key => Actual Loops
Value  name ,=> 1.0
Key => Plans
Value  name ,=> -1.0
Key => Node Type
Value  name ,=> -1.0
Key => Strategy
Value  name ,=> -1.0
Key => Parent Relationship
Value  name ,=> -1.0
Key => Plan Width
Value  name ,=> 12.0
Key => Actual Rows
Value  name ,=> 1.0
Key => Actual Loops
Value  name ,=> 1.0
Key => Plans
Value  name ,=> -1.0
Key => Node Type
Value  name ,=> -1.0
Key => Parent Relationship
Value  name ,=> -1.0
Key => Join Type
Value  name ,=> -1.0
Key => Plan Width
Value  name ,=> 12.0
Key => Actual Rows
Value  name ,=> 122.0
Key => Actual Loops
Value  name ,=> 1.0
Key => Plans
Value  name ,=> -1.0
Key => Node Type
Value  name ,=> -1.0
Key => Parent Relationship
Value  name ,=> -1.0
Key => Relation Name
Value  name ,=> -1.0
Key => Alias
Value  name ,=> -1.0
Key => Plan Width
Value  name ,=> 30.0
Key => Actual Rows
Value  name ,=> 484.0
Key => Actual Loops
Value  name ,=> 1.0
Key => Filter
Value  name ,=> -1.0
Data SeqScan , 1.0 484.0 30.0 199516.0 1238.556
Added training data to files
Key => Node Type
Value  name ,=> -1.0
Key => Parent Relationship
Value  name ,=> -1.0
Key => Scan Direction
Value  name ,=> -1.0
Key => Index Name
Value  name ,=> -1.0
Key => Relation Name
Value  name ,=> -1.0
Key => Alias
Value  name ,=> -1.0
Key => Plan Width
Value  name ,=> 25.0
Key => Actual Rows
Value  name ,=> 0.0
Key => Actual Loops
Value  name ,=> 484.0
Key => Index Cond
Value  name ,=> -1.0
Key => Rows Removed by Index Recheck
Value  name ,=> 0.0
Key => Filter
Value  name ,=> -1.0
Data IndexScan , 484.0 0.0 25.0 30.0 0.0 6.995
Added training data to files
Data NestedLoopIndexScan , 1.0 122.0 12.0 0.0 484.0 30.0 0.0 25.0 4627.216
Added training data to files
Data Aggregate-Plain , 1.0 1.0 12.0 0.0 122.0 12.0 4628.38
Added training data to files
Data Limit , 1.0 1.0 12.0 0.0 1.0 12.0 4628.383
Added training data to files
Training query 170 executed successfully
Executed command ,script returned :  Exit value of child process : 1
Query : 
select
	sum(l_extendedprice* (1 - l_discount)) as revenue
from
	lineitem,
	part
where
	(
		p_partkey = l_partkey
		and p_brand = 'Brand#11'
		and p_container in ('SM CASE', 'SM BOX', 'SM PACK', 'SM PKG')
		and l_quantity >= 9 and l_quantity <= 9 + 10
		and p_size between 1 and 5
		and l_shipmode in ('AIR', 'AIR REG')
		and l_shipinstruct = 'DELIVER IN PERSON'
	)
	or
	(
		p_partkey = l_partkey
		and p_brand = 'Brand#43'
		and p_container in ('MED BAG', 'MED BOX', 'MED PKG', 'MED PACK')
		and l_quantity >= 18 and l_quantity <= 18 + 10
		and p_size between 1 and 10
		and l_shipmode in ('AIR', 'AIR REG')
		and l_shipinstruct = 'DELIVER IN PERSON'
	)
	or
	(
		p_partkey = l_partkey
		and p_brand = 'Brand#34'
		and p_container in ('LG CASE', 'LG BOX', 'LG PACK', 'LG PKG')
		and l_quantity >= 23 and l_quantity <= 23 + 10
		and p_size between 1 and 15
		and l_shipmode in ('AIR', 'AIR REG')
		and l_shipinstruct = 'DELIVER IN PERSON'
	)
LIMIT 1;

Node output - Plan: 
    Node Type: "Limit"
    Startup Cost: 72998.25
    Total Cost: 72998.26
    Plan Rows: 1
    Plan Width: 12
    Actual Startup Time: 235.843
    Actual Total Time: 235.843
    Actual Rows: 1
    Actual Loops: 1
    Plans: 
      - Node Type: "Aggregate"
        Strategy: "Plain"
        Parent Relationship: "Outer"
        Startup Cost: 72998.25
        Total Cost: 72998.26
        Plan Rows: 1
        Plan Width: 12
        Actual Startup Time: 235.841
        Actual Total Time: 235.841
        Actual Rows: 1
        Actual Loops: 1
        Plans: 
          - Node Type: "Nested Loop"
            Parent Relationship: "Outer"
            Join Type: "Inner"
            Startup Cost: 0.43
            Total Cost: 72997.39
            Plan Rows: 115
            Plan Width: 12
            Actual Startup Time: 1.401
            Actual Total Time: 235.204
            Actual Rows: 122
            Actual Loops: 1
            Plans: 
              - Node Type: "Seq Scan"
                Parent Relationship: "Outer"
                Relation Name: "part"
                Alias: "part"
                Startup Cost: 0.00
                Total Cost: 12599.00
                Plan Rows: 488
                Plan Width: 30
                Actual Startup Time: 1.273
                Actual Total Time: 195.626
                Actual Rows: 484
                Actual Loops: 1
                Filter: "((p_size >= 1) AND (((p_brand = 'Brand#11'::bpchar) AND (p_container = ANY ('{\"SM CASE\",\"SM BOX\",\"SM PACK\",\"SM PKG\"}'::bpchar[])) AND (p_size <= 5)) OR ((p_brand = 'Brand#43'::bpchar) AND (p_container = ANY ('{\"MED BAG\",\"MED BOX\",\"MED PKG\",\"MED PACK\"}'::bpchar[])) AND (p_size <= 10)) OR ((p_brand = 'Brand#34'::bpchar) AND (p_container = ANY ('{\"LG CASE\",\"LG BOX\",\"LG PACK\",\"LG PKG\"}'::bpchar[])) AND (p_size <= 15))))"
                Rows Removed by Filter: 199516
              - Node Type: "Index Scan"
                Parent Relationship: "Inner"
                Scan Direction: "Forward"
                Index Name: "idx_lineitem_part_supp"
                Relation Name: "lineitem"
                Alias: "lineitem"
                Startup Cost: 0.43
                Total Cost: 123.76
                Plan Rows: 1
                Plan Width: 25
                Actual Startup Time: 0.071
                Actual Total Time: 0.080
                Actual Rows: 0
                Actual Loops: 484
                Index Cond: "(l_partkey = part.p_partkey)"
                Rows Removed by Index Recheck: 0
                Filter: "((l_shipmode = ANY ('{AIR,\"AIR REG\"}'::bpchar[])) AND (l_shipinstruct = 'DELIVER IN PERSON'::bpchar) AND (((l_quantity >= 9::numeric) AND (l_quantity <= 19::numeric)) OR ((l_quantity >= 18::numeric) AND (l_quantity <= 28::numeric)) OR ((l_quantity >= 23::numeric) AND (l_quantity <= 33::numeric))) AND (((part.p_brand = 'Brand#11'::bpchar) AND (part.p_container = ANY ('{\"SM CASE\",\"SM BOX\",\"SM PACK\",\"SM PKG\"}'::bpchar[])) AND (l_quantity >= 9::numeric) AND (l_quantity <= 19::numeric) AND (part.p_size <= 5)) OR ((part.p_brand = 'Brand#43'::bpchar) AND (part.p_container = ANY ('{\"MED BAG\",\"MED BOX\",\"MED PKG\",\"MED PACK\"}'::bpchar[])) AND (l_quantity >= 18::numeric) AND (l_quantity <= 28::numeric) AND (part.p_size <= 10)) OR ((part.p_brand = 'Brand#34'::bpchar) AND (part.p_container = ANY ('{\"LG CASE\",\"LG BOX\",\"LG PACK\",\"LG PKG\"}'::bpchar[])) AND (l_quantity >= 23::numeric) AND (l_quantity <= 33::numeric) AND (part.p_size <= 15))))"
                Rows Removed by Filter: 30
  Planning Time: 3.773
  Triggers: 
  Execution Time: 236.211
Key => Node Type
Value  name ,=> -1.0
Key => Plan Width
Value  name ,=> 12.0
Key => Actual Rows
Value  name ,=> 1.0
Key => Actual Loops
Value  name ,=> 1.0
Key => Plans
Value  name ,=> -1.0
Key => Node Type
Value  name ,=> -1.0
Key => Strategy
Value  name ,=> -1.0
Key => Parent Relationship
Value  name ,=> -1.0
Key => Plan Width
Value  name ,=> 12.0
Key => Actual Rows
Value  name ,=> 1.0
Key => Actual Loops
Value  name ,=> 1.0
Key => Plans
Value  name ,=> -1.0
Key => Node Type
Value  name ,=> -1.0
Key => Parent Relationship
Value  name ,=> -1.0
Key => Join Type
Value  name ,=> -1.0
Key => Plan Width
Value  name ,=> 12.0
Key => Actual Rows
Value  name ,=> 122.0
Key => Actual Loops
Value  name ,=> 1.0
Key => Plans
Value  name ,=> -1.0
Key => Node Type
Value  name ,=> -1.0
Key => Parent Relationship
Value  name ,=> -1.0
Key => Relation Name
Value  name ,=> -1.0
Key => Alias
Value  name ,=> -1.0
Key => Plan Width
Value  name ,=> 30.0
Key => Actual Rows
Value  name ,=> 484.0
Key => Actual Loops
Value  name ,=> 1.0
Key => Filter
Value  name ,=> -1.0
Data SeqScan , 1.0 484.0 30.0 199516.0 195.626
Added training data to files
Key => Node Type
Value  name ,=> -1.0
Key => Parent Relationship
Value  name ,=> -1.0
Key => Scan Direction
Value  name ,=> -1.0
Key => Index Name
Value  name ,=> -1.0
Key => Relation Name
Value  name ,=> -1.0
Key => Alias
Value  name ,=> -1.0
Key => Plan Width
Value  name ,=> 25.0
Key => Actual Rows
Value  name ,=> 0.0
Key => Actual Loops
Value  name ,=> 484.0
Key => Index Cond
Value  name ,=> -1.0
Key => Rows Removed by Index Recheck
Value  name ,=> 0.0
Key => Filter
Value  name ,=> -1.0
Data IndexScan , 484.0 0.0 25.0 30.0 0.0 0.08
Added training data to files
Data NestedLoopIndexScan , 1.0 122.0 12.0 0.0 484.0 30.0 0.0 25.0 235.204
Added training data to files
Data Aggregate-Plain , 1.0 1.0 12.0 0.0 122.0 12.0 235.841
Added training data to files
Data Limit , 1.0 1.0 12.0 0.0 1.0 12.0 235.843
Added training data to files
Training query 171 executed successfully
Executed command ,script returned :  Exit value of child process : 1
Query : 
select
	sum(l_extendedprice* (1 - l_discount)) as revenue
from
	lineitem,
	part
where
	(
		p_partkey = l_partkey
		and p_brand = 'Brand#11'
		and p_container in ('SM CASE', 'SM BOX', 'SM PACK', 'SM PKG')
		and l_quantity >= 9 and l_quantity <= 9 + 10
		and p_size between 1 and 5
		and l_shipmode in ('AIR', 'AIR REG')
		and l_shipinstruct = 'DELIVER IN PERSON'
	)
	or
	(
		p_partkey = l_partkey
		and p_brand = 'Brand#43'
		and p_container in ('MED BAG', 'MED BOX', 'MED PKG', 'MED PACK')
		and l_quantity >= 18 and l_quantity <= 18 + 10
		and p_size between 1 and 10
		and l_shipmode in ('AIR', 'AIR REG')
		and l_shipinstruct = 'DELIVER IN PERSON'
	)
	or
	(
		p_partkey = l_partkey
		and p_brand = 'Brand#34'
		and p_container in ('LG CASE', 'LG BOX', 'LG PACK', 'LG PKG')
		and l_quantity >= 23 and l_quantity <= 23 + 10
		and p_size between 1 and 15
		and l_shipmode in ('AIR', 'AIR REG')
		and l_shipinstruct = 'DELIVER IN PERSON'
	)
LIMIT 1;

Node output - Plan: 
    Node Type: "Limit"
    Startup Cost: 72998.25
    Total Cost: 72998.26
    Plan Rows: 1
    Plan Width: 12
    Actual Startup Time: 229.758
    Actual Total Time: 229.759
    Actual Rows: 1
    Actual Loops: 1
    Plans: 
      - Node Type: "Aggregate"
        Strategy: "Plain"
        Parent Relationship: "Outer"
        Startup Cost: 72998.25
        Total Cost: 72998.26
        Plan Rows: 1
        Plan Width: 12
        Actual Startup Time: 229.755
        Actual Total Time: 229.755
        Actual Rows: 1
        Actual Loops: 1
        Plans: 
          - Node Type: "Nested Loop"
            Parent Relationship: "Outer"
            Join Type: "Inner"
            Startup Cost: 0.43
            Total Cost: 72997.39
            Plan Rows: 115
            Plan Width: 12
            Actual Startup Time: 0.626
            Actual Total Time: 229.230
            Actual Rows: 122
            Actual Loops: 1
            Plans: 
              - Node Type: "Seq Scan"
                Parent Relationship: "Outer"
                Relation Name: "part"
                Alias: "part"
                Startup Cost: 0.00
                Total Cost: 12599.00
                Plan Rows: 488
                Plan Width: 30
                Actual Startup Time: 0.568
                Actual Total Time: 190.741
                Actual Rows: 484
                Actual Loops: 1
                Filter: "((p_size >= 1) AND (((p_brand = 'Brand#11'::bpchar) AND (p_container = ANY ('{\"SM CASE\",\"SM BOX\",\"SM PACK\",\"SM PKG\"}'::bpchar[])) AND (p_size <= 5)) OR ((p_brand = 'Brand#43'::bpchar) AND (p_container = ANY ('{\"MED BAG\",\"MED BOX\",\"MED PKG\",\"MED PACK\"}'::bpchar[])) AND (p_size <= 10)) OR ((p_brand = 'Brand#34'::bpchar) AND (p_container = ANY ('{\"LG CASE\",\"LG BOX\",\"LG PACK\",\"LG PKG\"}'::bpchar[])) AND (p_size <= 15))))"
                Rows Removed by Filter: 199516
              - Node Type: "Index Scan"
                Parent Relationship: "Inner"
                Scan Direction: "Forward"
                Index Name: "idx_lineitem_part_supp"
                Relation Name: "lineitem"
                Alias: "lineitem"
                Startup Cost: 0.43
                Total Cost: 123.76
                Plan Rows: 1
                Plan Width: 25
                Actual Startup Time: 0.070
                Actual Total Time: 0.077
                Actual Rows: 0
                Actual Loops: 484
                Index Cond: "(l_partkey = part.p_partkey)"
                Rows Removed by Index Recheck: 0
                Filter: "((l_shipmode = ANY ('{AIR,\"AIR REG\"}'::bpchar[])) AND (l_shipinstruct = 'DELIVER IN PERSON'::bpchar) AND (((l_quantity >= 9::numeric) AND (l_quantity <= 19::numeric)) OR ((l_quantity >= 18::numeric) AND (l_quantity <= 28::numeric)) OR ((l_quantity >= 23::numeric) AND (l_quantity <= 33::numeric))) AND (((part.p_brand = 'Brand#11'::bpchar) AND (part.p_container = ANY ('{\"SM CASE\",\"SM BOX\",\"SM PACK\",\"SM PKG\"}'::bpchar[])) AND (l_quantity >= 9::numeric) AND (l_quantity <= 19::numeric) AND (part.p_size <= 5)) OR ((part.p_brand = 'Brand#43'::bpchar) AND (part.p_container = ANY ('{\"MED BAG\",\"MED BOX\",\"MED PKG\",\"MED PACK\"}'::bpchar[])) AND (l_quantity >= 18::numeric) AND (l_quantity <= 28::numeric) AND (part.p_size <= 10)) OR ((part.p_brand = 'Brand#34'::bpchar) AND (part.p_container = ANY ('{\"LG CASE\",\"LG BOX\",\"LG PACK\",\"LG PKG\"}'::bpchar[])) AND (l_quantity >= 23::numeric) AND (l_quantity <= 33::numeric) AND (part.p_size <= 15))))"
                Rows Removed by Filter: 30
  Planning Time: 1.762
  Triggers: 
  Execution Time: 229.899
Key => Node Type
Value  name ,=> -1.0
Key => Plan Width
Value  name ,=> 12.0
Key => Actual Rows
Value  name ,=> 1.0
Key => Actual Loops
Value  name ,=> 1.0
Key => Plans
Value  name ,=> -1.0
Key => Node Type
Value  name ,=> -1.0
Key => Strategy
Value  name ,=> -1.0
Key => Parent Relationship
Value  name ,=> -1.0
Key => Plan Width
Value  name ,=> 12.0
Key => Actual Rows
Value  name ,=> 1.0
Key => Actual Loops
Value  name ,=> 1.0
Key => Plans
Value  name ,=> -1.0
Key => Node Type
Value  name ,=> -1.0
Key => Parent Relationship
Value  name ,=> -1.0
Key => Join Type
Value  name ,=> -1.0
Key => Plan Width
Value  name ,=> 12.0
Key => Actual Rows
Value  name ,=> 122.0
Key => Actual Loops
Value  name ,=> 1.0
Key => Plans
Value  name ,=> -1.0
Key => Node Type
Value  name ,=> -1.0
Key => Parent Relationship
Value  name ,=> -1.0
Key => Relation Name
Value  name ,=> -1.0
Key => Alias
Value  name ,=> -1.0
Key => Plan Width
Value  name ,=> 30.0
Key => Actual Rows
Value  name ,=> 484.0
Key => Actual Loops
Value  name ,=> 1.0
Key => Filter
Value  name ,=> -1.0
Data SeqScan , 1.0 484.0 30.0 199516.0 190.741
Added training data to files
Key => Node Type
Value  name ,=> -1.0
Key => Parent Relationship
Value  name ,=> -1.0
Key => Scan Direction
Value  name ,=> -1.0
Key => Index Name
Value  name ,=> -1.0
Key => Relation Name
Value  name ,=> -1.0
Key => Alias
Value  name ,=> -1.0
Key => Plan Width
Value  name ,=> 25.0
Key => Actual Rows
Value  name ,=> 0.0
Key => Actual Loops
Value  name ,=> 484.0
Key => Index Cond
Value  name ,=> -1.0
Key => Rows Removed by Index Recheck
Value  name ,=> 0.0
Key => Filter
Value  name ,=> -1.0
Data IndexScan , 484.0 0.0 25.0 30.0 0.0 0.077
Added training data to files
Data NestedLoopIndexScan , 1.0 122.0 12.0 0.0 484.0 30.0 0.0 25.0 229.23
Added training data to files
Data Aggregate-Plain , 1.0 1.0 12.0 0.0 122.0 12.0 229.755
Added training data to files
Data Limit , 1.0 1.0 12.0 0.0 1.0 12.0 229.759
Added training data to files
Training query 172 executed successfully
Executed command ,script returned :  Exit value of child process : 1
Query : 
select
	sum(l_extendedprice* (1 - l_discount)) as revenue
from
	lineitem,
	part
where
	(
		p_partkey = l_partkey
		and p_brand = 'Brand#11'
		and p_container in ('SM CASE', 'SM BOX', 'SM PACK', 'SM PKG')
		and l_quantity >= 9 and l_quantity <= 9 + 10
		and p_size between 1 and 5
		and l_shipmode in ('AIR', 'AIR REG')
		and l_shipinstruct = 'DELIVER IN PERSON'
	)
	or
	(
		p_partkey = l_partkey
		and p_brand = 'Brand#43'
		and p_container in ('MED BAG', 'MED BOX', 'MED PKG', 'MED PACK')
		and l_quantity >= 18 and l_quantity <= 18 + 10
		and p_size between 1 and 10
		and l_shipmode in ('AIR', 'AIR REG')
		and l_shipinstruct = 'DELIVER IN PERSON'
	)
	or
	(
		p_partkey = l_partkey
		and p_brand = 'Brand#34'
		and p_container in ('LG CASE', 'LG BOX', 'LG PACK', 'LG PKG')
		and l_quantity >= 23 and l_quantity <= 23 + 10
		and p_size between 1 and 15
		and l_shipmode in ('AIR', 'AIR REG')
		and l_shipinstruct = 'DELIVER IN PERSON'
	)
LIMIT 1;

Node output - Plan: 
    Node Type: "Limit"
    Startup Cost: 72998.25
    Total Cost: 72998.26
    Plan Rows: 1
    Plan Width: 12
    Actual Startup Time: 235.957
    Actual Total Time: 235.957
    Actual Rows: 1
    Actual Loops: 1
    Plans: 
      - Node Type: "Aggregate"
        Strategy: "Plain"
        Parent Relationship: "Outer"
        Startup Cost: 72998.25
        Total Cost: 72998.26
        Plan Rows: 1
        Plan Width: 12
        Actual Startup Time: 235.955
        Actual Total Time: 235.955
        Actual Rows: 1
        Actual Loops: 1
        Plans: 
          - Node Type: "Nested Loop"
            Parent Relationship: "Outer"
            Join Type: "Inner"
            Startup Cost: 0.43
            Total Cost: 72997.39
            Plan Rows: 115
            Plan Width: 12
            Actual Startup Time: 1.127
            Actual Total Time: 235.398
            Actual Rows: 122
            Actual Loops: 1
            Plans: 
              - Node Type: "Seq Scan"
                Parent Relationship: "Outer"
                Relation Name: "part"
                Alias: "part"
                Startup Cost: 0.00
                Total Cost: 12599.00
                Plan Rows: 488
                Plan Width: 30
                Actual Startup Time: 1.011
                Actual Total Time: 196.273
                Actual Rows: 484
                Actual Loops: 1
                Filter: "((p_size >= 1) AND (((p_brand = 'Brand#11'::bpchar) AND (p_container = ANY ('{\"SM CASE\",\"SM BOX\",\"SM PACK\",\"SM PKG\"}'::bpchar[])) AND (p_size <= 5)) OR ((p_brand = 'Brand#43'::bpchar) AND (p_container = ANY ('{\"MED BAG\",\"MED BOX\",\"MED PKG\",\"MED PACK\"}'::bpchar[])) AND (p_size <= 10)) OR ((p_brand = 'Brand#34'::bpchar) AND (p_container = ANY ('{\"LG CASE\",\"LG BOX\",\"LG PACK\",\"LG PKG\"}'::bpchar[])) AND (p_size <= 15))))"
                Rows Removed by Filter: 199516
              - Node Type: "Index Scan"
                Parent Relationship: "Inner"
                Scan Direction: "Forward"
                Index Name: "idx_lineitem_part_supp"
                Relation Name: "lineitem"
                Alias: "lineitem"
                Startup Cost: 0.43
                Total Cost: 123.76
                Plan Rows: 1
                Plan Width: 25
                Actual Startup Time: 0.071
                Actual Total Time: 0.079
                Actual Rows: 0
                Actual Loops: 484
                Index Cond: "(l_partkey = part.p_partkey)"
                Rows Removed by Index Recheck: 0
                Filter: "((l_shipmode = ANY ('{AIR,\"AIR REG\"}'::bpchar[])) AND (l_shipinstruct = 'DELIVER IN PERSON'::bpchar) AND (((l_quantity >= 9::numeric) AND (l_quantity <= 19::numeric)) OR ((l_quantity >= 18::numeric) AND (l_quantity <= 28::numeric)) OR ((l_quantity >= 23::numeric) AND (l_quantity <= 33::numeric))) AND (((part.p_brand = 'Brand#11'::bpchar) AND (part.p_container = ANY ('{\"SM CASE\",\"SM BOX\",\"SM PACK\",\"SM PKG\"}'::bpchar[])) AND (l_quantity >= 9::numeric) AND (l_quantity <= 19::numeric) AND (part.p_size <= 5)) OR ((part.p_brand = 'Brand#43'::bpchar) AND (part.p_container = ANY ('{\"MED BAG\",\"MED BOX\",\"MED PKG\",\"MED PACK\"}'::bpchar[])) AND (l_quantity >= 18::numeric) AND (l_quantity <= 28::numeric) AND (part.p_size <= 10)) OR ((part.p_brand = 'Brand#34'::bpchar) AND (part.p_container = ANY ('{\"LG CASE\",\"LG BOX\",\"LG PACK\",\"LG PKG\"}'::bpchar[])) AND (l_quantity >= 23::numeric) AND (l_quantity <= 33::numeric) AND (part.p_size <= 15))))"
                Rows Removed by Filter: 30
  Planning Time: 3.783
  Triggers: 
  Execution Time: 236.201
Key => Node Type
Value  name ,=> -1.0
Key => Plan Width
Value  name ,=> 12.0
Key => Actual Rows
Value  name ,=> 1.0
Key => Actual Loops
Value  name ,=> 1.0
Key => Plans
Value  name ,=> -1.0
Key => Node Type
Value  name ,=> -1.0
Key => Strategy
Value  name ,=> -1.0
Key => Parent Relationship
Value  name ,=> -1.0
Key => Plan Width
Value  name ,=> 12.0
Key => Actual Rows
Value  name ,=> 1.0
Key => Actual Loops
Value  name ,=> 1.0
Key => Plans
Value  name ,=> -1.0
Key => Node Type
Value  name ,=> -1.0
Key => Parent Relationship
Value  name ,=> -1.0
Key => Join Type
Value  name ,=> -1.0
Key => Plan Width
Value  name ,=> 12.0
Key => Actual Rows
Value  name ,=> 122.0
Key => Actual Loops
Value  name ,=> 1.0
Key => Plans
Value  name ,=> -1.0
Key => Node Type
Value  name ,=> -1.0
Key => Parent Relationship
Value  name ,=> -1.0
Key => Relation Name
Value  name ,=> -1.0
Key => Alias
Value  name ,=> -1.0
Key => Plan Width
Value  name ,=> 30.0
Key => Actual Rows
Value  name ,=> 484.0
Key => Actual Loops
Value  name ,=> 1.0
Key => Filter
Value  name ,=> -1.0
Data SeqScan , 1.0 484.0 30.0 199516.0 196.273
Added training data to files
Key => Node Type
Value  name ,=> -1.0
Key => Parent Relationship
Value  name ,=> -1.0
Key => Scan Direction
Value  name ,=> -1.0
Key => Index Name
Value  name ,=> -1.0
Key => Relation Name
Value  name ,=> -1.0
Key => Alias
Value  name ,=> -1.0
Key => Plan Width
Value  name ,=> 25.0
Key => Actual Rows
Value  name ,=> 0.0
Key => Actual Loops
Value  name ,=> 484.0
Key => Index Cond
Value  name ,=> -1.0
Key => Rows Removed by Index Recheck
Value  name ,=> 0.0
Key => Filter
Value  name ,=> -1.0
Data IndexScan , 484.0 0.0 25.0 30.0 0.0 0.079
Added training data to files
Data NestedLoopIndexScan , 1.0 122.0 12.0 0.0 484.0 30.0 0.0 25.0 235.398
Added training data to files
Data Aggregate-Plain , 1.0 1.0 12.0 0.0 122.0 12.0 235.955
Added training data to files
Data Limit , 1.0 1.0 12.0 0.0 1.0 12.0 235.957
Added training data to files
Training query 173 executed successfully
Executed command ,script returned :  Exit value of child process : 1
Query : 
select
	sum(l_extendedprice* (1 - l_discount)) as revenue
from
	lineitem,
	part
where
	(
		p_partkey = l_partkey
		and p_brand = 'Brand#13'
		and p_container in ('SM CASE', 'SM BOX', 'SM PACK', 'SM PKG')
		and l_quantity >= 4 and l_quantity <= 4 + 10
		and p_size between 1 and 5
		and l_shipmode in ('AIR', 'AIR REG')
		and l_shipinstruct = 'DELIVER IN PERSON'
	)
	or
	(
		p_partkey = l_partkey
		and p_brand = 'Brand#21'
		and p_container in ('MED BAG', 'MED BOX', 'MED PKG', 'MED PACK')
		and l_quantity >= 19 and l_quantity <= 19 + 10
		and p_size between 1 and 10
		and l_shipmode in ('AIR', 'AIR REG')
		and l_shipinstruct = 'DELIVER IN PERSON'
	)
	or
	(
		p_partkey = l_partkey
		and p_brand = 'Brand#33'
		and p_container in ('LG CASE', 'LG BOX', 'LG PACK', 'LG PKG')
		and l_quantity >= 30 and l_quantity <= 30 + 10
		and p_size between 1 and 15
		and l_shipmode in ('AIR', 'AIR REG')
		and l_shipinstruct = 'DELIVER IN PERSON'
	)
LIMIT 1;

Node output - Plan: 
    Node Type: "Limit"
    Startup Cost: 74049.89
    Total Cost: 74049.90
    Plan Rows: 1
    Plan Width: 12
    Actual Startup Time: 1569.465
    Actual Total Time: 1569.465
    Actual Rows: 1
    Actual Loops: 1
    Plans: 
      - Node Type: "Aggregate"
        Strategy: "Plain"
        Parent Relationship: "Outer"
        Startup Cost: 74049.89
        Total Cost: 74049.90
        Plan Rows: 1
        Plan Width: 12
        Actual Startup Time: 1569.464
        Actual Total Time: 1569.464
        Actual Rows: 1
        Actual Loops: 1
        Plans: 
          - Node Type: "Nested Loop"
            Parent Relationship: "Outer"
            Join Type: "Inner"
            Startup Cost: 0.43
            Total Cost: 74049.03
            Plan Rows: 115
            Plan Width: 12
            Actual Startup Time: 11.347
            Actual Total Time: 1568.288
            Actual Rows: 127
            Actual Loops: 1
            Plans: 
              - Node Type: "Seq Scan"
                Parent Relationship: "Outer"
                Relation Name: "part"
                Alias: "part"
                Startup Cost: 0.00
                Total Cost: 12599.00
                Plan Rows: 497
                Plan Width: 30
                Actual Startup Time: 0.136
                Actual Total Time: 220.255
                Actual Rows: 517
                Actual Loops: 1
                Filter: "((p_size >= 1) AND (((p_brand = 'Brand#13'::bpchar) AND (p_container = ANY ('{\"SM CASE\",\"SM BOX\",\"SM PACK\",\"SM PKG\"}'::bpchar[])) AND (p_size <= 5)) OR ((p_brand = 'Brand#21'::bpchar) AND (p_container = ANY ('{\"MED BAG\",\"MED BOX\",\"MED PKG\",\"MED PACK\"}'::bpchar[])) AND (p_size <= 10)) OR ((p_brand = 'Brand#33'::bpchar) AND (p_container = ANY ('{\"LG CASE\",\"LG BOX\",\"LG PACK\",\"LG PKG\"}'::bpchar[])) AND (p_size <= 15))))"
                Rows Removed by Filter: 199483
              - Node Type: "Index Scan"
                Parent Relationship: "Inner"
                Scan Direction: "Forward"
                Index Name: "idx_lineitem_part_supp"
                Relation Name: "lineitem"
                Alias: "lineitem"
                Startup Cost: 0.43
                Total Cost: 123.63
                Plan Rows: 1
                Plan Width: 25
                Actual Startup Time: 2.570
                Actual Total Time: 2.602
                Actual Rows: 0
                Actual Loops: 517
                Index Cond: "(l_partkey = part.p_partkey)"
                Rows Removed by Index Recheck: 0
                Filter: "((l_shipmode = ANY ('{AIR,\"AIR REG\"}'::bpchar[])) AND (l_shipinstruct = 'DELIVER IN PERSON'::bpchar) AND (((l_quantity >= 4::numeric) AND (l_quantity <= 14::numeric)) OR ((l_quantity >= 19::numeric) AND (l_quantity <= 29::numeric)) OR ((l_quantity >= 30::numeric) AND (l_quantity <= 40::numeric))) AND (((part.p_brand = 'Brand#13'::bpchar) AND (part.p_container = ANY ('{\"SM CASE\",\"SM BOX\",\"SM PACK\",\"SM PKG\"}'::bpchar[])) AND (l_quantity >= 4::numeric) AND (l_quantity <= 14::numeric) AND (part.p_size <= 5)) OR ((part.p_brand = 'Brand#21'::bpchar) AND (part.p_container = ANY ('{\"MED BAG\",\"MED BOX\",\"MED PKG\",\"MED PACK\"}'::bpchar[])) AND (l_quantity >= 19::numeric) AND (l_quantity <= 29::numeric) AND (part.p_size <= 10)) OR ((part.p_brand = 'Brand#33'::bpchar) AND (part.p_container = ANY ('{\"LG CASE\",\"LG BOX\",\"LG PACK\",\"LG PKG\"}'::bpchar[])) AND (l_quantity >= 30::numeric) AND (l_quantity <= 40::numeric) AND (part.p_size <= 15))))"
                Rows Removed by Filter: 30
  Planning Time: 1.504
  Triggers: 
  Execution Time: 1569.604
Key => Node Type
Value  name ,=> -1.0
Key => Plan Width
Value  name ,=> 12.0
Key => Actual Rows
Value  name ,=> 1.0
Key => Actual Loops
Value  name ,=> 1.0
Key => Plans
Value  name ,=> -1.0
Key => Node Type
Value  name ,=> -1.0
Key => Strategy
Value  name ,=> -1.0
Key => Parent Relationship
Value  name ,=> -1.0
Key => Plan Width
Value  name ,=> 12.0
Key => Actual Rows
Value  name ,=> 1.0
Key => Actual Loops
Value  name ,=> 1.0
Key => Plans
Value  name ,=> -1.0
Key => Node Type
Value  name ,=> -1.0
Key => Parent Relationship
Value  name ,=> -1.0
Key => Join Type
Value  name ,=> -1.0
Key => Plan Width
Value  name ,=> 12.0
Key => Actual Rows
Value  name ,=> 127.0
Key => Actual Loops
Value  name ,=> 1.0
Key => Plans
Value  name ,=> -1.0
Key => Node Type
Value  name ,=> -1.0
Key => Parent Relationship
Value  name ,=> -1.0
Key => Relation Name
Value  name ,=> -1.0
Key => Alias
Value  name ,=> -1.0
Key => Plan Width
Value  name ,=> 30.0
Key => Actual Rows
Value  name ,=> 517.0
Key => Actual Loops
Value  name ,=> 1.0
Key => Filter
Value  name ,=> -1.0
Data SeqScan , 1.0 517.0 30.0 199483.0 220.255
Added training data to files
Key => Node Type
Value  name ,=> -1.0
Key => Parent Relationship
Value  name ,=> -1.0
Key => Scan Direction
Value  name ,=> -1.0
Key => Index Name
Value  name ,=> -1.0
Key => Relation Name
Value  name ,=> -1.0
Key => Alias
Value  name ,=> -1.0
Key => Plan Width
Value  name ,=> 25.0
Key => Actual Rows
Value  name ,=> 0.0
Key => Actual Loops
Value  name ,=> 517.0
Key => Index Cond
Value  name ,=> -1.0
Key => Rows Removed by Index Recheck
Value  name ,=> 0.0
Key => Filter
Value  name ,=> -1.0
Data IndexScan , 517.0 0.0 25.0 30.0 0.0 2.602
Added training data to files
Data NestedLoopIndexScan , 1.0 127.0 12.0 0.0 517.0 30.0 0.0 25.0 1568.288
Added training data to files
Data Aggregate-Plain , 1.0 1.0 12.0 0.0 127.0 12.0 1569.464
Added training data to files
Data Limit , 1.0 1.0 12.0 0.0 1.0 12.0 1569.465
Added training data to files
Training query 174 executed successfully
Executed command ,script returned :  Exit value of child process : 1
Query : 
select
	sum(l_extendedprice* (1 - l_discount)) as revenue
from
	lineitem,
	part
where
	(
		p_partkey = l_partkey
		and p_brand = 'Brand#13'
		and p_container in ('SM CASE', 'SM BOX', 'SM PACK', 'SM PKG')
		and l_quantity >= 4 and l_quantity <= 4 + 10
		and p_size between 1 and 5
		and l_shipmode in ('AIR', 'AIR REG')
		and l_shipinstruct = 'DELIVER IN PERSON'
	)
	or
	(
		p_partkey = l_partkey
		and p_brand = 'Brand#21'
		and p_container in ('MED BAG', 'MED BOX', 'MED PKG', 'MED PACK')
		and l_quantity >= 19 and l_quantity <= 19 + 10
		and p_size between 1 and 10
		and l_shipmode in ('AIR', 'AIR REG')
		and l_shipinstruct = 'DELIVER IN PERSON'
	)
	or
	(
		p_partkey = l_partkey
		and p_brand = 'Brand#33'
		and p_container in ('LG CASE', 'LG BOX', 'LG PACK', 'LG PKG')
		and l_quantity >= 30 and l_quantity <= 30 + 10
		and p_size between 1 and 15
		and l_shipmode in ('AIR', 'AIR REG')
		and l_shipinstruct = 'DELIVER IN PERSON'
	)
LIMIT 1;

Node output - Plan: 
    Node Type: "Limit"
    Startup Cost: 74049.89
    Total Cost: 74049.90
    Plan Rows: 1
    Plan Width: 12
    Actual Startup Time: 258.127
    Actual Total Time: 258.128
    Actual Rows: 1
    Actual Loops: 1
    Plans: 
      - Node Type: "Aggregate"
        Strategy: "Plain"
        Parent Relationship: "Outer"
        Startup Cost: 74049.89
        Total Cost: 74049.90
        Plan Rows: 1
        Plan Width: 12
        Actual Startup Time: 258.124
        Actual Total Time: 258.124
        Actual Rows: 1
        Actual Loops: 1
        Plans: 
          - Node Type: "Nested Loop"
            Parent Relationship: "Outer"
            Join Type: "Inner"
            Startup Cost: 0.43
            Total Cost: 74049.03
            Plan Rows: 115
            Plan Width: 12
            Actual Startup Time: 0.577
            Actual Total Time: 257.496
            Actual Rows: 127
            Actual Loops: 1
            Plans: 
              - Node Type: "Seq Scan"
                Parent Relationship: "Outer"
                Relation Name: "part"
                Alias: "part"
                Startup Cost: 0.00
                Total Cost: 12599.00
                Plan Rows: 497
                Plan Width: 30
                Actual Startup Time: 0.375
                Actual Total Time: 196.146
                Actual Rows: 517
                Actual Loops: 1
                Filter: "((p_size >= 1) AND (((p_brand = 'Brand#13'::bpchar) AND (p_container = ANY ('{\"SM CASE\",\"SM BOX\",\"SM PACK\",\"SM PKG\"}'::bpchar[])) AND (p_size <= 5)) OR ((p_brand = 'Brand#21'::bpchar) AND (p_container = ANY ('{\"MED BAG\",\"MED BOX\",\"MED PKG\",\"MED PACK\"}'::bpchar[])) AND (p_size <= 10)) OR ((p_brand = 'Brand#33'::bpchar) AND (p_container = ANY ('{\"LG CASE\",\"LG BOX\",\"LG PACK\",\"LG PKG\"}'::bpchar[])) AND (p_size <= 15))))"
                Rows Removed by Filter: 199483
              - Node Type: "Index Scan"
                Parent Relationship: "Inner"
                Scan Direction: "Forward"
                Index Name: "idx_lineitem_part_supp"
                Relation Name: "lineitem"
                Alias: "lineitem"
                Startup Cost: 0.43
                Total Cost: 123.63
                Plan Rows: 1
                Plan Width: 25
                Actual Startup Time: 0.104
                Actual Total Time: 0.116
                Actual Rows: 0
                Actual Loops: 517
                Index Cond: "(l_partkey = part.p_partkey)"
                Rows Removed by Index Recheck: 0
                Filter: "((l_shipmode = ANY ('{AIR,\"AIR REG\"}'::bpchar[])) AND (l_shipinstruct = 'DELIVER IN PERSON'::bpchar) AND (((l_quantity >= 4::numeric) AND (l_quantity <= 14::numeric)) OR ((l_quantity >= 19::numeric) AND (l_quantity <= 29::numeric)) OR ((l_quantity >= 30::numeric) AND (l_quantity <= 40::numeric))) AND (((part.p_brand = 'Brand#13'::bpchar) AND (part.p_container = ANY ('{\"SM CASE\",\"SM BOX\",\"SM PACK\",\"SM PKG\"}'::bpchar[])) AND (l_quantity >= 4::numeric) AND (l_quantity <= 14::numeric) AND (part.p_size <= 5)) OR ((part.p_brand = 'Brand#21'::bpchar) AND (part.p_container = ANY ('{\"MED BAG\",\"MED BOX\",\"MED PKG\",\"MED PACK\"}'::bpchar[])) AND (l_quantity >= 19::numeric) AND (l_quantity <= 29::numeric) AND (part.p_size <= 10)) OR ((part.p_brand = 'Brand#33'::bpchar) AND (part.p_container = ANY ('{\"LG CASE\",\"LG BOX\",\"LG PACK\",\"LG PKG\"}'::bpchar[])) AND (l_quantity >= 30::numeric) AND (l_quantity <= 40::numeric) AND (part.p_size <= 15))))"
                Rows Removed by Filter: 30
  Planning Time: 4.628
  Triggers: 
  Execution Time: 258.418
Key => Node Type
Value  name ,=> -1.0
Key => Plan Width
Value  name ,=> 12.0
Key => Actual Rows
Value  name ,=> 1.0
Key => Actual Loops
Value  name ,=> 1.0
Key => Plans
Value  name ,=> -1.0
Key => Node Type
Value  name ,=> -1.0
Key => Strategy
Value  name ,=> -1.0
Key => Parent Relationship
Value  name ,=> -1.0
Key => Plan Width
Value  name ,=> 12.0
Key => Actual Rows
Value  name ,=> 1.0
Key => Actual Loops
Value  name ,=> 1.0
Key => Plans
Value  name ,=> -1.0
Key => Node Type
Value  name ,=> -1.0
Key => Parent Relationship
Value  name ,=> -1.0
Key => Join Type
Value  name ,=> -1.0
Key => Plan Width
Value  name ,=> 12.0
Key => Actual Rows
Value  name ,=> 127.0
Key => Actual Loops
Value  name ,=> 1.0
Key => Plans
Value  name ,=> -1.0
Key => Node Type
Value  name ,=> -1.0
Key => Parent Relationship
Value  name ,=> -1.0
Key => Relation Name
Value  name ,=> -1.0
Key => Alias
Value  name ,=> -1.0
Key => Plan Width
Value  name ,=> 30.0
Key => Actual Rows
Value  name ,=> 517.0
Key => Actual Loops
Value  name ,=> 1.0
Key => Filter
Value  name ,=> -1.0
Data SeqScan , 1.0 517.0 30.0 199483.0 196.146
Added training data to files
Key => Node Type
Value  name ,=> -1.0
Key => Parent Relationship
Value  name ,=> -1.0
Key => Scan Direction
Value  name ,=> -1.0
Key => Index Name
Value  name ,=> -1.0
Key => Relation Name
Value  name ,=> -1.0
Key => Alias
Value  name ,=> -1.0
Key => Plan Width
Value  name ,=> 25.0
Key => Actual Rows
Value  name ,=> 0.0
Key => Actual Loops
Value  name ,=> 517.0
Key => Index Cond
Value  name ,=> -1.0
Key => Rows Removed by Index Recheck
Value  name ,=> 0.0
Key => Filter
Value  name ,=> -1.0
Data IndexScan , 517.0 0.0 25.0 30.0 0.0 0.116
Added training data to files
Data NestedLoopIndexScan , 1.0 127.0 12.0 0.0 517.0 30.0 0.0 25.0 257.496
Added training data to files
Data Aggregate-Plain , 1.0 1.0 12.0 0.0 127.0 12.0 258.124
Added training data to files
Data Limit , 1.0 1.0 12.0 0.0 1.0 12.0 258.128
Added training data to files
Training query 175 executed successfully
Executed command ,script returned :  Exit value of child process : 1
Query : 
select
	sum(l_extendedprice* (1 - l_discount)) as revenue
from
	lineitem,
	part
where
	(
		p_partkey = l_partkey
		and p_brand = 'Brand#13'
		and p_container in ('SM CASE', 'SM BOX', 'SM PACK', 'SM PKG')
		and l_quantity >= 4 and l_quantity <= 4 + 10
		and p_size between 1 and 5
		and l_shipmode in ('AIR', 'AIR REG')
		and l_shipinstruct = 'DELIVER IN PERSON'
	)
	or
	(
		p_partkey = l_partkey
		and p_brand = 'Brand#21'
		and p_container in ('MED BAG', 'MED BOX', 'MED PKG', 'MED PACK')
		and l_quantity >= 19 and l_quantity <= 19 + 10
		and p_size between 1 and 10
		and l_shipmode in ('AIR', 'AIR REG')
		and l_shipinstruct = 'DELIVER IN PERSON'
	)
	or
	(
		p_partkey = l_partkey
		and p_brand = 'Brand#33'
		and p_container in ('LG CASE', 'LG BOX', 'LG PACK', 'LG PKG')
		and l_quantity >= 30 and l_quantity <= 30 + 10
		and p_size between 1 and 15
		and l_shipmode in ('AIR', 'AIR REG')
		and l_shipinstruct = 'DELIVER IN PERSON'
	)
LIMIT 1;

Node output - Plan: 
    Node Type: "Limit"
    Startup Cost: 74049.89
    Total Cost: 74049.90
    Plan Rows: 1
    Plan Width: 12
    Actual Startup Time: 232.919
    Actual Total Time: 232.920
    Actual Rows: 1
    Actual Loops: 1
    Plans: 
      - Node Type: "Aggregate"
        Strategy: "Plain"
        Parent Relationship: "Outer"
        Startup Cost: 74049.89
        Total Cost: 74049.90
        Plan Rows: 1
        Plan Width: 12
        Actual Startup Time: 232.918
        Actual Total Time: 232.918
        Actual Rows: 1
        Actual Loops: 1
        Plans: 
          - Node Type: "Nested Loop"
            Parent Relationship: "Outer"
            Join Type: "Inner"
            Startup Cost: 0.43
            Total Cost: 74049.03
            Plan Rows: 115
            Plan Width: 12
            Actual Startup Time: 0.202
            Actual Total Time: 232.461
            Actual Rows: 127
            Actual Loops: 1
            Plans: 
              - Node Type: "Seq Scan"
                Parent Relationship: "Outer"
                Relation Name: "part"
                Alias: "part"
                Startup Cost: 0.00
                Total Cost: 12599.00
                Plan Rows: 497
                Plan Width: 30
                Actual Startup Time: 0.152
                Actual Total Time: 191.752
                Actual Rows: 517
                Actual Loops: 1
                Filter: "((p_size >= 1) AND (((p_brand = 'Brand#13'::bpchar) AND (p_container = ANY ('{\"SM CASE\",\"SM BOX\",\"SM PACK\",\"SM PKG\"}'::bpchar[])) AND (p_size <= 5)) OR ((p_brand = 'Brand#21'::bpchar) AND (p_container = ANY ('{\"MED BAG\",\"MED BOX\",\"MED PKG\",\"MED PACK\"}'::bpchar[])) AND (p_size <= 10)) OR ((p_brand = 'Brand#33'::bpchar) AND (p_container = ANY ('{\"LG CASE\",\"LG BOX\",\"LG PACK\",\"LG PKG\"}'::bpchar[])) AND (p_size <= 15))))"
                Rows Removed by Filter: 199483
              - Node Type: "Index Scan"
                Parent Relationship: "Inner"
                Scan Direction: "Forward"
                Index Name: "idx_lineitem_part_supp"
                Relation Name: "lineitem"
                Alias: "lineitem"
                Startup Cost: 0.43
                Total Cost: 123.63
                Plan Rows: 1
                Plan Width: 25
                Actual Startup Time: 0.069
                Actual Total Time: 0.077
                Actual Rows: 0
                Actual Loops: 517
                Index Cond: "(l_partkey = part.p_partkey)"
                Rows Removed by Index Recheck: 0
                Filter: "((l_shipmode = ANY ('{AIR,\"AIR REG\"}'::bpchar[])) AND (l_shipinstruct = 'DELIVER IN PERSON'::bpchar) AND (((l_quantity >= 4::numeric) AND (l_quantity <= 14::numeric)) OR ((l_quantity >= 19::numeric) AND (l_quantity <= 29::numeric)) OR ((l_quantity >= 30::numeric) AND (l_quantity <= 40::numeric))) AND (((part.p_brand = 'Brand#13'::bpchar) AND (part.p_container = ANY ('{\"SM CASE\",\"SM BOX\",\"SM PACK\",\"SM PKG\"}'::bpchar[])) AND (l_quantity >= 4::numeric) AND (l_quantity <= 14::numeric) AND (part.p_size <= 5)) OR ((part.p_brand = 'Brand#21'::bpchar) AND (part.p_container = ANY ('{\"MED BAG\",\"MED BOX\",\"MED PKG\",\"MED PACK\"}'::bpchar[])) AND (l_quantity >= 19::numeric) AND (l_quantity <= 29::numeric) AND (part.p_size <= 10)) OR ((part.p_brand = 'Brand#33'::bpchar) AND (part.p_container = ANY ('{\"LG CASE\",\"LG BOX\",\"LG PACK\",\"LG PKG\"}'::bpchar[])) AND (l_quantity >= 30::numeric) AND (l_quantity <= 40::numeric) AND (part.p_size <= 15))))"
                Rows Removed by Filter: 30
  Planning Time: 1.628
  Triggers: 
  Execution Time: 233.057
Key => Node Type
Value  name ,=> -1.0
Key => Plan Width
Value  name ,=> 12.0
Key => Actual Rows
Value  name ,=> 1.0
Key => Actual Loops
Value  name ,=> 1.0
Key => Plans
Value  name ,=> -1.0
Key => Node Type
Value  name ,=> -1.0
Key => Strategy
Value  name ,=> -1.0
Key => Parent Relationship
Value  name ,=> -1.0
Key => Plan Width
Value  name ,=> 12.0
Key => Actual Rows
Value  name ,=> 1.0
Key => Actual Loops
Value  name ,=> 1.0
Key => Plans
Value  name ,=> -1.0
Key => Node Type
Value  name ,=> -1.0
Key => Parent Relationship
Value  name ,=> -1.0
Key => Join Type
Value  name ,=> -1.0
Key => Plan Width
Value  name ,=> 12.0
Key => Actual Rows
Value  name ,=> 127.0
Key => Actual Loops
Value  name ,=> 1.0
Key => Plans
Value  name ,=> -1.0
Key => Node Type
Value  name ,=> -1.0
Key => Parent Relationship
Value  name ,=> -1.0
Key => Relation Name
Value  name ,=> -1.0
Key => Alias
Value  name ,=> -1.0
Key => Plan Width
Value  name ,=> 30.0
Key => Actual Rows
Value  name ,=> 517.0
Key => Actual Loops
Value  name ,=> 1.0
Key => Filter
Value  name ,=> -1.0
Data SeqScan , 1.0 517.0 30.0 199483.0 191.752
Added training data to files
Key => Node Type
Value  name ,=> -1.0
Key => Parent Relationship
Value  name ,=> -1.0
Key => Scan Direction
Value  name ,=> -1.0
Key => Index Name
Value  name ,=> -1.0
Key => Relation Name
Value  name ,=> -1.0
Key => Alias
Value  name ,=> -1.0
Key => Plan Width
Value  name ,=> 25.0
Key => Actual Rows
Value  name ,=> 0.0
Key => Actual Loops
Value  name ,=> 517.0
Key => Index Cond
Value  name ,=> -1.0
Key => Rows Removed by Index Recheck
Value  name ,=> 0.0
Key => Filter
Value  name ,=> -1.0
Data IndexScan , 517.0 0.0 25.0 30.0 0.0 0.077
Added training data to files
Data NestedLoopIndexScan , 1.0 127.0 12.0 0.0 517.0 30.0 0.0 25.0 232.461
Added training data to files
Data Aggregate-Plain , 1.0 1.0 12.0 0.0 127.0 12.0 232.918
Added training data to files
Data Limit , 1.0 1.0 12.0 0.0 1.0 12.0 232.92
Added training data to files
Training query 176 executed successfully
Executed command ,script returned :  Exit value of child process : 1
Query : 
select
	sum(l_extendedprice* (1 - l_discount)) as revenue
from
	lineitem,
	part
where
	(
		p_partkey = l_partkey
		and p_brand = 'Brand#13'
		and p_container in ('SM CASE', 'SM BOX', 'SM PACK', 'SM PKG')
		and l_quantity >= 4 and l_quantity <= 4 + 10
		and p_size between 1 and 5
		and l_shipmode in ('AIR', 'AIR REG')
		and l_shipinstruct = 'DELIVER IN PERSON'
	)
	or
	(
		p_partkey = l_partkey
		and p_brand = 'Brand#21'
		and p_container in ('MED BAG', 'MED BOX', 'MED PKG', 'MED PACK')
		and l_quantity >= 19 and l_quantity <= 19 + 10
		and p_size between 1 and 10
		and l_shipmode in ('AIR', 'AIR REG')
		and l_shipinstruct = 'DELIVER IN PERSON'
	)
	or
	(
		p_partkey = l_partkey
		and p_brand = 'Brand#33'
		and p_container in ('LG CASE', 'LG BOX', 'LG PACK', 'LG PKG')
		and l_quantity >= 30 and l_quantity <= 30 + 10
		and p_size between 1 and 15
		and l_shipmode in ('AIR', 'AIR REG')
		and l_shipinstruct = 'DELIVER IN PERSON'
	)
LIMIT 1;

Node output - Plan: 
    Node Type: "Limit"
    Startup Cost: 74049.89
    Total Cost: 74049.90
    Plan Rows: 1
    Plan Width: 12
    Actual Startup Time: 260.564
    Actual Total Time: 260.565
    Actual Rows: 1
    Actual Loops: 1
    Plans: 
      - Node Type: "Aggregate"
        Strategy: "Plain"
        Parent Relationship: "Outer"
        Startup Cost: 74049.89
        Total Cost: 74049.90
        Plan Rows: 1
        Plan Width: 12
        Actual Startup Time: 260.562
        Actual Total Time: 260.562
        Actual Rows: 1
        Actual Loops: 1
        Plans: 
          - Node Type: "Nested Loop"
            Parent Relationship: "Outer"
            Join Type: "Inner"
            Startup Cost: 0.43
            Total Cost: 74049.03
            Plan Rows: 115
            Plan Width: 12
            Actual Startup Time: 0.195
            Actual Total Time: 259.771
            Actual Rows: 127
            Actual Loops: 1
            Plans: 
              - Node Type: "Seq Scan"
                Parent Relationship: "Outer"
                Relation Name: "part"
                Alias: "part"
                Startup Cost: 0.00
                Total Cost: 12599.00
                Plan Rows: 497
                Plan Width: 30
                Actual Startup Time: 0.144
                Actual Total Time: 211.209
                Actual Rows: 517
                Actual Loops: 1
                Filter: "((p_size >= 1) AND (((p_brand = 'Brand#13'::bpchar) AND (p_container = ANY ('{\"SM CASE\",\"SM BOX\",\"SM PACK\",\"SM PKG\"}'::bpchar[])) AND (p_size <= 5)) OR ((p_brand = 'Brand#21'::bpchar) AND (p_container = ANY ('{\"MED BAG\",\"MED BOX\",\"MED PKG\",\"MED PACK\"}'::bpchar[])) AND (p_size <= 10)) OR ((p_brand = 'Brand#33'::bpchar) AND (p_container = ANY ('{\"LG CASE\",\"LG BOX\",\"LG PACK\",\"LG PKG\"}'::bpchar[])) AND (p_size <= 15))))"
                Rows Removed by Filter: 199483
              - Node Type: "Index Scan"
                Parent Relationship: "Inner"
                Scan Direction: "Forward"
                Index Name: "idx_lineitem_part_supp"
                Relation Name: "lineitem"
                Alias: "lineitem"
                Startup Cost: 0.43
                Total Cost: 123.63
                Plan Rows: 1
                Plan Width: 25
                Actual Startup Time: 0.082
                Actual Total Time: 0.091
                Actual Rows: 0
                Actual Loops: 517
                Index Cond: "(l_partkey = part.p_partkey)"
                Rows Removed by Index Recheck: 0
                Filter: "((l_shipmode = ANY ('{AIR,\"AIR REG\"}'::bpchar[])) AND (l_shipinstruct = 'DELIVER IN PERSON'::bpchar) AND (((l_quantity >= 4::numeric) AND (l_quantity <= 14::numeric)) OR ((l_quantity >= 19::numeric) AND (l_quantity <= 29::numeric)) OR ((l_quantity >= 30::numeric) AND (l_quantity <= 40::numeric))) AND (((part.p_brand = 'Brand#13'::bpchar) AND (part.p_container = ANY ('{\"SM CASE\",\"SM BOX\",\"SM PACK\",\"SM PKG\"}'::bpchar[])) AND (l_quantity >= 4::numeric) AND (l_quantity <= 14::numeric) AND (part.p_size <= 5)) OR ((part.p_brand = 'Brand#21'::bpchar) AND (part.p_container = ANY ('{\"MED BAG\",\"MED BOX\",\"MED PKG\",\"MED PACK\"}'::bpchar[])) AND (l_quantity >= 19::numeric) AND (l_quantity <= 29::numeric) AND (part.p_size <= 10)) OR ((part.p_brand = 'Brand#33'::bpchar) AND (part.p_container = ANY ('{\"LG CASE\",\"LG BOX\",\"LG PACK\",\"LG PKG\"}'::bpchar[])) AND (l_quantity >= 30::numeric) AND (l_quantity <= 40::numeric) AND (part.p_size <= 15))))"
                Rows Removed by Filter: 30
  Planning Time: 2.605
  Triggers: 
  Execution Time: 260.706
Key => Node Type
Value  name ,=> -1.0
Key => Plan Width
Value  name ,=> 12.0
Key => Actual Rows
Value  name ,=> 1.0
Key => Actual Loops
Value  name ,=> 1.0
Key => Plans
Value  name ,=> -1.0
Key => Node Type
Value  name ,=> -1.0
Key => Strategy
Value  name ,=> -1.0
Key => Parent Relationship
Value  name ,=> -1.0
Key => Plan Width
Value  name ,=> 12.0
Key => Actual Rows
Value  name ,=> 1.0
Key => Actual Loops
Value  name ,=> 1.0
Key => Plans
Value  name ,=> -1.0
Key => Node Type
Value  name ,=> -1.0
Key => Parent Relationship
Value  name ,=> -1.0
Key => Join Type
Value  name ,=> -1.0
Key => Plan Width
Value  name ,=> 12.0
Key => Actual Rows
Value  name ,=> 127.0
Key => Actual Loops
Value  name ,=> 1.0
Key => Plans
Value  name ,=> -1.0
Key => Node Type
Value  name ,=> -1.0
Key => Parent Relationship
Value  name ,=> -1.0
Key => Relation Name
Value  name ,=> -1.0
Key => Alias
Value  name ,=> -1.0
Key => Plan Width
Value  name ,=> 30.0
Key => Actual Rows
Value  name ,=> 517.0
Key => Actual Loops
Value  name ,=> 1.0
Key => Filter
Value  name ,=> -1.0
Data SeqScan , 1.0 517.0 30.0 199483.0 211.209
Added training data to files
Key => Node Type
Value  name ,=> -1.0
Key => Parent Relationship
Value  name ,=> -1.0
Key => Scan Direction
Value  name ,=> -1.0
Key => Index Name
Value  name ,=> -1.0
Key => Relation Name
Value  name ,=> -1.0
Key => Alias
Value  name ,=> -1.0
Key => Plan Width
Value  name ,=> 25.0
Key => Actual Rows
Value  name ,=> 0.0
Key => Actual Loops
Value  name ,=> 517.0
Key => Index Cond
Value  name ,=> -1.0
Key => Rows Removed by Index Recheck
Value  name ,=> 0.0
Key => Filter
Value  name ,=> -1.0
Data IndexScan , 517.0 0.0 25.0 30.0 0.0 0.091
Added training data to files
Data NestedLoopIndexScan , 1.0 127.0 12.0 0.0 517.0 30.0 0.0 25.0 259.771
Added training data to files
Data Aggregate-Plain , 1.0 1.0 12.0 0.0 127.0 12.0 260.562
Added training data to files
Data Limit , 1.0 1.0 12.0 0.0 1.0 12.0 260.565
Added training data to files
Training query 177 executed successfully
Executed command ,script returned :  Exit value of child process : 1
Query : 
select
	sum(l_extendedprice* (1 - l_discount)) as revenue
from
	lineitem,
	part
where
	(
		p_partkey = l_partkey
		and p_brand = 'Brand#13'
		and p_container in ('SM CASE', 'SM BOX', 'SM PACK', 'SM PKG')
		and l_quantity >= 4 and l_quantity <= 4 + 10
		and p_size between 1 and 5
		and l_shipmode in ('AIR', 'AIR REG')
		and l_shipinstruct = 'DELIVER IN PERSON'
	)
	or
	(
		p_partkey = l_partkey
		and p_brand = 'Brand#21'
		and p_container in ('MED BAG', 'MED BOX', 'MED PKG', 'MED PACK')
		and l_quantity >= 19 and l_quantity <= 19 + 10
		and p_size between 1 and 10
		and l_shipmode in ('AIR', 'AIR REG')
		and l_shipinstruct = 'DELIVER IN PERSON'
	)
	or
	(
		p_partkey = l_partkey
		and p_brand = 'Brand#33'
		and p_container in ('LG CASE', 'LG BOX', 'LG PACK', 'LG PKG')
		and l_quantity >= 30 and l_quantity <= 30 + 10
		and p_size between 1 and 15
		and l_shipmode in ('AIR', 'AIR REG')
		and l_shipinstruct = 'DELIVER IN PERSON'
	)
LIMIT 1;

Node output - Plan: 
    Node Type: "Limit"
    Startup Cost: 74049.89
    Total Cost: 74049.90
    Plan Rows: 1
    Plan Width: 12
    Actual Startup Time: 267.878
    Actual Total Time: 267.879
    Actual Rows: 1
    Actual Loops: 1
    Plans: 
      - Node Type: "Aggregate"
        Strategy: "Plain"
        Parent Relationship: "Outer"
        Startup Cost: 74049.89
        Total Cost: 74049.90
        Plan Rows: 1
        Plan Width: 12
        Actual Startup Time: 267.875
        Actual Total Time: 267.875
        Actual Rows: 1
        Actual Loops: 1
        Plans: 
          - Node Type: "Nested Loop"
            Parent Relationship: "Outer"
            Join Type: "Inner"
            Startup Cost: 0.43
            Total Cost: 74049.03
            Plan Rows: 115
            Plan Width: 12
            Actual Startup Time: 0.519
            Actual Total Time: 267.244
            Actual Rows: 127
            Actual Loops: 1
            Plans: 
              - Node Type: "Seq Scan"
                Parent Relationship: "Outer"
                Relation Name: "part"
                Alias: "part"
                Startup Cost: 0.00
                Total Cost: 12599.00
                Plan Rows: 497
                Plan Width: 30
                Actual Startup Time: 0.388
                Actual Total Time: 220.968
                Actual Rows: 517
                Actual Loops: 1
                Filter: "((p_size >= 1) AND (((p_brand = 'Brand#13'::bpchar) AND (p_container = ANY ('{\"SM CASE\",\"SM BOX\",\"SM PACK\",\"SM PKG\"}'::bpchar[])) AND (p_size <= 5)) OR ((p_brand = 'Brand#21'::bpchar) AND (p_container = ANY ('{\"MED BAG\",\"MED BOX\",\"MED PKG\",\"MED PACK\"}'::bpchar[])) AND (p_size <= 10)) OR ((p_brand = 'Brand#33'::bpchar) AND (p_container = ANY ('{\"LG CASE\",\"LG BOX\",\"LG PACK\",\"LG PKG\"}'::bpchar[])) AND (p_size <= 15))))"
                Rows Removed by Filter: 199483
              - Node Type: "Index Scan"
                Parent Relationship: "Inner"
                Scan Direction: "Forward"
                Index Name: "idx_lineitem_part_supp"
                Relation Name: "lineitem"
                Alias: "lineitem"
                Startup Cost: 0.43
                Total Cost: 123.63
                Plan Rows: 1
                Plan Width: 25
                Actual Startup Time: 0.078
                Actual Total Time: 0.087
                Actual Rows: 0
                Actual Loops: 517
                Index Cond: "(l_partkey = part.p_partkey)"
                Rows Removed by Index Recheck: 0
                Filter: "((l_shipmode = ANY ('{AIR,\"AIR REG\"}'::bpchar[])) AND (l_shipinstruct = 'DELIVER IN PERSON'::bpchar) AND (((l_quantity >= 4::numeric) AND (l_quantity <= 14::numeric)) OR ((l_quantity >= 19::numeric) AND (l_quantity <= 29::numeric)) OR ((l_quantity >= 30::numeric) AND (l_quantity <= 40::numeric))) AND (((part.p_brand = 'Brand#13'::bpchar) AND (part.p_container = ANY ('{\"SM CASE\",\"SM BOX\",\"SM PACK\",\"SM PKG\"}'::bpchar[])) AND (l_quantity >= 4::numeric) AND (l_quantity <= 14::numeric) AND (part.p_size <= 5)) OR ((part.p_brand = 'Brand#21'::bpchar) AND (part.p_container = ANY ('{\"MED BAG\",\"MED BOX\",\"MED PKG\",\"MED PACK\"}'::bpchar[])) AND (l_quantity >= 19::numeric) AND (l_quantity <= 29::numeric) AND (part.p_size <= 10)) OR ((part.p_brand = 'Brand#33'::bpchar) AND (part.p_container = ANY ('{\"LG CASE\",\"LG BOX\",\"LG PACK\",\"LG PKG\"}'::bpchar[])) AND (l_quantity >= 30::numeric) AND (l_quantity <= 40::numeric) AND (part.p_size <= 15))))"
                Rows Removed by Filter: 30
  Planning Time: 4.456
  Triggers: 
  Execution Time: 268.178
Key => Node Type
Value  name ,=> -1.0
Key => Plan Width
Value  name ,=> 12.0
Key => Actual Rows
Value  name ,=> 1.0
Key => Actual Loops
Value  name ,=> 1.0
Key => Plans
Value  name ,=> -1.0
Key => Node Type
Value  name ,=> -1.0
Key => Strategy
Value  name ,=> -1.0
Key => Parent Relationship
Value  name ,=> -1.0
Key => Plan Width
Value  name ,=> 12.0
Key => Actual Rows
Value  name ,=> 1.0
Key => Actual Loops
Value  name ,=> 1.0
Key => Plans
Value  name ,=> -1.0
Key => Node Type
Value  name ,=> -1.0
Key => Parent Relationship
Value  name ,=> -1.0
Key => Join Type
Value  name ,=> -1.0
Key => Plan Width
Value  name ,=> 12.0
Key => Actual Rows
Value  name ,=> 127.0
Key => Actual Loops
Value  name ,=> 1.0
Key => Plans
Value  name ,=> -1.0
Key => Node Type
Value  name ,=> -1.0
Key => Parent Relationship
Value  name ,=> -1.0
Key => Relation Name
Value  name ,=> -1.0
Key => Alias
Value  name ,=> -1.0
Key => Plan Width
Value  name ,=> 30.0
Key => Actual Rows
Value  name ,=> 517.0
Key => Actual Loops
Value  name ,=> 1.0
Key => Filter
Value  name ,=> -1.0
Data SeqScan , 1.0 517.0 30.0 199483.0 220.968
Added training data to files
Key => Node Type
Value  name ,=> -1.0
Key => Parent Relationship
Value  name ,=> -1.0
Key => Scan Direction
Value  name ,=> -1.0
Key => Index Name
Value  name ,=> -1.0
Key => Relation Name
Value  name ,=> -1.0
Key => Alias
Value  name ,=> -1.0
Key => Plan Width
Value  name ,=> 25.0
Key => Actual Rows
Value  name ,=> 0.0
Key => Actual Loops
Value  name ,=> 517.0
Key => Index Cond
Value  name ,=> -1.0
Key => Rows Removed by Index Recheck
Value  name ,=> 0.0
Key => Filter
Value  name ,=> -1.0
Data IndexScan , 517.0 0.0 25.0 30.0 0.0 0.087
Added training data to files
Data NestedLoopIndexScan , 1.0 127.0 12.0 0.0 517.0 30.0 0.0 25.0 267.244
Added training data to files
Data Aggregate-Plain , 1.0 1.0 12.0 0.0 127.0 12.0 267.875
Added training data to files
Data Limit , 1.0 1.0 12.0 0.0 1.0 12.0 267.879
Added training data to files
Training query 178 executed successfully
Executed command ,script returned :  Exit value of child process : 1
Query : 
select
	sum(l_extendedprice* (1 - l_discount)) as revenue
from
	lineitem,
	part
where
	(
		p_partkey = l_partkey
		and p_brand = 'Brand#13'
		and p_container in ('SM CASE', 'SM BOX', 'SM PACK', 'SM PKG')
		and l_quantity >= 4 and l_quantity <= 4 + 10
		and p_size between 1 and 5
		and l_shipmode in ('AIR', 'AIR REG')
		and l_shipinstruct = 'DELIVER IN PERSON'
	)
	or
	(
		p_partkey = l_partkey
		and p_brand = 'Brand#21'
		and p_container in ('MED BAG', 'MED BOX', 'MED PKG', 'MED PACK')
		and l_quantity >= 19 and l_quantity <= 19 + 10
		and p_size between 1 and 10
		and l_shipmode in ('AIR', 'AIR REG')
		and l_shipinstruct = 'DELIVER IN PERSON'
	)
	or
	(
		p_partkey = l_partkey
		and p_brand = 'Brand#33'
		and p_container in ('LG CASE', 'LG BOX', 'LG PACK', 'LG PKG')
		and l_quantity >= 30 and l_quantity <= 30 + 10
		and p_size between 1 and 15
		and l_shipmode in ('AIR', 'AIR REG')
		and l_shipinstruct = 'DELIVER IN PERSON'
	)
LIMIT 1;

Node output - Plan: 
    Node Type: "Limit"
    Startup Cost: 74049.89
    Total Cost: 74049.90
    Plan Rows: 1
    Plan Width: 12
    Actual Startup Time: 277.121
    Actual Total Time: 277.122
    Actual Rows: 1
    Actual Loops: 1
    Plans: 
      - Node Type: "Aggregate"
        Strategy: "Plain"
        Parent Relationship: "Outer"
        Startup Cost: 74049.89
        Total Cost: 74049.90
        Plan Rows: 1
        Plan Width: 12
        Actual Startup Time: 277.119
        Actual Total Time: 277.119
        Actual Rows: 1
        Actual Loops: 1
        Plans: 
          - Node Type: "Nested Loop"
            Parent Relationship: "Outer"
            Join Type: "Inner"
            Startup Cost: 0.43
            Total Cost: 74049.03
            Plan Rows: 115
            Plan Width: 12
            Actual Startup Time: 0.197
            Actual Total Time: 276.428
            Actual Rows: 127
            Actual Loops: 1
            Plans: 
              - Node Type: "Seq Scan"
                Parent Relationship: "Outer"
                Relation Name: "part"
                Alias: "part"
                Startup Cost: 0.00
                Total Cost: 12599.00
                Plan Rows: 497
                Plan Width: 30
                Actual Startup Time: 0.146
                Actual Total Time: 226.826
                Actual Rows: 517
                Actual Loops: 1
                Filter: "((p_size >= 1) AND (((p_brand = 'Brand#13'::bpchar) AND (p_container = ANY ('{\"SM CASE\",\"SM BOX\",\"SM PACK\",\"SM PKG\"}'::bpchar[])) AND (p_size <= 5)) OR ((p_brand = 'Brand#21'::bpchar) AND (p_container = ANY ('{\"MED BAG\",\"MED BOX\",\"MED PKG\",\"MED PACK\"}'::bpchar[])) AND (p_size <= 10)) OR ((p_brand = 'Brand#33'::bpchar) AND (p_container = ANY ('{\"LG CASE\",\"LG BOX\",\"LG PACK\",\"LG PKG\"}'::bpchar[])) AND (p_size <= 15))))"
                Rows Removed by Filter: 199483
              - Node Type: "Index Scan"
                Parent Relationship: "Inner"
                Scan Direction: "Forward"
                Index Name: "idx_lineitem_part_supp"
                Relation Name: "lineitem"
                Alias: "lineitem"
                Startup Cost: 0.43
                Total Cost: 123.63
                Plan Rows: 1
                Plan Width: 25
                Actual Startup Time: 0.084
                Actual Total Time: 0.093
                Actual Rows: 0
                Actual Loops: 517
                Index Cond: "(l_partkey = part.p_partkey)"
                Rows Removed by Index Recheck: 0
                Filter: "((l_shipmode = ANY ('{AIR,\"AIR REG\"}'::bpchar[])) AND (l_shipinstruct = 'DELIVER IN PERSON'::bpchar) AND (((l_quantity >= 4::numeric) AND (l_quantity <= 14::numeric)) OR ((l_quantity >= 19::numeric) AND (l_quantity <= 29::numeric)) OR ((l_quantity >= 30::numeric) AND (l_quantity <= 40::numeric))) AND (((part.p_brand = 'Brand#13'::bpchar) AND (part.p_container = ANY ('{\"SM CASE\",\"SM BOX\",\"SM PACK\",\"SM PKG\"}'::bpchar[])) AND (l_quantity >= 4::numeric) AND (l_quantity <= 14::numeric) AND (part.p_size <= 5)) OR ((part.p_brand = 'Brand#21'::bpchar) AND (part.p_container = ANY ('{\"MED BAG\",\"MED BOX\",\"MED PKG\",\"MED PACK\"}'::bpchar[])) AND (l_quantity >= 19::numeric) AND (l_quantity <= 29::numeric) AND (part.p_size <= 10)) OR ((part.p_brand = 'Brand#33'::bpchar) AND (part.p_container = ANY ('{\"LG CASE\",\"LG BOX\",\"LG PACK\",\"LG PKG\"}'::bpchar[])) AND (l_quantity >= 30::numeric) AND (l_quantity <= 40::numeric) AND (part.p_size <= 15))))"
                Rows Removed by Filter: 30
  Planning Time: 1.627
  Triggers: 
  Execution Time: 277.265
Key => Node Type
Value  name ,=> -1.0
Key => Plan Width
Value  name ,=> 12.0
Key => Actual Rows
Value  name ,=> 1.0
Key => Actual Loops
Value  name ,=> 1.0
Key => Plans
Value  name ,=> -1.0
Key => Node Type
Value  name ,=> -1.0
Key => Strategy
Value  name ,=> -1.0
Key => Parent Relationship
Value  name ,=> -1.0
Key => Plan Width
Value  name ,=> 12.0
Key => Actual Rows
Value  name ,=> 1.0
Key => Actual Loops
Value  name ,=> 1.0
Key => Plans
Value  name ,=> -1.0
Key => Node Type
Value  name ,=> -1.0
Key => Parent Relationship
Value  name ,=> -1.0
Key => Join Type
Value  name ,=> -1.0
Key => Plan Width
Value  name ,=> 12.0
Key => Actual Rows
Value  name ,=> 127.0
Key => Actual Loops
Value  name ,=> 1.0
Key => Plans
Value  name ,=> -1.0
Key => Node Type
Value  name ,=> -1.0
Key => Parent Relationship
Value  name ,=> -1.0
Key => Relation Name
Value  name ,=> -1.0
Key => Alias
Value  name ,=> -1.0
Key => Plan Width
Value  name ,=> 30.0
Key => Actual Rows
Value  name ,=> 517.0
Key => Actual Loops
Value  name ,=> 1.0
Key => Filter
Value  name ,=> -1.0
Data SeqScan , 1.0 517.0 30.0 199483.0 226.826
Added training data to files
Key => Node Type
Value  name ,=> -1.0
Key => Parent Relationship
Value  name ,=> -1.0
Key => Scan Direction
Value  name ,=> -1.0
Key => Index Name
Value  name ,=> -1.0
Key => Relation Name
Value  name ,=> -1.0
Key => Alias
Value  name ,=> -1.0
Key => Plan Width
Value  name ,=> 25.0
Key => Actual Rows
Value  name ,=> 0.0
Key => Actual Loops
Value  name ,=> 517.0
Key => Index Cond
Value  name ,=> -1.0
Key => Rows Removed by Index Recheck
Value  name ,=> 0.0
Key => Filter
Value  name ,=> -1.0
Data IndexScan , 517.0 0.0 25.0 30.0 0.0 0.093
Added training data to files
Data NestedLoopIndexScan , 1.0 127.0 12.0 0.0 517.0 30.0 0.0 25.0 276.428
Added training data to files
Data Aggregate-Plain , 1.0 1.0 12.0 0.0 127.0 12.0 277.119
Added training data to files
Data Limit , 1.0 1.0 12.0 0.0 1.0 12.0 277.122
Added training data to files
Training query 179 executed successfully
Executed command ,script returned :  Exit value of child process : 1
Query : 
select
	s_name,
	s_address
from
	supplier,
	nation
where
	s_suppkey in (
		select
			ps_suppkey
		from
			partsupp,
			(
				select
					l_partkey agg_partkey,
					l_suppkey agg_suppkey,
					0.5 * sum(l_quantity) AS agg_quantity
				from
					lineitem
				where
					l_shipdate >= date '1994-01-01'
					and l_shipdate < date '1994-01-01' + interval '1' year
				group by
					l_partkey,
					l_suppkey
			) agg_lineitem
		where
			agg_partkey = ps_partkey
			and agg_suppkey = ps_suppkey
			and ps_partkey in (
				select
					p_partkey
				from
					part
				where
					p_name like 'metallic%'
			)
			and ps_availqty > agg_quantity
	)
	and s_nationkey = n_nationkey
	and n_name = 'BRAZIL'
order by
	s_name
LIMIT 1;

Node output - Plan: 
    Node Type: "Limit"
    Startup Cost: 298332.82
    Total Cost: 298332.82
    Plan Rows: 1
    Plan Width: 51
    Actual Startup Time: 14613.366
    Actual Total Time: 14613.366
    Actual Rows: 1
    Actual Loops: 1
    Plans: 
      - Node Type: "Sort"
        Parent Relationship: "Outer"
        Startup Cost: 298332.82
        Total Cost: 298333.32
        Plan Rows: 200
        Plan Width: 51
        Actual Startup Time: 14613.366
        Actual Total Time: 14613.366
        Actual Rows: 1
        Actual Loops: 1
        Sort Key: 
          - "supplier.s_name"
        Sort Method: "top-N heapsort"
        Sort Space Used: 25
        Sort Space Type: "Memory"
        Plans: 
          - Node Type: "Nested Loop"
            Parent Relationship: "Outer"
            Join Type: "Semi"
            Startup Cost: 286225.78
            Total Cost: 298331.82
            Plan Rows: 200
            Plan Width: 51
            Actual Startup Time: 13939.094
            Actual Total Time: 14612.577
            Actual Rows: 175
            Actual Loops: 1
            Join Filter: "(supplier.s_suppkey = lineitem.l_suppkey)"
            Rows Removed by Join Filter: 1729129
            Plans: 
              - Node Type: "Hash Join"
                Parent Relationship: "Outer"
                Join Type: "Inner"
                Startup Cost: 1.32
                Total Cost: 372.82
                Plan Rows: 400
                Plan Width: 55
                Actual Startup Time: 22.942
                Actual Total Time: 53.947
                Actual Rows: 397
                Actual Loops: 1
                Hash Cond: "(supplier.s_nationkey = nation.n_nationkey)"
                Plans: 
                  - Node Type: "Seq Scan"
                    Parent Relationship: "Outer"
                    Relation Name: "supplier"
                    Alias: "supplier"
                    Startup Cost: 0.00
                    Total Cost: 330.00
                    Plan Rows: 10000
                    Plan Width: 63
                    Actual Startup Time: 7.393
                    Actual Total Time: 34.329
                    Actual Rows: 10000
                    Actual Loops: 1
                  - Node Type: "Hash"
                    Parent Relationship: "Inner"
                    Startup Cost: 1.31
                    Total Cost: 1.31
                    Plan Rows: 1
                    Plan Width: 4
                    Actual Startup Time: 15.509
                    Actual Total Time: 15.509
                    Actual Rows: 1
                    Actual Loops: 1
                    Hash Buckets: 1024
                    Hash Batches: 1
                    Original Hash Batches: 1
                    Peak Memory Usage: 1
                    Plans: 
                      - Node Type: "Seq Scan"
                        Parent Relationship: "Outer"
                        Relation Name: "nation"
                        Alias: "nation"
                        Startup Cost: 0.00
                        Total Cost: 1.31
                        Plan Rows: 1
                        Plan Width: 4
                        Actual Startup Time: 15.490
                        Actual Total Time: 15.501
                        Actual Rows: 1
                        Actual Loops: 1
                        Filter: "(n_name = 'BRAZIL'::bpchar)"
                        Rows Removed by Filter: 24
              - Node Type: "Materialize"
                Parent Relationship: "Inner"
                Startup Cost: 286224.46
                Total Cost: 297923.01
                Plan Rows: 6
                Plan Width: 16
                Actual Startup Time: 28.685
                Actual Total Time: 35.498
                Actual Rows: 4356
                Actual Loops: 397
                Plans: 
                  - Node Type: "Merge Join"
                    Parent Relationship: "Outer"
                    Join Type: "Inner"
                    Startup Cost: 286224.46
                    Total Cost: 297922.98
                    Plan Rows: 6
                    Plan Width: 16
                    Actual Startup Time: 11387.912
                    Actual Total Time: 13880.953
                    Actual Rows: 5837
                    Actual Loops: 1
                    Merge Cond: "((lineitem.l_partkey = partsupp.ps_partkey) AND (lineitem.l_suppkey = partsupp.ps_suppkey))"
                    Join Filter: "((partsupp.ps_availqty)::numeric > ((0.5 * sum(lineitem.l_quantity))))"
                    Rows Removed by Join Filter: 12
                    Plans: 
                      - Node Type: "Aggregate"
                        Strategy: "Sorted"
                        Parent Relationship: "Outer"
                        Startup Cost: 264810.36
                        Total Cost: 275105.99
                        Plan Rows: 89528
                        Plan Width: 21
                        Actual Startup Time: 6193.772
                        Actual Total Time: 8555.201
                        Actual Rows: 542150
                        Actual Loops: 1
                        Group Key: 
                          - "lineitem.l_partkey"
                          - "lineitem.l_suppkey"
                        Plans: 
                          - Node Type: "Sort"
                            Parent Relationship: "Outer"
                            Startup Cost: 264810.36
                            Total Cost: 267048.54
                            Plan Rows: 895271
                            Plan Width: 21
                            Actual Startup Time: 6193.736
                            Actual Total Time: 7030.601
                            Actual Rows: 907682
                            Actual Loops: 1
                            Sort Key: 
                              - "lineitem.l_partkey"
                              - "lineitem.l_suppkey"
                            Sort Method: "external merge"
                            Sort Space Used: 27472
                            Sort Space Type: "Disk"
                            Plans: 
                              - Node Type: "Bitmap Heap Scan"
                                Parent Relationship: "Outer"
                                Relation Name: "lineitem"
                                Alias: "lineitem"
                                Startup Cost: 22968.96
                                Total Cost: 157943.03
                                Plan Rows: 895271
                                Plan Width: 21
                                Actual Startup Time: 705.921
                                Actual Total Time: 4219.517
                                Actual Rows: 909455
                                Actual Loops: 1
                                Recheck Cond: "((l_shipdate >= '1994-01-01'::date) AND (l_shipdate < '1995-01-01 00:00:00'::timestamp without time zone))"
                                Rows Removed by Index Recheck: 3244260
                                Exact Heap Blocks: 32083
                                Lossy Heap Blocks: 79352
                                Plans: 
                                  - Node Type: "Bitmap Index Scan"
                                    Parent Relationship: "Outer"
                                    Index Name: "idx_lineitem_shipdate"
                                    Startup Cost: 0.00
                                    Total Cost: 22745.14
                                    Plan Rows: 895271
                                    Plan Width: 0
                                    Actual Startup Time: 678.222
                                    Actual Total Time: 678.222
                                    Actual Rows: 909455
                                    Actual Loops: 1
                                    Index Cond: "((l_shipdate >= '1994-01-01'::date) AND (l_shipdate < '1995-01-01 00:00:00'::timestamp without time zone))"
                      - Node Type: "Sort"
                        Parent Relationship: "Inner"
                        Startup Cost: 21414.10
                        Total Cost: 21434.08
                        Plan Rows: 7994
                        Plan Width: 24
                        Actual Startup Time: 5192.266
                        Actual Total Time: 5194.029
                        Actual Rows: 8652
                        Actual Loops: 1
                        Sort Key: 
                          - "partsupp.ps_partkey"
                          - "partsupp.ps_suppkey"
                        Sort Method: "quicksort"
                        Sort Space Used: 1128
                        Sort Space Type: "Memory"
                        Plans: 
                          - Node Type: "Nested Loop"
                            Parent Relationship: "Outer"
                            Join Type: "Inner"
                            Startup Cost: 0.42
                            Total Cost: 20895.90
                            Plan Rows: 7994
                            Plan Width: 24
                            Actual Startup Time: 40.017
                            Actual Total Time: 5169.201
                            Actual Rows: 8652
                            Actual Loops: 1
                            Plans: 
                              - Node Type: "Seq Scan"
                                Parent Relationship: "Outer"
                                Relation Name: "part"
                                Alias: "part"
                                Startup Cost: 0.00
                                Total Cost: 6599.00
                                Plan Rows: 2020
                                Plan Width: 4
                                Actual Startup Time: 0.110
                                Actual Total Time: 163.795
                                Actual Rows: 2163
                                Actual Loops: 1
                                Filter: "((p_name)::text ~~ 'metallic%'::text)"
                                Rows Removed by Filter: 197837
                              - Node Type: "Index Scan"
                                Parent Relationship: "Inner"
                                Scan Direction: "Forward"
                                Index Name: "idx_partsupp_partkey"
                                Relation Name: "partsupp"
                                Alias: "partsupp"
                                Startup Cost: 0.42
                                Total Cost: 7.04
                                Plan Rows: 4
                                Plan Width: 20
                                Actual Startup Time: 2.212
                                Actual Total Time: 2.302
                                Actual Rows: 4
                                Actual Loops: 2163
                                Index Cond: "(ps_partkey = part.p_partkey)"
                                Rows Removed by Index Recheck: 0
  Planning Time: 50.746
  Triggers: 
  Execution Time: 14662.387
Key => Node Type
Value  name ,=> -1.0
Key => Plan Width
Value  name ,=> 51.0
Key => Actual Rows
Value  name ,=> 1.0
Key => Actual Loops
Value  name ,=> 1.0
Key => Plans
Value  name ,=> -1.0
Key => Node Type
Value  name ,=> -1.0
Key => Parent Relationship
Value  name ,=> -1.0
Key => Plan Width
Value  name ,=> 51.0
Key => Actual Rows
Value  name ,=> 1.0
Key => Actual Loops
Value  name ,=> 1.0
Key => Sort Key
Value  name ,=> 1.0
Key => Sort Method
Value  name ,=> -1.0
Key => Sort Space Used
Value  name ,=> 25.0
Key => Sort Space Type
Value  name ,=> -1.0
Key => Plans
Value  name ,=> -1.0
Key => Node Type
Value  name ,=> -1.0
Key => Parent Relationship
Value  name ,=> -1.0
Key => Join Type
Value  name ,=> -1.0
Key => Plan Width
Value  name ,=> 51.0
Key => Actual Rows
Value  name ,=> 175.0
Key => Actual Loops
Value  name ,=> 1.0
Key => Join Filter
Value  name ,=> -1.0
Key => Plans
Value  name ,=> -1.0
Key => Node Type
Value  name ,=> -1.0
Key => Parent Relationship
Value  name ,=> -1.0
Key => Join Type
Value  name ,=> -1.0
Key => Plan Width
Value  name ,=> 55.0
Key => Actual Rows
Value  name ,=> 397.0
Key => Actual Loops
Value  name ,=> 1.0
Key => Hash Cond
Value  name ,=> -1.0
Key => Plans
Value  name ,=> -1.0
Key => Node Type
Value  name ,=> -1.0
Key => Parent Relationship
Value  name ,=> -1.0
Key => Relation Name
Value  name ,=> -1.0
Key => Alias
Value  name ,=> -1.0
Key => Plan Width
Value  name ,=> 63.0
Key => Actual Rows
Value  name ,=> 10000.0
Key => Actual Loops
Value  name ,=> 1.0
Data SeqScan , 1.0 10000.0 63.0 0.0 34.329
Added training data to files
Key => Node Type
Value  name ,=> -1.0
Key => Parent Relationship
Value  name ,=> -1.0
Key => Plan Width
Value  name ,=> 4.0
Key => Actual Rows
Value  name ,=> 1.0
Key => Actual Loops
Value  name ,=> 1.0
Key => Hash Buckets
Value  name ,=> 1024.0
Key => Hash Batches
Value  name ,=> 1.0
Key => Original Hash Batches
Value  name ,=> 1.0
Key => Peak Memory Usage
Value  name ,=> 1.0
Key => Plans
Value  name ,=> -1.0
Key => Node Type
Value  name ,=> -1.0
Key => Parent Relationship
Value  name ,=> -1.0
Key => Relation Name
Value  name ,=> -1.0
Key => Alias
Value  name ,=> -1.0
Key => Plan Width
Value  name ,=> 4.0
Key => Actual Rows
Value  name ,=> 1.0
Key => Actual Loops
Value  name ,=> 1.0
Key => Filter
Value  name ,=> -1.0
Data SeqScan , 1.0 1.0 4.0 24.0 15.501
Added training data to files
Data Hash , 1.0 1.0 1.0 1024.0 1.0 1.0 4.0 0.0 1.0 4.0 15.509
Added training data to files
Data HashJoin , 1.0 397.0 55.0 0.0 10000.0 63.0 1.0 4.0 53.947
Added training data to files
Key => Node Type
Value  name ,=> -1.0
Key => Parent Relationship
Value  name ,=> -1.0
Key => Plan Width
Value  name ,=> 16.0
Key => Actual Rows
Value  name ,=> 4356.0
Key => Actual Loops
Value  name ,=> 397.0
Key => Plans
Value  name ,=> -1.0
Key => Node Type
Value  name ,=> -1.0
Key => Parent Relationship
Value  name ,=> -1.0
Key => Join Type
Value  name ,=> -1.0
Key => Plan Width
Value  name ,=> 16.0
Key => Actual Rows
Value  name ,=> 5837.0
Key => Actual Loops
Value  name ,=> 1.0
Key => Merge Cond
Value  name ,=> -1.0
Key => Join Filter
Value  name ,=> -1.0
Key => Plans
Value  name ,=> -1.0
Key => Node Type
Value  name ,=> -1.0
Key => Strategy
Value  name ,=> -1.0
Key => Parent Relationship
Value  name ,=> -1.0
Key => Plan Width
Value  name ,=> 21.0
Key => Actual Rows
Value  name ,=> 542150.0
Key => Actual Loops
Value  name ,=> 1.0
Key => Group Key
Value  name ,=> 2.0
Key => Plans
Value  name ,=> -1.0
Key => Node Type
Value  name ,=> -1.0
Key => Parent Relationship
Value  name ,=> -1.0
Key => Plan Width
Value  name ,=> 21.0
Key => Actual Rows
Value  name ,=> 907682.0
Key => Actual Loops
Value  name ,=> 1.0
Key => Sort Key
Value  name ,=> 2.0
Key => Sort Method
Value  name ,=> -1.0
Key => Sort Space Used
Value  name ,=> 27472.0
Key => Sort Space Type
Value  name ,=> -1.0
Key => Plans
Value  name ,=> -1.0
Key => Node Type
Value  name ,=> -1.0
Key => Parent Relationship
Value  name ,=> -1.0
Key => Relation Name
Value  name ,=> -1.0
Key => Alias
Value  name ,=> -1.0
Key => Plan Width
Value  name ,=> 21.0
Key => Actual Rows
Value  name ,=> 909455.0
Key => Actual Loops
Value  name ,=> 1.0
Key => Recheck Cond
Value  name ,=> -1.0
Key => Rows Removed by Index Recheck
Value  name ,=> 3244260.0
Key => Exact Heap Blocks
Value  name ,=> 32083.0
Key => Lossy Heap Blocks
Value  name ,=> 79352.0
Key => Plans
Value  name ,=> -1.0
Key => Node Type
Value  name ,=> -1.0
Key => Parent Relationship
Value  name ,=> -1.0
Key => Index Name
Value  name ,=> -1.0
Key => Plan Width
Value  name ,=> 0.0
Key => Actual Rows
Value  name ,=> 909455.0
Key => Actual Loops
Value  name ,=> 1.0
Key => Index Cond
Value  name ,=> -1.0
Data BitmapIndexScan , 1.0 909455.0 0.0 0.0 678.222
Added training data to files
Data BitmapHeapScan , 1.0 909455.0 32083.0 79352.0 21.0 3244260.0 0.0 909455.0 0.0 4219.517
Added training data to files
Data Sort-externalmerge , 1.0 907682.0 21.0 2.0 27472.0 0.0 909455.0 21.0 7030.601
Added training data to files
Data Aggregate-Sorted , 1.0 542150.0 2.0 21.0 0.0 907682.0 21.0 8555.201
Added training data to files
Key => Node Type
Value  name ,=> -1.0
Key => Parent Relationship
Value  name ,=> -1.0
Key => Plan Width
Value  name ,=> 24.0
Key => Actual Rows
Value  name ,=> 8652.0
Key => Actual Loops
Value  name ,=> 1.0
Key => Sort Key
Value  name ,=> 2.0
Key => Sort Method
Value  name ,=> -1.0
Key => Sort Space Used
Value  name ,=> 1128.0
Key => Sort Space Type
Value  name ,=> -1.0
Key => Plans
Value  name ,=> -1.0
Key => Node Type
Value  name ,=> -1.0
Key => Parent Relationship
Value  name ,=> -1.0
Key => Join Type
Value  name ,=> -1.0
Key => Plan Width
Value  name ,=> 24.0
Key => Actual Rows
Value  name ,=> 8652.0
Key => Actual Loops
Value  name ,=> 1.0
Key => Plans
Value  name ,=> -1.0
Key => Node Type
Value  name ,=> -1.0
Key => Parent Relationship
Value  name ,=> -1.0
Key => Relation Name
Value  name ,=> -1.0
Key => Alias
Value  name ,=> -1.0
Key => Plan Width
Value  name ,=> 4.0
Key => Actual Rows
Value  name ,=> 2163.0
Key => Actual Loops
Value  name ,=> 1.0
Key => Filter
Value  name ,=> -1.0
Data SeqScan , 1.0 2163.0 4.0 197837.0 163.795
Added training data to files
Key => Node Type
Value  name ,=> -1.0
Key => Parent Relationship
Value  name ,=> -1.0
Key => Scan Direction
Value  name ,=> -1.0
Key => Index Name
Value  name ,=> -1.0
Key => Relation Name
Value  name ,=> -1.0
Key => Alias
Value  name ,=> -1.0
Key => Plan Width
Value  name ,=> 20.0
Key => Actual Rows
Value  name ,=> 4.0
Key => Actual Loops
Value  name ,=> 2163.0
Key => Index Cond
Value  name ,=> -1.0
Key => Rows Removed by Index Recheck
Value  name ,=> 0.0
Data IndexScan , 2163.0 4.0 20.0 0.0 0.0 2.302
Added training data to files
Data NestedLoopIndexScan , 1.0 8652.0 24.0 0.0 2163.0 4.0 4.0 20.0 5169.201
Added training data to files
Data Sort-quicksort , 1.0 8652.0 24.0 2.0 1128.0 0.0 8652.0 24.0 5194.029
Added training data to files
Data MergeJoin , 1.0 5837.0 16.0 12.0 542150.0 21.0 8652.0 24.0 13880.953
Added training data to files
Data Materialize , 397.0 4356.0 16.0 0.0 5837.0 16.0 35.498
Added training data to files
Data NestedLoopMaterialize , 1.0 175.0 51.0 1729129.0 397.0 55.0 4356.0 16.0 14612.577
Added training data to files
Data Sort-top-Nheapsort , 1.0 1.0 51.0 1.0 25.0 0.0 175.0 51.0 14613.366
Added training data to files
Data Limit , 1.0 1.0 51.0 0.0 1.0 51.0 14613.366
Added training data to files
Training query 180 executed successfully
Executed command ,script returned :  Exit value of child process : 1
Query : 
select
	s_name,
	s_address
from
	supplier,
	nation
where
	s_suppkey in (
		select
			ps_suppkey
		from
			partsupp,
			(
				select
					l_partkey agg_partkey,
					l_suppkey agg_suppkey,
					0.5 * sum(l_quantity) AS agg_quantity
				from
					lineitem
				where
					l_shipdate >= date '1994-01-01'
					and l_shipdate < date '1994-01-01' + interval '1' year
				group by
					l_partkey,
					l_suppkey
			) agg_lineitem
		where
			agg_partkey = ps_partkey
			and agg_suppkey = ps_suppkey
			and ps_partkey in (
				select
					p_partkey
				from
					part
				where
					p_name like 'metallic%'
			)
			and ps_availqty > agg_quantity
	)
	and s_nationkey = n_nationkey
	and n_name = 'BRAZIL'
order by
	s_name
LIMIT 1;

Node output - Plan: 
    Node Type: "Limit"
    Startup Cost: 298332.82
    Total Cost: 298332.82
    Plan Rows: 1
    Plan Width: 51
    Actual Startup Time: 9568.634
    Actual Total Time: 9568.635
    Actual Rows: 1
    Actual Loops: 1
    Plans: 
      - Node Type: "Sort"
        Parent Relationship: "Outer"
        Startup Cost: 298332.82
        Total Cost: 298333.32
        Plan Rows: 200
        Plan Width: 51
        Actual Startup Time: 9568.631
        Actual Total Time: 9568.631
        Actual Rows: 1
        Actual Loops: 1
        Sort Key: 
          - "supplier.s_name"
        Sort Method: "top-N heapsort"
        Sort Space Used: 25
        Sort Space Type: "Memory"
        Plans: 
          - Node Type: "Nested Loop"
            Parent Relationship: "Outer"
            Join Type: "Semi"
            Startup Cost: 286225.78
            Total Cost: 298331.82
            Plan Rows: 200
            Plan Width: 51
            Actual Startup Time: 8924.228
            Actual Total Time: 9567.960
            Actual Rows: 175
            Actual Loops: 1
            Join Filter: "(supplier.s_suppkey = lineitem.l_suppkey)"
            Rows Removed by Join Filter: 1729129
            Plans: 
              - Node Type: "Hash Join"
                Parent Relationship: "Outer"
                Join Type: "Inner"
                Startup Cost: 1.32
                Total Cost: 372.82
                Plan Rows: 400
                Plan Width: 55
                Actual Startup Time: 0.149
                Actual Total Time: 8.112
                Actual Rows: 397
                Actual Loops: 1
                Hash Cond: "(supplier.s_nationkey = nation.n_nationkey)"
                Plans: 
                  - Node Type: "Seq Scan"
                    Parent Relationship: "Outer"
                    Relation Name: "supplier"
                    Alias: "supplier"
                    Startup Cost: 0.00
                    Total Cost: 330.00
                    Plan Rows: 10000
                    Plan Width: 63
                    Actual Startup Time: 0.021
                    Actual Total Time: 4.216
                    Actual Rows: 10000
                    Actual Loops: 1
                  - Node Type: "Hash"
                    Parent Relationship: "Inner"
                    Startup Cost: 1.31
                    Total Cost: 1.31
                    Plan Rows: 1
                    Plan Width: 4
                    Actual Startup Time: 0.076
                    Actual Total Time: 0.076
                    Actual Rows: 1
                    Actual Loops: 1
                    Hash Buckets: 1024
                    Hash Batches: 1
                    Original Hash Batches: 1
                    Peak Memory Usage: 1
                    Plans: 
                      - Node Type: "Seq Scan"
                        Parent Relationship: "Outer"
                        Relation Name: "nation"
                        Alias: "nation"
                        Startup Cost: 0.00
                        Total Cost: 1.31
                        Plan Rows: 1
                        Plan Width: 4
                        Actual Startup Time: 0.041
                        Actual Total Time: 0.068
                        Actual Rows: 1
                        Actual Loops: 1
                        Filter: "(n_name = 'BRAZIL'::bpchar)"
                        Rows Removed by Filter: 24
              - Node Type: "Materialize"
                Parent Relationship: "Inner"
                Startup Cost: 286224.46
                Total Cost: 297923.01
                Plan Rows: 6
                Plan Width: 16
                Actual Startup Time: 15.235
                Actual Total Time: 22.967
                Actual Rows: 4356
                Actual Loops: 397
                Plans: 
                  - Node Type: "Merge Join"
                    Parent Relationship: "Outer"
                    Join Type: "Inner"
                    Startup Cost: 286224.46
                    Total Cost: 297922.98
                    Plan Rows: 6
                    Plan Width: 16
                    Actual Startup Time: 6048.241
                    Actual Total Time: 8916.675
                    Actual Rows: 5837
                    Actual Loops: 1
                    Merge Cond: "((lineitem.l_partkey = partsupp.ps_partkey) AND (lineitem.l_suppkey = partsupp.ps_suppkey))"
                    Join Filter: "((partsupp.ps_availqty)::numeric > ((0.5 * sum(lineitem.l_quantity))))"
                    Rows Removed by Join Filter: 12
                    Plans: 
                      - Node Type: "Aggregate"
                        Strategy: "Sorted"
                        Parent Relationship: "Outer"
                        Startup Cost: 264810.36
                        Total Cost: 275105.99
                        Plan Rows: 89528
                        Plan Width: 21
                        Actual Startup Time: 5893.535
                        Actual Total Time: 8609.406
                        Actual Rows: 542150
                        Actual Loops: 1
                        Group Key: 
                          - "lineitem.l_partkey"
                          - "lineitem.l_suppkey"
                        Plans: 
                          - Node Type: "Sort"
                            Parent Relationship: "Outer"
                            Startup Cost: 264810.36
                            Total Cost: 267048.54
                            Plan Rows: 895271
                            Plan Width: 21
                            Actual Startup Time: 5893.501
                            Actual Total Time: 6845.340
                            Actual Rows: 907682
                            Actual Loops: 1
                            Sort Key: 
                              - "lineitem.l_partkey"
                              - "lineitem.l_suppkey"
                            Sort Method: "external merge"
                            Sort Space Used: 27472
                            Sort Space Type: "Disk"
                            Plans: 
                              - Node Type: "Bitmap Heap Scan"
                                Parent Relationship: "Outer"
                                Relation Name: "lineitem"
                                Alias: "lineitem"
                                Startup Cost: 22968.96
                                Total Cost: 157943.03
                                Plan Rows: 895271
                                Plan Width: 21
                                Actual Startup Time: 495.275
                                Actual Total Time: 3970.992
                                Actual Rows: 909455
                                Actual Loops: 1
                                Recheck Cond: "((l_shipdate >= '1994-01-01'::date) AND (l_shipdate < '1995-01-01 00:00:00'::timestamp without time zone))"
                                Rows Removed by Index Recheck: 3244260
                                Exact Heap Blocks: 32083
                                Lossy Heap Blocks: 79352
                                Plans: 
                                  - Node Type: "Bitmap Index Scan"
                                    Parent Relationship: "Outer"
                                    Index Name: "idx_lineitem_shipdate"
                                    Startup Cost: 0.00
                                    Total Cost: 22745.14
                                    Plan Rows: 895271
                                    Plan Width: 0
                                    Actual Startup Time: 479.319
                                    Actual Total Time: 479.319
                                    Actual Rows: 909455
                                    Actual Loops: 1
                                    Index Cond: "((l_shipdate >= '1994-01-01'::date) AND (l_shipdate < '1995-01-01 00:00:00'::timestamp without time zone))"
                      - Node Type: "Sort"
                        Parent Relationship: "Inner"
                        Startup Cost: 21414.10
                        Total Cost: 21434.08
                        Plan Rows: 7994
                        Plan Width: 24
                        Actual Startup Time: 152.497
                        Actual Total Time: 154.520
                        Actual Rows: 8652
                        Actual Loops: 1
                        Sort Key: 
                          - "partsupp.ps_partkey"
                          - "partsupp.ps_suppkey"
                        Sort Method: "quicksort"
                        Sort Space Used: 1128
                        Sort Space Type: "Memory"
                        Plans: 
                          - Node Type: "Nested Loop"
                            Parent Relationship: "Outer"
                            Join Type: "Inner"
                            Startup Cost: 0.42
                            Total Cost: 20895.90
                            Plan Rows: 7994
                            Plan Width: 24
                            Actual Startup Time: 0.161
                            Actual Total Time: 143.641
                            Actual Rows: 8652
                            Actual Loops: 1
                            Plans: 
                              - Node Type: "Seq Scan"
                                Parent Relationship: "Outer"
                                Relation Name: "part"
                                Alias: "part"
                                Startup Cost: 0.00
                                Total Cost: 6599.00
                                Plan Rows: 2020
                                Plan Width: 4
                                Actual Startup Time: 0.107
                                Actual Total Time: 93.770
                                Actual Rows: 2163
                                Actual Loops: 1
                                Filter: "((p_name)::text ~~ 'metallic%'::text)"
                                Rows Removed by Filter: 197837
                              - Node Type: "Index Scan"
                                Parent Relationship: "Inner"
                                Scan Direction: "Forward"
                                Index Name: "idx_partsupp_partkey"
                                Relation Name: "partsupp"
                                Alias: "partsupp"
                                Startup Cost: 0.42
                                Total Cost: 7.04
                                Plan Rows: 4
                                Plan Width: 20
                                Actual Startup Time: 0.017
                                Actual Total Time: 0.020
                                Actual Rows: 4
                                Actual Loops: 2163
                                Index Cond: "(ps_partkey = part.p_partkey)"
                                Rows Removed by Index Recheck: 0
  Planning Time: 5.822
  Triggers: 
  Execution Time: 9580.484
Key => Node Type
Value  name ,=> -1.0
Key => Plan Width
Value  name ,=> 51.0
Key => Actual Rows
Value  name ,=> 1.0
Key => Actual Loops
Value  name ,=> 1.0
Key => Plans
Value  name ,=> -1.0
Key => Node Type
Value  name ,=> -1.0
Key => Parent Relationship
Value  name ,=> -1.0
Key => Plan Width
Value  name ,=> 51.0
Key => Actual Rows
Value  name ,=> 1.0
Key => Actual Loops
Value  name ,=> 1.0
Key => Sort Key
Value  name ,=> 1.0
Key => Sort Method
Value  name ,=> -1.0
Key => Sort Space Used
Value  name ,=> 25.0
Key => Sort Space Type
Value  name ,=> -1.0
Key => Plans
Value  name ,=> -1.0
Key => Node Type
Value  name ,=> -1.0
Key => Parent Relationship
Value  name ,=> -1.0
Key => Join Type
Value  name ,=> -1.0
Key => Plan Width
Value  name ,=> 51.0
Key => Actual Rows
Value  name ,=> 175.0
Key => Actual Loops
Value  name ,=> 1.0
Key => Join Filter
Value  name ,=> -1.0
Key => Plans
Value  name ,=> -1.0
Key => Node Type
Value  name ,=> -1.0
Key => Parent Relationship
Value  name ,=> -1.0
Key => Join Type
Value  name ,=> -1.0
Key => Plan Width
Value  name ,=> 55.0
Key => Actual Rows
Value  name ,=> 397.0
Key => Actual Loops
Value  name ,=> 1.0
Key => Hash Cond
Value  name ,=> -1.0
Key => Plans
Value  name ,=> -1.0
Key => Node Type
Value  name ,=> -1.0
Key => Parent Relationship
Value  name ,=> -1.0
Key => Relation Name
Value  name ,=> -1.0
Key => Alias
Value  name ,=> -1.0
Key => Plan Width
Value  name ,=> 63.0
Key => Actual Rows
Value  name ,=> 10000.0
Key => Actual Loops
Value  name ,=> 1.0
Data SeqScan , 1.0 10000.0 63.0 0.0 4.216
Added training data to files
Key => Node Type
Value  name ,=> -1.0
Key => Parent Relationship
Value  name ,=> -1.0
Key => Plan Width
Value  name ,=> 4.0
Key => Actual Rows
Value  name ,=> 1.0
Key => Actual Loops
Value  name ,=> 1.0
Key => Hash Buckets
Value  name ,=> 1024.0
Key => Hash Batches
Value  name ,=> 1.0
Key => Original Hash Batches
Value  name ,=> 1.0
Key => Peak Memory Usage
Value  name ,=> 1.0
Key => Plans
Value  name ,=> -1.0
Key => Node Type
Value  name ,=> -1.0
Key => Parent Relationship
Value  name ,=> -1.0
Key => Relation Name
Value  name ,=> -1.0
Key => Alias
Value  name ,=> -1.0
Key => Plan Width
Value  name ,=> 4.0
Key => Actual Rows
Value  name ,=> 1.0
Key => Actual Loops
Value  name ,=> 1.0
Key => Filter
Value  name ,=> -1.0
Data SeqScan , 1.0 1.0 4.0 24.0 0.068
Added training data to files
Data Hash , 1.0 1.0 1.0 1024.0 1.0 1.0 4.0 0.0 1.0 4.0 0.076
Added training data to files
Data HashJoin , 1.0 397.0 55.0 0.0 10000.0 63.0 1.0 4.0 8.112
Added training data to files
Key => Node Type
Value  name ,=> -1.0
Key => Parent Relationship
Value  name ,=> -1.0
Key => Plan Width
Value  name ,=> 16.0
Key => Actual Rows
Value  name ,=> 4356.0
Key => Actual Loops
Value  name ,=> 397.0
Key => Plans
Value  name ,=> -1.0
Key => Node Type
Value  name ,=> -1.0
Key => Parent Relationship
Value  name ,=> -1.0
Key => Join Type
Value  name ,=> -1.0
Key => Plan Width
Value  name ,=> 16.0
Key => Actual Rows
Value  name ,=> 5837.0
Key => Actual Loops
Value  name ,=> 1.0
Key => Merge Cond
Value  name ,=> -1.0
Key => Join Filter
Value  name ,=> -1.0
Key => Plans
Value  name ,=> -1.0
Key => Node Type
Value  name ,=> -1.0
Key => Strategy
Value  name ,=> -1.0
Key => Parent Relationship
Value  name ,=> -1.0
Key => Plan Width
Value  name ,=> 21.0
Key => Actual Rows
Value  name ,=> 542150.0
Key => Actual Loops
Value  name ,=> 1.0
Key => Group Key
Value  name ,=> 2.0
Key => Plans
Value  name ,=> -1.0
Key => Node Type
Value  name ,=> -1.0
Key => Parent Relationship
Value  name ,=> -1.0
Key => Plan Width
Value  name ,=> 21.0
Key => Actual Rows
Value  name ,=> 907682.0
Key => Actual Loops
Value  name ,=> 1.0
Key => Sort Key
Value  name ,=> 2.0
Key => Sort Method
Value  name ,=> -1.0
Key => Sort Space Used
Value  name ,=> 27472.0
Key => Sort Space Type
Value  name ,=> -1.0
Key => Plans
Value  name ,=> -1.0
Key => Node Type
Value  name ,=> -1.0
Key => Parent Relationship
Value  name ,=> -1.0
Key => Relation Name
Value  name ,=> -1.0
Key => Alias
Value  name ,=> -1.0
Key => Plan Width
Value  name ,=> 21.0
Key => Actual Rows
Value  name ,=> 909455.0
Key => Actual Loops
Value  name ,=> 1.0
Key => Recheck Cond
Value  name ,=> -1.0
Key => Rows Removed by Index Recheck
Value  name ,=> 3244260.0
Key => Exact Heap Blocks
Value  name ,=> 32083.0
Key => Lossy Heap Blocks
Value  name ,=> 79352.0
Key => Plans
Value  name ,=> -1.0
Key => Node Type
Value  name ,=> -1.0
Key => Parent Relationship
Value  name ,=> -1.0
Key => Index Name
Value  name ,=> -1.0
Key => Plan Width
Value  name ,=> 0.0
Key => Actual Rows
Value  name ,=> 909455.0
Key => Actual Loops
Value  name ,=> 1.0
Key => Index Cond
Value  name ,=> -1.0
Data BitmapIndexScan , 1.0 909455.0 0.0 0.0 479.319
Added training data to files
Data BitmapHeapScan , 1.0 909455.0 32083.0 79352.0 21.0 3244260.0 0.0 909455.0 0.0 3970.992
Added training data to files
Data Sort-externalmerge , 1.0 907682.0 21.0 2.0 27472.0 0.0 909455.0 21.0 6845.34
Added training data to files
Data Aggregate-Sorted , 1.0 542150.0 2.0 21.0 0.0 907682.0 21.0 8609.406
Added training data to files
Key => Node Type
Value  name ,=> -1.0
Key => Parent Relationship
Value  name ,=> -1.0
Key => Plan Width
Value  name ,=> 24.0
Key => Actual Rows
Value  name ,=> 8652.0
Key => Actual Loops
Value  name ,=> 1.0
Key => Sort Key
Value  name ,=> 2.0
Key => Sort Method
Value  name ,=> -1.0
Key => Sort Space Used
Value  name ,=> 1128.0
Key => Sort Space Type
Value  name ,=> -1.0
Key => Plans
Value  name ,=> -1.0
Key => Node Type
Value  name ,=> -1.0
Key => Parent Relationship
Value  name ,=> -1.0
Key => Join Type
Value  name ,=> -1.0
Key => Plan Width
Value  name ,=> 24.0
Key => Actual Rows
Value  name ,=> 8652.0
Key => Actual Loops
Value  name ,=> 1.0
Key => Plans
Value  name ,=> -1.0
Key => Node Type
Value  name ,=> -1.0
Key => Parent Relationship
Value  name ,=> -1.0
Key => Relation Name
Value  name ,=> -1.0
Key => Alias
Value  name ,=> -1.0
Key => Plan Width
Value  name ,=> 4.0
Key => Actual Rows
Value  name ,=> 2163.0
Key => Actual Loops
Value  name ,=> 1.0
Key => Filter
Value  name ,=> -1.0
Data SeqScan , 1.0 2163.0 4.0 197837.0 93.77
Added training data to files
Key => Node Type
Value  name ,=> -1.0
Key => Parent Relationship
Value  name ,=> -1.0
Key => Scan Direction
Value  name ,=> -1.0
Key => Index Name
Value  name ,=> -1.0
Key => Relation Name
Value  name ,=> -1.0
Key => Alias
Value  name ,=> -1.0
Key => Plan Width
Value  name ,=> 20.0
Key => Actual Rows
Value  name ,=> 4.0
Key => Actual Loops
Value  name ,=> 2163.0
Key => Index Cond
Value  name ,=> -1.0
Key => Rows Removed by Index Recheck
Value  name ,=> 0.0
Data IndexScan , 2163.0 4.0 20.0 0.0 0.0 0.02
Added training data to files
Data NestedLoopIndexScan , 1.0 8652.0 24.0 0.0 2163.0 4.0 4.0 20.0 143.641
Added training data to files
Data Sort-quicksort , 1.0 8652.0 24.0 2.0 1128.0 0.0 8652.0 24.0 154.52
Added training data to files
Data MergeJoin , 1.0 5837.0 16.0 12.0 542150.0 21.0 8652.0 24.0 8916.675
Added training data to files
Data Materialize , 397.0 4356.0 16.0 0.0 5837.0 16.0 22.967
Added training data to files
Data NestedLoopMaterialize , 1.0 175.0 51.0 1729129.0 397.0 55.0 4356.0 16.0 9567.96
Added training data to files
Data Sort-top-Nheapsort , 1.0 1.0 51.0 1.0 25.0 0.0 175.0 51.0 9568.631
Added training data to files
Data Limit , 1.0 1.0 51.0 0.0 1.0 51.0 9568.635
Added training data to files
Training query 181 executed successfully
Executed command ,script returned :  Exit value of child process : 1
Query : 
select
	s_name,
	s_address
from
	supplier,
	nation
where
	s_suppkey in (
		select
			ps_suppkey
		from
			partsupp,
			(
				select
					l_partkey agg_partkey,
					l_suppkey agg_suppkey,
					0.5 * sum(l_quantity) AS agg_quantity
				from
					lineitem
				where
					l_shipdate >= date '1994-01-01'
					and l_shipdate < date '1994-01-01' + interval '1' year
				group by
					l_partkey,
					l_suppkey
			) agg_lineitem
		where
			agg_partkey = ps_partkey
			and agg_suppkey = ps_suppkey
			and ps_partkey in (
				select
					p_partkey
				from
					part
				where
					p_name like 'metallic%'
			)
			and ps_availqty > agg_quantity
	)
	and s_nationkey = n_nationkey
	and n_name = 'BRAZIL'
order by
	s_name
LIMIT 1;

Node output - Plan: 
    Node Type: "Limit"
    Startup Cost: 298332.82
    Total Cost: 298332.82
    Plan Rows: 1
    Plan Width: 51
    Actual Startup Time: 9599.859
    Actual Total Time: 9599.860
    Actual Rows: 1
    Actual Loops: 1
    Plans: 
      - Node Type: "Sort"
        Parent Relationship: "Outer"
        Startup Cost: 298332.82
        Total Cost: 298333.32
        Plan Rows: 200
        Plan Width: 51
        Actual Startup Time: 9599.857
        Actual Total Time: 9599.857
        Actual Rows: 1
        Actual Loops: 1
        Sort Key: 
          - "supplier.s_name"
        Sort Method: "top-N heapsort"
        Sort Space Used: 25
        Sort Space Type: "Memory"
        Plans: 
          - Node Type: "Nested Loop"
            Parent Relationship: "Outer"
            Join Type: "Semi"
            Startup Cost: 286225.78
            Total Cost: 298331.82
            Plan Rows: 200
            Plan Width: 51
            Actual Startup Time: 8952.229
            Actual Total Time: 9599.205
            Actual Rows: 175
            Actual Loops: 1
            Join Filter: "(supplier.s_suppkey = lineitem.l_suppkey)"
            Rows Removed by Join Filter: 1729129
            Plans: 
              - Node Type: "Hash Join"
                Parent Relationship: "Outer"
                Join Type: "Inner"
                Startup Cost: 1.32
                Total Cost: 372.82
                Plan Rows: 400
                Plan Width: 55
                Actual Startup Time: 0.068
                Actual Total Time: 8.047
                Actual Rows: 397
                Actual Loops: 1
                Hash Cond: "(supplier.s_nationkey = nation.n_nationkey)"
                Plans: 
                  - Node Type: "Seq Scan"
                    Parent Relationship: "Outer"
                    Relation Name: "supplier"
                    Alias: "supplier"
                    Startup Cost: 0.00
                    Total Cost: 330.00
                    Plan Rows: 10000
                    Plan Width: 63
                    Actual Startup Time: 0.010
                    Actual Total Time: 4.211
                    Actual Rows: 10000
                    Actual Loops: 1
                  - Node Type: "Hash"
                    Parent Relationship: "Inner"
                    Startup Cost: 1.31
                    Total Cost: 1.31
                    Plan Rows: 1
                    Plan Width: 4
                    Actual Startup Time: 0.035
                    Actual Total Time: 0.035
                    Actual Rows: 1
                    Actual Loops: 1
                    Hash Buckets: 1024
                    Hash Batches: 1
                    Original Hash Batches: 1
                    Peak Memory Usage: 1
                    Plans: 
                      - Node Type: "Seq Scan"
                        Parent Relationship: "Outer"
                        Relation Name: "nation"
                        Alias: "nation"
                        Startup Cost: 0.00
                        Total Cost: 1.31
                        Plan Rows: 1
                        Plan Width: 4
                        Actual Startup Time: 0.020
                        Actual Total Time: 0.032
                        Actual Rows: 1
                        Actual Loops: 1
                        Filter: "(n_name = 'BRAZIL'::bpchar)"
                        Rows Removed by Filter: 24
              - Node Type: "Materialize"
                Parent Relationship: "Inner"
                Startup Cost: 286224.46
                Total Cost: 297923.01
                Plan Rows: 6
                Plan Width: 16
                Actual Startup Time: 15.333
                Actual Total Time: 23.039
                Actual Rows: 4356
                Actual Loops: 397
                Plans: 
                  - Node Type: "Merge Join"
                    Parent Relationship: "Outer"
                    Join Type: "Inner"
                    Startup Cost: 286224.46
                    Total Cost: 297922.98
                    Plan Rows: 6
                    Plan Width: 16
                    Actual Startup Time: 6087.109
                    Actual Total Time: 8944.843
                    Actual Rows: 5837
                    Actual Loops: 1
                    Merge Cond: "((lineitem.l_partkey = partsupp.ps_partkey) AND (lineitem.l_suppkey = partsupp.ps_suppkey))"
                    Join Filter: "((partsupp.ps_availqty)::numeric > ((0.5 * sum(lineitem.l_quantity))))"
                    Rows Removed by Join Filter: 12
                    Plans: 
                      - Node Type: "Aggregate"
                        Strategy: "Sorted"
                        Parent Relationship: "Outer"
                        Startup Cost: 264810.36
                        Total Cost: 275105.99
                        Plan Rows: 89528
                        Plan Width: 21
                        Actual Startup Time: 5931.938
                        Actual Total Time: 8638.566
                        Actual Rows: 542150
                        Actual Loops: 1
                        Group Key: 
                          - "lineitem.l_partkey"
                          - "lineitem.l_suppkey"
                        Plans: 
                          - Node Type: "Sort"
                            Parent Relationship: "Outer"
                            Startup Cost: 264810.36
                            Total Cost: 267048.54
                            Plan Rows: 895271
                            Plan Width: 21
                            Actual Startup Time: 5931.903
                            Actual Total Time: 6877.690
                            Actual Rows: 907682
                            Actual Loops: 1
                            Sort Key: 
                              - "lineitem.l_partkey"
                              - "lineitem.l_suppkey"
                            Sort Method: "external merge"
                            Sort Space Used: 27472
                            Sort Space Type: "Disk"
                            Plans: 
                              - Node Type: "Bitmap Heap Scan"
                                Parent Relationship: "Outer"
                                Relation Name: "lineitem"
                                Alias: "lineitem"
                                Startup Cost: 22968.96
                                Total Cost: 157943.03
                                Plan Rows: 895271
                                Plan Width: 21
                                Actual Startup Time: 462.115
                                Actual Total Time: 3988.835
                                Actual Rows: 909455
                                Actual Loops: 1
                                Recheck Cond: "((l_shipdate >= '1994-01-01'::date) AND (l_shipdate < '1995-01-01 00:00:00'::timestamp without time zone))"
                                Rows Removed by Index Recheck: 3244260
                                Exact Heap Blocks: 32083
                                Lossy Heap Blocks: 79352
                                Plans: 
                                  - Node Type: "Bitmap Index Scan"
                                    Parent Relationship: "Outer"
                                    Index Name: "idx_lineitem_shipdate"
                                    Startup Cost: 0.00
                                    Total Cost: 22745.14
                                    Plan Rows: 895271
                                    Plan Width: 0
                                    Actual Startup Time: 445.680
                                    Actual Total Time: 445.680
                                    Actual Rows: 909455
                                    Actual Loops: 1
                                    Index Cond: "((l_shipdate >= '1994-01-01'::date) AND (l_shipdate < '1995-01-01 00:00:00'::timestamp without time zone))"
                      - Node Type: "Sort"
                        Parent Relationship: "Inner"
                        Startup Cost: 21414.10
                        Total Cost: 21434.08
                        Plan Rows: 7994
                        Plan Width: 24
                        Actual Startup Time: 152.960
                        Actual Total Time: 154.988
                        Actual Rows: 8652
                        Actual Loops: 1
                        Sort Key: 
                          - "partsupp.ps_partkey"
                          - "partsupp.ps_suppkey"
                        Sort Method: "quicksort"
                        Sort Space Used: 1128
                        Sort Space Type: "Memory"
                        Plans: 
                          - Node Type: "Nested Loop"
                            Parent Relationship: "Outer"
                            Join Type: "Inner"
                            Startup Cost: 0.42
                            Total Cost: 20895.90
                            Plan Rows: 7994
                            Plan Width: 24
                            Actual Startup Time: 0.165
                            Actual Total Time: 144.031
                            Actual Rows: 8652
                            Actual Loops: 1
                            Plans: 
                              - Node Type: "Seq Scan"
                                Parent Relationship: "Outer"
                                Relation Name: "part"
                                Alias: "part"
                                Startup Cost: 0.00
                                Total Cost: 6599.00
                                Plan Rows: 2020
                                Plan Width: 4
                                Actual Startup Time: 0.113
                                Actual Total Time: 94.907
                                Actual Rows: 2163
                                Actual Loops: 1
                                Filter: "((p_name)::text ~~ 'metallic%'::text)"
                                Rows Removed by Filter: 197837
                              - Node Type: "Index Scan"
                                Parent Relationship: "Inner"
                                Scan Direction: "Forward"
                                Index Name: "idx_partsupp_partkey"
                                Relation Name: "partsupp"
                                Alias: "partsupp"
                                Startup Cost: 0.42
                                Total Cost: 7.04
                                Plan Rows: 4
                                Plan Width: 20
                                Actual Startup Time: 0.016
                                Actual Total Time: 0.019
                                Actual Rows: 4
                                Actual Loops: 2163
                                Index Cond: "(ps_partkey = part.p_partkey)"
                                Rows Removed by Index Recheck: 0
  Planning Time: 2.563
  Triggers: 
  Execution Time: 9611.632
Key => Node Type
Value  name ,=> -1.0
Key => Plan Width
Value  name ,=> 51.0
Key => Actual Rows
Value  name ,=> 1.0
Key => Actual Loops
Value  name ,=> 1.0
Key => Plans
Value  name ,=> -1.0
Key => Node Type
Value  name ,=> -1.0
Key => Parent Relationship
Value  name ,=> -1.0
Key => Plan Width
Value  name ,=> 51.0
Key => Actual Rows
Value  name ,=> 1.0
Key => Actual Loops
Value  name ,=> 1.0
Key => Sort Key
Value  name ,=> 1.0
Key => Sort Method
Value  name ,=> -1.0
Key => Sort Space Used
Value  name ,=> 25.0
Key => Sort Space Type
Value  name ,=> -1.0
Key => Plans
Value  name ,=> -1.0
Key => Node Type
Value  name ,=> -1.0
Key => Parent Relationship
Value  name ,=> -1.0
Key => Join Type
Value  name ,=> -1.0
Key => Plan Width
Value  name ,=> 51.0
Key => Actual Rows
Value  name ,=> 175.0
Key => Actual Loops
Value  name ,=> 1.0
Key => Join Filter
Value  name ,=> -1.0
Key => Plans
Value  name ,=> -1.0
Key => Node Type
Value  name ,=> -1.0
Key => Parent Relationship
Value  name ,=> -1.0
Key => Join Type
Value  name ,=> -1.0
Key => Plan Width
Value  name ,=> 55.0
Key => Actual Rows
Value  name ,=> 397.0
Key => Actual Loops
Value  name ,=> 1.0
Key => Hash Cond
Value  name ,=> -1.0
Key => Plans
Value  name ,=> -1.0
Key => Node Type
Value  name ,=> -1.0
Key => Parent Relationship
Value  name ,=> -1.0
Key => Relation Name
Value  name ,=> -1.0
Key => Alias
Value  name ,=> -1.0
Key => Plan Width
Value  name ,=> 63.0
Key => Actual Rows
Value  name ,=> 10000.0
Key => Actual Loops
Value  name ,=> 1.0
Data SeqScan , 1.0 10000.0 63.0 0.0 4.211
Added training data to files
Key => Node Type
Value  name ,=> -1.0
Key => Parent Relationship
Value  name ,=> -1.0
Key => Plan Width
Value  name ,=> 4.0
Key => Actual Rows
Value  name ,=> 1.0
Key => Actual Loops
Value  name ,=> 1.0
Key => Hash Buckets
Value  name ,=> 1024.0
Key => Hash Batches
Value  name ,=> 1.0
Key => Original Hash Batches
Value  name ,=> 1.0
Key => Peak Memory Usage
Value  name ,=> 1.0
Key => Plans
Value  name ,=> -1.0
Key => Node Type
Value  name ,=> -1.0
Key => Parent Relationship
Value  name ,=> -1.0
Key => Relation Name
Value  name ,=> -1.0
Key => Alias
Value  name ,=> -1.0
Key => Plan Width
Value  name ,=> 4.0
Key => Actual Rows
Value  name ,=> 1.0
Key => Actual Loops
Value  name ,=> 1.0
Key => Filter
Value  name ,=> -1.0
Data SeqScan , 1.0 1.0 4.0 24.0 0.032
Added training data to files
Data Hash , 1.0 1.0 1.0 1024.0 1.0 1.0 4.0 0.0 1.0 4.0 0.035
Added training data to files
Data HashJoin , 1.0 397.0 55.0 0.0 10000.0 63.0 1.0 4.0 8.047
Added training data to files
Key => Node Type
Value  name ,=> -1.0
Key => Parent Relationship
Value  name ,=> -1.0
Key => Plan Width
Value  name ,=> 16.0
Key => Actual Rows
Value  name ,=> 4356.0
Key => Actual Loops
Value  name ,=> 397.0
Key => Plans
Value  name ,=> -1.0
Key => Node Type
Value  name ,=> -1.0
Key => Parent Relationship
Value  name ,=> -1.0
Key => Join Type
Value  name ,=> -1.0
Key => Plan Width
Value  name ,=> 16.0
Key => Actual Rows
Value  name ,=> 5837.0
Key => Actual Loops
Value  name ,=> 1.0
Key => Merge Cond
Value  name ,=> -1.0
Key => Join Filter
Value  name ,=> -1.0
Key => Plans
Value  name ,=> -1.0
Key => Node Type
Value  name ,=> -1.0
Key => Strategy
Value  name ,=> -1.0
Key => Parent Relationship
Value  name ,=> -1.0
Key => Plan Width
Value  name ,=> 21.0
Key => Actual Rows
Value  name ,=> 542150.0
Key => Actual Loops
Value  name ,=> 1.0
Key => Group Key
Value  name ,=> 2.0
Key => Plans
Value  name ,=> -1.0
Key => Node Type
Value  name ,=> -1.0
Key => Parent Relationship
Value  name ,=> -1.0
Key => Plan Width
Value  name ,=> 21.0
Key => Actual Rows
Value  name ,=> 907682.0
Key => Actual Loops
Value  name ,=> 1.0
Key => Sort Key
Value  name ,=> 2.0
Key => Sort Method
Value  name ,=> -1.0
Key => Sort Space Used
Value  name ,=> 27472.0
Key => Sort Space Type
Value  name ,=> -1.0
Key => Plans
Value  name ,=> -1.0
Key => Node Type
Value  name ,=> -1.0
Key => Parent Relationship
Value  name ,=> -1.0
Key => Relation Name
Value  name ,=> -1.0
Key => Alias
Value  name ,=> -1.0
Key => Plan Width
Value  name ,=> 21.0
Key => Actual Rows
Value  name ,=> 909455.0
Key => Actual Loops
Value  name ,=> 1.0
Key => Recheck Cond
Value  name ,=> -1.0
Key => Rows Removed by Index Recheck
Value  name ,=> 3244260.0
Key => Exact Heap Blocks
Value  name ,=> 32083.0
Key => Lossy Heap Blocks
Value  name ,=> 79352.0
Key => Plans
Value  name ,=> -1.0
Key => Node Type
Value  name ,=> -1.0
Key => Parent Relationship
Value  name ,=> -1.0
Key => Index Name
Value  name ,=> -1.0
Key => Plan Width
Value  name ,=> 0.0
Key => Actual Rows
Value  name ,=> 909455.0
Key => Actual Loops
Value  name ,=> 1.0
Key => Index Cond
Value  name ,=> -1.0
Data BitmapIndexScan , 1.0 909455.0 0.0 0.0 445.68
Added training data to files
Data BitmapHeapScan , 1.0 909455.0 32083.0 79352.0 21.0 3244260.0 0.0 909455.0 0.0 3988.835
Added training data to files
Data Sort-externalmerge , 1.0 907682.0 21.0 2.0 27472.0 0.0 909455.0 21.0 6877.69
Added training data to files
Data Aggregate-Sorted , 1.0 542150.0 2.0 21.0 0.0 907682.0 21.0 8638.566
Added training data to files
Key => Node Type
Value  name ,=> -1.0
Key => Parent Relationship
Value  name ,=> -1.0
Key => Plan Width
Value  name ,=> 24.0
Key => Actual Rows
Value  name ,=> 8652.0
Key => Actual Loops
Value  name ,=> 1.0
Key => Sort Key
Value  name ,=> 2.0
Key => Sort Method
Value  name ,=> -1.0
Key => Sort Space Used
Value  name ,=> 1128.0
Key => Sort Space Type
Value  name ,=> -1.0
Key => Plans
Value  name ,=> -1.0
Key => Node Type
Value  name ,=> -1.0
Key => Parent Relationship
Value  name ,=> -1.0
Key => Join Type
Value  name ,=> -1.0
Key => Plan Width
Value  name ,=> 24.0
Key => Actual Rows
Value  name ,=> 8652.0
Key => Actual Loops
Value  name ,=> 1.0
Key => Plans
Value  name ,=> -1.0
Key => Node Type
Value  name ,=> -1.0
Key => Parent Relationship
Value  name ,=> -1.0
Key => Relation Name
Value  name ,=> -1.0
Key => Alias
Value  name ,=> -1.0
Key => Plan Width
Value  name ,=> 4.0
Key => Actual Rows
Value  name ,=> 2163.0
Key => Actual Loops
Value  name ,=> 1.0
Key => Filter
Value  name ,=> -1.0
Data SeqScan , 1.0 2163.0 4.0 197837.0 94.907
Added training data to files
Key => Node Type
Value  name ,=> -1.0
Key => Parent Relationship
Value  name ,=> -1.0
Key => Scan Direction
Value  name ,=> -1.0
Key => Index Name
Value  name ,=> -1.0
Key => Relation Name
Value  name ,=> -1.0
Key => Alias
Value  name ,=> -1.0
Key => Plan Width
Value  name ,=> 20.0
Key => Actual Rows
Value  name ,=> 4.0
Key => Actual Loops
Value  name ,=> 2163.0
Key => Index Cond
Value  name ,=> -1.0
Key => Rows Removed by Index Recheck
Value  name ,=> 0.0
Data IndexScan , 2163.0 4.0 20.0 0.0 0.0 0.019
Added training data to files
Data NestedLoopIndexScan , 1.0 8652.0 24.0 0.0 2163.0 4.0 4.0 20.0 144.031
Added training data to files
Data Sort-quicksort , 1.0 8652.0 24.0 2.0 1128.0 0.0 8652.0 24.0 154.988
Added training data to files
Data MergeJoin , 1.0 5837.0 16.0 12.0 542150.0 21.0 8652.0 24.0 8944.843
Added training data to files
Data Materialize , 397.0 4356.0 16.0 0.0 5837.0 16.0 23.039
Added training data to files
Data NestedLoopMaterialize , 1.0 175.0 51.0 1729129.0 397.0 55.0 4356.0 16.0 9599.205
Added training data to files
Data Sort-top-Nheapsort , 1.0 1.0 51.0 1.0 25.0 0.0 175.0 51.0 9599.857
Added training data to files
Data Limit , 1.0 1.0 51.0 0.0 1.0 51.0 9599.86
Added training data to files
Training query 182 executed successfully
Executed command ,script returned :  Exit value of child process : 1
Query : 
select
	s_name,
	s_address
from
	supplier,
	nation
where
	s_suppkey in (
		select
			ps_suppkey
		from
			partsupp,
			(
				select
					l_partkey agg_partkey,
					l_suppkey agg_suppkey,
					0.5 * sum(l_quantity) AS agg_quantity
				from
					lineitem
				where
					l_shipdate >= date '1994-01-01'
					and l_shipdate < date '1994-01-01' + interval '1' year
				group by
					l_partkey,
					l_suppkey
			) agg_lineitem
		where
			agg_partkey = ps_partkey
			and agg_suppkey = ps_suppkey
			and ps_partkey in (
				select
					p_partkey
				from
					part
				where
					p_name like 'metallic%'
			)
			and ps_availqty > agg_quantity
	)
	and s_nationkey = n_nationkey
	and n_name = 'BRAZIL'
order by
	s_name
LIMIT 1;

Node output - Plan: 
    Node Type: "Limit"
    Startup Cost: 298332.82
    Total Cost: 298332.82
    Plan Rows: 1
    Plan Width: 51
    Actual Startup Time: 8885.892
    Actual Total Time: 8885.893
    Actual Rows: 1
    Actual Loops: 1
    Plans: 
      - Node Type: "Sort"
        Parent Relationship: "Outer"
        Startup Cost: 298332.82
        Total Cost: 298333.32
        Plan Rows: 200
        Plan Width: 51
        Actual Startup Time: 8885.890
        Actual Total Time: 8885.890
        Actual Rows: 1
        Actual Loops: 1
        Sort Key: 
          - "supplier.s_name"
        Sort Method: "top-N heapsort"
        Sort Space Used: 25
        Sort Space Type: "Memory"
        Plans: 
          - Node Type: "Nested Loop"
            Parent Relationship: "Outer"
            Join Type: "Semi"
            Startup Cost: 286225.78
            Total Cost: 298331.82
            Plan Rows: 200
            Plan Width: 51
            Actual Startup Time: 8291.778
            Actual Total Time: 8885.326
            Actual Rows: 175
            Actual Loops: 1
            Join Filter: "(supplier.s_suppkey = lineitem.l_suppkey)"
            Rows Removed by Join Filter: 1729129
            Plans: 
              - Node Type: "Hash Join"
                Parent Relationship: "Outer"
                Join Type: "Inner"
                Startup Cost: 1.32
                Total Cost: 372.82
                Plan Rows: 400
                Plan Width: 55
                Actual Startup Time: 0.059
                Actual Total Time: 7.297
                Actual Rows: 397
                Actual Loops: 1
                Hash Cond: "(supplier.s_nationkey = nation.n_nationkey)"
                Plans: 
                  - Node Type: "Seq Scan"
                    Parent Relationship: "Outer"
                    Relation Name: "supplier"
                    Alias: "supplier"
                    Startup Cost: 0.00
                    Total Cost: 330.00
                    Plan Rows: 10000
                    Plan Width: 63
                    Actual Startup Time: 0.009
                    Actual Total Time: 3.843
                    Actual Rows: 10000
                    Actual Loops: 1
                  - Node Type: "Hash"
                    Parent Relationship: "Inner"
                    Startup Cost: 1.31
                    Total Cost: 1.31
                    Plan Rows: 1
                    Plan Width: 4
                    Actual Startup Time: 0.031
                    Actual Total Time: 0.031
                    Actual Rows: 1
                    Actual Loops: 1
                    Hash Buckets: 1024
                    Hash Batches: 1
                    Original Hash Batches: 1
                    Peak Memory Usage: 1
                    Plans: 
                      - Node Type: "Seq Scan"
                        Parent Relationship: "Outer"
                        Relation Name: "nation"
                        Alias: "nation"
                        Startup Cost: 0.00
                        Total Cost: 1.31
                        Plan Rows: 1
                        Plan Width: 4
                        Actual Startup Time: 0.018
                        Actual Total Time: 0.027
                        Actual Rows: 1
                        Actual Loops: 1
                        Filter: "(n_name = 'BRAZIL'::bpchar)"
                        Rows Removed by Filter: 24
              - Node Type: "Materialize"
                Parent Relationship: "Inner"
                Startup Cost: 286224.46
                Total Cost: 297923.01
                Plan Rows: 6
                Plan Width: 16
                Actual Startup Time: 14.168
                Actual Total Time: 21.336
                Actual Rows: 4356
                Actual Loops: 397
                Plans: 
                  - Node Type: "Merge Join"
                    Parent Relationship: "Outer"
                    Join Type: "Inner"
                    Startup Cost: 286224.46
                    Total Cost: 297922.98
                    Plan Rows: 6
                    Plan Width: 16
                    Actual Startup Time: 5624.455
                    Actual Total Time: 8284.912
                    Actual Rows: 5837
                    Actual Loops: 1
                    Merge Cond: "((lineitem.l_partkey = partsupp.ps_partkey) AND (lineitem.l_suppkey = partsupp.ps_suppkey))"
                    Join Filter: "((partsupp.ps_availqty)::numeric > ((0.5 * sum(lineitem.l_quantity))))"
                    Rows Removed by Join Filter: 12
                    Plans: 
                      - Node Type: "Aggregate"
                        Strategy: "Sorted"
                        Parent Relationship: "Outer"
                        Startup Cost: 264810.36
                        Total Cost: 275105.99
                        Plan Rows: 89528
                        Plan Width: 21
                        Actual Startup Time: 5480.538
                        Actual Total Time: 8000.737
                        Actual Rows: 542150
                        Actual Loops: 1
                        Group Key: 
                          - "lineitem.l_partkey"
                          - "lineitem.l_suppkey"
                        Plans: 
                          - Node Type: "Sort"
                            Parent Relationship: "Outer"
                            Startup Cost: 264810.36
                            Total Cost: 267048.54
                            Plan Rows: 895271
                            Plan Width: 21
                            Actual Startup Time: 5480.505
                            Actual Total Time: 6365.577
                            Actual Rows: 907682
                            Actual Loops: 1
                            Sort Key: 
                              - "lineitem.l_partkey"
                              - "lineitem.l_suppkey"
                            Sort Method: "external merge"
                            Sort Space Used: 27472
                            Sort Space Type: "Disk"
                            Plans: 
                              - Node Type: "Bitmap Heap Scan"
                                Parent Relationship: "Outer"
                                Relation Name: "lineitem"
                                Alias: "lineitem"
                                Startup Cost: 22968.96
                                Total Cost: 157943.03
                                Plan Rows: 895271
                                Plan Width: 21
                                Actual Startup Time: 417.852
                                Actual Total Time: 3677.067
                                Actual Rows: 909455
                                Actual Loops: 1
                                Recheck Cond: "((l_shipdate >= '1994-01-01'::date) AND (l_shipdate < '1995-01-01 00:00:00'::timestamp without time zone))"
                                Rows Removed by Index Recheck: 3244260
                                Exact Heap Blocks: 32083
                                Lossy Heap Blocks: 79352
                                Plans: 
                                  - Node Type: "Bitmap Index Scan"
                                    Parent Relationship: "Outer"
                                    Index Name: "idx_lineitem_shipdate"
                                    Startup Cost: 0.00
                                    Total Cost: 22745.14
                                    Plan Rows: 895271
                                    Plan Width: 0
                                    Actual Startup Time: 403.494
                                    Actual Total Time: 403.494
                                    Actual Rows: 909455
                                    Actual Loops: 1
                                    Index Cond: "((l_shipdate >= '1994-01-01'::date) AND (l_shipdate < '1995-01-01 00:00:00'::timestamp without time zone))"
                      - Node Type: "Sort"
                        Parent Relationship: "Inner"
                        Startup Cost: 21414.10
                        Total Cost: 21434.08
                        Plan Rows: 7994
                        Plan Width: 24
                        Actual Startup Time: 141.914
                        Actual Total Time: 143.854
                        Actual Rows: 8652
                        Actual Loops: 1
                        Sort Key: 
                          - "partsupp.ps_partkey"
                          - "partsupp.ps_suppkey"
                        Sort Method: "quicksort"
                        Sort Space Used: 1128
                        Sort Space Type: "Memory"
                        Plans: 
                          - Node Type: "Nested Loop"
                            Parent Relationship: "Outer"
                            Join Type: "Inner"
                            Startup Cost: 0.42
                            Total Cost: 20895.90
                            Plan Rows: 7994
                            Plan Width: 24
                            Actual Startup Time: 0.155
                            Actual Total Time: 133.721
                            Actual Rows: 8652
                            Actual Loops: 1
                            Plans: 
                              - Node Type: "Seq Scan"
                                Parent Relationship: "Outer"
                                Relation Name: "part"
                                Alias: "part"
                                Startup Cost: 0.00
                                Total Cost: 6599.00
                                Plan Rows: 2020
                                Plan Width: 4
                                Actual Startup Time: 0.104
                                Actual Total Time: 87.995
                                Actual Rows: 2163
                                Actual Loops: 1
                                Filter: "((p_name)::text ~~ 'metallic%'::text)"
                                Rows Removed by Filter: 197837
                              - Node Type: "Index Scan"
                                Parent Relationship: "Inner"
                                Scan Direction: "Forward"
                                Index Name: "idx_partsupp_partkey"
                                Relation Name: "partsupp"
                                Alias: "partsupp"
                                Startup Cost: 0.42
                                Total Cost: 7.04
                                Plan Rows: 4
                                Plan Width: 20
                                Actual Startup Time: 0.015
                                Actual Total Time: 0.018
                                Actual Rows: 4
                                Actual Loops: 2163
                                Index Cond: "(ps_partkey = part.p_partkey)"
                                Rows Removed by Index Recheck: 0
  Planning Time: 2.241
  Triggers: 
  Execution Time: 8896.517
Key => Node Type
Value  name ,=> -1.0
Key => Plan Width
Value  name ,=> 51.0
Key => Actual Rows
Value  name ,=> 1.0
Key => Actual Loops
Value  name ,=> 1.0
Key => Plans
Value  name ,=> -1.0
Key => Node Type
Value  name ,=> -1.0
Key => Parent Relationship
Value  name ,=> -1.0
Key => Plan Width
Value  name ,=> 51.0
Key => Actual Rows
Value  name ,=> 1.0
Key => Actual Loops
Value  name ,=> 1.0
Key => Sort Key
Value  name ,=> 1.0
Key => Sort Method
Value  name ,=> -1.0
Key => Sort Space Used
Value  name ,=> 25.0
Key => Sort Space Type
Value  name ,=> -1.0
Key => Plans
Value  name ,=> -1.0
Key => Node Type
Value  name ,=> -1.0
Key => Parent Relationship
Value  name ,=> -1.0
Key => Join Type
Value  name ,=> -1.0
Key => Plan Width
Value  name ,=> 51.0
Key => Actual Rows
Value  name ,=> 175.0
Key => Actual Loops
Value  name ,=> 1.0
Key => Join Filter
Value  name ,=> -1.0
Key => Plans
Value  name ,=> -1.0
Key => Node Type
Value  name ,=> -1.0
Key => Parent Relationship
Value  name ,=> -1.0
Key => Join Type
Value  name ,=> -1.0
Key => Plan Width
Value  name ,=> 55.0
Key => Actual Rows
Value  name ,=> 397.0
Key => Actual Loops
Value  name ,=> 1.0
Key => Hash Cond
Value  name ,=> -1.0
Key => Plans
Value  name ,=> -1.0
Key => Node Type
Value  name ,=> -1.0
Key => Parent Relationship
Value  name ,=> -1.0
Key => Relation Name
Value  name ,=> -1.0
Key => Alias
Value  name ,=> -1.0
Key => Plan Width
Value  name ,=> 63.0
Key => Actual Rows
Value  name ,=> 10000.0
Key => Actual Loops
Value  name ,=> 1.0
Data SeqScan , 1.0 10000.0 63.0 0.0 3.843
Added training data to files
Key => Node Type
Value  name ,=> -1.0
Key => Parent Relationship
Value  name ,=> -1.0
Key => Plan Width
Value  name ,=> 4.0
Key => Actual Rows
Value  name ,=> 1.0
Key => Actual Loops
Value  name ,=> 1.0
Key => Hash Buckets
Value  name ,=> 1024.0
Key => Hash Batches
Value  name ,=> 1.0
Key => Original Hash Batches
Value  name ,=> 1.0
Key => Peak Memory Usage
Value  name ,=> 1.0
Key => Plans
Value  name ,=> -1.0
Key => Node Type
Value  name ,=> -1.0
Key => Parent Relationship
Value  name ,=> -1.0
Key => Relation Name
Value  name ,=> -1.0
Key => Alias
Value  name ,=> -1.0
Key => Plan Width
Value  name ,=> 4.0
Key => Actual Rows
Value  name ,=> 1.0
Key => Actual Loops
Value  name ,=> 1.0
Key => Filter
Value  name ,=> -1.0
Data SeqScan , 1.0 1.0 4.0 24.0 0.027
Added training data to files
Data Hash , 1.0 1.0 1.0 1024.0 1.0 1.0 4.0 0.0 1.0 4.0 0.031
Added training data to files
Data HashJoin , 1.0 397.0 55.0 0.0 10000.0 63.0 1.0 4.0 7.297
Added training data to files
Key => Node Type
Value  name ,=> -1.0
Key => Parent Relationship
Value  name ,=> -1.0
Key => Plan Width
Value  name ,=> 16.0
Key => Actual Rows
Value  name ,=> 4356.0
Key => Actual Loops
Value  name ,=> 397.0
Key => Plans
Value  name ,=> -1.0
Key => Node Type
Value  name ,=> -1.0
Key => Parent Relationship
Value  name ,=> -1.0
Key => Join Type
Value  name ,=> -1.0
Key => Plan Width
Value  name ,=> 16.0
Key => Actual Rows
Value  name ,=> 5837.0
Key => Actual Loops
Value  name ,=> 1.0
Key => Merge Cond
Value  name ,=> -1.0
Key => Join Filter
Value  name ,=> -1.0
Key => Plans
Value  name ,=> -1.0
Key => Node Type
Value  name ,=> -1.0
Key => Strategy
Value  name ,=> -1.0
Key => Parent Relationship
Value  name ,=> -1.0
Key => Plan Width
Value  name ,=> 21.0
Key => Actual Rows
Value  name ,=> 542150.0
Key => Actual Loops
Value  name ,=> 1.0
Key => Group Key
Value  name ,=> 2.0
Key => Plans
Value  name ,=> -1.0
Key => Node Type
Value  name ,=> -1.0
Key => Parent Relationship
Value  name ,=> -1.0
Key => Plan Width
Value  name ,=> 21.0
Key => Actual Rows
Value  name ,=> 907682.0
Key => Actual Loops
Value  name ,=> 1.0
Key => Sort Key
Value  name ,=> 2.0
Key => Sort Method
Value  name ,=> -1.0
Key => Sort Space Used
Value  name ,=> 27472.0
Key => Sort Space Type
Value  name ,=> -1.0
Key => Plans
Value  name ,=> -1.0
Key => Node Type
Value  name ,=> -1.0
Key => Parent Relationship
Value  name ,=> -1.0
Key => Relation Name
Value  name ,=> -1.0
Key => Alias
Value  name ,=> -1.0
Key => Plan Width
Value  name ,=> 21.0
Key => Actual Rows
Value  name ,=> 909455.0
Key => Actual Loops
Value  name ,=> 1.0
Key => Recheck Cond
Value  name ,=> -1.0
Key => Rows Removed by Index Recheck
Value  name ,=> 3244260.0
Key => Exact Heap Blocks
Value  name ,=> 32083.0
Key => Lossy Heap Blocks
Value  name ,=> 79352.0
Key => Plans
Value  name ,=> -1.0
Key => Node Type
Value  name ,=> -1.0
Key => Parent Relationship
Value  name ,=> -1.0
Key => Index Name
Value  name ,=> -1.0
Key => Plan Width
Value  name ,=> 0.0
Key => Actual Rows
Value  name ,=> 909455.0
Key => Actual Loops
Value  name ,=> 1.0
Key => Index Cond
Value  name ,=> -1.0
Data BitmapIndexScan , 1.0 909455.0 0.0 0.0 403.494
Added training data to files
Data BitmapHeapScan , 1.0 909455.0 32083.0 79352.0 21.0 3244260.0 0.0 909455.0 0.0 3677.067
Added training data to files
Data Sort-externalmerge , 1.0 907682.0 21.0 2.0 27472.0 0.0 909455.0 21.0 6365.577
Added training data to files
Data Aggregate-Sorted , 1.0 542150.0 2.0 21.0 0.0 907682.0 21.0 8000.737
Added training data to files
Key => Node Type
Value  name ,=> -1.0
Key => Parent Relationship
Value  name ,=> -1.0
Key => Plan Width
Value  name ,=> 24.0
Key => Actual Rows
Value  name ,=> 8652.0
Key => Actual Loops
Value  name ,=> 1.0
Key => Sort Key
Value  name ,=> 2.0
Key => Sort Method
Value  name ,=> -1.0
Key => Sort Space Used
Value  name ,=> 1128.0
Key => Sort Space Type
Value  name ,=> -1.0
Key => Plans
Value  name ,=> -1.0
Key => Node Type
Value  name ,=> -1.0
Key => Parent Relationship
Value  name ,=> -1.0
Key => Join Type
Value  name ,=> -1.0
Key => Plan Width
Value  name ,=> 24.0
Key => Actual Rows
Value  name ,=> 8652.0
Key => Actual Loops
Value  name ,=> 1.0
Key => Plans
Value  name ,=> -1.0
Key => Node Type
Value  name ,=> -1.0
Key => Parent Relationship
Value  name ,=> -1.0
Key => Relation Name
Value  name ,=> -1.0
Key => Alias
Value  name ,=> -1.0
Key => Plan Width
Value  name ,=> 4.0
Key => Actual Rows
Value  name ,=> 2163.0
Key => Actual Loops
Value  name ,=> 1.0
Key => Filter
Value  name ,=> -1.0
Data SeqScan , 1.0 2163.0 4.0 197837.0 87.995
Added training data to files
Key => Node Type
Value  name ,=> -1.0
Key => Parent Relationship
Value  name ,=> -1.0
Key => Scan Direction
Value  name ,=> -1.0
Key => Index Name
Value  name ,=> -1.0
Key => Relation Name
Value  name ,=> -1.0
Key => Alias
Value  name ,=> -1.0
Key => Plan Width
Value  name ,=> 20.0
Key => Actual Rows
Value  name ,=> 4.0
Key => Actual Loops
Value  name ,=> 2163.0
Key => Index Cond
Value  name ,=> -1.0
Key => Rows Removed by Index Recheck
Value  name ,=> 0.0
Data IndexScan , 2163.0 4.0 20.0 0.0 0.0 0.018
Added training data to files
Data NestedLoopIndexScan , 1.0 8652.0 24.0 0.0 2163.0 4.0 4.0 20.0 133.721
Added training data to files
Data Sort-quicksort , 1.0 8652.0 24.0 2.0 1128.0 0.0 8652.0 24.0 143.854
Added training data to files
Data MergeJoin , 1.0 5837.0 16.0 12.0 542150.0 21.0 8652.0 24.0 8284.912
Added training data to files
Data Materialize , 397.0 4356.0 16.0 0.0 5837.0 16.0 21.336
Added training data to files
Data NestedLoopMaterialize , 1.0 175.0 51.0 1729129.0 397.0 55.0 4356.0 16.0 8885.326
Added training data to files
Data Sort-top-Nheapsort , 1.0 1.0 51.0 1.0 25.0 0.0 175.0 51.0 8885.89
Added training data to files
Data Limit , 1.0 1.0 51.0 0.0 1.0 51.0 8885.893
Added training data to files
Training query 183 executed successfully
Executed command ,script returned :  Exit value of child process : 1
Query : 
select
	s_name,
	s_address
from
	supplier,
	nation
where
	s_suppkey in (
		select
			ps_suppkey
		from
			partsupp,
			(
				select
					l_partkey agg_partkey,
					l_suppkey agg_suppkey,
					0.5 * sum(l_quantity) AS agg_quantity
				from
					lineitem
				where
					l_shipdate >= date '1994-01-01'
					and l_shipdate < date '1994-01-01' + interval '1' year
				group by
					l_partkey,
					l_suppkey
			) agg_lineitem
		where
			agg_partkey = ps_partkey
			and agg_suppkey = ps_suppkey
			and ps_partkey in (
				select
					p_partkey
				from
					part
				where
					p_name like 'metallic%'
			)
			and ps_availqty > agg_quantity
	)
	and s_nationkey = n_nationkey
	and n_name = 'BRAZIL'
order by
	s_name
LIMIT 1;

Node output - Plan: 
    Node Type: "Limit"
    Startup Cost: 298332.82
    Total Cost: 298332.82
    Plan Rows: 1
    Plan Width: 51
    Actual Startup Time: 8976.584
    Actual Total Time: 8976.584
    Actual Rows: 1
    Actual Loops: 1
    Plans: 
      - Node Type: "Sort"
        Parent Relationship: "Outer"
        Startup Cost: 298332.82
        Total Cost: 298333.32
        Plan Rows: 200
        Plan Width: 51
        Actual Startup Time: 8976.582
        Actual Total Time: 8976.582
        Actual Rows: 1
        Actual Loops: 1
        Sort Key: 
          - "supplier.s_name"
        Sort Method: "top-N heapsort"
        Sort Space Used: 25
        Sort Space Type: "Memory"
        Plans: 
          - Node Type: "Nested Loop"
            Parent Relationship: "Outer"
            Join Type: "Semi"
            Startup Cost: 286225.78
            Total Cost: 298331.82
            Plan Rows: 200
            Plan Width: 51
            Actual Startup Time: 8380.864
            Actual Total Time: 8976.005
            Actual Rows: 175
            Actual Loops: 1
            Join Filter: "(supplier.s_suppkey = lineitem.l_suppkey)"
            Rows Removed by Join Filter: 1729129
            Plans: 
              - Node Type: "Hash Join"
                Parent Relationship: "Outer"
                Join Type: "Inner"
                Startup Cost: 1.32
                Total Cost: 372.82
                Plan Rows: 400
                Plan Width: 55
                Actual Startup Time: 0.163
                Actual Total Time: 7.502
                Actual Rows: 397
                Actual Loops: 1
                Hash Cond: "(supplier.s_nationkey = nation.n_nationkey)"
                Plans: 
                  - Node Type: "Seq Scan"
                    Parent Relationship: "Outer"
                    Relation Name: "supplier"
                    Alias: "supplier"
                    Startup Cost: 0.00
                    Total Cost: 330.00
                    Plan Rows: 10000
                    Plan Width: 63
                    Actual Startup Time: 0.019
                    Actual Total Time: 3.951
                    Actual Rows: 10000
                    Actual Loops: 1
                  - Node Type: "Hash"
                    Parent Relationship: "Inner"
                    Startup Cost: 1.31
                    Total Cost: 1.31
                    Plan Rows: 1
                    Plan Width: 4
                    Actual Startup Time: 0.091
                    Actual Total Time: 0.091
                    Actual Rows: 1
                    Actual Loops: 1
                    Hash Buckets: 1024
                    Hash Batches: 1
                    Original Hash Batches: 1
                    Peak Memory Usage: 1
                    Plans: 
                      - Node Type: "Seq Scan"
                        Parent Relationship: "Outer"
                        Relation Name: "nation"
                        Alias: "nation"
                        Startup Cost: 0.00
                        Total Cost: 1.31
                        Plan Rows: 1
                        Plan Width: 4
                        Actual Startup Time: 0.041
                        Actual Total Time: 0.083
                        Actual Rows: 1
                        Actual Loops: 1
                        Filter: "(n_name = 'BRAZIL'::bpchar)"
                        Rows Removed by Filter: 24
              - Node Type: "Materialize"
                Parent Relationship: "Inner"
                Startup Cost: 286224.46
                Total Cost: 297923.01
                Plan Rows: 6
                Plan Width: 16
                Actual Startup Time: 14.349
                Actual Total Time: 21.561
                Actual Rows: 4356
                Actual Loops: 397
                Plans: 
                  - Node Type: "Merge Join"
                    Parent Relationship: "Outer"
                    Join Type: "Inner"
                    Startup Cost: 286224.46
                    Total Cost: 297922.98
                    Plan Rows: 6
                    Plan Width: 16
                    Actual Startup Time: 5696.374
                    Actual Total Time: 8373.926
                    Actual Rows: 5837
                    Actual Loops: 1
                    Merge Cond: "((lineitem.l_partkey = partsupp.ps_partkey) AND (lineitem.l_suppkey = partsupp.ps_suppkey))"
                    Join Filter: "((partsupp.ps_availqty)::numeric > ((0.5 * sum(lineitem.l_quantity))))"
                    Rows Removed by Join Filter: 12
                    Plans: 
                      - Node Type: "Aggregate"
                        Strategy: "Sorted"
                        Parent Relationship: "Outer"
                        Startup Cost: 264810.36
                        Total Cost: 275105.99
                        Plan Rows: 89528
                        Plan Width: 21
                        Actual Startup Time: 5550.892
                        Actual Total Time: 8086.999
                        Actual Rows: 542150
                        Actual Loops: 1
                        Group Key: 
                          - "lineitem.l_partkey"
                          - "lineitem.l_suppkey"
                        Plans: 
                          - Node Type: "Sort"
                            Parent Relationship: "Outer"
                            Startup Cost: 264810.36
                            Total Cost: 267048.54
                            Plan Rows: 895271
                            Plan Width: 21
                            Actual Startup Time: 5550.858
                            Actual Total Time: 6440.724
                            Actual Rows: 907682
                            Actual Loops: 1
                            Sort Key: 
                              - "lineitem.l_partkey"
                              - "lineitem.l_suppkey"
                            Sort Method: "external merge"
                            Sort Space Used: 27472
                            Sort Space Type: "Disk"
                            Plans: 
                              - Node Type: "Bitmap Heap Scan"
                                Parent Relationship: "Outer"
                                Relation Name: "lineitem"
                                Alias: "lineitem"
                                Startup Cost: 22968.96
                                Total Cost: 157943.03
                                Plan Rows: 895271
                                Plan Width: 21
                                Actual Startup Time: 442.355
                                Actual Total Time: 3734.724
                                Actual Rows: 909455
                                Actual Loops: 1
                                Recheck Cond: "((l_shipdate >= '1994-01-01'::date) AND (l_shipdate < '1995-01-01 00:00:00'::timestamp without time zone))"
                                Rows Removed by Index Recheck: 3244260
                                Exact Heap Blocks: 32083
                                Lossy Heap Blocks: 79352
                                Plans: 
                                  - Node Type: "Bitmap Index Scan"
                                    Parent Relationship: "Outer"
                                    Index Name: "idx_lineitem_shipdate"
                                    Startup Cost: 0.00
                                    Total Cost: 22745.14
                                    Plan Rows: 895271
                                    Plan Width: 0
                                    Actual Startup Time: 427.649
                                    Actual Total Time: 427.649
                                    Actual Rows: 909455
                                    Actual Loops: 1
                                    Index Cond: "((l_shipdate >= '1994-01-01'::date) AND (l_shipdate < '1995-01-01 00:00:00'::timestamp without time zone))"
                      - Node Type: "Sort"
                        Parent Relationship: "Inner"
                        Startup Cost: 21414.10
                        Total Cost: 21434.08
                        Plan Rows: 7994
                        Plan Width: 24
                        Actual Startup Time: 143.398
                        Actual Total Time: 145.336
                        Actual Rows: 8652
                        Actual Loops: 1
                        Sort Key: 
                          - "partsupp.ps_partkey"
                          - "partsupp.ps_suppkey"
                        Sort Method: "quicksort"
                        Sort Space Used: 1128
                        Sort Space Type: "Memory"
                        Plans: 
                          - Node Type: "Nested Loop"
                            Parent Relationship: "Outer"
                            Join Type: "Inner"
                            Startup Cost: 0.42
                            Total Cost: 20895.90
                            Plan Rows: 7994
                            Plan Width: 24
                            Actual Startup Time: 0.156
                            Actual Total Time: 134.978
                            Actual Rows: 8652
                            Actual Loops: 1
                            Plans: 
                              - Node Type: "Seq Scan"
                                Parent Relationship: "Outer"
                                Relation Name: "part"
                                Alias: "part"
                                Startup Cost: 0.00
                                Total Cost: 6599.00
                                Plan Rows: 2020
                                Plan Width: 4
                                Actual Startup Time: 0.102
                                Actual Total Time: 88.414
                                Actual Rows: 2163
                                Actual Loops: 1
                                Filter: "((p_name)::text ~~ 'metallic%'::text)"
                                Rows Removed by Filter: 197837
                              - Node Type: "Index Scan"
                                Parent Relationship: "Inner"
                                Scan Direction: "Forward"
                                Index Name: "idx_partsupp_partkey"
                                Relation Name: "partsupp"
                                Alias: "partsupp"
                                Startup Cost: 0.42
                                Total Cost: 7.04
                                Plan Rows: 4
                                Plan Width: 20
                                Actual Startup Time: 0.016
                                Actual Total Time: 0.018
                                Actual Rows: 4
                                Actual Loops: 2163
                                Index Cond: "(ps_partkey = part.p_partkey)"
                                Rows Removed by Index Recheck: 0
  Planning Time: 5.668
  Triggers: 
  Execution Time: 8987.296
Key => Node Type
Value  name ,=> -1.0
Key => Plan Width
Value  name ,=> 51.0
Key => Actual Rows
Value  name ,=> 1.0
Key => Actual Loops
Value  name ,=> 1.0
Key => Plans
Value  name ,=> -1.0
Key => Node Type
Value  name ,=> -1.0
Key => Parent Relationship
Value  name ,=> -1.0
Key => Plan Width
Value  name ,=> 51.0
Key => Actual Rows
Value  name ,=> 1.0
Key => Actual Loops
Value  name ,=> 1.0
Key => Sort Key
Value  name ,=> 1.0
Key => Sort Method
Value  name ,=> -1.0
Key => Sort Space Used
Value  name ,=> 25.0
Key => Sort Space Type
Value  name ,=> -1.0
Key => Plans
Value  name ,=> -1.0
Key => Node Type
Value  name ,=> -1.0
Key => Parent Relationship
Value  name ,=> -1.0
Key => Join Type
Value  name ,=> -1.0
Key => Plan Width
Value  name ,=> 51.0
Key => Actual Rows
Value  name ,=> 175.0
Key => Actual Loops
Value  name ,=> 1.0
Key => Join Filter
Value  name ,=> -1.0
Key => Plans
Value  name ,=> -1.0
Key => Node Type
Value  name ,=> -1.0
Key => Parent Relationship
Value  name ,=> -1.0
Key => Join Type
Value  name ,=> -1.0
Key => Plan Width
Value  name ,=> 55.0
Key => Actual Rows
Value  name ,=> 397.0
Key => Actual Loops
Value  name ,=> 1.0
Key => Hash Cond
Value  name ,=> -1.0
Key => Plans
Value  name ,=> -1.0
Key => Node Type
Value  name ,=> -1.0
Key => Parent Relationship
Value  name ,=> -1.0
Key => Relation Name
Value  name ,=> -1.0
Key => Alias
Value  name ,=> -1.0
Key => Plan Width
Value  name ,=> 63.0
Key => Actual Rows
Value  name ,=> 10000.0
Key => Actual Loops
Value  name ,=> 1.0
Data SeqScan , 1.0 10000.0 63.0 0.0 3.951
Added training data to files
Key => Node Type
Value  name ,=> -1.0
Key => Parent Relationship
Value  name ,=> -1.0
Key => Plan Width
Value  name ,=> 4.0
Key => Actual Rows
Value  name ,=> 1.0
Key => Actual Loops
Value  name ,=> 1.0
Key => Hash Buckets
Value  name ,=> 1024.0
Key => Hash Batches
Value  name ,=> 1.0
Key => Original Hash Batches
Value  name ,=> 1.0
Key => Peak Memory Usage
Value  name ,=> 1.0
Key => Plans
Value  name ,=> -1.0
Key => Node Type
Value  name ,=> -1.0
Key => Parent Relationship
Value  name ,=> -1.0
Key => Relation Name
Value  name ,=> -1.0
Key => Alias
Value  name ,=> -1.0
Key => Plan Width
Value  name ,=> 4.0
Key => Actual Rows
Value  name ,=> 1.0
Key => Actual Loops
Value  name ,=> 1.0
Key => Filter
Value  name ,=> -1.0
Data SeqScan , 1.0 1.0 4.0 24.0 0.083
Added training data to files
Data Hash , 1.0 1.0 1.0 1024.0 1.0 1.0 4.0 0.0 1.0 4.0 0.091
Added training data to files
Data HashJoin , 1.0 397.0 55.0 0.0 10000.0 63.0 1.0 4.0 7.502
Added training data to files
Key => Node Type
Value  name ,=> -1.0
Key => Parent Relationship
Value  name ,=> -1.0
Key => Plan Width
Value  name ,=> 16.0
Key => Actual Rows
Value  name ,=> 4356.0
Key => Actual Loops
Value  name ,=> 397.0
Key => Plans
Value  name ,=> -1.0
Key => Node Type
Value  name ,=> -1.0
Key => Parent Relationship
Value  name ,=> -1.0
Key => Join Type
Value  name ,=> -1.0
Key => Plan Width
Value  name ,=> 16.0
Key => Actual Rows
Value  name ,=> 5837.0
Key => Actual Loops
Value  name ,=> 1.0
Key => Merge Cond
Value  name ,=> -1.0
Key => Join Filter
Value  name ,=> -1.0
Key => Plans
Value  name ,=> -1.0
Key => Node Type
Value  name ,=> -1.0
Key => Strategy
Value  name ,=> -1.0
Key => Parent Relationship
Value  name ,=> -1.0
Key => Plan Width
Value  name ,=> 21.0
Key => Actual Rows
Value  name ,=> 542150.0
Key => Actual Loops
Value  name ,=> 1.0
Key => Group Key
Value  name ,=> 2.0
Key => Plans
Value  name ,=> -1.0
Key => Node Type
Value  name ,=> -1.0
Key => Parent Relationship
Value  name ,=> -1.0
Key => Plan Width
Value  name ,=> 21.0
Key => Actual Rows
Value  name ,=> 907682.0
Key => Actual Loops
Value  name ,=> 1.0
Key => Sort Key
Value  name ,=> 2.0
Key => Sort Method
Value  name ,=> -1.0
Key => Sort Space Used
Value  name ,=> 27472.0
Key => Sort Space Type
Value  name ,=> -1.0
Key => Plans
Value  name ,=> -1.0
Key => Node Type
Value  name ,=> -1.0
Key => Parent Relationship
Value  name ,=> -1.0
Key => Relation Name
Value  name ,=> -1.0
Key => Alias
Value  name ,=> -1.0
Key => Plan Width
Value  name ,=> 21.0
Key => Actual Rows
Value  name ,=> 909455.0
Key => Actual Loops
Value  name ,=> 1.0
Key => Recheck Cond
Value  name ,=> -1.0
Key => Rows Removed by Index Recheck
Value  name ,=> 3244260.0
Key => Exact Heap Blocks
Value  name ,=> 32083.0
Key => Lossy Heap Blocks
Value  name ,=> 79352.0
Key => Plans
Value  name ,=> -1.0
Key => Node Type
Value  name ,=> -1.0
Key => Parent Relationship
Value  name ,=> -1.0
Key => Index Name
Value  name ,=> -1.0
Key => Plan Width
Value  name ,=> 0.0
Key => Actual Rows
Value  name ,=> 909455.0
Key => Actual Loops
Value  name ,=> 1.0
Key => Index Cond
Value  name ,=> -1.0
Data BitmapIndexScan , 1.0 909455.0 0.0 0.0 427.649
Added training data to files
Data BitmapHeapScan , 1.0 909455.0 32083.0 79352.0 21.0 3244260.0 0.0 909455.0 0.0 3734.724
Added training data to files
Data Sort-externalmerge , 1.0 907682.0 21.0 2.0 27472.0 0.0 909455.0 21.0 6440.724
Added training data to files
Data Aggregate-Sorted , 1.0 542150.0 2.0 21.0 0.0 907682.0 21.0 8086.999
Added training data to files
Key => Node Type
Value  name ,=> -1.0
Key => Parent Relationship
Value  name ,=> -1.0
Key => Plan Width
Value  name ,=> 24.0
Key => Actual Rows
Value  name ,=> 8652.0
Key => Actual Loops
Value  name ,=> 1.0
Key => Sort Key
Value  name ,=> 2.0
Key => Sort Method
Value  name ,=> -1.0
Key => Sort Space Used
Value  name ,=> 1128.0
Key => Sort Space Type
Value  name ,=> -1.0
Key => Plans
Value  name ,=> -1.0
Key => Node Type
Value  name ,=> -1.0
Key => Parent Relationship
Value  name ,=> -1.0
Key => Join Type
Value  name ,=> -1.0
Key => Plan Width
Value  name ,=> 24.0
Key => Actual Rows
Value  name ,=> 8652.0
Key => Actual Loops
Value  name ,=> 1.0
Key => Plans
Value  name ,=> -1.0
Key => Node Type
Value  name ,=> -1.0
Key => Parent Relationship
Value  name ,=> -1.0
Key => Relation Name
Value  name ,=> -1.0
Key => Alias
Value  name ,=> -1.0
Key => Plan Width
Value  name ,=> 4.0
Key => Actual Rows
Value  name ,=> 2163.0
Key => Actual Loops
Value  name ,=> 1.0
Key => Filter
Value  name ,=> -1.0
Data SeqScan , 1.0 2163.0 4.0 197837.0 88.414
Added training data to files
Key => Node Type
Value  name ,=> -1.0
Key => Parent Relationship
Value  name ,=> -1.0
Key => Scan Direction
Value  name ,=> -1.0
Key => Index Name
Value  name ,=> -1.0
Key => Relation Name
Value  name ,=> -1.0
Key => Alias
Value  name ,=> -1.0
Key => Plan Width
Value  name ,=> 20.0
Key => Actual Rows
Value  name ,=> 4.0
Key => Actual Loops
Value  name ,=> 2163.0
Key => Index Cond
Value  name ,=> -1.0
Key => Rows Removed by Index Recheck
Value  name ,=> 0.0
Data IndexScan , 2163.0 4.0 20.0 0.0 0.0 0.018
Added training data to files
Data NestedLoopIndexScan , 1.0 8652.0 24.0 0.0 2163.0 4.0 4.0 20.0 134.978
Added training data to files
Data Sort-quicksort , 1.0 8652.0 24.0 2.0 1128.0 0.0 8652.0 24.0 145.336
Added training data to files
Data MergeJoin , 1.0 5837.0 16.0 12.0 542150.0 21.0 8652.0 24.0 8373.926
Added training data to files
Data Materialize , 397.0 4356.0 16.0 0.0 5837.0 16.0 21.561
Added training data to files
Data NestedLoopMaterialize , 1.0 175.0 51.0 1729129.0 397.0 55.0 4356.0 16.0 8976.005
Added training data to files
Data Sort-top-Nheapsort , 1.0 1.0 51.0 1.0 25.0 0.0 175.0 51.0 8976.582
Added training data to files
Data Limit , 1.0 1.0 51.0 0.0 1.0 51.0 8976.584
Added training data to files
Training query 184 executed successfully
Executed command ,script returned :  Exit value of child process : 1
Query : 
select
	s_name,
	s_address
from
	supplier,
	nation
where
	s_suppkey in (
		select
			ps_suppkey
		from
			partsupp,
			(
				select
					l_partkey agg_partkey,
					l_suppkey agg_suppkey,
					0.5 * sum(l_quantity) AS agg_quantity
				from
					lineitem
				where
					l_shipdate >= date '1994-01-01'
					and l_shipdate < date '1994-01-01' + interval '1' year
				group by
					l_partkey,
					l_suppkey
			) agg_lineitem
		where
			agg_partkey = ps_partkey
			and agg_suppkey = ps_suppkey
			and ps_partkey in (
				select
					p_partkey
				from
					part
				where
					p_name like 'metallic%'
			)
			and ps_availqty > agg_quantity
	)
	and s_nationkey = n_nationkey
	and n_name = 'BRAZIL'
order by
	s_name
LIMIT 1;

Node output - Plan: 
    Node Type: "Limit"
    Startup Cost: 298332.82
    Total Cost: 298332.82
    Plan Rows: 1
    Plan Width: 51
    Actual Startup Time: 9127.568
    Actual Total Time: 9127.568
    Actual Rows: 1
    Actual Loops: 1
    Plans: 
      - Node Type: "Sort"
        Parent Relationship: "Outer"
        Startup Cost: 298332.82
        Total Cost: 298333.32
        Plan Rows: 200
        Plan Width: 51
        Actual Startup Time: 9127.567
        Actual Total Time: 9127.567
        Actual Rows: 1
        Actual Loops: 1
        Sort Key: 
          - "supplier.s_name"
        Sort Method: "top-N heapsort"
        Sort Space Used: 25
        Sort Space Type: "Memory"
        Plans: 
          - Node Type: "Nested Loop"
            Parent Relationship: "Outer"
            Join Type: "Semi"
            Startup Cost: 286225.78
            Total Cost: 298331.82
            Plan Rows: 200
            Plan Width: 51
            Actual Startup Time: 8522.705
            Actual Total Time: 9127.023
            Actual Rows: 175
            Actual Loops: 1
            Join Filter: "(supplier.s_suppkey = lineitem.l_suppkey)"
            Rows Removed by Join Filter: 1729129
            Plans: 
              - Node Type: "Hash Join"
                Parent Relationship: "Outer"
                Join Type: "Inner"
                Startup Cost: 1.32
                Total Cost: 372.82
                Plan Rows: 400
                Plan Width: 55
                Actual Startup Time: 0.054
                Actual Total Time: 7.264
                Actual Rows: 397
                Actual Loops: 1
                Hash Cond: "(supplier.s_nationkey = nation.n_nationkey)"
                Plans: 
                  - Node Type: "Seq Scan"
                    Parent Relationship: "Outer"
                    Relation Name: "supplier"
                    Alias: "supplier"
                    Startup Cost: 0.00
                    Total Cost: 330.00
                    Plan Rows: 10000
                    Plan Width: 63
                    Actual Startup Time: 0.009
                    Actual Total Time: 3.770
                    Actual Rows: 10000
                    Actual Loops: 1
                  - Node Type: "Hash"
                    Parent Relationship: "Inner"
                    Startup Cost: 1.31
                    Total Cost: 1.31
                    Plan Rows: 1
                    Plan Width: 4
                    Actual Startup Time: 0.027
                    Actual Total Time: 0.027
                    Actual Rows: 1
                    Actual Loops: 1
                    Hash Buckets: 1024
                    Hash Batches: 1
                    Original Hash Batches: 1
                    Peak Memory Usage: 1
                    Plans: 
                      - Node Type: "Seq Scan"
                        Parent Relationship: "Outer"
                        Relation Name: "nation"
                        Alias: "nation"
                        Startup Cost: 0.00
                        Total Cost: 1.31
                        Plan Rows: 1
                        Plan Width: 4
                        Actual Startup Time: 0.015
                        Actual Total Time: 0.024
                        Actual Rows: 1
                        Actual Loops: 1
                        Filter: "(n_name = 'BRAZIL'::bpchar)"
                        Rows Removed by Filter: 24
              - Node Type: "Materialize"
                Parent Relationship: "Inner"
                Startup Cost: 286224.46
                Total Cost: 297923.01
                Plan Rows: 6
                Plan Width: 16
                Actual Startup Time: 14.614
                Actual Total Time: 21.924
                Actual Rows: 4356
                Actual Loops: 397
                Plans: 
                  - Node Type: "Merge Join"
                    Parent Relationship: "Outer"
                    Join Type: "Inner"
                    Startup Cost: 286224.46
                    Total Cost: 297922.98
                    Plan Rows: 6
                    Plan Width: 16
                    Actual Startup Time: 5801.600
                    Actual Total Time: 8515.558
                    Actual Rows: 5837
                    Actual Loops: 1
                    Merge Cond: "((lineitem.l_partkey = partsupp.ps_partkey) AND (lineitem.l_suppkey = partsupp.ps_suppkey))"
                    Join Filter: "((partsupp.ps_availqty)::numeric > ((0.5 * sum(lineitem.l_quantity))))"
                    Rows Removed by Join Filter: 12
                    Plans: 
                      - Node Type: "Aggregate"
                        Strategy: "Sorted"
                        Parent Relationship: "Outer"
                        Startup Cost: 264810.36
                        Total Cost: 275105.99
                        Plan Rows: 89528
                        Plan Width: 21
                        Actual Startup Time: 5653.959
                        Actual Total Time: 8223.993
                        Actual Rows: 542150
                        Actual Loops: 1
                        Group Key: 
                          - "lineitem.l_partkey"
                          - "lineitem.l_suppkey"
                        Plans: 
                          - Node Type: "Sort"
                            Parent Relationship: "Outer"
                            Startup Cost: 264810.36
                            Total Cost: 267048.54
                            Plan Rows: 895271
                            Plan Width: 21
                            Actual Startup Time: 5653.925
                            Actual Total Time: 6554.677
                            Actual Rows: 907682
                            Actual Loops: 1
                            Sort Key: 
                              - "lineitem.l_partkey"
                              - "lineitem.l_suppkey"
                            Sort Method: "external merge"
                            Sort Space Used: 27472
                            Sort Space Type: "Disk"
                            Plans: 
                              - Node Type: "Bitmap Heap Scan"
                                Parent Relationship: "Outer"
                                Relation Name: "lineitem"
                                Alias: "lineitem"
                                Startup Cost: 22968.96
                                Total Cost: 157943.03
                                Plan Rows: 895271
                                Plan Width: 21
                                Actual Startup Time: 456.433
                                Actual Total Time: 3807.832
                                Actual Rows: 909455
                                Actual Loops: 1
                                Recheck Cond: "((l_shipdate >= '1994-01-01'::date) AND (l_shipdate < '1995-01-01 00:00:00'::timestamp without time zone))"
                                Rows Removed by Index Recheck: 3244260
                                Exact Heap Blocks: 32083
                                Lossy Heap Blocks: 79352
                                Plans: 
                                  - Node Type: "Bitmap Index Scan"
                                    Parent Relationship: "Outer"
                                    Index Name: "idx_lineitem_shipdate"
                                    Startup Cost: 0.00
                                    Total Cost: 22745.14
                                    Plan Rows: 895271
                                    Plan Width: 0
                                    Actual Startup Time: 441.458
                                    Actual Total Time: 441.458
                                    Actual Rows: 909455
                                    Actual Loops: 1
                                    Index Cond: "((l_shipdate >= '1994-01-01'::date) AND (l_shipdate < '1995-01-01 00:00:00'::timestamp without time zone))"
                      - Node Type: "Sort"
                        Parent Relationship: "Inner"
                        Startup Cost: 21414.10
                        Total Cost: 21434.08
                        Plan Rows: 7994
                        Plan Width: 24
                        Actual Startup Time: 145.532
                        Actual Total Time: 147.494
                        Actual Rows: 8652
                        Actual Loops: 1
                        Sort Key: 
                          - "partsupp.ps_partkey"
                          - "partsupp.ps_suppkey"
                        Sort Method: "quicksort"
                        Sort Space Used: 1128
                        Sort Space Type: "Memory"
                        Plans: 
                          - Node Type: "Nested Loop"
                            Parent Relationship: "Outer"
                            Join Type: "Inner"
                            Startup Cost: 0.42
                            Total Cost: 20895.90
                            Plan Rows: 7994
                            Plan Width: 24
                            Actual Startup Time: 0.155
                            Actual Total Time: 137.036
                            Actual Rows: 8652
                            Actual Loops: 1
                            Plans: 
                              - Node Type: "Seq Scan"
                                Parent Relationship: "Outer"
                                Relation Name: "part"
                                Alias: "part"
                                Startup Cost: 0.00
                                Total Cost: 6599.00
                                Plan Rows: 2020
                                Plan Width: 4
                                Actual Startup Time: 0.102
                                Actual Total Time: 90.125
                                Actual Rows: 2163
                                Actual Loops: 1
                                Filter: "((p_name)::text ~~ 'metallic%'::text)"
                                Rows Removed by Filter: 197837
                              - Node Type: "Index Scan"
                                Parent Relationship: "Inner"
                                Scan Direction: "Forward"
                                Index Name: "idx_partsupp_partkey"
                                Relation Name: "partsupp"
                                Alias: "partsupp"
                                Startup Cost: 0.42
                                Total Cost: 7.04
                                Plan Rows: 4
                                Plan Width: 20
                                Actual Startup Time: 0.016
                                Actual Total Time: 0.019
                                Actual Rows: 4
                                Actual Loops: 2163
                                Index Cond: "(ps_partkey = part.p_partkey)"
                                Rows Removed by Index Recheck: 0
  Planning Time: 1.967
  Triggers: 
  Execution Time: 9138.386
Key => Node Type
Value  name ,=> -1.0
Key => Plan Width
Value  name ,=> 51.0
Key => Actual Rows
Value  name ,=> 1.0
Key => Actual Loops
Value  name ,=> 1.0
Key => Plans
Value  name ,=> -1.0
Key => Node Type
Value  name ,=> -1.0
Key => Parent Relationship
Value  name ,=> -1.0
Key => Plan Width
Value  name ,=> 51.0
Key => Actual Rows
Value  name ,=> 1.0
Key => Actual Loops
Value  name ,=> 1.0
Key => Sort Key
Value  name ,=> 1.0
Key => Sort Method
Value  name ,=> -1.0
Key => Sort Space Used
Value  name ,=> 25.0
Key => Sort Space Type
Value  name ,=> -1.0
Key => Plans
Value  name ,=> -1.0
Key => Node Type
Value  name ,=> -1.0
Key => Parent Relationship
Value  name ,=> -1.0
Key => Join Type
Value  name ,=> -1.0
Key => Plan Width
Value  name ,=> 51.0
Key => Actual Rows
Value  name ,=> 175.0
Key => Actual Loops
Value  name ,=> 1.0
Key => Join Filter
Value  name ,=> -1.0
Key => Plans
Value  name ,=> -1.0
Key => Node Type
Value  name ,=> -1.0
Key => Parent Relationship
Value  name ,=> -1.0
Key => Join Type
Value  name ,=> -1.0
Key => Plan Width
Value  name ,=> 55.0
Key => Actual Rows
Value  name ,=> 397.0
Key => Actual Loops
Value  name ,=> 1.0
Key => Hash Cond
Value  name ,=> -1.0
Key => Plans
Value  name ,=> -1.0
Key => Node Type
Value  name ,=> -1.0
Key => Parent Relationship
Value  name ,=> -1.0
Key => Relation Name
Value  name ,=> -1.0
Key => Alias
Value  name ,=> -1.0
Key => Plan Width
Value  name ,=> 63.0
Key => Actual Rows
Value  name ,=> 10000.0
Key => Actual Loops
Value  name ,=> 1.0
Data SeqScan , 1.0 10000.0 63.0 0.0 3.77
Added training data to files
Key => Node Type
Value  name ,=> -1.0
Key => Parent Relationship
Value  name ,=> -1.0
Key => Plan Width
Value  name ,=> 4.0
Key => Actual Rows
Value  name ,=> 1.0
Key => Actual Loops
Value  name ,=> 1.0
Key => Hash Buckets
Value  name ,=> 1024.0
Key => Hash Batches
Value  name ,=> 1.0
Key => Original Hash Batches
Value  name ,=> 1.0
Key => Peak Memory Usage
Value  name ,=> 1.0
Key => Plans
Value  name ,=> -1.0
Key => Node Type
Value  name ,=> -1.0
Key => Parent Relationship
Value  name ,=> -1.0
Key => Relation Name
Value  name ,=> -1.0
Key => Alias
Value  name ,=> -1.0
Key => Plan Width
Value  name ,=> 4.0
Key => Actual Rows
Value  name ,=> 1.0
Key => Actual Loops
Value  name ,=> 1.0
Key => Filter
Value  name ,=> -1.0
Data SeqScan , 1.0 1.0 4.0 24.0 0.024
Added training data to files
Data Hash , 1.0 1.0 1.0 1024.0 1.0 1.0 4.0 0.0 1.0 4.0 0.027
Added training data to files
Data HashJoin , 1.0 397.0 55.0 0.0 10000.0 63.0 1.0 4.0 7.264
Added training data to files
Key => Node Type
Value  name ,=> -1.0
Key => Parent Relationship
Value  name ,=> -1.0
Key => Plan Width
Value  name ,=> 16.0
Key => Actual Rows
Value  name ,=> 4356.0
Key => Actual Loops
Value  name ,=> 397.0
Key => Plans
Value  name ,=> -1.0
Key => Node Type
Value  name ,=> -1.0
Key => Parent Relationship
Value  name ,=> -1.0
Key => Join Type
Value  name ,=> -1.0
Key => Plan Width
Value  name ,=> 16.0
Key => Actual Rows
Value  name ,=> 5837.0
Key => Actual Loops
Value  name ,=> 1.0
Key => Merge Cond
Value  name ,=> -1.0
Key => Join Filter
Value  name ,=> -1.0
Key => Plans
Value  name ,=> -1.0
Key => Node Type
Value  name ,=> -1.0
Key => Strategy
Value  name ,=> -1.0
Key => Parent Relationship
Value  name ,=> -1.0
Key => Plan Width
Value  name ,=> 21.0
Key => Actual Rows
Value  name ,=> 542150.0
Key => Actual Loops
Value  name ,=> 1.0
Key => Group Key
Value  name ,=> 2.0
Key => Plans
Value  name ,=> -1.0
Key => Node Type
Value  name ,=> -1.0
Key => Parent Relationship
Value  name ,=> -1.0
Key => Plan Width
Value  name ,=> 21.0
Key => Actual Rows
Value  name ,=> 907682.0
Key => Actual Loops
Value  name ,=> 1.0
Key => Sort Key
Value  name ,=> 2.0
Key => Sort Method
Value  name ,=> -1.0
Key => Sort Space Used
Value  name ,=> 27472.0
Key => Sort Space Type
Value  name ,=> -1.0
Key => Plans
Value  name ,=> -1.0
Key => Node Type
Value  name ,=> -1.0
Key => Parent Relationship
Value  name ,=> -1.0
Key => Relation Name
Value  name ,=> -1.0
Key => Alias
Value  name ,=> -1.0
Key => Plan Width
Value  name ,=> 21.0
Key => Actual Rows
Value  name ,=> 909455.0
Key => Actual Loops
Value  name ,=> 1.0
Key => Recheck Cond
Value  name ,=> -1.0
Key => Rows Removed by Index Recheck
Value  name ,=> 3244260.0
Key => Exact Heap Blocks
Value  name ,=> 32083.0
Key => Lossy Heap Blocks
Value  name ,=> 79352.0
Key => Plans
Value  name ,=> -1.0
Key => Node Type
Value  name ,=> -1.0
Key => Parent Relationship
Value  name ,=> -1.0
Key => Index Name
Value  name ,=> -1.0
Key => Plan Width
Value  name ,=> 0.0
Key => Actual Rows
Value  name ,=> 909455.0
Key => Actual Loops
Value  name ,=> 1.0
Key => Index Cond
Value  name ,=> -1.0
Data BitmapIndexScan , 1.0 909455.0 0.0 0.0 441.458
Added training data to files
Data BitmapHeapScan , 1.0 909455.0 32083.0 79352.0 21.0 3244260.0 0.0 909455.0 0.0 3807.832
Added training data to files
Data Sort-externalmerge , 1.0 907682.0 21.0 2.0 27472.0 0.0 909455.0 21.0 6554.677
Added training data to files
Data Aggregate-Sorted , 1.0 542150.0 2.0 21.0 0.0 907682.0 21.0 8223.993
Added training data to files
Key => Node Type
Value  name ,=> -1.0
Key => Parent Relationship
Value  name ,=> -1.0
Key => Plan Width
Value  name ,=> 24.0
Key => Actual Rows
Value  name ,=> 8652.0
Key => Actual Loops
Value  name ,=> 1.0
Key => Sort Key
Value  name ,=> 2.0
Key => Sort Method
Value  name ,=> -1.0
Key => Sort Space Used
Value  name ,=> 1128.0
Key => Sort Space Type
Value  name ,=> -1.0
Key => Plans
Value  name ,=> -1.0
Key => Node Type
Value  name ,=> -1.0
Key => Parent Relationship
Value  name ,=> -1.0
Key => Join Type
Value  name ,=> -1.0
Key => Plan Width
Value  name ,=> 24.0
Key => Actual Rows
Value  name ,=> 8652.0
Key => Actual Loops
Value  name ,=> 1.0
Key => Plans
Value  name ,=> -1.0
Key => Node Type
Value  name ,=> -1.0
Key => Parent Relationship
Value  name ,=> -1.0
Key => Relation Name
Value  name ,=> -1.0
Key => Alias
Value  name ,=> -1.0
Key => Plan Width
Value  name ,=> 4.0
Key => Actual Rows
Value  name ,=> 2163.0
Key => Actual Loops
Value  name ,=> 1.0
Key => Filter
Value  name ,=> -1.0
Data SeqScan , 1.0 2163.0 4.0 197837.0 90.125
Added training data to files
Key => Node Type
Value  name ,=> -1.0
Key => Parent Relationship
Value  name ,=> -1.0
Key => Scan Direction
Value  name ,=> -1.0
Key => Index Name
Value  name ,=> -1.0
Key => Relation Name
Value  name ,=> -1.0
Key => Alias
Value  name ,=> -1.0
Key => Plan Width
Value  name ,=> 20.0
Key => Actual Rows
Value  name ,=> 4.0
Key => Actual Loops
Value  name ,=> 2163.0
Key => Index Cond
Value  name ,=> -1.0
Key => Rows Removed by Index Recheck
Value  name ,=> 0.0
Data IndexScan , 2163.0 4.0 20.0 0.0 0.0 0.019
Added training data to files
Data NestedLoopIndexScan , 1.0 8652.0 24.0 0.0 2163.0 4.0 4.0 20.0 137.036
Added training data to files
Data Sort-quicksort , 1.0 8652.0 24.0 2.0 1128.0 0.0 8652.0 24.0 147.494
Added training data to files
Data MergeJoin , 1.0 5837.0 16.0 12.0 542150.0 21.0 8652.0 24.0 8515.558
Added training data to files
Data Materialize , 397.0 4356.0 16.0 0.0 5837.0 16.0 21.924
Added training data to files
Data NestedLoopMaterialize , 1.0 175.0 51.0 1729129.0 397.0 55.0 4356.0 16.0 9127.023
Added training data to files
Data Sort-top-Nheapsort , 1.0 1.0 51.0 1.0 25.0 0.0 175.0 51.0 9127.567
Added training data to files
Data Limit , 1.0 1.0 51.0 0.0 1.0 51.0 9127.568
Added training data to files
Training query 185 executed successfully
Executed command ,script returned :  Exit value of child process : 1
Query : 
select
	s_name,
	s_address
from
	supplier,
	nation
where
	s_suppkey in (
		select
			ps_suppkey
		from
			partsupp,
			(
				select
					l_partkey agg_partkey,
					l_suppkey agg_suppkey,
					0.5 * sum(l_quantity) AS agg_quantity
				from
					lineitem
				where
					l_shipdate >= date '1994-01-01'
					and l_shipdate < date '1994-01-01' + interval '1' year
				group by
					l_partkey,
					l_suppkey
			) agg_lineitem
		where
			agg_partkey = ps_partkey
			and agg_suppkey = ps_suppkey
			and ps_partkey in (
				select
					p_partkey
				from
					part
				where
					p_name like 'metallic%'
			)
			and ps_availqty > agg_quantity
	)
	and s_nationkey = n_nationkey
	and n_name = 'BRAZIL'
order by
	s_name
LIMIT 1;

Node output - Plan: 
    Node Type: "Limit"
    Startup Cost: 298332.82
    Total Cost: 298332.82
    Plan Rows: 1
    Plan Width: 51
    Actual Startup Time: 10266.449
    Actual Total Time: 10266.450
    Actual Rows: 1
    Actual Loops: 1
    Plans: 
      - Node Type: "Sort"
        Parent Relationship: "Outer"
        Startup Cost: 298332.82
        Total Cost: 298333.32
        Plan Rows: 200
        Plan Width: 51
        Actual Startup Time: 10266.446
        Actual Total Time: 10266.446
        Actual Rows: 1
        Actual Loops: 1
        Sort Key: 
          - "supplier.s_name"
        Sort Method: "top-N heapsort"
        Sort Space Used: 25
        Sort Space Type: "Memory"
        Plans: 
          - Node Type: "Nested Loop"
            Parent Relationship: "Outer"
            Join Type: "Semi"
            Startup Cost: 286225.78
            Total Cost: 298331.82
            Plan Rows: 200
            Plan Width: 51
            Actual Startup Time: 9595.793
            Actual Total Time: 10265.835
            Actual Rows: 175
            Actual Loops: 1
            Join Filter: "(supplier.s_suppkey = lineitem.l_suppkey)"
            Rows Removed by Join Filter: 1729129
            Plans: 
              - Node Type: "Hash Join"
                Parent Relationship: "Outer"
                Join Type: "Inner"
                Startup Cost: 1.32
                Total Cost: 372.82
                Plan Rows: 400
                Plan Width: 55
                Actual Startup Time: 0.164
                Actual Total Time: 8.147
                Actual Rows: 397
                Actual Loops: 1
                Hash Cond: "(supplier.s_nationkey = nation.n_nationkey)"
                Plans: 
                  - Node Type: "Seq Scan"
                    Parent Relationship: "Outer"
                    Relation Name: "supplier"
                    Alias: "supplier"
                    Startup Cost: 0.00
                    Total Cost: 330.00
                    Plan Rows: 10000
                    Plan Width: 63
                    Actual Startup Time: 0.020
                    Actual Total Time: 4.216
                    Actual Rows: 10000
                    Actual Loops: 1
                  - Node Type: "Hash"
                    Parent Relationship: "Inner"
                    Startup Cost: 1.31
                    Total Cost: 1.31
                    Plan Rows: 1
                    Plan Width: 4
                    Actual Startup Time: 0.091
                    Actual Total Time: 0.091
                    Actual Rows: 1
                    Actual Loops: 1
                    Hash Buckets: 1024
                    Hash Batches: 1
                    Original Hash Batches: 1
                    Peak Memory Usage: 1
                    Plans: 
                      - Node Type: "Seq Scan"
                        Parent Relationship: "Outer"
                        Relation Name: "nation"
                        Alias: "nation"
                        Startup Cost: 0.00
                        Total Cost: 1.31
                        Plan Rows: 1
                        Plan Width: 4
                        Actual Startup Time: 0.042
                        Actual Total Time: 0.084
                        Actual Rows: 1
                        Actual Loops: 1
                        Filter: "(n_name = 'BRAZIL'::bpchar)"
                        Rows Removed by Filter: 24
              - Node Type: "Materialize"
                Parent Relationship: "Inner"
                Startup Cost: 286224.46
                Total Cost: 297923.01
                Plan Rows: 6
                Plan Width: 16
                Actual Startup Time: 16.571
                Actual Total Time: 24.678
                Actual Rows: 4356
                Actual Loops: 397
                Plans: 
                  - Node Type: "Merge Join"
                    Parent Relationship: "Outer"
                    Join Type: "Inner"
                    Startup Cost: 286224.46
                    Total Cost: 297922.98
                    Plan Rows: 6
                    Plan Width: 16
                    Actual Startup Time: 6578.503
                    Actual Total Time: 9587.979
                    Actual Rows: 5837
                    Actual Loops: 1
                    Merge Cond: "((lineitem.l_partkey = partsupp.ps_partkey) AND (lineitem.l_suppkey = partsupp.ps_suppkey))"
                    Join Filter: "((partsupp.ps_availqty)::numeric > ((0.5 * sum(lineitem.l_quantity))))"
                    Rows Removed by Join Filter: 12
                    Plans: 
                      - Node Type: "Aggregate"
                        Strategy: "Sorted"
                        Parent Relationship: "Outer"
                        Startup Cost: 264810.36
                        Total Cost: 275105.99
                        Plan Rows: 89528
                        Plan Width: 21
                        Actual Startup Time: 6414.420
                        Actual Total Time: 9263.858
                        Actual Rows: 542150
                        Actual Loops: 1
                        Group Key: 
                          - "lineitem.l_partkey"
                          - "lineitem.l_suppkey"
                        Plans: 
                          - Node Type: "Sort"
                            Parent Relationship: "Outer"
                            Startup Cost: 264810.36
                            Total Cost: 267048.54
                            Plan Rows: 895271
                            Plan Width: 21
                            Actual Startup Time: 6414.384
                            Actual Total Time: 7404.808
                            Actual Rows: 907682
                            Actual Loops: 1
                            Sort Key: 
                              - "lineitem.l_partkey"
                              - "lineitem.l_suppkey"
                            Sort Method: "external merge"
                            Sort Space Used: 27472
                            Sort Space Type: "Disk"
                            Plans: 
                              - Node Type: "Bitmap Heap Scan"
                                Parent Relationship: "Outer"
                                Relation Name: "lineitem"
                                Alias: "lineitem"
                                Startup Cost: 22968.96
                                Total Cost: 157943.03
                                Plan Rows: 895271
                                Plan Width: 21
                                Actual Startup Time: 555.359
                                Actual Total Time: 4335.500
                                Actual Rows: 909455
                                Actual Loops: 1
                                Recheck Cond: "((l_shipdate >= '1994-01-01'::date) AND (l_shipdate < '1995-01-01 00:00:00'::timestamp without time zone))"
                                Rows Removed by Index Recheck: 3244260
                                Exact Heap Blocks: 32083
                                Lossy Heap Blocks: 79352
                                Plans: 
                                  - Node Type: "Bitmap Index Scan"
                                    Parent Relationship: "Outer"
                                    Index Name: "idx_lineitem_shipdate"
                                    Startup Cost: 0.00
                                    Total Cost: 22745.14
                                    Plan Rows: 895271
                                    Plan Width: 0
                                    Actual Startup Time: 538.527
                                    Actual Total Time: 538.527
                                    Actual Rows: 909455
                                    Actual Loops: 1
                                    Index Cond: "((l_shipdate >= '1994-01-01'::date) AND (l_shipdate < '1995-01-01 00:00:00'::timestamp without time zone))"
                      - Node Type: "Sort"
                        Parent Relationship: "Inner"
                        Startup Cost: 21414.10
                        Total Cost: 21434.08
                        Plan Rows: 7994
                        Plan Width: 24
                        Actual Startup Time: 161.784
                        Actual Total Time: 163.871
                        Actual Rows: 8652
                        Actual Loops: 1
                        Sort Key: 
                          - "partsupp.ps_partkey"
                          - "partsupp.ps_suppkey"
                        Sort Method: "quicksort"
                        Sort Space Used: 1128
                        Sort Space Type: "Memory"
                        Plans: 
                          - Node Type: "Nested Loop"
                            Parent Relationship: "Outer"
                            Join Type: "Inner"
                            Startup Cost: 0.42
                            Total Cost: 20895.90
                            Plan Rows: 7994
                            Plan Width: 24
                            Actual Startup Time: 0.173
                            Actual Total Time: 152.327
                            Actual Rows: 8652
                            Actual Loops: 1
                            Plans: 
                              - Node Type: "Seq Scan"
                                Parent Relationship: "Outer"
                                Relation Name: "part"
                                Alias: "part"
                                Startup Cost: 0.00
                                Total Cost: 6599.00
                                Plan Rows: 2020
                                Plan Width: 4
                                Actual Startup Time: 0.114
                                Actual Total Time: 100.625
                                Actual Rows: 2163
                                Actual Loops: 1
                                Filter: "((p_name)::text ~~ 'metallic%'::text)"
                                Rows Removed by Filter: 197837
                              - Node Type: "Index Scan"
                                Parent Relationship: "Inner"
                                Scan Direction: "Forward"
                                Index Name: "idx_partsupp_partkey"
                                Relation Name: "partsupp"
                                Alias: "partsupp"
                                Startup Cost: 0.42
                                Total Cost: 7.04
                                Plan Rows: 4
                                Plan Width: 20
                                Actual Startup Time: 0.017
                                Actual Total Time: 0.020
                                Actual Rows: 4
                                Actual Loops: 2163
                                Index Cond: "(ps_partkey = part.p_partkey)"
                                Rows Removed by Index Recheck: 0
  Planning Time: 5.920
  Triggers: 
  Execution Time: 10276.900
Key => Node Type
Value  name ,=> -1.0
Key => Plan Width
Value  name ,=> 51.0
Key => Actual Rows
Value  name ,=> 1.0
Key => Actual Loops
Value  name ,=> 1.0
Key => Plans
Value  name ,=> -1.0
Key => Node Type
Value  name ,=> -1.0
Key => Parent Relationship
Value  name ,=> -1.0
Key => Plan Width
Value  name ,=> 51.0
Key => Actual Rows
Value  name ,=> 1.0
Key => Actual Loops
Value  name ,=> 1.0
Key => Sort Key
Value  name ,=> 1.0
Key => Sort Method
Value  name ,=> -1.0
Key => Sort Space Used
Value  name ,=> 25.0
Key => Sort Space Type
Value  name ,=> -1.0
Key => Plans
Value  name ,=> -1.0
Key => Node Type
Value  name ,=> -1.0
Key => Parent Relationship
Value  name ,=> -1.0
Key => Join Type
Value  name ,=> -1.0
Key => Plan Width
Value  name ,=> 51.0
Key => Actual Rows
Value  name ,=> 175.0
Key => Actual Loops
Value  name ,=> 1.0
Key => Join Filter
Value  name ,=> -1.0
Key => Plans
Value  name ,=> -1.0
Key => Node Type
Value  name ,=> -1.0
Key => Parent Relationship
Value  name ,=> -1.0
Key => Join Type
Value  name ,=> -1.0
Key => Plan Width
Value  name ,=> 55.0
Key => Actual Rows
Value  name ,=> 397.0
Key => Actual Loops
Value  name ,=> 1.0
Key => Hash Cond
Value  name ,=> -1.0
Key => Plans
Value  name ,=> -1.0
Key => Node Type
Value  name ,=> -1.0
Key => Parent Relationship
Value  name ,=> -1.0
Key => Relation Name
Value  name ,=> -1.0
Key => Alias
Value  name ,=> -1.0
Key => Plan Width
Value  name ,=> 63.0
Key => Actual Rows
Value  name ,=> 10000.0
Key => Actual Loops
Value  name ,=> 1.0
Data SeqScan , 1.0 10000.0 63.0 0.0 4.216
Added training data to files
Key => Node Type
Value  name ,=> -1.0
Key => Parent Relationship
Value  name ,=> -1.0
Key => Plan Width
Value  name ,=> 4.0
Key => Actual Rows
Value  name ,=> 1.0
Key => Actual Loops
Value  name ,=> 1.0
Key => Hash Buckets
Value  name ,=> 1024.0
Key => Hash Batches
Value  name ,=> 1.0
Key => Original Hash Batches
Value  name ,=> 1.0
Key => Peak Memory Usage
Value  name ,=> 1.0
Key => Plans
Value  name ,=> -1.0
Key => Node Type
Value  name ,=> -1.0
Key => Parent Relationship
Value  name ,=> -1.0
Key => Relation Name
Value  name ,=> -1.0
Key => Alias
Value  name ,=> -1.0
Key => Plan Width
Value  name ,=> 4.0
Key => Actual Rows
Value  name ,=> 1.0
Key => Actual Loops
Value  name ,=> 1.0
Key => Filter
Value  name ,=> -1.0
Data SeqScan , 1.0 1.0 4.0 24.0 0.084
Added training data to files
Data Hash , 1.0 1.0 1.0 1024.0 1.0 1.0 4.0 0.0 1.0 4.0 0.091
Added training data to files
Data HashJoin , 1.0 397.0 55.0 0.0 10000.0 63.0 1.0 4.0 8.147
Added training data to files
Key => Node Type
Value  name ,=> -1.0
Key => Parent Relationship
Value  name ,=> -1.0
Key => Plan Width
Value  name ,=> 16.0
Key => Actual Rows
Value  name ,=> 4356.0
Key => Actual Loops
Value  name ,=> 397.0
Key => Plans
Value  name ,=> -1.0
Key => Node Type
Value  name ,=> -1.0
Key => Parent Relationship
Value  name ,=> -1.0
Key => Join Type
Value  name ,=> -1.0
Key => Plan Width
Value  name ,=> 16.0
Key => Actual Rows
Value  name ,=> 5837.0
Key => Actual Loops
Value  name ,=> 1.0
Key => Merge Cond
Value  name ,=> -1.0
Key => Join Filter
Value  name ,=> -1.0
Key => Plans
Value  name ,=> -1.0
Key => Node Type
Value  name ,=> -1.0
Key => Strategy
Value  name ,=> -1.0
Key => Parent Relationship
Value  name ,=> -1.0
Key => Plan Width
Value  name ,=> 21.0
Key => Actual Rows
Value  name ,=> 542150.0
Key => Actual Loops
Value  name ,=> 1.0
Key => Group Key
Value  name ,=> 2.0
Key => Plans
Value  name ,=> -1.0
Key => Node Type
Value  name ,=> -1.0
Key => Parent Relationship
Value  name ,=> -1.0
Key => Plan Width
Value  name ,=> 21.0
Key => Actual Rows
Value  name ,=> 907682.0
Key => Actual Loops
Value  name ,=> 1.0
Key => Sort Key
Value  name ,=> 2.0
Key => Sort Method
Value  name ,=> -1.0
Key => Sort Space Used
Value  name ,=> 27472.0
Key => Sort Space Type
Value  name ,=> -1.0
Key => Plans
Value  name ,=> -1.0
Key => Node Type
Value  name ,=> -1.0
Key => Parent Relationship
Value  name ,=> -1.0
Key => Relation Name
Value  name ,=> -1.0
Key => Alias
Value  name ,=> -1.0
Key => Plan Width
Value  name ,=> 21.0
Key => Actual Rows
Value  name ,=> 909455.0
Key => Actual Loops
Value  name ,=> 1.0
Key => Recheck Cond
Value  name ,=> -1.0
Key => Rows Removed by Index Recheck
Value  name ,=> 3244260.0
Key => Exact Heap Blocks
Value  name ,=> 32083.0
Key => Lossy Heap Blocks
Value  name ,=> 79352.0
Key => Plans
Value  name ,=> -1.0
Key => Node Type
Value  name ,=> -1.0
Key => Parent Relationship
Value  name ,=> -1.0
Key => Index Name
Value  name ,=> -1.0
Key => Plan Width
Value  name ,=> 0.0
Key => Actual Rows
Value  name ,=> 909455.0
Key => Actual Loops
Value  name ,=> 1.0
Key => Index Cond
Value  name ,=> -1.0
Data BitmapIndexScan , 1.0 909455.0 0.0 0.0 538.527
Added training data to files
Data BitmapHeapScan , 1.0 909455.0 32083.0 79352.0 21.0 3244260.0 0.0 909455.0 0.0 4335.5
Added training data to files
Data Sort-externalmerge , 1.0 907682.0 21.0 2.0 27472.0 0.0 909455.0 21.0 7404.808
Added training data to files
Data Aggregate-Sorted , 1.0 542150.0 2.0 21.0 0.0 907682.0 21.0 9263.858
Added training data to files
Key => Node Type
Value  name ,=> -1.0
Key => Parent Relationship
Value  name ,=> -1.0
Key => Plan Width
Value  name ,=> 24.0
Key => Actual Rows
Value  name ,=> 8652.0
Key => Actual Loops
Value  name ,=> 1.0
Key => Sort Key
Value  name ,=> 2.0
Key => Sort Method
Value  name ,=> -1.0
Key => Sort Space Used
Value  name ,=> 1128.0
Key => Sort Space Type
Value  name ,=> -1.0
Key => Plans
Value  name ,=> -1.0
Key => Node Type
Value  name ,=> -1.0
Key => Parent Relationship
Value  name ,=> -1.0
Key => Join Type
Value  name ,=> -1.0
Key => Plan Width
Value  name ,=> 24.0
Key => Actual Rows
Value  name ,=> 8652.0
Key => Actual Loops
Value  name ,=> 1.0
Key => Plans
Value  name ,=> -1.0
Key => Node Type
Value  name ,=> -1.0
Key => Parent Relationship
Value  name ,=> -1.0
Key => Relation Name
Value  name ,=> -1.0
Key => Alias
Value  name ,=> -1.0
Key => Plan Width
Value  name ,=> 4.0
Key => Actual Rows
Value  name ,=> 2163.0
Key => Actual Loops
Value  name ,=> 1.0
Key => Filter
Value  name ,=> -1.0
Data SeqScan , 1.0 2163.0 4.0 197837.0 100.625
Added training data to files
Key => Node Type
Value  name ,=> -1.0
Key => Parent Relationship
Value  name ,=> -1.0
Key => Scan Direction
Value  name ,=> -1.0
Key => Index Name
Value  name ,=> -1.0
Key => Relation Name
Value  name ,=> -1.0
Key => Alias
Value  name ,=> -1.0
Key => Plan Width
Value  name ,=> 20.0
Key => Actual Rows
Value  name ,=> 4.0
Key => Actual Loops
Value  name ,=> 2163.0
Key => Index Cond
Value  name ,=> -1.0
Key => Rows Removed by Index Recheck
Value  name ,=> 0.0
Data IndexScan , 2163.0 4.0 20.0 0.0 0.0 0.02
Added training data to files
Data NestedLoopIndexScan , 1.0 8652.0 24.0 0.0 2163.0 4.0 4.0 20.0 152.327
Added training data to files
Data Sort-quicksort , 1.0 8652.0 24.0 2.0 1128.0 0.0 8652.0 24.0 163.871
Added training data to files
Data MergeJoin , 1.0 5837.0 16.0 12.0 542150.0 21.0 8652.0 24.0 9587.979
Added training data to files
Data Materialize , 397.0 4356.0 16.0 0.0 5837.0 16.0 24.678
Added training data to files
Data NestedLoopMaterialize , 1.0 175.0 51.0 1729129.0 397.0 55.0 4356.0 16.0 10265.835
Added training data to files
Data Sort-top-Nheapsort , 1.0 1.0 51.0 1.0 25.0 0.0 175.0 51.0 10266.446
Added training data to files
Data Limit , 1.0 1.0 51.0 0.0 1.0 51.0 10266.45
Added training data to files
Training query 186 executed successfully
Executed command ,script returned :  Exit value of child process : 1
Query : 
select
	s_name,
	s_address
from
	supplier,
	nation
where
	s_suppkey in (
		select
			ps_suppkey
		from
			partsupp,
			(
				select
					l_partkey agg_partkey,
					l_suppkey agg_suppkey,
					0.5 * sum(l_quantity) AS agg_quantity
				from
					lineitem
				where
					l_shipdate >= date '1994-01-01'
					and l_shipdate < date '1994-01-01' + interval '1' year
				group by
					l_partkey,
					l_suppkey
			) agg_lineitem
		where
			agg_partkey = ps_partkey
			and agg_suppkey = ps_suppkey
			and ps_partkey in (
				select
					p_partkey
				from
					part
				where
					p_name like 'metallic%'
			)
			and ps_availqty > agg_quantity
	)
	and s_nationkey = n_nationkey
	and n_name = 'BRAZIL'
order by
	s_name
LIMIT 1;

Node output - Plan: 
    Node Type: "Limit"
    Startup Cost: 298332.82
    Total Cost: 298332.82
    Plan Rows: 1
    Plan Width: 51
    Actual Startup Time: 10009.551
    Actual Total Time: 10009.552
    Actual Rows: 1
    Actual Loops: 1
    Plans: 
      - Node Type: "Sort"
        Parent Relationship: "Outer"
        Startup Cost: 298332.82
        Total Cost: 298333.32
        Plan Rows: 200
        Plan Width: 51
        Actual Startup Time: 10009.548
        Actual Total Time: 10009.548
        Actual Rows: 1
        Actual Loops: 1
        Sort Key: 
          - "supplier.s_name"
        Sort Method: "top-N heapsort"
        Sort Space Used: 25
        Sort Space Type: "Memory"
        Plans: 
          - Node Type: "Nested Loop"
            Parent Relationship: "Outer"
            Join Type: "Semi"
            Startup Cost: 286225.78
            Total Cost: 298331.82
            Plan Rows: 200
            Plan Width: 51
            Actual Startup Time: 9349.384
            Actual Total Time: 10008.949
            Actual Rows: 175
            Actual Loops: 1
            Join Filter: "(supplier.s_suppkey = lineitem.l_suppkey)"
            Rows Removed by Join Filter: 1729129
            Plans: 
              - Node Type: "Hash Join"
                Parent Relationship: "Outer"
                Join Type: "Inner"
                Startup Cost: 1.32
                Total Cost: 372.82
                Plan Rows: 400
                Plan Width: 55
                Actual Startup Time: 0.063
                Actual Total Time: 8.001
                Actual Rows: 397
                Actual Loops: 1
                Hash Cond: "(supplier.s_nationkey = nation.n_nationkey)"
                Plans: 
                  - Node Type: "Seq Scan"
                    Parent Relationship: "Outer"
                    Relation Name: "supplier"
                    Alias: "supplier"
                    Startup Cost: 0.00
                    Total Cost: 330.00
                    Plan Rows: 10000
                    Plan Width: 63
                    Actual Startup Time: 0.010
                    Actual Total Time: 4.145
                    Actual Rows: 10000
                    Actual Loops: 1
                  - Node Type: "Hash"
                    Parent Relationship: "Inner"
                    Startup Cost: 1.31
                    Total Cost: 1.31
                    Plan Rows: 1
                    Plan Width: 4
                    Actual Startup Time: 0.032
                    Actual Total Time: 0.032
                    Actual Rows: 1
                    Actual Loops: 1
                    Hash Buckets: 1024
                    Hash Batches: 1
                    Original Hash Batches: 1
                    Peak Memory Usage: 1
                    Plans: 
                      - Node Type: "Seq Scan"
                        Parent Relationship: "Outer"
                        Relation Name: "nation"
                        Alias: "nation"
                        Startup Cost: 0.00
                        Total Cost: 1.31
                        Plan Rows: 1
                        Plan Width: 4
                        Actual Startup Time: 0.018
                        Actual Total Time: 0.027
                        Actual Rows: 1
                        Actual Loops: 1
                        Filter: "(n_name = 'BRAZIL'::bpchar)"
                        Rows Removed by Filter: 24
              - Node Type: "Materialize"
                Parent Relationship: "Inner"
                Startup Cost: 286224.46
                Total Cost: 297923.01
                Plan Rows: 6
                Plan Width: 16
                Actual Startup Time: 15.996
                Actual Total Time: 24.049
                Actual Rows: 4356
                Actual Loops: 397
                Plans: 
                  - Node Type: "Merge Join"
                    Parent Relationship: "Outer"
                    Join Type: "Inner"
                    Startup Cost: 286224.46
                    Total Cost: 297922.98
                    Plan Rows: 6
                    Plan Width: 16
                    Actual Startup Time: 6350.499
                    Actual Total Time: 9341.688
                    Actual Rows: 5837
                    Actual Loops: 1
                    Merge Cond: "((lineitem.l_partkey = partsupp.ps_partkey) AND (lineitem.l_suppkey = partsupp.ps_suppkey))"
                    Join Filter: "((partsupp.ps_availqty)::numeric > ((0.5 * sum(lineitem.l_quantity))))"
                    Rows Removed by Join Filter: 12
                    Plans: 
                      - Node Type: "Aggregate"
                        Strategy: "Sorted"
                        Parent Relationship: "Outer"
                        Startup Cost: 264810.36
                        Total Cost: 275105.99
                        Plan Rows: 89528
                        Plan Width: 21
                        Actual Startup Time: 6190.445
                        Actual Total Time: 9021.982
                        Actual Rows: 542150
                        Actual Loops: 1
                        Group Key: 
                          - "lineitem.l_partkey"
                          - "lineitem.l_suppkey"
                        Plans: 
                          - Node Type: "Sort"
                            Parent Relationship: "Outer"
                            Startup Cost: 264810.36
                            Total Cost: 267048.54
                            Plan Rows: 895271
                            Plan Width: 21
                            Actual Startup Time: 6190.409
                            Actual Total Time: 7175.783
                            Actual Rows: 907682
                            Actual Loops: 1
                            Sort Key: 
                              - "lineitem.l_partkey"
                              - "lineitem.l_suppkey"
                            Sort Method: "external merge"
                            Sort Space Used: 27472
                            Sort Space Type: "Disk"
                            Plans: 
                              - Node Type: "Bitmap Heap Scan"
                                Parent Relationship: "Outer"
                                Relation Name: "lineitem"
                                Alias: "lineitem"
                                Startup Cost: 22968.96
                                Total Cost: 157943.03
                                Plan Rows: 895271
                                Plan Width: 21
                                Actual Startup Time: 492.804
                                Actual Total Time: 4167.297
                                Actual Rows: 909455
                                Actual Loops: 1
                                Recheck Cond: "((l_shipdate >= '1994-01-01'::date) AND (l_shipdate < '1995-01-01 00:00:00'::timestamp without time zone))"
                                Rows Removed by Index Recheck: 3244260
                                Exact Heap Blocks: 32083
                                Lossy Heap Blocks: 79352
                                Plans: 
                                  - Node Type: "Bitmap Index Scan"
                                    Parent Relationship: "Outer"
                                    Index Name: "idx_lineitem_shipdate"
                                    Startup Cost: 0.00
                                    Total Cost: 22745.14
                                    Plan Rows: 895271
                                    Plan Width: 0
                                    Actual Startup Time: 476.105
                                    Actual Total Time: 476.105
                                    Actual Rows: 909455
                                    Actual Loops: 1
                                    Index Cond: "((l_shipdate >= '1994-01-01'::date) AND (l_shipdate < '1995-01-01 00:00:00'::timestamp without time zone))"
                      - Node Type: "Sort"
                        Parent Relationship: "Inner"
                        Startup Cost: 21414.10
                        Total Cost: 21434.08
                        Plan Rows: 7994
                        Plan Width: 24
                        Actual Startup Time: 157.862
                        Actual Total Time: 159.930
                        Actual Rows: 8652
                        Actual Loops: 1
                        Sort Key: 
                          - "partsupp.ps_partkey"
                          - "partsupp.ps_suppkey"
                        Sort Method: "quicksort"
                        Sort Space Used: 1128
                        Sort Space Type: "Memory"
                        Plans: 
                          - Node Type: "Nested Loop"
                            Parent Relationship: "Outer"
                            Join Type: "Inner"
                            Startup Cost: 0.42
                            Total Cost: 20895.90
                            Plan Rows: 7994
                            Plan Width: 24
                            Actual Startup Time: 0.168
                            Actual Total Time: 148.754
                            Actual Rows: 8652
                            Actual Loops: 1
                            Plans: 
                              - Node Type: "Seq Scan"
                                Parent Relationship: "Outer"
                                Relation Name: "part"
                                Alias: "part"
                                Startup Cost: 0.00
                                Total Cost: 6599.00
                                Plan Rows: 2020
                                Plan Width: 4
                                Actual Startup Time: 0.111
                                Actual Total Time: 97.721
                                Actual Rows: 2163
                                Actual Loops: 1
                                Filter: "((p_name)::text ~~ 'metallic%'::text)"
                                Rows Removed by Filter: 197837
                              - Node Type: "Index Scan"
                                Parent Relationship: "Inner"
                                Scan Direction: "Forward"
                                Index Name: "idx_partsupp_partkey"
                                Relation Name: "partsupp"
                                Alias: "partsupp"
                                Startup Cost: 0.42
                                Total Cost: 7.04
                                Plan Rows: 4
                                Plan Width: 20
                                Actual Startup Time: 0.017
                                Actual Total Time: 0.020
                                Actual Rows: 4
                                Actual Loops: 2163
                                Index Cond: "(ps_partkey = part.p_partkey)"
                                Rows Removed by Index Recheck: 0
  Planning Time: 2.166
  Triggers: 
  Execution Time: 10021.053
Key => Node Type
Value  name ,=> -1.0
Key => Plan Width
Value  name ,=> 51.0
Key => Actual Rows
Value  name ,=> 1.0
Key => Actual Loops
Value  name ,=> 1.0
Key => Plans
Value  name ,=> -1.0
Key => Node Type
Value  name ,=> -1.0
Key => Parent Relationship
Value  name ,=> -1.0
Key => Plan Width
Value  name ,=> 51.0
Key => Actual Rows
Value  name ,=> 1.0
Key => Actual Loops
Value  name ,=> 1.0
Key => Sort Key
Value  name ,=> 1.0
Key => Sort Method
Value  name ,=> -1.0
Key => Sort Space Used
Value  name ,=> 25.0
Key => Sort Space Type
Value  name ,=> -1.0
Key => Plans
Value  name ,=> -1.0
Key => Node Type
Value  name ,=> -1.0
Key => Parent Relationship
Value  name ,=> -1.0
Key => Join Type
Value  name ,=> -1.0
Key => Plan Width
Value  name ,=> 51.0
Key => Actual Rows
Value  name ,=> 175.0
Key => Actual Loops
Value  name ,=> 1.0
Key => Join Filter
Value  name ,=> -1.0
Key => Plans
Value  name ,=> -1.0
Key => Node Type
Value  name ,=> -1.0
Key => Parent Relationship
Value  name ,=> -1.0
Key => Join Type
Value  name ,=> -1.0
Key => Plan Width
Value  name ,=> 55.0
Key => Actual Rows
Value  name ,=> 397.0
Key => Actual Loops
Value  name ,=> 1.0
Key => Hash Cond
Value  name ,=> -1.0
Key => Plans
Value  name ,=> -1.0
Key => Node Type
Value  name ,=> -1.0
Key => Parent Relationship
Value  name ,=> -1.0
Key => Relation Name
Value  name ,=> -1.0
Key => Alias
Value  name ,=> -1.0
Key => Plan Width
Value  name ,=> 63.0
Key => Actual Rows
Value  name ,=> 10000.0
Key => Actual Loops
Value  name ,=> 1.0
Data SeqScan , 1.0 10000.0 63.0 0.0 4.145
Added training data to files
Key => Node Type
Value  name ,=> -1.0
Key => Parent Relationship
Value  name ,=> -1.0
Key => Plan Width
Value  name ,=> 4.0
Key => Actual Rows
Value  name ,=> 1.0
Key => Actual Loops
Value  name ,=> 1.0
Key => Hash Buckets
Value  name ,=> 1024.0
Key => Hash Batches
Value  name ,=> 1.0
Key => Original Hash Batches
Value  name ,=> 1.0
Key => Peak Memory Usage
Value  name ,=> 1.0
Key => Plans
Value  name ,=> -1.0
Key => Node Type
Value  name ,=> -1.0
Key => Parent Relationship
Value  name ,=> -1.0
Key => Relation Name
Value  name ,=> -1.0
Key => Alias
Value  name ,=> -1.0
Key => Plan Width
Value  name ,=> 4.0
Key => Actual Rows
Value  name ,=> 1.0
Key => Actual Loops
Value  name ,=> 1.0
Key => Filter
Value  name ,=> -1.0
Data SeqScan , 1.0 1.0 4.0 24.0 0.027
Added training data to files
Data Hash , 1.0 1.0 1.0 1024.0 1.0 1.0 4.0 0.0 1.0 4.0 0.032
Added training data to files
Data HashJoin , 1.0 397.0 55.0 0.0 10000.0 63.0 1.0 4.0 8.001
Added training data to files
Key => Node Type
Value  name ,=> -1.0
Key => Parent Relationship
Value  name ,=> -1.0
Key => Plan Width
Value  name ,=> 16.0
Key => Actual Rows
Value  name ,=> 4356.0
Key => Actual Loops
Value  name ,=> 397.0
Key => Plans
Value  name ,=> -1.0
Key => Node Type
Value  name ,=> -1.0
Key => Parent Relationship
Value  name ,=> -1.0
Key => Join Type
Value  name ,=> -1.0
Key => Plan Width
Value  name ,=> 16.0
Key => Actual Rows
Value  name ,=> 5837.0
Key => Actual Loops
Value  name ,=> 1.0
Key => Merge Cond
Value  name ,=> -1.0
Key => Join Filter
Value  name ,=> -1.0
Key => Plans
Value  name ,=> -1.0
Key => Node Type
Value  name ,=> -1.0
Key => Strategy
Value  name ,=> -1.0
Key => Parent Relationship
Value  name ,=> -1.0
Key => Plan Width
Value  name ,=> 21.0
Key => Actual Rows
Value  name ,=> 542150.0
Key => Actual Loops
Value  name ,=> 1.0
Key => Group Key
Value  name ,=> 2.0
Key => Plans
Value  name ,=> -1.0
Key => Node Type
Value  name ,=> -1.0
Key => Parent Relationship
Value  name ,=> -1.0
Key => Plan Width
Value  name ,=> 21.0
Key => Actual Rows
Value  name ,=> 907682.0
Key => Actual Loops
Value  name ,=> 1.0
Key => Sort Key
Value  name ,=> 2.0
Key => Sort Method
Value  name ,=> -1.0
Key => Sort Space Used
Value  name ,=> 27472.0
Key => Sort Space Type
Value  name ,=> -1.0
Key => Plans
Value  name ,=> -1.0
Key => Node Type
Value  name ,=> -1.0
Key => Parent Relationship
Value  name ,=> -1.0
Key => Relation Name
Value  name ,=> -1.0
Key => Alias
Value  name ,=> -1.0
Key => Plan Width
Value  name ,=> 21.0
Key => Actual Rows
Value  name ,=> 909455.0
Key => Actual Loops
Value  name ,=> 1.0
Key => Recheck Cond
Value  name ,=> -1.0
Key => Rows Removed by Index Recheck
Value  name ,=> 3244260.0
Key => Exact Heap Blocks
Value  name ,=> 32083.0
Key => Lossy Heap Blocks
Value  name ,=> 79352.0
Key => Plans
Value  name ,=> -1.0
Key => Node Type
Value  name ,=> -1.0
Key => Parent Relationship
Value  name ,=> -1.0
Key => Index Name
Value  name ,=> -1.0
Key => Plan Width
Value  name ,=> 0.0
Key => Actual Rows
Value  name ,=> 909455.0
Key => Actual Loops
Value  name ,=> 1.0
Key => Index Cond
Value  name ,=> -1.0
Data BitmapIndexScan , 1.0 909455.0 0.0 0.0 476.105
Added training data to files
Data BitmapHeapScan , 1.0 909455.0 32083.0 79352.0 21.0 3244260.0 0.0 909455.0 0.0 4167.297
Added training data to files
Data Sort-externalmerge , 1.0 907682.0 21.0 2.0 27472.0 0.0 909455.0 21.0 7175.783
Added training data to files
Data Aggregate-Sorted , 1.0 542150.0 2.0 21.0 0.0 907682.0 21.0 9021.982
Added training data to files
Key => Node Type
Value  name ,=> -1.0
Key => Parent Relationship
Value  name ,=> -1.0
Key => Plan Width
Value  name ,=> 24.0
Key => Actual Rows
Value  name ,=> 8652.0
Key => Actual Loops
Value  name ,=> 1.0
Key => Sort Key
Value  name ,=> 2.0
Key => Sort Method
Value  name ,=> -1.0
Key => Sort Space Used
Value  name ,=> 1128.0
Key => Sort Space Type
Value  name ,=> -1.0
Key => Plans
Value  name ,=> -1.0
Key => Node Type
Value  name ,=> -1.0
Key => Parent Relationship
Value  name ,=> -1.0
Key => Join Type
Value  name ,=> -1.0
Key => Plan Width
Value  name ,=> 24.0
Key => Actual Rows
Value  name ,=> 8652.0
Key => Actual Loops
Value  name ,=> 1.0
Key => Plans
Value  name ,=> -1.0
Key => Node Type
Value  name ,=> -1.0
Key => Parent Relationship
Value  name ,=> -1.0
Key => Relation Name
Value  name ,=> -1.0
Key => Alias
Value  name ,=> -1.0
Key => Plan Width
Value  name ,=> 4.0
Key => Actual Rows
Value  name ,=> 2163.0
Key => Actual Loops
Value  name ,=> 1.0
Key => Filter
Value  name ,=> -1.0
Data SeqScan , 1.0 2163.0 4.0 197837.0 97.721
Added training data to files
Key => Node Type
Value  name ,=> -1.0
Key => Parent Relationship
Value  name ,=> -1.0
Key => Scan Direction
Value  name ,=> -1.0
Key => Index Name
Value  name ,=> -1.0
Key => Relation Name
Value  name ,=> -1.0
Key => Alias
Value  name ,=> -1.0
Key => Plan Width
Value  name ,=> 20.0
Key => Actual Rows
Value  name ,=> 4.0
Key => Actual Loops
Value  name ,=> 2163.0
Key => Index Cond
Value  name ,=> -1.0
Key => Rows Removed by Index Recheck
Value  name ,=> 0.0
Data IndexScan , 2163.0 4.0 20.0 0.0 0.0 0.02
Added training data to files
Data NestedLoopIndexScan , 1.0 8652.0 24.0 0.0 2163.0 4.0 4.0 20.0 148.754
Added training data to files
Data Sort-quicksort , 1.0 8652.0 24.0 2.0 1128.0 0.0 8652.0 24.0 159.93
Added training data to files
Data MergeJoin , 1.0 5837.0 16.0 12.0 542150.0 21.0 8652.0 24.0 9341.688
Added training data to files
Data Materialize , 397.0 4356.0 16.0 0.0 5837.0 16.0 24.049
Added training data to files
Data NestedLoopMaterialize , 1.0 175.0 51.0 1729129.0 397.0 55.0 4356.0 16.0 10008.949
Added training data to files
Data Sort-top-Nheapsort , 1.0 1.0 51.0 1.0 25.0 0.0 175.0 51.0 10009.548
Added training data to files
Data Limit , 1.0 1.0 51.0 0.0 1.0 51.0 10009.552
Added training data to files
Training query 187 executed successfully
Executed command ,script returned :  Exit value of child process : 1
Query : 
select
	s_name,
	s_address
from
	supplier,
	nation
where
	s_suppkey in (
		select
			ps_suppkey
		from
			partsupp,
			(
				select
					l_partkey agg_partkey,
					l_suppkey agg_suppkey,
					0.5 * sum(l_quantity) AS agg_quantity
				from
					lineitem
				where
					l_shipdate >= date '1994-01-01'
					and l_shipdate < date '1994-01-01' + interval '1' year
				group by
					l_partkey,
					l_suppkey
			) agg_lineitem
		where
			agg_partkey = ps_partkey
			and agg_suppkey = ps_suppkey
			and ps_partkey in (
				select
					p_partkey
				from
					part
				where
					p_name like 'metallic%'
			)
			and ps_availqty > agg_quantity
	)
	and s_nationkey = n_nationkey
	and n_name = 'BRAZIL'
order by
	s_name
LIMIT 1;

Node output - Plan: 
    Node Type: "Limit"
    Startup Cost: 298332.82
    Total Cost: 298332.82
    Plan Rows: 1
    Plan Width: 51
    Actual Startup Time: 8999.122
    Actual Total Time: 8999.122
    Actual Rows: 1
    Actual Loops: 1
    Plans: 
      - Node Type: "Sort"
        Parent Relationship: "Outer"
        Startup Cost: 298332.82
        Total Cost: 298333.32
        Plan Rows: 200
        Plan Width: 51
        Actual Startup Time: 8999.120
        Actual Total Time: 8999.120
        Actual Rows: 1
        Actual Loops: 1
        Sort Key: 
          - "supplier.s_name"
        Sort Method: "top-N heapsort"
        Sort Space Used: 25
        Sort Space Type: "Memory"
        Plans: 
          - Node Type: "Nested Loop"
            Parent Relationship: "Outer"
            Join Type: "Semi"
            Startup Cost: 286225.78
            Total Cost: 298331.82
            Plan Rows: 200
            Plan Width: 51
            Actual Startup Time: 8399.391
            Actual Total Time: 8998.587
            Actual Rows: 175
            Actual Loops: 1
            Join Filter: "(supplier.s_suppkey = lineitem.l_suppkey)"
            Rows Removed by Join Filter: 1729129
            Plans: 
              - Node Type: "Hash Join"
                Parent Relationship: "Outer"
                Join Type: "Inner"
                Startup Cost: 1.32
                Total Cost: 372.82
                Plan Rows: 400
                Plan Width: 55
                Actual Startup Time: 0.182
                Actual Total Time: 7.321
                Actual Rows: 397
                Actual Loops: 1
                Hash Cond: "(supplier.s_nationkey = nation.n_nationkey)"
                Plans: 
                  - Node Type: "Seq Scan"
                    Parent Relationship: "Outer"
                    Relation Name: "supplier"
                    Alias: "supplier"
                    Startup Cost: 0.00
                    Total Cost: 330.00
                    Plan Rows: 10000
                    Plan Width: 63
                    Actual Startup Time: 0.021
                    Actual Total Time: 3.762
                    Actual Rows: 10000
                    Actual Loops: 1
                  - Node Type: "Hash"
                    Parent Relationship: "Inner"
                    Startup Cost: 1.31
                    Total Cost: 1.31
                    Plan Rows: 1
                    Plan Width: 4
                    Actual Startup Time: 0.093
                    Actual Total Time: 0.093
                    Actual Rows: 1
                    Actual Loops: 1
                    Hash Buckets: 1024
                    Hash Batches: 1
                    Original Hash Batches: 1
                    Peak Memory Usage: 1
                    Plans: 
                      - Node Type: "Seq Scan"
                        Parent Relationship: "Outer"
                        Relation Name: "nation"
                        Alias: "nation"
                        Startup Cost: 0.00
                        Total Cost: 1.31
                        Plan Rows: 1
                        Plan Width: 4
                        Actual Startup Time: 0.050
                        Actual Total Time: 0.084
                        Actual Rows: 1
                        Actual Loops: 1
                        Filter: "(n_name = 'BRAZIL'::bpchar)"
                        Rows Removed by Filter: 24
              - Node Type: "Materialize"
                Parent Relationship: "Inner"
                Startup Cost: 286224.46
                Total Cost: 297923.01
                Plan Rows: 6
                Plan Width: 16
                Actual Startup Time: 14.385
                Actual Total Time: 21.612
                Actual Rows: 4356
                Actual Loops: 397
                Plans: 
                  - Node Type: "Merge Join"
                    Parent Relationship: "Outer"
                    Join Type: "Inner"
                    Startup Cost: 286224.46
                    Total Cost: 297922.98
                    Plan Rows: 6
                    Plan Width: 16
                    Actual Startup Time: 5710.739
                    Actual Total Time: 8392.287
                    Actual Rows: 5837
                    Actual Loops: 1
                    Merge Cond: "((lineitem.l_partkey = partsupp.ps_partkey) AND (lineitem.l_suppkey = partsupp.ps_suppkey))"
                    Join Filter: "((partsupp.ps_availqty)::numeric > ((0.5 * sum(lineitem.l_quantity))))"
                    Rows Removed by Join Filter: 12
                    Plans: 
                      - Node Type: "Aggregate"
                        Strategy: "Sorted"
                        Parent Relationship: "Outer"
                        Startup Cost: 264810.36
                        Total Cost: 275105.99
                        Plan Rows: 89528
                        Plan Width: 21
                        Actual Startup Time: 5563.555
                        Actual Total Time: 8104.191
                        Actual Rows: 542150
                        Actual Loops: 1
                        Group Key: 
                          - "lineitem.l_partkey"
                          - "lineitem.l_suppkey"
                        Plans: 
                          - Node Type: "Sort"
                            Parent Relationship: "Outer"
                            Startup Cost: 264810.36
                            Total Cost: 267048.54
                            Plan Rows: 895271
                            Plan Width: 21
                            Actual Startup Time: 5563.521
                            Actual Total Time: 6455.607
                            Actual Rows: 907682
                            Actual Loops: 1
                            Sort Key: 
                              - "lineitem.l_partkey"
                              - "lineitem.l_suppkey"
                            Sort Method: "external merge"
                            Sort Space Used: 27472
                            Sort Space Type: "Disk"
                            Plans: 
                              - Node Type: "Bitmap Heap Scan"
                                Parent Relationship: "Outer"
                                Relation Name: "lineitem"
                                Alias: "lineitem"
                                Startup Cost: 22968.96
                                Total Cost: 157943.03
                                Plan Rows: 895271
                                Plan Width: 21
                                Actual Startup Time: 430.137
                                Actual Total Time: 3736.530
                                Actual Rows: 909455
                                Actual Loops: 1
                                Recheck Cond: "((l_shipdate >= '1994-01-01'::date) AND (l_shipdate < '1995-01-01 00:00:00'::timestamp without time zone))"
                                Rows Removed by Index Recheck: 3244260
                                Exact Heap Blocks: 32083
                                Lossy Heap Blocks: 79352
                                Plans: 
                                  - Node Type: "Bitmap Index Scan"
                                    Parent Relationship: "Outer"
                                    Index Name: "idx_lineitem_shipdate"
                                    Startup Cost: 0.00
                                    Total Cost: 22745.14
                                    Plan Rows: 895271
                                    Plan Width: 0
                                    Actual Startup Time: 415.565
                                    Actual Total Time: 415.565
                                    Actual Rows: 909455
                                    Actual Loops: 1
                                    Index Cond: "((l_shipdate >= '1994-01-01'::date) AND (l_shipdate < '1995-01-01 00:00:00'::timestamp without time zone))"
                      - Node Type: "Sort"
                        Parent Relationship: "Inner"
                        Startup Cost: 21414.10
                        Total Cost: 21434.08
                        Plan Rows: 7994
                        Plan Width: 24
                        Actual Startup Time: 145.082
                        Actual Total Time: 146.991
                        Actual Rows: 8652
                        Actual Loops: 1
                        Sort Key: 
                          - "partsupp.ps_partkey"
                          - "partsupp.ps_suppkey"
                        Sort Method: "quicksort"
                        Sort Space Used: 1128
                        Sort Space Type: "Memory"
                        Plans: 
                          - Node Type: "Nested Loop"
                            Parent Relationship: "Outer"
                            Join Type: "Inner"
                            Startup Cost: 0.42
                            Total Cost: 20895.90
                            Plan Rows: 7994
                            Plan Width: 24
                            Actual Startup Time: 0.156
                            Actual Total Time: 136.626
                            Actual Rows: 8652
                            Actual Loops: 1
                            Plans: 
                              - Node Type: "Seq Scan"
                                Parent Relationship: "Outer"
                                Relation Name: "part"
                                Alias: "part"
                                Startup Cost: 0.00
                                Total Cost: 6599.00
                                Plan Rows: 2020
                                Plan Width: 4
                                Actual Startup Time: 0.103
                                Actual Total Time: 90.024
                                Actual Rows: 2163
                                Actual Loops: 1
                                Filter: "((p_name)::text ~~ 'metallic%'::text)"
                                Rows Removed by Filter: 197837
                              - Node Type: "Index Scan"
                                Parent Relationship: "Inner"
                                Scan Direction: "Forward"
                                Index Name: "idx_partsupp_partkey"
                                Relation Name: "partsupp"
                                Alias: "partsupp"
                                Startup Cost: 0.42
                                Total Cost: 7.04
                                Plan Rows: 4
                                Plan Width: 20
                                Actual Startup Time: 0.016
                                Actual Total Time: 0.018
                                Actual Rows: 4
                                Actual Loops: 2163
                                Index Cond: "(ps_partkey = part.p_partkey)"
                                Rows Removed by Index Recheck: 0
  Planning Time: 5.996
  Triggers: 
  Execution Time: 9010.326
Key => Node Type
Value  name ,=> -1.0
Key => Plan Width
Value  name ,=> 51.0
Key => Actual Rows
Value  name ,=> 1.0
Key => Actual Loops
Value  name ,=> 1.0
Key => Plans
Value  name ,=> -1.0
Key => Node Type
Value  name ,=> -1.0
Key => Parent Relationship
Value  name ,=> -1.0
Key => Plan Width
Value  name ,=> 51.0
Key => Actual Rows
Value  name ,=> 1.0
Key => Actual Loops
Value  name ,=> 1.0
Key => Sort Key
Value  name ,=> 1.0
Key => Sort Method
Value  name ,=> -1.0
Key => Sort Space Used
Value  name ,=> 25.0
Key => Sort Space Type
Value  name ,=> -1.0
Key => Plans
Value  name ,=> -1.0
Key => Node Type
Value  name ,=> -1.0
Key => Parent Relationship
Value  name ,=> -1.0
Key => Join Type
Value  name ,=> -1.0
Key => Plan Width
Value  name ,=> 51.0
Key => Actual Rows
Value  name ,=> 175.0
Key => Actual Loops
Value  name ,=> 1.0
Key => Join Filter
Value  name ,=> -1.0
Key => Plans
Value  name ,=> -1.0
Key => Node Type
Value  name ,=> -1.0
Key => Parent Relationship
Value  name ,=> -1.0
Key => Join Type
Value  name ,=> -1.0
Key => Plan Width
Value  name ,=> 55.0
Key => Actual Rows
Value  name ,=> 397.0
Key => Actual Loops
Value  name ,=> 1.0
Key => Hash Cond
Value  name ,=> -1.0
Key => Plans
Value  name ,=> -1.0
Key => Node Type
Value  name ,=> -1.0
Key => Parent Relationship
Value  name ,=> -1.0
Key => Relation Name
Value  name ,=> -1.0
Key => Alias
Value  name ,=> -1.0
Key => Plan Width
Value  name ,=> 63.0
Key => Actual Rows
Value  name ,=> 10000.0
Key => Actual Loops
Value  name ,=> 1.0
Data SeqScan , 1.0 10000.0 63.0 0.0 3.762
Added training data to files
Key => Node Type
Value  name ,=> -1.0
Key => Parent Relationship
Value  name ,=> -1.0
Key => Plan Width
Value  name ,=> 4.0
Key => Actual Rows
Value  name ,=> 1.0
Key => Actual Loops
Value  name ,=> 1.0
Key => Hash Buckets
Value  name ,=> 1024.0
Key => Hash Batches
Value  name ,=> 1.0
Key => Original Hash Batches
Value  name ,=> 1.0
Key => Peak Memory Usage
Value  name ,=> 1.0
Key => Plans
Value  name ,=> -1.0
Key => Node Type
Value  name ,=> -1.0
Key => Parent Relationship
Value  name ,=> -1.0
Key => Relation Name
Value  name ,=> -1.0
Key => Alias
Value  name ,=> -1.0
Key => Plan Width
Value  name ,=> 4.0
Key => Actual Rows
Value  name ,=> 1.0
Key => Actual Loops
Value  name ,=> 1.0
Key => Filter
Value  name ,=> -1.0
Data SeqScan , 1.0 1.0 4.0 24.0 0.084
Added training data to files
Data Hash , 1.0 1.0 1.0 1024.0 1.0 1.0 4.0 0.0 1.0 4.0 0.093
Added training data to files
Data HashJoin , 1.0 397.0 55.0 0.0 10000.0 63.0 1.0 4.0 7.321
Added training data to files
Key => Node Type
Value  name ,=> -1.0
Key => Parent Relationship
Value  name ,=> -1.0
Key => Plan Width
Value  name ,=> 16.0
Key => Actual Rows
Value  name ,=> 4356.0
Key => Actual Loops
Value  name ,=> 397.0
Key => Plans
Value  name ,=> -1.0
Key => Node Type
Value  name ,=> -1.0
Key => Parent Relationship
Value  name ,=> -1.0
Key => Join Type
Value  name ,=> -1.0
Key => Plan Width
Value  name ,=> 16.0
Key => Actual Rows
Value  name ,=> 5837.0
Key => Actual Loops
Value  name ,=> 1.0
Key => Merge Cond
Value  name ,=> -1.0
Key => Join Filter
Value  name ,=> -1.0
Key => Plans
Value  name ,=> -1.0
Key => Node Type
Value  name ,=> -1.0
Key => Strategy
Value  name ,=> -1.0
Key => Parent Relationship
Value  name ,=> -1.0
Key => Plan Width
Value  name ,=> 21.0
Key => Actual Rows
Value  name ,=> 542150.0
Key => Actual Loops
Value  name ,=> 1.0
Key => Group Key
Value  name ,=> 2.0
Key => Plans
Value  name ,=> -1.0
Key => Node Type
Value  name ,=> -1.0
Key => Parent Relationship
Value  name ,=> -1.0
Key => Plan Width
Value  name ,=> 21.0
Key => Actual Rows
Value  name ,=> 907682.0
Key => Actual Loops
Value  name ,=> 1.0
Key => Sort Key
Value  name ,=> 2.0
Key => Sort Method
Value  name ,=> -1.0
Key => Sort Space Used
Value  name ,=> 27472.0
Key => Sort Space Type
Value  name ,=> -1.0
Key => Plans
Value  name ,=> -1.0
Key => Node Type
Value  name ,=> -1.0
Key => Parent Relationship
Value  name ,=> -1.0
Key => Relation Name
Value  name ,=> -1.0
Key => Alias
Value  name ,=> -1.0
Key => Plan Width
Value  name ,=> 21.0
Key => Actual Rows
Value  name ,=> 909455.0
Key => Actual Loops
Value  name ,=> 1.0
Key => Recheck Cond
Value  name ,=> -1.0
Key => Rows Removed by Index Recheck
Value  name ,=> 3244260.0
Key => Exact Heap Blocks
Value  name ,=> 32083.0
Key => Lossy Heap Blocks
Value  name ,=> 79352.0
Key => Plans
Value  name ,=> -1.0
Key => Node Type
Value  name ,=> -1.0
Key => Parent Relationship
Value  name ,=> -1.0
Key => Index Name
Value  name ,=> -1.0
Key => Plan Width
Value  name ,=> 0.0
Key => Actual Rows
Value  name ,=> 909455.0
Key => Actual Loops
Value  name ,=> 1.0
Key => Index Cond
Value  name ,=> -1.0
Data BitmapIndexScan , 1.0 909455.0 0.0 0.0 415.565
Added training data to files
Data BitmapHeapScan , 1.0 909455.0 32083.0 79352.0 21.0 3244260.0 0.0 909455.0 0.0 3736.53
Added training data to files
Data Sort-externalmerge , 1.0 907682.0 21.0 2.0 27472.0 0.0 909455.0 21.0 6455.607
Added training data to files
Data Aggregate-Sorted , 1.0 542150.0 2.0 21.0 0.0 907682.0 21.0 8104.191
Added training data to files
Key => Node Type
Value  name ,=> -1.0
Key => Parent Relationship
Value  name ,=> -1.0
Key => Plan Width
Value  name ,=> 24.0
Key => Actual Rows
Value  name ,=> 8652.0
Key => Actual Loops
Value  name ,=> 1.0
Key => Sort Key
Value  name ,=> 2.0
Key => Sort Method
Value  name ,=> -1.0
Key => Sort Space Used
Value  name ,=> 1128.0
Key => Sort Space Type
Value  name ,=> -1.0
Key => Plans
Value  name ,=> -1.0
Key => Node Type
Value  name ,=> -1.0
Key => Parent Relationship
Value  name ,=> -1.0
Key => Join Type
Value  name ,=> -1.0
Key => Plan Width
Value  name ,=> 24.0
Key => Actual Rows
Value  name ,=> 8652.0
Key => Actual Loops
Value  name ,=> 1.0
Key => Plans
Value  name ,=> -1.0
Key => Node Type
Value  name ,=> -1.0
Key => Parent Relationship
Value  name ,=> -1.0
Key => Relation Name
Value  name ,=> -1.0
Key => Alias
Value  name ,=> -1.0
Key => Plan Width
Value  name ,=> 4.0
Key => Actual Rows
Value  name ,=> 2163.0
Key => Actual Loops
Value  name ,=> 1.0
Key => Filter
Value  name ,=> -1.0
Data SeqScan , 1.0 2163.0 4.0 197837.0 90.024
Added training data to files
Key => Node Type
Value  name ,=> -1.0
Key => Parent Relationship
Value  name ,=> -1.0
Key => Scan Direction
Value  name ,=> -1.0
Key => Index Name
Value  name ,=> -1.0
Key => Relation Name
Value  name ,=> -1.0
Key => Alias
Value  name ,=> -1.0
Key => Plan Width
Value  name ,=> 20.0
Key => Actual Rows
Value  name ,=> 4.0
Key => Actual Loops
Value  name ,=> 2163.0
Key => Index Cond
Value  name ,=> -1.0
Key => Rows Removed by Index Recheck
Value  name ,=> 0.0
Data IndexScan , 2163.0 4.0 20.0 0.0 0.0 0.018
Added training data to files
Data NestedLoopIndexScan , 1.0 8652.0 24.0 0.0 2163.0 4.0 4.0 20.0 136.626
Added training data to files
Data Sort-quicksort , 1.0 8652.0 24.0 2.0 1128.0 0.0 8652.0 24.0 146.991
Added training data to files
Data MergeJoin , 1.0 5837.0 16.0 12.0 542150.0 21.0 8652.0 24.0 8392.287
Added training data to files
Data Materialize , 397.0 4356.0 16.0 0.0 5837.0 16.0 21.612
Added training data to files
Data NestedLoopMaterialize , 1.0 175.0 51.0 1729129.0 397.0 55.0 4356.0 16.0 8998.587
Added training data to files
Data Sort-top-Nheapsort , 1.0 1.0 51.0 1.0 25.0 0.0 175.0 51.0 8999.12
Added training data to files
Data Limit , 1.0 1.0 51.0 0.0 1.0 51.0 8999.122
Added training data to files
Training query 188 executed successfully
Executed command ,script returned :  Exit value of child process : 1
Query : 
select
	s_name,
	s_address
from
	supplier,
	nation
where
	s_suppkey in (
		select
			ps_suppkey
		from
			partsupp,
			(
				select
					l_partkey agg_partkey,
					l_suppkey agg_suppkey,
					0.5 * sum(l_quantity) AS agg_quantity
				from
					lineitem
				where
					l_shipdate >= date '1994-01-01'
					and l_shipdate < date '1994-01-01' + interval '1' year
				group by
					l_partkey,
					l_suppkey
			) agg_lineitem
		where
			agg_partkey = ps_partkey
			and agg_suppkey = ps_suppkey
			and ps_partkey in (
				select
					p_partkey
				from
					part
				where
					p_name like 'metallic%'
			)
			and ps_availqty > agg_quantity
	)
	and s_nationkey = n_nationkey
	and n_name = 'BRAZIL'
order by
	s_name
LIMIT 1;

Node output - Plan: 
    Node Type: "Limit"
    Startup Cost: 298332.82
    Total Cost: 298332.82
    Plan Rows: 1
    Plan Width: 51
    Actual Startup Time: 9119.855
    Actual Total Time: 9119.856
    Actual Rows: 1
    Actual Loops: 1
    Plans: 
      - Node Type: "Sort"
        Parent Relationship: "Outer"
        Startup Cost: 298332.82
        Total Cost: 298333.32
        Plan Rows: 200
        Plan Width: 51
        Actual Startup Time: 9119.853
        Actual Total Time: 9119.853
        Actual Rows: 1
        Actual Loops: 1
        Sort Key: 
          - "supplier.s_name"
        Sort Method: "top-N heapsort"
        Sort Space Used: 25
        Sort Space Type: "Memory"
        Plans: 
          - Node Type: "Nested Loop"
            Parent Relationship: "Outer"
            Join Type: "Semi"
            Startup Cost: 286225.78
            Total Cost: 298331.82
            Plan Rows: 200
            Plan Width: 51
            Actual Startup Time: 8512.347
            Actual Total Time: 9119.307
            Actual Rows: 175
            Actual Loops: 1
            Join Filter: "(supplier.s_suppkey = lineitem.l_suppkey)"
            Rows Removed by Join Filter: 1729129
            Plans: 
              - Node Type: "Hash Join"
                Parent Relationship: "Outer"
                Join Type: "Inner"
                Startup Cost: 1.32
                Total Cost: 372.82
                Plan Rows: 400
                Plan Width: 55
                Actual Startup Time: 0.056
                Actual Total Time: 7.247
                Actual Rows: 397
                Actual Loops: 1
                Hash Cond: "(supplier.s_nationkey = nation.n_nationkey)"
                Plans: 
                  - Node Type: "Seq Scan"
                    Parent Relationship: "Outer"
                    Relation Name: "supplier"
                    Alias: "supplier"
                    Startup Cost: 0.00
                    Total Cost: 330.00
                    Plan Rows: 10000
                    Plan Width: 63
                    Actual Startup Time: 0.008
                    Actual Total Time: 3.732
                    Actual Rows: 10000
                    Actual Loops: 1
                  - Node Type: "Hash"
                    Parent Relationship: "Inner"
                    Startup Cost: 1.31
                    Total Cost: 1.31
                    Plan Rows: 1
                    Plan Width: 4
                    Actual Startup Time: 0.029
                    Actual Total Time: 0.029
                    Actual Rows: 1
                    Actual Loops: 1
                    Hash Buckets: 1024
                    Hash Batches: 1
                    Original Hash Batches: 1
                    Peak Memory Usage: 1
                    Plans: 
                      - Node Type: "Seq Scan"
                        Parent Relationship: "Outer"
                        Relation Name: "nation"
                        Alias: "nation"
                        Startup Cost: 0.00
                        Total Cost: 1.31
                        Plan Rows: 1
                        Plan Width: 4
                        Actual Startup Time: 0.016
                        Actual Total Time: 0.026
                        Actual Rows: 1
                        Actual Loops: 1
                        Filter: "(n_name = 'BRAZIL'::bpchar)"
                        Rows Removed by Filter: 24
              - Node Type: "Materialize"
                Parent Relationship: "Inner"
                Startup Cost: 286224.46
                Total Cost: 297923.01
                Plan Rows: 6
                Plan Width: 16
                Actual Startup Time: 14.575
                Actual Total Time: 21.902
                Actual Rows: 4356
                Actual Loops: 397
                Plans: 
                  - Node Type: "Merge Join"
                    Parent Relationship: "Outer"
                    Join Type: "Inner"
                    Startup Cost: 286224.46
                    Total Cost: 297922.98
                    Plan Rows: 6
                    Plan Width: 16
                    Actual Startup Time: 5786.124
                    Actual Total Time: 8505.397
                    Actual Rows: 5837
                    Actual Loops: 1
                    Merge Cond: "((lineitem.l_partkey = partsupp.ps_partkey) AND (lineitem.l_suppkey = partsupp.ps_suppkey))"
                    Join Filter: "((partsupp.ps_availqty)::numeric > ((0.5 * sum(lineitem.l_quantity))))"
                    Rows Removed by Join Filter: 12
                    Plans: 
                      - Node Type: "Aggregate"
                        Strategy: "Sorted"
                        Parent Relationship: "Outer"
                        Startup Cost: 264810.36
                        Total Cost: 275105.99
                        Plan Rows: 89528
                        Plan Width: 21
                        Actual Startup Time: 5639.796
                        Actual Total Time: 8215.347
                        Actual Rows: 542150
                        Actual Loops: 1
                        Group Key: 
                          - "lineitem.l_partkey"
                          - "lineitem.l_suppkey"
                        Plans: 
                          - Node Type: "Sort"
                            Parent Relationship: "Outer"
                            Startup Cost: 264810.36
                            Total Cost: 267048.54
                            Plan Rows: 895271
                            Plan Width: 21
                            Actual Startup Time: 5639.764
                            Actual Total Time: 6544.521
                            Actual Rows: 907682
                            Actual Loops: 1
                            Sort Key: 
                              - "lineitem.l_partkey"
                              - "lineitem.l_suppkey"
                            Sort Method: "external merge"
                            Sort Space Used: 27472
                            Sort Space Type: "Disk"
                            Plans: 
                              - Node Type: "Bitmap Heap Scan"
                                Parent Relationship: "Outer"
                                Relation Name: "lineitem"
                                Alias: "lineitem"
                                Startup Cost: 22968.96
                                Total Cost: 157943.03
                                Plan Rows: 895271
                                Plan Width: 21
                                Actual Startup Time: 445.003
                                Actual Total Time: 3790.622
                                Actual Rows: 909455
                                Actual Loops: 1
                                Recheck Cond: "((l_shipdate >= '1994-01-01'::date) AND (l_shipdate < '1995-01-01 00:00:00'::timestamp without time zone))"
                                Rows Removed by Index Recheck: 3244260
                                Exact Heap Blocks: 32083
                                Lossy Heap Blocks: 79352
                                Plans: 
                                  - Node Type: "Bitmap Index Scan"
                                    Parent Relationship: "Outer"
                                    Index Name: "idx_lineitem_shipdate"
                                    Startup Cost: 0.00
                                    Total Cost: 22745.14
                                    Plan Rows: 895271
                                    Plan Width: 0
                                    Actual Startup Time: 429.656
                                    Actual Total Time: 429.656
                                    Actual Rows: 909455
                                    Actual Loops: 1
                                    Index Cond: "((l_shipdate >= '1994-01-01'::date) AND (l_shipdate < '1995-01-01 00:00:00'::timestamp without time zone))"
                      - Node Type: "Sort"
                        Parent Relationship: "Inner"
                        Startup Cost: 21414.10
                        Total Cost: 21434.08
                        Plan Rows: 7994
                        Plan Width: 24
                        Actual Startup Time: 144.336
                        Actual Total Time: 146.286
                        Actual Rows: 8652
                        Actual Loops: 1
                        Sort Key: 
                          - "partsupp.ps_partkey"
                          - "partsupp.ps_suppkey"
                        Sort Method: "quicksort"
                        Sort Space Used: 1128
                        Sort Space Type: "Memory"
                        Plans: 
                          - Node Type: "Nested Loop"
                            Parent Relationship: "Outer"
                            Join Type: "Inner"
                            Startup Cost: 0.42
                            Total Cost: 20895.90
                            Plan Rows: 7994
                            Plan Width: 24
                            Actual Startup Time: 0.151
                            Actual Total Time: 135.976
                            Actual Rows: 8652
                            Actual Loops: 1
                            Plans: 
                              - Node Type: "Seq Scan"
                                Parent Relationship: "Outer"
                                Relation Name: "part"
                                Alias: "part"
                                Startup Cost: 0.00
                                Total Cost: 6599.00
                                Plan Rows: 2020
                                Plan Width: 4
                                Actual Startup Time: 0.100
                                Actual Total Time: 89.353
                                Actual Rows: 2163
                                Actual Loops: 1
                                Filter: "((p_name)::text ~~ 'metallic%'::text)"
                                Rows Removed by Filter: 197837
                              - Node Type: "Index Scan"
                                Parent Relationship: "Inner"
                                Scan Direction: "Forward"
                                Index Name: "idx_partsupp_partkey"
                                Relation Name: "partsupp"
                                Alias: "partsupp"
                                Startup Cost: 0.42
                                Total Cost: 7.04
                                Plan Rows: 4
                                Plan Width: 20
                                Actual Startup Time: 0.016
                                Actual Total Time: 0.019
                                Actual Rows: 4
                                Actual Loops: 2163
                                Index Cond: "(ps_partkey = part.p_partkey)"
                                Rows Removed by Index Recheck: 0
  Planning Time: 5.099
  Triggers: 
  Execution Time: 9130.887
Key => Node Type
Value  name ,=> -1.0
Key => Plan Width
Value  name ,=> 51.0
Key => Actual Rows
Value  name ,=> 1.0
Key => Actual Loops
Value  name ,=> 1.0
Key => Plans
Value  name ,=> -1.0
Key => Node Type
Value  name ,=> -1.0
Key => Parent Relationship
Value  name ,=> -1.0
Key => Plan Width
Value  name ,=> 51.0
Key => Actual Rows
Value  name ,=> 1.0
Key => Actual Loops
Value  name ,=> 1.0
Key => Sort Key
Value  name ,=> 1.0
Key => Sort Method
Value  name ,=> -1.0
Key => Sort Space Used
Value  name ,=> 25.0
Key => Sort Space Type
Value  name ,=> -1.0
Key => Plans
Value  name ,=> -1.0
Key => Node Type
Value  name ,=> -1.0
Key => Parent Relationship
Value  name ,=> -1.0
Key => Join Type
Value  name ,=> -1.0
Key => Plan Width
Value  name ,=> 51.0
Key => Actual Rows
Value  name ,=> 175.0
Key => Actual Loops
Value  name ,=> 1.0
Key => Join Filter
Value  name ,=> -1.0
Key => Plans
Value  name ,=> -1.0
Key => Node Type
Value  name ,=> -1.0
Key => Parent Relationship
Value  name ,=> -1.0
Key => Join Type
Value  name ,=> -1.0
Key => Plan Width
Value  name ,=> 55.0
Key => Actual Rows
Value  name ,=> 397.0
Key => Actual Loops
Value  name ,=> 1.0
Key => Hash Cond
Value  name ,=> -1.0
Key => Plans
Value  name ,=> -1.0
Key => Node Type
Value  name ,=> -1.0
Key => Parent Relationship
Value  name ,=> -1.0
Key => Relation Name
Value  name ,=> -1.0
Key => Alias
Value  name ,=> -1.0
Key => Plan Width
Value  name ,=> 63.0
Key => Actual Rows
Value  name ,=> 10000.0
Key => Actual Loops
Value  name ,=> 1.0
Data SeqScan , 1.0 10000.0 63.0 0.0 3.732
Added training data to files
Key => Node Type
Value  name ,=> -1.0
Key => Parent Relationship
Value  name ,=> -1.0
Key => Plan Width
Value  name ,=> 4.0
Key => Actual Rows
Value  name ,=> 1.0
Key => Actual Loops
Value  name ,=> 1.0
Key => Hash Buckets
Value  name ,=> 1024.0
Key => Hash Batches
Value  name ,=> 1.0
Key => Original Hash Batches
Value  name ,=> 1.0
Key => Peak Memory Usage
Value  name ,=> 1.0
Key => Plans
Value  name ,=> -1.0
Key => Node Type
Value  name ,=> -1.0
Key => Parent Relationship
Value  name ,=> -1.0
Key => Relation Name
Value  name ,=> -1.0
Key => Alias
Value  name ,=> -1.0
Key => Plan Width
Value  name ,=> 4.0
Key => Actual Rows
Value  name ,=> 1.0
Key => Actual Loops
Value  name ,=> 1.0
Key => Filter
Value  name ,=> -1.0
Data SeqScan , 1.0 1.0 4.0 24.0 0.026
Added training data to files
Data Hash , 1.0 1.0 1.0 1024.0 1.0 1.0 4.0 0.0 1.0 4.0 0.029
Added training data to files
Data HashJoin , 1.0 397.0 55.0 0.0 10000.0 63.0 1.0 4.0 7.247
Added training data to files
Key => Node Type
Value  name ,=> -1.0
Key => Parent Relationship
Value  name ,=> -1.0
Key => Plan Width
Value  name ,=> 16.0
Key => Actual Rows
Value  name ,=> 4356.0
Key => Actual Loops
Value  name ,=> 397.0
Key => Plans
Value  name ,=> -1.0
Key => Node Type
Value  name ,=> -1.0
Key => Parent Relationship
Value  name ,=> -1.0
Key => Join Type
Value  name ,=> -1.0
Key => Plan Width
Value  name ,=> 16.0
Key => Actual Rows
Value  name ,=> 5837.0
Key => Actual Loops
Value  name ,=> 1.0
Key => Merge Cond
Value  name ,=> -1.0
Key => Join Filter
Value  name ,=> -1.0
Key => Plans
Value  name ,=> -1.0
Key => Node Type
Value  name ,=> -1.0
Key => Strategy
Value  name ,=> -1.0
Key => Parent Relationship
Value  name ,=> -1.0
Key => Plan Width
Value  name ,=> 21.0
Key => Actual Rows
Value  name ,=> 542150.0
Key => Actual Loops
Value  name ,=> 1.0
Key => Group Key
Value  name ,=> 2.0
Key => Plans
Value  name ,=> -1.0
Key => Node Type
Value  name ,=> -1.0
Key => Parent Relationship
Value  name ,=> -1.0
Key => Plan Width
Value  name ,=> 21.0
Key => Actual Rows
Value  name ,=> 907682.0
Key => Actual Loops
Value  name ,=> 1.0
Key => Sort Key
Value  name ,=> 2.0
Key => Sort Method
Value  name ,=> -1.0
Key => Sort Space Used
Value  name ,=> 27472.0
Key => Sort Space Type
Value  name ,=> -1.0
Key => Plans
Value  name ,=> -1.0
Key => Node Type
Value  name ,=> -1.0
Key => Parent Relationship
Value  name ,=> -1.0
Key => Relation Name
Value  name ,=> -1.0
Key => Alias
Value  name ,=> -1.0
Key => Plan Width
Value  name ,=> 21.0
Key => Actual Rows
Value  name ,=> 909455.0
Key => Actual Loops
Value  name ,=> 1.0
Key => Recheck Cond
Value  name ,=> -1.0
Key => Rows Removed by Index Recheck
Value  name ,=> 3244260.0
Key => Exact Heap Blocks
Value  name ,=> 32083.0
Key => Lossy Heap Blocks
Value  name ,=> 79352.0
Key => Plans
Value  name ,=> -1.0
Key => Node Type
Value  name ,=> -1.0
Key => Parent Relationship
Value  name ,=> -1.0
Key => Index Name
Value  name ,=> -1.0
Key => Plan Width
Value  name ,=> 0.0
Key => Actual Rows
Value  name ,=> 909455.0
Key => Actual Loops
Value  name ,=> 1.0
Key => Index Cond
Value  name ,=> -1.0
Data BitmapIndexScan , 1.0 909455.0 0.0 0.0 429.656
Added training data to files
Data BitmapHeapScan , 1.0 909455.0 32083.0 79352.0 21.0 3244260.0 0.0 909455.0 0.0 3790.622
Added training data to files
Data Sort-externalmerge , 1.0 907682.0 21.0 2.0 27472.0 0.0 909455.0 21.0 6544.521
Added training data to files
Data Aggregate-Sorted , 1.0 542150.0 2.0 21.0 0.0 907682.0 21.0 8215.347
Added training data to files
Key => Node Type
Value  name ,=> -1.0
Key => Parent Relationship
Value  name ,=> -1.0
Key => Plan Width
Value  name ,=> 24.0
Key => Actual Rows
Value  name ,=> 8652.0
Key => Actual Loops
Value  name ,=> 1.0
Key => Sort Key
Value  name ,=> 2.0
Key => Sort Method
Value  name ,=> -1.0
Key => Sort Space Used
Value  name ,=> 1128.0
Key => Sort Space Type
Value  name ,=> -1.0
Key => Plans
Value  name ,=> -1.0
Key => Node Type
Value  name ,=> -1.0
Key => Parent Relationship
Value  name ,=> -1.0
Key => Join Type
Value  name ,=> -1.0
Key => Plan Width
Value  name ,=> 24.0
Key => Actual Rows
Value  name ,=> 8652.0
Key => Actual Loops
Value  name ,=> 1.0
Key => Plans
Value  name ,=> -1.0
Key => Node Type
Value  name ,=> -1.0
Key => Parent Relationship
Value  name ,=> -1.0
Key => Relation Name
Value  name ,=> -1.0
Key => Alias
Value  name ,=> -1.0
Key => Plan Width
Value  name ,=> 4.0
Key => Actual Rows
Value  name ,=> 2163.0
Key => Actual Loops
Value  name ,=> 1.0
Key => Filter
Value  name ,=> -1.0
Data SeqScan , 1.0 2163.0 4.0 197837.0 89.353
Added training data to files
Key => Node Type
Value  name ,=> -1.0
Key => Parent Relationship
Value  name ,=> -1.0
Key => Scan Direction
Value  name ,=> -1.0
Key => Index Name
Value  name ,=> -1.0
Key => Relation Name
Value  name ,=> -1.0
Key => Alias
Value  name ,=> -1.0
Key => Plan Width
Value  name ,=> 20.0
Key => Actual Rows
Value  name ,=> 4.0
Key => Actual Loops
Value  name ,=> 2163.0
Key => Index Cond
Value  name ,=> -1.0
Key => Rows Removed by Index Recheck
Value  name ,=> 0.0
Data IndexScan , 2163.0 4.0 20.0 0.0 0.0 0.019
Added training data to files
Data NestedLoopIndexScan , 1.0 8652.0 24.0 0.0 2163.0 4.0 4.0 20.0 135.976
Added training data to files
Data Sort-quicksort , 1.0 8652.0 24.0 2.0 1128.0 0.0 8652.0 24.0 146.286
Added training data to files
Data MergeJoin , 1.0 5837.0 16.0 12.0 542150.0 21.0 8652.0 24.0 8505.397
Added training data to files
Data Materialize , 397.0 4356.0 16.0 0.0 5837.0 16.0 21.902
Added training data to files
Data NestedLoopMaterialize , 1.0 175.0 51.0 1729129.0 397.0 55.0 4356.0 16.0 9119.307
Added training data to files
Data Sort-top-Nheapsort , 1.0 1.0 51.0 1.0 25.0 0.0 175.0 51.0 9119.853
Added training data to files
Data Limit , 1.0 1.0 51.0 0.0 1.0 51.0 9119.856
Added training data to files
Training query 189 executed successfully
Executed command ,script returned :  Exit value of child process : 1
Query : 
select
	s_name,
	count(*) as numwait
from
	supplier,
	lineitem l1,
	orders,
	nation
where
	s_suppkey = l1.l_suppkey
	and o_orderkey = l1.l_orderkey
	and o_orderstatus = 'F'
	and l1.l_receiptdate > l1.l_commitdate
	and exists (
		select
			*
		from
			lineitem l2
		where
			l2.l_orderkey = l1.l_orderkey
			and l2.l_suppkey <> l1.l_suppkey
	)
	and not exists (
		select
			*
		from
			lineitem l3
		where
			l3.l_orderkey = l1.l_orderkey
			and l3.l_suppkey <> l1.l_suppkey
			and l3.l_receiptdate > l3.l_commitdate
	)
	and s_nationkey = n_nationkey
	and n_name = 'INDONESIA'
group by
	s_name
order by
	numwait desc,
	s_name
LIMIT 100;

Node output - Plan: 
    Node Type: "Limit"
    Startup Cost: 296343.14
    Total Cost: 296343.14
    Plan Rows: 1
    Plan Width: 26
    Actual Startup Time: 10868.102
    Actual Total Time: 10868.129
    Actual Rows: 100
    Actual Loops: 1
    Plans: 
      - Node Type: "Sort"
        Parent Relationship: "Outer"
        Startup Cost: 296343.14
        Total Cost: 296343.14
        Plan Rows: 1
        Plan Width: 26
        Actual Startup Time: 10868.100
        Actual Total Time: 10868.112
        Actual Rows: 100
        Actual Loops: 1
        Sort Key: 
          - "(count(*))"
          - "supplier.s_name"
        Sort Method: "top-N heapsort"
        Sort Space Used: 33
        Sort Space Type: "Memory"
        Plans: 
          - Node Type: "Aggregate"
            Strategy: "Hashed"
            Parent Relationship: "Outer"
            Startup Cost: 296343.12
            Total Cost: 296343.13
            Plan Rows: 1
            Plan Width: 26
            Actual Startup Time: 10866.530
            Actual Total Time: 10866.723
            Actual Rows: 405
            Actual Loops: 1
            Group Key: 
              - "supplier.s_name"
            Plans: 
              - Node Type: "Nested Loop"
                Parent Relationship: "Outer"
                Join Type: "Anti"
                Startup Cost: 264.72
                Total Cost: 296343.11
                Plan Rows: 1
                Plan Width: 26
                Actual Startup Time: 13.398
                Actual Total Time: 10838.922
                Actual Rows: 4028
                Actual Loops: 1
                Plans: 
                  - Node Type: "Nested Loop"
                    Parent Relationship: "Outer"
                    Join Type: "Semi"
                    Startup Cost: 264.29
                    Total Cost: 296341.36
                    Plan Rows: 1
                    Plan Width: 42
                    Actual Startup Time: 12.724
                    Actual Total Time: 10014.268
                    Actual Rows: 71340
                    Actual Loops: 1
                    Join Filter: "(orders.o_orderkey = l2.l_orderkey)"
                    Rows Removed by Join Filter: 0
                    Plans: 
                      - Node Type: "Nested Loop"
                        Parent Relationship: "Outer"
                        Join Type: "Inner"
                        Startup Cost: 263.86
                        Total Cost: 246862.37
                        Plan Rows: 39007
                        Plan Width: 46
                        Actual Startup Time: 12.707
                        Actual Total Time: 8716.353
                        Actual Rows: 74167
                        Actual Loops: 1
                        Plans: 
                          - Node Type: "Hash Join"
                            Parent Relationship: "Outer"
                            Join Type: "Inner"
                            Startup Cost: 263.43
                            Total Cost: 205122.51
                            Plan Rows: 79737
                            Plan Width: 42
                            Actual Startup Time: 12.680
                            Actual Total Time: 6205.831
                            Actual Rows: 153653
                            Actual Loops: 1
                            Hash Cond: "(l1.l_suppkey = supplier.s_suppkey)"
                            Plans: 
                              - Node Type: "Seq Scan"
                                Parent Relationship: "Outer"
                                Relation Name: "lineitem"
                                Alias: "l1"
                                Startup Cost: 0.00
                                Total Cost: 196560.19
                                Plan Rows: 2000405
                                Plan Width: 16
                                Actual Startup Time: 0.012
                                Actual Total Time: 4818.006
                                Actual Rows: 3793296
                                Actual Loops: 1
                                Filter: "(l_receiptdate > l_commitdate)"
                                Rows Removed by Filter: 2207919
                              - Node Type: "Hash"
                                Parent Relationship: "Inner"
                                Startup Cost: 258.43
                                Total Cost: 258.43
                                Plan Rows: 400
                                Plan Width: 30
                                Actual Startup Time: 12.628
                                Actual Total Time: 12.628
                                Actual Rows: 405
                                Actual Loops: 1
                                Hash Buckets: 1024
                                Hash Batches: 1
                                Original Hash Batches: 1
                                Peak Memory Usage: 26
                                Plans: 
                                  - Node Type: "Nested Loop"
                                    Parent Relationship: "Outer"
                                    Join Type: "Inner"
                                    Startup Cost: 11.38
                                    Total Cost: 258.43
                                    Plan Rows: 400
                                    Plan Width: 30
                                    Actual Startup Time: 11.727
                                    Actual Total Time: 12.376
                                    Actual Rows: 405
                                    Actual Loops: 1
                                    Plans: 
                                      - Node Type: "Seq Scan"
                                        Parent Relationship: "Outer"
                                        Relation Name: "nation"
                                        Alias: "nation"
                                        Startup Cost: 0.00
                                        Total Cost: 1.31
                                        Plan Rows: 1
                                        Plan Width: 4
                                        Actual Startup Time: 0.017
                                        Actual Total Time: 0.028
                                        Actual Rows: 1
                                        Actual Loops: 1
                                        Filter: "(n_name = 'INDONESIA'::bpchar)"
                                        Rows Removed by Filter: 24
                                      - Node Type: "Bitmap Heap Scan"
                                        Parent Relationship: "Inner"
                                        Relation Name: "supplier"
                                        Alias: "supplier"
                                        Startup Cost: 11.38
                                        Total Cost: 253.12
                                        Plan Rows: 400
                                        Plan Width: 38
                                        Actual Startup Time: 11.704
                                        Actual Total Time: 12.188
                                        Actual Rows: 405
                                        Actual Loops: 1
                                        Recheck Cond: "(s_nationkey = nation.n_nationkey)"
                                        Rows Removed by Index Recheck: 0
                                        Exact Heap Blocks: 198
                                        Lossy Heap Blocks: 0
                                        Plans: 
                                          - Node Type: "Bitmap Index Scan"
                                            Parent Relationship: "Outer"
                                            Index Name: "idx_supplier_nation_key"
                                            Startup Cost: 0.00
                                            Total Cost: 11.29
                                            Plan Rows: 400
                                            Plan Width: 0
                                            Actual Startup Time: 11.652
                                            Actual Total Time: 11.652
                                            Actual Rows: 405
                                            Actual Loops: 1
                                            Index Cond: "(s_nationkey = nation.n_nationkey)"
                          - Node Type: "Index Scan"
                            Parent Relationship: "Inner"
                            Scan Direction: "Forward"
                            Index Name: "orders_pkey"
                            Relation Name: "orders"
                            Alias: "orders"
                            Startup Cost: 0.43
                            Total Cost: 0.51
                            Plan Rows: 1
                            Plan Width: 4
                            Actual Startup Time: 0.014
                            Actual Total Time: 0.015
                            Actual Rows: 0
                            Actual Loops: 153653
                            Index Cond: "(o_orderkey = l1.l_orderkey)"
                            Rows Removed by Index Recheck: 0
                            Filter: "(o_orderstatus = 'F'::bpchar)"
                            Rows Removed by Filter: 1
                      - Node Type: "Index Scan"
                        Parent Relationship: "Inner"
                        Scan Direction: "Forward"
                        Index Name: "idx_lineitem_orderkey"
                        Relation Name: "lineitem"
                        Alias: "l2"
                        Startup Cost: 0.43
                        Total Cost: 1.07
                        Plan Rows: 16
                        Plan Width: 16
                        Actual Startup Time: 0.015
                        Actual Total Time: 0.015
                        Actual Rows: 1
                        Actual Loops: 74167
                        Index Cond: "(l_orderkey = l1.l_orderkey)"
                        Rows Removed by Index Recheck: 0
                        Filter: "(l_suppkey <> l1.l_suppkey)"
                        Rows Removed by Filter: 0
                  - Node Type: "Index Scan"
                    Parent Relationship: "Inner"
                    Scan Direction: "Forward"
                    Index Name: "idx_lineitem_orderkey"
                    Relation Name: "lineitem"
                    Alias: "l3"
                    Startup Cost: 0.43
                    Total Cost: 1.07
                    Plan Rows: 5
                    Plan Width: 16
                    Actual Startup Time: 0.010
                    Actual Total Time: 0.010
                    Actual Rows: 1
                    Actual Loops: 71340
                    Index Cond: "(l_orderkey = l1.l_orderkey)"
                    Rows Removed by Index Recheck: 0
                    Filter: "((l_receiptdate > l_commitdate) AND (l_suppkey <> l1.l_suppkey))"
                    Rows Removed by Filter: 1
  Planning Time: 55.054
  Triggers: 
  Execution Time: 10868.415
Key => Node Type
Value  name ,=> -1.0
Key => Plan Width
Value  name ,=> 26.0
Key => Actual Rows
Value  name ,=> 100.0
Key => Actual Loops
Value  name ,=> 1.0
Key => Plans
Value  name ,=> -1.0
Key => Node Type
Value  name ,=> -1.0
Key => Parent Relationship
Value  name ,=> -1.0
Key => Plan Width
Value  name ,=> 26.0
Key => Actual Rows
Value  name ,=> 100.0
Key => Actual Loops
Value  name ,=> 1.0
Key => Sort Key
Value  name ,=> 2.0
Key => Sort Method
Value  name ,=> -1.0
Key => Sort Space Used
Value  name ,=> 33.0
Key => Sort Space Type
Value  name ,=> -1.0
Key => Plans
Value  name ,=> -1.0
Key => Node Type
Value  name ,=> -1.0
Key => Strategy
Value  name ,=> -1.0
Key => Parent Relationship
Value  name ,=> -1.0
Key => Plan Width
Value  name ,=> 26.0
Key => Actual Rows
Value  name ,=> 405.0
Key => Actual Loops
Value  name ,=> 1.0
Key => Group Key
Value  name ,=> 1.0
Key => Plans
Value  name ,=> -1.0
Key => Node Type
Value  name ,=> -1.0
Key => Parent Relationship
Value  name ,=> -1.0
Key => Join Type
Value  name ,=> -1.0
Key => Plan Width
Value  name ,=> 26.0
Key => Actual Rows
Value  name ,=> 4028.0
Key => Actual Loops
Value  name ,=> 1.0
Key => Plans
Value  name ,=> -1.0
Key => Node Type
Value  name ,=> -1.0
Key => Parent Relationship
Value  name ,=> -1.0
Key => Join Type
Value  name ,=> -1.0
Key => Plan Width
Value  name ,=> 42.0
Key => Actual Rows
Value  name ,=> 71340.0
Key => Actual Loops
Value  name ,=> 1.0
Key => Join Filter
Value  name ,=> -1.0
Key => Plans
Value  name ,=> -1.0
Key => Node Type
Value  name ,=> -1.0
Key => Parent Relationship
Value  name ,=> -1.0
Key => Join Type
Value  name ,=> -1.0
Key => Plan Width
Value  name ,=> 46.0
Key => Actual Rows
Value  name ,=> 74167.0
Key => Actual Loops
Value  name ,=> 1.0
Key => Plans
Value  name ,=> -1.0
Key => Node Type
Value  name ,=> -1.0
Key => Parent Relationship
Value  name ,=> -1.0
Key => Join Type
Value  name ,=> -1.0
Key => Plan Width
Value  name ,=> 42.0
Key => Actual Rows
Value  name ,=> 153653.0
Key => Actual Loops
Value  name ,=> 1.0
Key => Hash Cond
Value  name ,=> -1.0
Key => Plans
Value  name ,=> -1.0
Key => Node Type
Value  name ,=> -1.0
Key => Parent Relationship
Value  name ,=> -1.0
Key => Relation Name
Value  name ,=> -1.0
Key => Alias
Value  name ,=> -1.0
Key => Plan Width
Value  name ,=> 16.0
Key => Actual Rows
Value  name ,=> 3793296.0
Key => Actual Loops
Value  name ,=> 1.0
Key => Filter
Value  name ,=> -1.0
Data SeqScan , 1.0 3793296.0 16.0 2207919.0 4818.006
Added training data to files
Key => Node Type
Value  name ,=> -1.0
Key => Parent Relationship
Value  name ,=> -1.0
Key => Plan Width
Value  name ,=> 30.0
Key => Actual Rows
Value  name ,=> 405.0
Key => Actual Loops
Value  name ,=> 1.0
Key => Hash Buckets
Value  name ,=> 1024.0
Key => Hash Batches
Value  name ,=> 1.0
Key => Original Hash Batches
Value  name ,=> 1.0
Key => Peak Memory Usage
Value  name ,=> 26.0
Key => Plans
Value  name ,=> -1.0
Key => Node Type
Value  name ,=> -1.0
Key => Parent Relationship
Value  name ,=> -1.0
Key => Join Type
Value  name ,=> -1.0
Key => Plan Width
Value  name ,=> 30.0
Key => Actual Rows
Value  name ,=> 405.0
Key => Actual Loops
Value  name ,=> 1.0
Key => Plans
Value  name ,=> -1.0
Key => Node Type
Value  name ,=> -1.0
Key => Parent Relationship
Value  name ,=> -1.0
Key => Relation Name
Value  name ,=> -1.0
Key => Alias
Value  name ,=> -1.0
Key => Plan Width
Value  name ,=> 4.0
Key => Actual Rows
Value  name ,=> 1.0
Key => Actual Loops
Value  name ,=> 1.0
Key => Filter
Value  name ,=> -1.0
Data SeqScan , 1.0 1.0 4.0 24.0 0.028
Added training data to files
Key => Node Type
Value  name ,=> -1.0
Key => Parent Relationship
Value  name ,=> -1.0
Key => Relation Name
Value  name ,=> -1.0
Key => Alias
Value  name ,=> -1.0
Key => Plan Width
Value  name ,=> 38.0
Key => Actual Rows
Value  name ,=> 405.0
Key => Actual Loops
Value  name ,=> 1.0
Key => Recheck Cond
Value  name ,=> -1.0
Key => Rows Removed by Index Recheck
Value  name ,=> 0.0
Key => Exact Heap Blocks
Value  name ,=> 198.0
Key => Lossy Heap Blocks
Value  name ,=> 0.0
Key => Plans
Value  name ,=> -1.0
Key => Node Type
Value  name ,=> -1.0
Key => Parent Relationship
Value  name ,=> -1.0
Key => Index Name
Value  name ,=> -1.0
Key => Plan Width
Value  name ,=> 0.0
Key => Actual Rows
Value  name ,=> 405.0
Key => Actual Loops
Value  name ,=> 1.0
Key => Index Cond
Value  name ,=> -1.0
Data BitmapIndexScan , 1.0 405.0 0.0 0.0 11.652
Added training data to files
Data BitmapHeapScan , 1.0 405.0 198.0 0.0 38.0 0.0 0.0 405.0 0.0 12.188
Added training data to files
Data NestedLoopBitmapHeapScan , 1.0 405.0 30.0 0.0 1.0 4.0 405.0 38.0 12.376
Added training data to files
Data Hash , 1.0 405.0 1.0 1024.0 1.0 26.0 30.0 0.0 405.0 30.0 12.628
Added training data to files
Data HashJoin , 1.0 153653.0 42.0 0.0 3793296.0 16.0 405.0 30.0 6205.831
Added training data to files
Key => Node Type
Value  name ,=> -1.0
Key => Parent Relationship
Value  name ,=> -1.0
Key => Scan Direction
Value  name ,=> -1.0
Key => Index Name
Value  name ,=> -1.0
Key => Relation Name
Value  name ,=> -1.0
Key => Alias
Value  name ,=> -1.0
Key => Plan Width
Value  name ,=> 4.0
Key => Actual Rows
Value  name ,=> 0.0
Key => Actual Loops
Value  name ,=> 153653.0
Key => Index Cond
Value  name ,=> -1.0
Key => Rows Removed by Index Recheck
Value  name ,=> 0.0
Key => Filter
Value  name ,=> -1.0
Data IndexScan , 153653.0 0.0 4.0 1.0 0.0 0.015
Added training data to files
Data NestedLoopIndexScan , 1.0 74167.0 46.0 0.0 153653.0 42.0 0.0 4.0 8716.353
Added training data to files
Key => Node Type
Value  name ,=> -1.0
Key => Parent Relationship
Value  name ,=> -1.0
Key => Scan Direction
Value  name ,=> -1.0
Key => Index Name
Value  name ,=> -1.0
Key => Relation Name
Value  name ,=> -1.0
Key => Alias
Value  name ,=> -1.0
Key => Plan Width
Value  name ,=> 16.0
Key => Actual Rows
Value  name ,=> 1.0
Key => Actual Loops
Value  name ,=> 74167.0
Key => Index Cond
Value  name ,=> -1.0
Key => Rows Removed by Index Recheck
Value  name ,=> 0.0
Key => Filter
Value  name ,=> -1.0
Data IndexScan , 74167.0 1.0 16.0 0.0 0.0 0.015
Added training data to files
Data NestedLoopIndexScan , 1.0 71340.0 42.0 0.0 74167.0 46.0 1.0 16.0 10014.268
Added training data to files
Key => Node Type
Value  name ,=> -1.0
Key => Parent Relationship
Value  name ,=> -1.0
Key => Scan Direction
Value  name ,=> -1.0
Key => Index Name
Value  name ,=> -1.0
Key => Relation Name
Value  name ,=> -1.0
Key => Alias
Value  name ,=> -1.0
Key => Plan Width
Value  name ,=> 16.0
Key => Actual Rows
Value  name ,=> 1.0
Key => Actual Loops
Value  name ,=> 71340.0
Key => Index Cond
Value  name ,=> -1.0
Key => Rows Removed by Index Recheck
Value  name ,=> 0.0
Key => Filter
Value  name ,=> -1.0
Data IndexScan , 71340.0 1.0 16.0 1.0 0.0 0.01
Added training data to files
Data NestedLoopIndexScan , 1.0 4028.0 26.0 0.0 71340.0 42.0 1.0 16.0 10838.922
Added training data to files
Data Aggregate-Hashed , 1.0 405.0 1.0 26.0 0.0 4028.0 26.0 10866.723
Added training data to files
Data Sort-top-Nheapsort , 1.0 100.0 26.0 2.0 33.0 0.0 405.0 26.0 10868.112
Added training data to files
Data Limit , 1.0 100.0 26.0 0.0 100.0 26.0 10868.129
Added training data to files
Training query 190 executed successfully
Executed command ,script returned :  Exit value of child process : 1
Query : 
select
	s_name,
	count(*) as numwait
from
	supplier,
	lineitem l1,
	orders,
	nation
where
	s_suppkey = l1.l_suppkey
	and o_orderkey = l1.l_orderkey
	and o_orderstatus = 'F'
	and l1.l_receiptdate > l1.l_commitdate
	and exists (
		select
			*
		from
			lineitem l2
		where
			l2.l_orderkey = l1.l_orderkey
			and l2.l_suppkey <> l1.l_suppkey
	)
	and not exists (
		select
			*
		from
			lineitem l3
		where
			l3.l_orderkey = l1.l_orderkey
			and l3.l_suppkey <> l1.l_suppkey
			and l3.l_receiptdate > l3.l_commitdate
	)
	and s_nationkey = n_nationkey
	and n_name = 'INDONESIA'
group by
	s_name
order by
	numwait desc,
	s_name
LIMIT 100;

Node output - Plan: 
    Node Type: "Limit"
    Startup Cost: 296343.14
    Total Cost: 296343.14
    Plan Rows: 1
    Plan Width: 26
    Actual Startup Time: 7600.094
    Actual Total Time: 7600.118
    Actual Rows: 100
    Actual Loops: 1
    Plans: 
      - Node Type: "Sort"
        Parent Relationship: "Outer"
        Startup Cost: 296343.14
        Total Cost: 296343.14
        Plan Rows: 1
        Plan Width: 26
        Actual Startup Time: 7600.091
        Actual Total Time: 7600.102
        Actual Rows: 100
        Actual Loops: 1
        Sort Key: 
          - "(count(*))"
          - "supplier.s_name"
        Sort Method: "top-N heapsort"
        Sort Space Used: 33
        Sort Space Type: "Memory"
        Plans: 
          - Node Type: "Aggregate"
            Strategy: "Hashed"
            Parent Relationship: "Outer"
            Startup Cost: 296343.12
            Total Cost: 296343.13
            Plan Rows: 1
            Plan Width: 26
            Actual Startup Time: 7598.617
            Actual Total Time: 7598.783
            Actual Rows: 405
            Actual Loops: 1
            Group Key: 
              - "supplier.s_name"
            Plans: 
              - Node Type: "Nested Loop"
                Parent Relationship: "Outer"
                Join Type: "Anti"
                Startup Cost: 264.72
                Total Cost: 296343.11
                Plan Rows: 1
                Plan Width: 26
                Actual Startup Time: 3.277
                Actual Total Time: 7590.076
                Actual Rows: 4028
                Actual Loops: 1
                Plans: 
                  - Node Type: "Nested Loop"
                    Parent Relationship: "Outer"
                    Join Type: "Semi"
                    Startup Cost: 264.29
                    Total Cost: 296341.36
                    Plan Rows: 1
                    Plan Width: 42
                    Actual Startup Time: 2.513
                    Actual Total Time: 6979.537
                    Actual Rows: 71340
                    Actual Loops: 1
                    Join Filter: "(orders.o_orderkey = l2.l_orderkey)"
                    Rows Removed by Join Filter: 0
                    Plans: 
                      - Node Type: "Nested Loop"
                        Parent Relationship: "Outer"
                        Join Type: "Inner"
                        Startup Cost: 263.86
                        Total Cost: 246862.37
                        Plan Rows: 39007
                        Plan Width: 46
                        Actual Startup Time: 2.492
                        Actual Total Time: 6279.782
                        Actual Rows: 74167
                        Actual Loops: 1
                        Plans: 
                          - Node Type: "Hash Join"
                            Parent Relationship: "Outer"
                            Join Type: "Inner"
                            Startup Cost: 263.43
                            Total Cost: 205122.51
                            Plan Rows: 79737
                            Plan Width: 42
                            Actual Startup Time: 2.462
                            Actual Total Time: 4667.726
                            Actual Rows: 153653
                            Actual Loops: 1
                            Hash Cond: "(l1.l_suppkey = supplier.s_suppkey)"
                            Plans: 
                              - Node Type: "Seq Scan"
                                Parent Relationship: "Outer"
                                Relation Name: "lineitem"
                                Alias: "l1"
                                Startup Cost: 0.00
                                Total Cost: 196560.19
                                Plan Rows: 2000405
                                Plan Width: 16
                                Actual Startup Time: 0.012
                                Actual Total Time: 3634.441
                                Actual Rows: 3793296
                                Actual Loops: 1
                                Filter: "(l_receiptdate > l_commitdate)"
                                Rows Removed by Filter: 2207919
                              - Node Type: "Hash"
                                Parent Relationship: "Inner"
                                Startup Cost: 258.43
                                Total Cost: 258.43
                                Plan Rows: 400
                                Plan Width: 30
                                Actual Startup Time: 2.402
                                Actual Total Time: 2.402
                                Actual Rows: 405
                                Actual Loops: 1
                                Hash Buckets: 1024
                                Hash Batches: 1
                                Original Hash Batches: 1
                                Peak Memory Usage: 26
                                Plans: 
                                  - Node Type: "Nested Loop"
                                    Parent Relationship: "Outer"
                                    Join Type: "Inner"
                                    Startup Cost: 11.38
                                    Total Cost: 258.43
                                    Plan Rows: 400
                                    Plan Width: 30
                                    Actual Startup Time: 0.246
                                    Actual Total Time: 2.121
                                    Actual Rows: 405
                                    Actual Loops: 1
                                    Plans: 
                                      - Node Type: "Seq Scan"
                                        Parent Relationship: "Outer"
                                        Relation Name: "nation"
                                        Alias: "nation"
                                        Startup Cost: 0.00
                                        Total Cost: 1.31
                                        Plan Rows: 1
                                        Plan Width: 4
                                        Actual Startup Time: 0.021
                                        Actual Total Time: 0.033
                                        Actual Rows: 1
                                        Actual Loops: 1
                                        Filter: "(n_name = 'INDONESIA'::bpchar)"
                                        Rows Removed by Filter: 24
                                      - Node Type: "Bitmap Heap Scan"
                                        Parent Relationship: "Inner"
                                        Relation Name: "supplier"
                                        Alias: "supplier"
                                        Startup Cost: 11.38
                                        Total Cost: 253.12
                                        Plan Rows: 400
                                        Plan Width: 38
                                        Actual Startup Time: 0.219
                                        Actual Total Time: 1.867
                                        Actual Rows: 405
                                        Actual Loops: 1
                                        Recheck Cond: "(s_nationkey = nation.n_nationkey)"
                                        Rows Removed by Index Recheck: 0
                                        Exact Heap Blocks: 198
                                        Lossy Heap Blocks: 0
                                        Plans: 
                                          - Node Type: "Bitmap Index Scan"
                                            Parent Relationship: "Outer"
                                            Index Name: "idx_supplier_nation_key"
                                            Startup Cost: 0.00
                                            Total Cost: 11.29
                                            Plan Rows: 400
                                            Plan Width: 0
                                            Actual Startup Time: 0.163
                                            Actual Total Time: 0.163
                                            Actual Rows: 405
                                            Actual Loops: 1
                                            Index Cond: "(s_nationkey = nation.n_nationkey)"
                          - Node Type: "Index Scan"
                            Parent Relationship: "Inner"
                            Scan Direction: "Forward"
                            Index Name: "orders_pkey"
                            Relation Name: "orders"
                            Alias: "orders"
                            Startup Cost: 0.43
                            Total Cost: 0.51
                            Plan Rows: 1
                            Plan Width: 4
                            Actual Startup Time: 0.009
                            Actual Total Time: 0.009
                            Actual Rows: 0
                            Actual Loops: 153653
                            Index Cond: "(o_orderkey = l1.l_orderkey)"
                            Rows Removed by Index Recheck: 0
                            Filter: "(o_orderstatus = 'F'::bpchar)"
                            Rows Removed by Filter: 1
                      - Node Type: "Index Scan"
                        Parent Relationship: "Inner"
                        Scan Direction: "Forward"
                        Index Name: "idx_lineitem_orderkey"
                        Relation Name: "lineitem"
                        Alias: "l2"
                        Startup Cost: 0.43
                        Total Cost: 1.07
                        Plan Rows: 16
                        Plan Width: 16
                        Actual Startup Time: 0.008
                        Actual Total Time: 0.008
                        Actual Rows: 1
                        Actual Loops: 74167
                        Index Cond: "(l_orderkey = l1.l_orderkey)"
                        Rows Removed by Index Recheck: 0
                        Filter: "(l_suppkey <> l1.l_suppkey)"
                        Rows Removed by Filter: 0
                  - Node Type: "Index Scan"
                    Parent Relationship: "Inner"
                    Scan Direction: "Forward"
                    Index Name: "idx_lineitem_orderkey"
                    Relation Name: "lineitem"
                    Alias: "l3"
                    Startup Cost: 0.43
                    Total Cost: 1.07
                    Plan Rows: 5
                    Plan Width: 16
                    Actual Startup Time: 0.007
                    Actual Total Time: 0.007
                    Actual Rows: 1
                    Actual Loops: 71340
                    Index Cond: "(l_orderkey = l1.l_orderkey)"
                    Rows Removed by Index Recheck: 0
                    Filter: "((l_receiptdate > l_commitdate) AND (l_suppkey <> l1.l_suppkey))"
                    Rows Removed by Filter: 1
  Planning Time: 9.392
  Triggers: 
  Execution Time: 7600.408
Key => Node Type
Value  name ,=> -1.0
Key => Plan Width
Value  name ,=> 26.0
Key => Actual Rows
Value  name ,=> 100.0
Key => Actual Loops
Value  name ,=> 1.0
Key => Plans
Value  name ,=> -1.0
Key => Node Type
Value  name ,=> -1.0
Key => Parent Relationship
Value  name ,=> -1.0
Key => Plan Width
Value  name ,=> 26.0
Key => Actual Rows
Value  name ,=> 100.0
Key => Actual Loops
Value  name ,=> 1.0
Key => Sort Key
Value  name ,=> 2.0
Key => Sort Method
Value  name ,=> -1.0
Key => Sort Space Used
Value  name ,=> 33.0
Key => Sort Space Type
Value  name ,=> -1.0
Key => Plans
Value  name ,=> -1.0
Key => Node Type
Value  name ,=> -1.0
Key => Strategy
Value  name ,=> -1.0
Key => Parent Relationship
Value  name ,=> -1.0
Key => Plan Width
Value  name ,=> 26.0
Key => Actual Rows
Value  name ,=> 405.0
Key => Actual Loops
Value  name ,=> 1.0
Key => Group Key
Value  name ,=> 1.0
Key => Plans
Value  name ,=> -1.0
Key => Node Type
Value  name ,=> -1.0
Key => Parent Relationship
Value  name ,=> -1.0
Key => Join Type
Value  name ,=> -1.0
Key => Plan Width
Value  name ,=> 26.0
Key => Actual Rows
Value  name ,=> 4028.0
Key => Actual Loops
Value  name ,=> 1.0
Key => Plans
Value  name ,=> -1.0
Key => Node Type
Value  name ,=> -1.0
Key => Parent Relationship
Value  name ,=> -1.0
Key => Join Type
Value  name ,=> -1.0
Key => Plan Width
Value  name ,=> 42.0
Key => Actual Rows
Value  name ,=> 71340.0
Key => Actual Loops
Value  name ,=> 1.0
Key => Join Filter
Value  name ,=> -1.0
Key => Plans
Value  name ,=> -1.0
Key => Node Type
Value  name ,=> -1.0
Key => Parent Relationship
Value  name ,=> -1.0
Key => Join Type
Value  name ,=> -1.0
Key => Plan Width
Value  name ,=> 46.0
Key => Actual Rows
Value  name ,=> 74167.0
Key => Actual Loops
Value  name ,=> 1.0
Key => Plans
Value  name ,=> -1.0
Key => Node Type
Value  name ,=> -1.0
Key => Parent Relationship
Value  name ,=> -1.0
Key => Join Type
Value  name ,=> -1.0
Key => Plan Width
Value  name ,=> 42.0
Key => Actual Rows
Value  name ,=> 153653.0
Key => Actual Loops
Value  name ,=> 1.0
Key => Hash Cond
Value  name ,=> -1.0
Key => Plans
Value  name ,=> -1.0
Key => Node Type
Value  name ,=> -1.0
Key => Parent Relationship
Value  name ,=> -1.0
Key => Relation Name
Value  name ,=> -1.0
Key => Alias
Value  name ,=> -1.0
Key => Plan Width
Value  name ,=> 16.0
Key => Actual Rows
Value  name ,=> 3793296.0
Key => Actual Loops
Value  name ,=> 1.0
Key => Filter
Value  name ,=> -1.0
Data SeqScan , 1.0 3793296.0 16.0 2207919.0 3634.441
Added training data to files
Key => Node Type
Value  name ,=> -1.0
Key => Parent Relationship
Value  name ,=> -1.0
Key => Plan Width
Value  name ,=> 30.0
Key => Actual Rows
Value  name ,=> 405.0
Key => Actual Loops
Value  name ,=> 1.0
Key => Hash Buckets
Value  name ,=> 1024.0
Key => Hash Batches
Value  name ,=> 1.0
Key => Original Hash Batches
Value  name ,=> 1.0
Key => Peak Memory Usage
Value  name ,=> 26.0
Key => Plans
Value  name ,=> -1.0
Key => Node Type
Value  name ,=> -1.0
Key => Parent Relationship
Value  name ,=> -1.0
Key => Join Type
Value  name ,=> -1.0
Key => Plan Width
Value  name ,=> 30.0
Key => Actual Rows
Value  name ,=> 405.0
Key => Actual Loops
Value  name ,=> 1.0
Key => Plans
Value  name ,=> -1.0
Key => Node Type
Value  name ,=> -1.0
Key => Parent Relationship
Value  name ,=> -1.0
Key => Relation Name
Value  name ,=> -1.0
Key => Alias
Value  name ,=> -1.0
Key => Plan Width
Value  name ,=> 4.0
Key => Actual Rows
Value  name ,=> 1.0
Key => Actual Loops
Value  name ,=> 1.0
Key => Filter
Value  name ,=> -1.0
Data SeqScan , 1.0 1.0 4.0 24.0 0.033
Added training data to files
Key => Node Type
Value  name ,=> -1.0
Key => Parent Relationship
Value  name ,=> -1.0
Key => Relation Name
Value  name ,=> -1.0
Key => Alias
Value  name ,=> -1.0
Key => Plan Width
Value  name ,=> 38.0
Key => Actual Rows
Value  name ,=> 405.0
Key => Actual Loops
Value  name ,=> 1.0
Key => Recheck Cond
Value  name ,=> -1.0
Key => Rows Removed by Index Recheck
Value  name ,=> 0.0
Key => Exact Heap Blocks
Value  name ,=> 198.0
Key => Lossy Heap Blocks
Value  name ,=> 0.0
Key => Plans
Value  name ,=> -1.0
Key => Node Type
Value  name ,=> -1.0
Key => Parent Relationship
Value  name ,=> -1.0
Key => Index Name
Value  name ,=> -1.0
Key => Plan Width
Value  name ,=> 0.0
Key => Actual Rows
Value  name ,=> 405.0
Key => Actual Loops
Value  name ,=> 1.0
Key => Index Cond
Value  name ,=> -1.0
Data BitmapIndexScan , 1.0 405.0 0.0 0.0 0.163
Added training data to files
Data BitmapHeapScan , 1.0 405.0 198.0 0.0 38.0 0.0 0.0 405.0 0.0 1.867
Added training data to files
Data NestedLoopBitmapHeapScan , 1.0 405.0 30.0 0.0 1.0 4.0 405.0 38.0 2.121
Added training data to files
Data Hash , 1.0 405.0 1.0 1024.0 1.0 26.0 30.0 0.0 405.0 30.0 2.402
Added training data to files
Data HashJoin , 1.0 153653.0 42.0 0.0 3793296.0 16.0 405.0 30.0 4667.726
Added training data to files
Key => Node Type
Value  name ,=> -1.0
Key => Parent Relationship
Value  name ,=> -1.0
Key => Scan Direction
Value  name ,=> -1.0
Key => Index Name
Value  name ,=> -1.0
Key => Relation Name
Value  name ,=> -1.0
Key => Alias
Value  name ,=> -1.0
Key => Plan Width
Value  name ,=> 4.0
Key => Actual Rows
Value  name ,=> 0.0
Key => Actual Loops
Value  name ,=> 153653.0
Key => Index Cond
Value  name ,=> -1.0
Key => Rows Removed by Index Recheck
Value  name ,=> 0.0
Key => Filter
Value  name ,=> -1.0
Data IndexScan , 153653.0 0.0 4.0 1.0 0.0 0.009
Added training data to files
Data NestedLoopIndexScan , 1.0 74167.0 46.0 0.0 153653.0 42.0 0.0 4.0 6279.782
Added training data to files
Key => Node Type
Value  name ,=> -1.0
Key => Parent Relationship
Value  name ,=> -1.0
Key => Scan Direction
Value  name ,=> -1.0
Key => Index Name
Value  name ,=> -1.0
Key => Relation Name
Value  name ,=> -1.0
Key => Alias
Value  name ,=> -1.0
Key => Plan Width
Value  name ,=> 16.0
Key => Actual Rows
Value  name ,=> 1.0
Key => Actual Loops
Value  name ,=> 74167.0
Key => Index Cond
Value  name ,=> -1.0
Key => Rows Removed by Index Recheck
Value  name ,=> 0.0
Key => Filter
Value  name ,=> -1.0
Data IndexScan , 74167.0 1.0 16.0 0.0 0.0 0.008
Added training data to files
Data NestedLoopIndexScan , 1.0 71340.0 42.0 0.0 74167.0 46.0 1.0 16.0 6979.537
Added training data to files
Key => Node Type
Value  name ,=> -1.0
Key => Parent Relationship
Value  name ,=> -1.0
Key => Scan Direction
Value  name ,=> -1.0
Key => Index Name
Value  name ,=> -1.0
Key => Relation Name
Value  name ,=> -1.0
Key => Alias
Value  name ,=> -1.0
Key => Plan Width
Value  name ,=> 16.0
Key => Actual Rows
Value  name ,=> 1.0
Key => Actual Loops
Value  name ,=> 71340.0
Key => Index Cond
Value  name ,=> -1.0
Key => Rows Removed by Index Recheck
Value  name ,=> 0.0
Key => Filter
Value  name ,=> -1.0
Data IndexScan , 71340.0 1.0 16.0 1.0 0.0 0.007
Added training data to files
Data NestedLoopIndexScan , 1.0 4028.0 26.0 0.0 71340.0 42.0 1.0 16.0 7590.076
Added training data to files
Data Aggregate-Hashed , 1.0 405.0 1.0 26.0 0.0 4028.0 26.0 7598.783
Added training data to files
Data Sort-top-Nheapsort , 1.0 100.0 26.0 2.0 33.0 0.0 405.0 26.0 7600.102
Added training data to files
Data Limit , 1.0 100.0 26.0 0.0 100.0 26.0 7600.118
Added training data to files
Training query 191 executed successfully
Executed command ,script returned :  Exit value of child process : 1
Query : 
select
	s_name,
	count(*) as numwait
from
	supplier,
	lineitem l1,
	orders,
	nation
where
	s_suppkey = l1.l_suppkey
	and o_orderkey = l1.l_orderkey
	and o_orderstatus = 'F'
	and l1.l_receiptdate > l1.l_commitdate
	and exists (
		select
			*
		from
			lineitem l2
		where
			l2.l_orderkey = l1.l_orderkey
			and l2.l_suppkey <> l1.l_suppkey
	)
	and not exists (
		select
			*
		from
			lineitem l3
		where
			l3.l_orderkey = l1.l_orderkey
			and l3.l_suppkey <> l1.l_suppkey
			and l3.l_receiptdate > l3.l_commitdate
	)
	and s_nationkey = n_nationkey
	and n_name = 'INDONESIA'
group by
	s_name
order by
	numwait desc,
	s_name
LIMIT 100;

Node output - Plan: 
    Node Type: "Limit"
    Startup Cost: 296343.14
    Total Cost: 296343.14
    Plan Rows: 1
    Plan Width: 26
    Actual Startup Time: 7715.710
    Actual Total Time: 7715.735
    Actual Rows: 100
    Actual Loops: 1
    Plans: 
      - Node Type: "Sort"
        Parent Relationship: "Outer"
        Startup Cost: 296343.14
        Total Cost: 296343.14
        Plan Rows: 1
        Plan Width: 26
        Actual Startup Time: 7715.708
        Actual Total Time: 7715.718
        Actual Rows: 100
        Actual Loops: 1
        Sort Key: 
          - "(count(*))"
          - "supplier.s_name"
        Sort Method: "top-N heapsort"
        Sort Space Used: 33
        Sort Space Type: "Memory"
        Plans: 
          - Node Type: "Aggregate"
            Strategy: "Hashed"
            Parent Relationship: "Outer"
            Startup Cost: 296343.12
            Total Cost: 296343.13
            Plan Rows: 1
            Plan Width: 26
            Actual Startup Time: 7714.235
            Actual Total Time: 7714.409
            Actual Rows: 405
            Actual Loops: 1
            Group Key: 
              - "supplier.s_name"
            Plans: 
              - Node Type: "Nested Loop"
                Parent Relationship: "Outer"
                Join Type: "Anti"
                Startup Cost: 264.72
                Total Cost: 296343.11
                Plan Rows: 1
                Plan Width: 26
                Actual Startup Time: 2.934
                Actual Total Time: 7705.555
                Actual Rows: 4028
                Actual Loops: 1
                Plans: 
                  - Node Type: "Nested Loop"
                    Parent Relationship: "Outer"
                    Join Type: "Semi"
                    Startup Cost: 264.29
                    Total Cost: 296341.36
                    Plan Rows: 1
                    Plan Width: 42
                    Actual Startup Time: 2.256
                    Actual Total Time: 7085.398
                    Actual Rows: 71340
                    Actual Loops: 1
                    Join Filter: "(orders.o_orderkey = l2.l_orderkey)"
                    Rows Removed by Join Filter: 0
                    Plans: 
                      - Node Type: "Nested Loop"
                        Parent Relationship: "Outer"
                        Join Type: "Inner"
                        Startup Cost: 263.86
                        Total Cost: 246862.37
                        Plan Rows: 39007
                        Plan Width: 46
                        Actual Startup Time: 2.238
                        Actual Total Time: 6375.334
                        Actual Rows: 74167
                        Actual Loops: 1
                        Plans: 
                          - Node Type: "Hash Join"
                            Parent Relationship: "Outer"
                            Join Type: "Inner"
                            Startup Cost: 263.43
                            Total Cost: 205122.51
                            Plan Rows: 79737
                            Plan Width: 42
                            Actual Startup Time: 2.208
                            Actual Total Time: 4740.001
                            Actual Rows: 153653
                            Actual Loops: 1
                            Hash Cond: "(l1.l_suppkey = supplier.s_suppkey)"
                            Plans: 
                              - Node Type: "Seq Scan"
                                Parent Relationship: "Outer"
                                Relation Name: "lineitem"
                                Alias: "l1"
                                Startup Cost: 0.00
                                Total Cost: 196560.19
                                Plan Rows: 2000405
                                Plan Width: 16
                                Actual Startup Time: 0.012
                                Actual Total Time: 3689.966
                                Actual Rows: 3793296
                                Actual Loops: 1
                                Filter: "(l_receiptdate > l_commitdate)"
                                Rows Removed by Filter: 2207919
                              - Node Type: "Hash"
                                Parent Relationship: "Inner"
                                Startup Cost: 258.43
                                Total Cost: 258.43
                                Plan Rows: 400
                                Plan Width: 30
                                Actual Startup Time: 2.152
                                Actual Total Time: 2.152
                                Actual Rows: 405
                                Actual Loops: 1
                                Hash Buckets: 1024
                                Hash Batches: 1
                                Original Hash Batches: 1
                                Peak Memory Usage: 26
                                Plans: 
                                  - Node Type: "Nested Loop"
                                    Parent Relationship: "Outer"
                                    Join Type: "Inner"
                                    Startup Cost: 11.38
                                    Total Cost: 258.43
                                    Plan Rows: 400
                                    Plan Width: 30
                                    Actual Startup Time: 0.204
                                    Actual Total Time: 1.916
                                    Actual Rows: 405
                                    Actual Loops: 1
                                    Plans: 
                                      - Node Type: "Seq Scan"
                                        Parent Relationship: "Outer"
                                        Relation Name: "nation"
                                        Alias: "nation"
                                        Startup Cost: 0.00
                                        Total Cost: 1.31
                                        Plan Rows: 1
                                        Plan Width: 4
                                        Actual Startup Time: 0.018
                                        Actual Total Time: 0.029
                                        Actual Rows: 1
                                        Actual Loops: 1
                                        Filter: "(n_name = 'INDONESIA'::bpchar)"
                                        Rows Removed by Filter: 24
                                      - Node Type: "Bitmap Heap Scan"
                                        Parent Relationship: "Inner"
                                        Relation Name: "supplier"
                                        Alias: "supplier"
                                        Startup Cost: 11.38
                                        Total Cost: 253.12
                                        Plan Rows: 400
                                        Plan Width: 38
                                        Actual Startup Time: 0.182
                                        Actual Total Time: 1.685
                                        Actual Rows: 405
                                        Actual Loops: 1
                                        Recheck Cond: "(s_nationkey = nation.n_nationkey)"
                                        Rows Removed by Index Recheck: 0
                                        Exact Heap Blocks: 198
                                        Lossy Heap Blocks: 0
                                        Plans: 
                                          - Node Type: "Bitmap Index Scan"
                                            Parent Relationship: "Outer"
                                            Index Name: "idx_supplier_nation_key"
                                            Startup Cost: 0.00
                                            Total Cost: 11.29
                                            Plan Rows: 400
                                            Plan Width: 0
                                            Actual Startup Time: 0.136
                                            Actual Total Time: 0.136
                                            Actual Rows: 405
                                            Actual Loops: 1
                                            Index Cond: "(s_nationkey = nation.n_nationkey)"
                          - Node Type: "Index Scan"
                            Parent Relationship: "Inner"
                            Scan Direction: "Forward"
                            Index Name: "orders_pkey"
                            Relation Name: "orders"
                            Alias: "orders"
                            Startup Cost: 0.43
                            Total Cost: 0.51
                            Plan Rows: 1
                            Plan Width: 4
                            Actual Startup Time: 0.009
                            Actual Total Time: 0.009
                            Actual Rows: 0
                            Actual Loops: 153653
                            Index Cond: "(o_orderkey = l1.l_orderkey)"
                            Rows Removed by Index Recheck: 0
                            Filter: "(o_orderstatus = 'F'::bpchar)"
                            Rows Removed by Filter: 1
                      - Node Type: "Index Scan"
                        Parent Relationship: "Inner"
                        Scan Direction: "Forward"
                        Index Name: "idx_lineitem_orderkey"
                        Relation Name: "lineitem"
                        Alias: "l2"
                        Startup Cost: 0.43
                        Total Cost: 1.07
                        Plan Rows: 16
                        Plan Width: 16
                        Actual Startup Time: 0.008
                        Actual Total Time: 0.008
                        Actual Rows: 1
                        Actual Loops: 74167
                        Index Cond: "(l_orderkey = l1.l_orderkey)"
                        Rows Removed by Index Recheck: 0
                        Filter: "(l_suppkey <> l1.l_suppkey)"
                        Rows Removed by Filter: 0
                  - Node Type: "Index Scan"
                    Parent Relationship: "Inner"
                    Scan Direction: "Forward"
                    Index Name: "idx_lineitem_orderkey"
                    Relation Name: "lineitem"
                    Alias: "l3"
                    Startup Cost: 0.43
                    Total Cost: 1.07
                    Plan Rows: 5
                    Plan Width: 16
                    Actual Startup Time: 0.007
                    Actual Total Time: 0.007
                    Actual Rows: 1
                    Actual Loops: 71340
                    Index Cond: "(l_orderkey = l1.l_orderkey)"
                    Rows Removed by Index Recheck: 0
                    Filter: "((l_receiptdate > l_commitdate) AND (l_suppkey <> l1.l_suppkey))"
                    Rows Removed by Filter: 1
  Planning Time: 7.769
  Triggers: 
  Execution Time: 7716.002
Key => Node Type
Value  name ,=> -1.0
Key => Plan Width
Value  name ,=> 26.0
Key => Actual Rows
Value  name ,=> 100.0
Key => Actual Loops
Value  name ,=> 1.0
Key => Plans
Value  name ,=> -1.0
Key => Node Type
Value  name ,=> -1.0
Key => Parent Relationship
Value  name ,=> -1.0
Key => Plan Width
Value  name ,=> 26.0
Key => Actual Rows
Value  name ,=> 100.0
Key => Actual Loops
Value  name ,=> 1.0
Key => Sort Key
Value  name ,=> 2.0
Key => Sort Method
Value  name ,=> -1.0
Key => Sort Space Used
Value  name ,=> 33.0
Key => Sort Space Type
Value  name ,=> -1.0
Key => Plans
Value  name ,=> -1.0
Key => Node Type
Value  name ,=> -1.0
Key => Strategy
Value  name ,=> -1.0
Key => Parent Relationship
Value  name ,=> -1.0
Key => Plan Width
Value  name ,=> 26.0
Key => Actual Rows
Value  name ,=> 405.0
Key => Actual Loops
Value  name ,=> 1.0
Key => Group Key
Value  name ,=> 1.0
Key => Plans
Value  name ,=> -1.0
Key => Node Type
Value  name ,=> -1.0
Key => Parent Relationship
Value  name ,=> -1.0
Key => Join Type
Value  name ,=> -1.0
Key => Plan Width
Value  name ,=> 26.0
Key => Actual Rows
Value  name ,=> 4028.0
Key => Actual Loops
Value  name ,=> 1.0
Key => Plans
Value  name ,=> -1.0
Key => Node Type
Value  name ,=> -1.0
Key => Parent Relationship
Value  name ,=> -1.0
Key => Join Type
Value  name ,=> -1.0
Key => Plan Width
Value  name ,=> 42.0
Key => Actual Rows
Value  name ,=> 71340.0
Key => Actual Loops
Value  name ,=> 1.0
Key => Join Filter
Value  name ,=> -1.0
Key => Plans
Value  name ,=> -1.0
Key => Node Type
Value  name ,=> -1.0
Key => Parent Relationship
Value  name ,=> -1.0
Key => Join Type
Value  name ,=> -1.0
Key => Plan Width
Value  name ,=> 46.0
Key => Actual Rows
Value  name ,=> 74167.0
Key => Actual Loops
Value  name ,=> 1.0
Key => Plans
Value  name ,=> -1.0
Key => Node Type
Value  name ,=> -1.0
Key => Parent Relationship
Value  name ,=> -1.0
Key => Join Type
Value  name ,=> -1.0
Key => Plan Width
Value  name ,=> 42.0
Key => Actual Rows
Value  name ,=> 153653.0
Key => Actual Loops
Value  name ,=> 1.0
Key => Hash Cond
Value  name ,=> -1.0
Key => Plans
Value  name ,=> -1.0
Key => Node Type
Value  name ,=> -1.0
Key => Parent Relationship
Value  name ,=> -1.0
Key => Relation Name
Value  name ,=> -1.0
Key => Alias
Value  name ,=> -1.0
Key => Plan Width
Value  name ,=> 16.0
Key => Actual Rows
Value  name ,=> 3793296.0
Key => Actual Loops
Value  name ,=> 1.0
Key => Filter
Value  name ,=> -1.0
Data SeqScan , 1.0 3793296.0 16.0 2207919.0 3689.966
Added training data to files
Key => Node Type
Value  name ,=> -1.0
Key => Parent Relationship
Value  name ,=> -1.0
Key => Plan Width
Value  name ,=> 30.0
Key => Actual Rows
Value  name ,=> 405.0
Key => Actual Loops
Value  name ,=> 1.0
Key => Hash Buckets
Value  name ,=> 1024.0
Key => Hash Batches
Value  name ,=> 1.0
Key => Original Hash Batches
Value  name ,=> 1.0
Key => Peak Memory Usage
Value  name ,=> 26.0
Key => Plans
Value  name ,=> -1.0
Key => Node Type
Value  name ,=> -1.0
Key => Parent Relationship
Value  name ,=> -1.0
Key => Join Type
Value  name ,=> -1.0
Key => Plan Width
Value  name ,=> 30.0
Key => Actual Rows
Value  name ,=> 405.0
Key => Actual Loops
Value  name ,=> 1.0
Key => Plans
Value  name ,=> -1.0
Key => Node Type
Value  name ,=> -1.0
Key => Parent Relationship
Value  name ,=> -1.0
Key => Relation Name
Value  name ,=> -1.0
Key => Alias
Value  name ,=> -1.0
Key => Plan Width
Value  name ,=> 4.0
Key => Actual Rows
Value  name ,=> 1.0
Key => Actual Loops
Value  name ,=> 1.0
Key => Filter
Value  name ,=> -1.0
Data SeqScan , 1.0 1.0 4.0 24.0 0.029
Added training data to files
Key => Node Type
Value  name ,=> -1.0
Key => Parent Relationship
Value  name ,=> -1.0
Key => Relation Name
Value  name ,=> -1.0
Key => Alias
Value  name ,=> -1.0
Key => Plan Width
Value  name ,=> 38.0
Key => Actual Rows
Value  name ,=> 405.0
Key => Actual Loops
Value  name ,=> 1.0
Key => Recheck Cond
Value  name ,=> -1.0
Key => Rows Removed by Index Recheck
Value  name ,=> 0.0
Key => Exact Heap Blocks
Value  name ,=> 198.0
Key => Lossy Heap Blocks
Value  name ,=> 0.0
Key => Plans
Value  name ,=> -1.0
Key => Node Type
Value  name ,=> -1.0
Key => Parent Relationship
Value  name ,=> -1.0
Key => Index Name
Value  name ,=> -1.0
Key => Plan Width
Value  name ,=> 0.0
Key => Actual Rows
Value  name ,=> 405.0
Key => Actual Loops
Value  name ,=> 1.0
Key => Index Cond
Value  name ,=> -1.0
Data BitmapIndexScan , 1.0 405.0 0.0 0.0 0.136
Added training data to files
Data BitmapHeapScan , 1.0 405.0 198.0 0.0 38.0 0.0 0.0 405.0 0.0 1.685
Added training data to files
Data NestedLoopBitmapHeapScan , 1.0 405.0 30.0 0.0 1.0 4.0 405.0 38.0 1.916
Added training data to files
Data Hash , 1.0 405.0 1.0 1024.0 1.0 26.0 30.0 0.0 405.0 30.0 2.152
Added training data to files
Data HashJoin , 1.0 153653.0 42.0 0.0 3793296.0 16.0 405.0 30.0 4740.001
Added training data to files
Key => Node Type
Value  name ,=> -1.0
Key => Parent Relationship
Value  name ,=> -1.0
Key => Scan Direction
Value  name ,=> -1.0
Key => Index Name
Value  name ,=> -1.0
Key => Relation Name
Value  name ,=> -1.0
Key => Alias
Value  name ,=> -1.0
Key => Plan Width
Value  name ,=> 4.0
Key => Actual Rows
Value  name ,=> 0.0
Key => Actual Loops
Value  name ,=> 153653.0
Key => Index Cond
Value  name ,=> -1.0
Key => Rows Removed by Index Recheck
Value  name ,=> 0.0
Key => Filter
Value  name ,=> -1.0
Data IndexScan , 153653.0 0.0 4.0 1.0 0.0 0.009
Added training data to files
Data NestedLoopIndexScan , 1.0 74167.0 46.0 0.0 153653.0 42.0 0.0 4.0 6375.334
Added training data to files
Key => Node Type
Value  name ,=> -1.0
Key => Parent Relationship
Value  name ,=> -1.0
Key => Scan Direction
Value  name ,=> -1.0
Key => Index Name
Value  name ,=> -1.0
Key => Relation Name
Value  name ,=> -1.0
Key => Alias
Value  name ,=> -1.0
Key => Plan Width
Value  name ,=> 16.0
Key => Actual Rows
Value  name ,=> 1.0
Key => Actual Loops
Value  name ,=> 74167.0
Key => Index Cond
Value  name ,=> -1.0
Key => Rows Removed by Index Recheck
Value  name ,=> 0.0
Key => Filter
Value  name ,=> -1.0
Data IndexScan , 74167.0 1.0 16.0 0.0 0.0 0.008
Added training data to files
Data NestedLoopIndexScan , 1.0 71340.0 42.0 0.0 74167.0 46.0 1.0 16.0 7085.398
Added training data to files
Key => Node Type
Value  name ,=> -1.0
Key => Parent Relationship
Value  name ,=> -1.0
Key => Scan Direction
Value  name ,=> -1.0
Key => Index Name
Value  name ,=> -1.0
Key => Relation Name
Value  name ,=> -1.0
Key => Alias
Value  name ,=> -1.0
Key => Plan Width
Value  name ,=> 16.0
Key => Actual Rows
Value  name ,=> 1.0
Key => Actual Loops
Value  name ,=> 71340.0
Key => Index Cond
Value  name ,=> -1.0
Key => Rows Removed by Index Recheck
Value  name ,=> 0.0
Key => Filter
Value  name ,=> -1.0
Data IndexScan , 71340.0 1.0 16.0 1.0 0.0 0.007
Added training data to files
Data NestedLoopIndexScan , 1.0 4028.0 26.0 0.0 71340.0 42.0 1.0 16.0 7705.555
Added training data to files
Data Aggregate-Hashed , 1.0 405.0 1.0 26.0 0.0 4028.0 26.0 7714.409
Added training data to files
Data Sort-top-Nheapsort , 1.0 100.0 26.0 2.0 33.0 0.0 405.0 26.0 7715.718
Added training data to files
Data Limit , 1.0 100.0 26.0 0.0 100.0 26.0 7715.735
Added training data to files
Training query 192 executed successfully
Executed command ,script returned :  Exit value of child process : 1
Query : 
select
	s_name,
	count(*) as numwait
from
	supplier,
	lineitem l1,
	orders,
	nation
where
	s_suppkey = l1.l_suppkey
	and o_orderkey = l1.l_orderkey
	and o_orderstatus = 'F'
	and l1.l_receiptdate > l1.l_commitdate
	and exists (
		select
			*
		from
			lineitem l2
		where
			l2.l_orderkey = l1.l_orderkey
			and l2.l_suppkey <> l1.l_suppkey
	)
	and not exists (
		select
			*
		from
			lineitem l3
		where
			l3.l_orderkey = l1.l_orderkey
			and l3.l_suppkey <> l1.l_suppkey
			and l3.l_receiptdate > l3.l_commitdate
	)
	and s_nationkey = n_nationkey
	and n_name = 'INDONESIA'
group by
	s_name
order by
	numwait desc,
	s_name
LIMIT 100;

Node output - Plan: 
    Node Type: "Limit"
    Startup Cost: 296343.14
    Total Cost: 296343.14
    Plan Rows: 1
    Plan Width: 26
    Actual Startup Time: 7800.749
    Actual Total Time: 7800.774
    Actual Rows: 100
    Actual Loops: 1
    Plans: 
      - Node Type: "Sort"
        Parent Relationship: "Outer"
        Startup Cost: 296343.14
        Total Cost: 296343.14
        Plan Rows: 1
        Plan Width: 26
        Actual Startup Time: 7800.746
        Actual Total Time: 7800.759
        Actual Rows: 100
        Actual Loops: 1
        Sort Key: 
          - "(count(*))"
          - "supplier.s_name"
        Sort Method: "top-N heapsort"
        Sort Space Used: 33
        Sort Space Type: "Memory"
        Plans: 
          - Node Type: "Aggregate"
            Strategy: "Hashed"
            Parent Relationship: "Outer"
            Startup Cost: 296343.12
            Total Cost: 296343.13
            Plan Rows: 1
            Plan Width: 26
            Actual Startup Time: 7799.256
            Actual Total Time: 7799.432
            Actual Rows: 405
            Actual Loops: 1
            Group Key: 
              - "supplier.s_name"
            Plans: 
              - Node Type: "Nested Loop"
                Parent Relationship: "Outer"
                Join Type: "Anti"
                Startup Cost: 264.72
                Total Cost: 296343.11
                Plan Rows: 1
                Plan Width: 26
                Actual Startup Time: 6.532
                Actual Total Time: 7790.469
                Actual Rows: 4028
                Actual Loops: 1
                Plans: 
                  - Node Type: "Nested Loop"
                    Parent Relationship: "Outer"
                    Join Type: "Semi"
                    Startup Cost: 264.29
                    Total Cost: 296341.36
                    Plan Rows: 1
                    Plan Width: 42
                    Actual Startup Time: 5.875
                    Actual Total Time: 7162.508
                    Actual Rows: 71340
                    Actual Loops: 1
                    Join Filter: "(orders.o_orderkey = l2.l_orderkey)"
                    Rows Removed by Join Filter: 0
                    Plans: 
                      - Node Type: "Nested Loop"
                        Parent Relationship: "Outer"
                        Join Type: "Inner"
                        Startup Cost: 263.86
                        Total Cost: 246862.37
                        Plan Rows: 39007
                        Plan Width: 46
                        Actual Startup Time: 5.855
                        Actual Total Time: 6444.707
                        Actual Rows: 74167
                        Actual Loops: 1
                        Plans: 
                          - Node Type: "Hash Join"
                            Parent Relationship: "Outer"
                            Join Type: "Inner"
                            Startup Cost: 263.43
                            Total Cost: 205122.51
                            Plan Rows: 79737
                            Plan Width: 42
                            Actual Startup Time: 5.800
                            Actual Total Time: 4786.892
                            Actual Rows: 153653
                            Actual Loops: 1
                            Hash Cond: "(l1.l_suppkey = supplier.s_suppkey)"
                            Plans: 
                              - Node Type: "Seq Scan"
                                Parent Relationship: "Outer"
                                Relation Name: "lineitem"
                                Alias: "l1"
                                Startup Cost: 0.00
                                Total Cost: 196560.19
                                Plan Rows: 2000405
                                Plan Width: 16
                                Actual Startup Time: 0.029
                                Actual Total Time: 3723.450
                                Actual Rows: 3793296
                                Actual Loops: 1
                                Filter: "(l_receiptdate > l_commitdate)"
                                Rows Removed by Filter: 2207919
                              - Node Type: "Hash"
                                Parent Relationship: "Inner"
                                Startup Cost: 258.43
                                Total Cost: 258.43
                                Plan Rows: 400
                                Plan Width: 30
                                Actual Startup Time: 5.572
                                Actual Total Time: 5.572
                                Actual Rows: 405
                                Actual Loops: 1
                                Hash Buckets: 1024
                                Hash Batches: 1
                                Original Hash Batches: 1
                                Peak Memory Usage: 26
                                Plans: 
                                  - Node Type: "Nested Loop"
                                    Parent Relationship: "Outer"
                                    Join Type: "Inner"
                                    Startup Cost: 11.38
                                    Total Cost: 258.43
                                    Plan Rows: 400
                                    Plan Width: 30
                                    Actual Startup Time: 0.578
                                    Actual Total Time: 4.863
                                    Actual Rows: 405
                                    Actual Loops: 1
                                    Plans: 
                                      - Node Type: "Seq Scan"
                                        Parent Relationship: "Outer"
                                        Relation Name: "nation"
                                        Alias: "nation"
                                        Startup Cost: 0.00
                                        Total Cost: 1.31
                                        Plan Rows: 1
                                        Plan Width: 4
                                        Actual Startup Time: 0.048
                                        Actual Total Time: 0.075
                                        Actual Rows: 1
                                        Actual Loops: 1
                                        Filter: "(n_name = 'INDONESIA'::bpchar)"
                                        Rows Removed by Filter: 24
                                      - Node Type: "Bitmap Heap Scan"
                                        Parent Relationship: "Inner"
                                        Relation Name: "supplier"
                                        Alias: "supplier"
                                        Startup Cost: 11.38
                                        Total Cost: 253.12
                                        Plan Rows: 400
                                        Plan Width: 38
                                        Actual Startup Time: 0.517
                                        Actual Total Time: 4.223
                                        Actual Rows: 405
                                        Actual Loops: 1
                                        Recheck Cond: "(s_nationkey = nation.n_nationkey)"
                                        Rows Removed by Index Recheck: 0
                                        Exact Heap Blocks: 198
                                        Lossy Heap Blocks: 0
                                        Plans: 
                                          - Node Type: "Bitmap Index Scan"
                                            Parent Relationship: "Outer"
                                            Index Name: "idx_supplier_nation_key"
                                            Startup Cost: 0.00
                                            Total Cost: 11.29
                                            Plan Rows: 400
                                            Plan Width: 0
                                            Actual Startup Time: 0.382
                                            Actual Total Time: 0.382
                                            Actual Rows: 405
                                            Actual Loops: 1
                                            Index Cond: "(s_nationkey = nation.n_nationkey)"
                          - Node Type: "Index Scan"
                            Parent Relationship: "Inner"
                            Scan Direction: "Forward"
                            Index Name: "orders_pkey"
                            Relation Name: "orders"
                            Alias: "orders"
                            Startup Cost: 0.43
                            Total Cost: 0.51
                            Plan Rows: 1
                            Plan Width: 4
                            Actual Startup Time: 0.009
                            Actual Total Time: 0.010
                            Actual Rows: 0
                            Actual Loops: 153653
                            Index Cond: "(o_orderkey = l1.l_orderkey)"
                            Rows Removed by Index Recheck: 0
                            Filter: "(o_orderstatus = 'F'::bpchar)"
                            Rows Removed by Filter: 1
                      - Node Type: "Index Scan"
                        Parent Relationship: "Inner"
                        Scan Direction: "Forward"
                        Index Name: "idx_lineitem_orderkey"
                        Relation Name: "lineitem"
                        Alias: "l2"
                        Startup Cost: 0.43
                        Total Cost: 1.07
                        Plan Rows: 16
                        Plan Width: 16
                        Actual Startup Time: 0.008
                        Actual Total Time: 0.008
                        Actual Rows: 1
                        Actual Loops: 74167
                        Index Cond: "(l_orderkey = l1.l_orderkey)"
                        Rows Removed by Index Recheck: 0
                        Filter: "(l_suppkey <> l1.l_suppkey)"
                        Rows Removed by Filter: 0
                  - Node Type: "Index Scan"
                    Parent Relationship: "Inner"
                    Scan Direction: "Forward"
                    Index Name: "idx_lineitem_orderkey"
                    Relation Name: "lineitem"
                    Alias: "l3"
                    Startup Cost: 0.43
                    Total Cost: 1.07
                    Plan Rows: 5
                    Plan Width: 16
                    Actual Startup Time: 0.008
                    Actual Total Time: 0.008
                    Actual Rows: 1
                    Actual Loops: 71340
                    Index Cond: "(l_orderkey = l1.l_orderkey)"
                    Rows Removed by Index Recheck: 0
                    Filter: "((l_receiptdate > l_commitdate) AND (l_suppkey <> l1.l_suppkey))"
                    Rows Removed by Filter: 1
  Planning Time: 12.634
  Triggers: 
  Execution Time: 7801.317
Key => Node Type
Value  name ,=> -1.0
Key => Plan Width
Value  name ,=> 26.0
Key => Actual Rows
Value  name ,=> 100.0
Key => Actual Loops
Value  name ,=> 1.0
Key => Plans
Value  name ,=> -1.0
Key => Node Type
Value  name ,=> -1.0
Key => Parent Relationship
Value  name ,=> -1.0
Key => Plan Width
Value  name ,=> 26.0
Key => Actual Rows
Value  name ,=> 100.0
Key => Actual Loops
Value  name ,=> 1.0
Key => Sort Key
Value  name ,=> 2.0
Key => Sort Method
Value  name ,=> -1.0
Key => Sort Space Used
Value  name ,=> 33.0
Key => Sort Space Type
Value  name ,=> -1.0
Key => Plans
Value  name ,=> -1.0
Key => Node Type
Value  name ,=> -1.0
Key => Strategy
Value  name ,=> -1.0
Key => Parent Relationship
Value  name ,=> -1.0
Key => Plan Width
Value  name ,=> 26.0
Key => Actual Rows
Value  name ,=> 405.0
Key => Actual Loops
Value  name ,=> 1.0
Key => Group Key
Value  name ,=> 1.0
Key => Plans
Value  name ,=> -1.0
Key => Node Type
Value  name ,=> -1.0
Key => Parent Relationship
Value  name ,=> -1.0
Key => Join Type
Value  name ,=> -1.0
Key => Plan Width
Value  name ,=> 26.0
Key => Actual Rows
Value  name ,=> 4028.0
Key => Actual Loops
Value  name ,=> 1.0
Key => Plans
Value  name ,=> -1.0
Key => Node Type
Value  name ,=> -1.0
Key => Parent Relationship
Value  name ,=> -1.0
Key => Join Type
Value  name ,=> -1.0
Key => Plan Width
Value  name ,=> 42.0
Key => Actual Rows
Value  name ,=> 71340.0
Key => Actual Loops
Value  name ,=> 1.0
Key => Join Filter
Value  name ,=> -1.0
Key => Plans
Value  name ,=> -1.0
Key => Node Type
Value  name ,=> -1.0
Key => Parent Relationship
Value  name ,=> -1.0
Key => Join Type
Value  name ,=> -1.0
Key => Plan Width
Value  name ,=> 46.0
Key => Actual Rows
Value  name ,=> 74167.0
Key => Actual Loops
Value  name ,=> 1.0
Key => Plans
Value  name ,=> -1.0
Key => Node Type
Value  name ,=> -1.0
Key => Parent Relationship
Value  name ,=> -1.0
Key => Join Type
Value  name ,=> -1.0
Key => Plan Width
Value  name ,=> 42.0
Key => Actual Rows
Value  name ,=> 153653.0
Key => Actual Loops
Value  name ,=> 1.0
Key => Hash Cond
Value  name ,=> -1.0
Key => Plans
Value  name ,=> -1.0
Key => Node Type
Value  name ,=> -1.0
Key => Parent Relationship
Value  name ,=> -1.0
Key => Relation Name
Value  name ,=> -1.0
Key => Alias
Value  name ,=> -1.0
Key => Plan Width
Value  name ,=> 16.0
Key => Actual Rows
Value  name ,=> 3793296.0
Key => Actual Loops
Value  name ,=> 1.0
Key => Filter
Value  name ,=> -1.0
Data SeqScan , 1.0 3793296.0 16.0 2207919.0 3723.45
Added training data to files
Key => Node Type
Value  name ,=> -1.0
Key => Parent Relationship
Value  name ,=> -1.0
Key => Plan Width
Value  name ,=> 30.0
Key => Actual Rows
Value  name ,=> 405.0
Key => Actual Loops
Value  name ,=> 1.0
Key => Hash Buckets
Value  name ,=> 1024.0
Key => Hash Batches
Value  name ,=> 1.0
Key => Original Hash Batches
Value  name ,=> 1.0
Key => Peak Memory Usage
Value  name ,=> 26.0
Key => Plans
Value  name ,=> -1.0
Key => Node Type
Value  name ,=> -1.0
Key => Parent Relationship
Value  name ,=> -1.0
Key => Join Type
Value  name ,=> -1.0
Key => Plan Width
Value  name ,=> 30.0
Key => Actual Rows
Value  name ,=> 405.0
Key => Actual Loops
Value  name ,=> 1.0
Key => Plans
Value  name ,=> -1.0
Key => Node Type
Value  name ,=> -1.0
Key => Parent Relationship
Value  name ,=> -1.0
Key => Relation Name
Value  name ,=> -1.0
Key => Alias
Value  name ,=> -1.0
Key => Plan Width
Value  name ,=> 4.0
Key => Actual Rows
Value  name ,=> 1.0
Key => Actual Loops
Value  name ,=> 1.0
Key => Filter
Value  name ,=> -1.0
Data SeqScan , 1.0 1.0 4.0 24.0 0.075
Added training data to files
Key => Node Type
Value  name ,=> -1.0
Key => Parent Relationship
Value  name ,=> -1.0
Key => Relation Name
Value  name ,=> -1.0
Key => Alias
Value  name ,=> -1.0
Key => Plan Width
Value  name ,=> 38.0
Key => Actual Rows
Value  name ,=> 405.0
Key => Actual Loops
Value  name ,=> 1.0
Key => Recheck Cond
Value  name ,=> -1.0
Key => Rows Removed by Index Recheck
Value  name ,=> 0.0
Key => Exact Heap Blocks
Value  name ,=> 198.0
Key => Lossy Heap Blocks
Value  name ,=> 0.0
Key => Plans
Value  name ,=> -1.0
Key => Node Type
Value  name ,=> -1.0
Key => Parent Relationship
Value  name ,=> -1.0
Key => Index Name
Value  name ,=> -1.0
Key => Plan Width
Value  name ,=> 0.0
Key => Actual Rows
Value  name ,=> 405.0
Key => Actual Loops
Value  name ,=> 1.0
Key => Index Cond
Value  name ,=> -1.0
Data BitmapIndexScan , 1.0 405.0 0.0 0.0 0.382
Added training data to files
Data BitmapHeapScan , 1.0 405.0 198.0 0.0 38.0 0.0 0.0 405.0 0.0 4.223
Added training data to files
Data NestedLoopBitmapHeapScan , 1.0 405.0 30.0 0.0 1.0 4.0 405.0 38.0 4.863
Added training data to files
Data Hash , 1.0 405.0 1.0 1024.0 1.0 26.0 30.0 0.0 405.0 30.0 5.572
Added training data to files
Data HashJoin , 1.0 153653.0 42.0 0.0 3793296.0 16.0 405.0 30.0 4786.892
Added training data to files
Key => Node Type
Value  name ,=> -1.0
Key => Parent Relationship
Value  name ,=> -1.0
Key => Scan Direction
Value  name ,=> -1.0
Key => Index Name
Value  name ,=> -1.0
Key => Relation Name
Value  name ,=> -1.0
Key => Alias
Value  name ,=> -1.0
Key => Plan Width
Value  name ,=> 4.0
Key => Actual Rows
Value  name ,=> 0.0
Key => Actual Loops
Value  name ,=> 153653.0
Key => Index Cond
Value  name ,=> -1.0
Key => Rows Removed by Index Recheck
Value  name ,=> 0.0
Key => Filter
Value  name ,=> -1.0
Data IndexScan , 153653.0 0.0 4.0 1.0 0.0 0.01
Added training data to files
Data NestedLoopIndexScan , 1.0 74167.0 46.0 0.0 153653.0 42.0 0.0 4.0 6444.707
Added training data to files
Key => Node Type
Value  name ,=> -1.0
Key => Parent Relationship
Value  name ,=> -1.0
Key => Scan Direction
Value  name ,=> -1.0
Key => Index Name
Value  name ,=> -1.0
Key => Relation Name
Value  name ,=> -1.0
Key => Alias
Value  name ,=> -1.0
Key => Plan Width
Value  name ,=> 16.0
Key => Actual Rows
Value  name ,=> 1.0
Key => Actual Loops
Value  name ,=> 74167.0
Key => Index Cond
Value  name ,=> -1.0
Key => Rows Removed by Index Recheck
Value  name ,=> 0.0
Key => Filter
Value  name ,=> -1.0
Data IndexScan , 74167.0 1.0 16.0 0.0 0.0 0.008
Added training data to files
Data NestedLoopIndexScan , 1.0 71340.0 42.0 0.0 74167.0 46.0 1.0 16.0 7162.508
Added training data to files
Key => Node Type
Value  name ,=> -1.0
Key => Parent Relationship
Value  name ,=> -1.0
Key => Scan Direction
Value  name ,=> -1.0
Key => Index Name
Value  name ,=> -1.0
Key => Relation Name
Value  name ,=> -1.0
Key => Alias
Value  name ,=> -1.0
Key => Plan Width
Value  name ,=> 16.0
Key => Actual Rows
Value  name ,=> 1.0
Key => Actual Loops
Value  name ,=> 71340.0
Key => Index Cond
Value  name ,=> -1.0
Key => Rows Removed by Index Recheck
Value  name ,=> 0.0
Key => Filter
Value  name ,=> -1.0
Data IndexScan , 71340.0 1.0 16.0 1.0 0.0 0.008
Added training data to files
Data NestedLoopIndexScan , 1.0 4028.0 26.0 0.0 71340.0 42.0 1.0 16.0 7790.469
Added training data to files
Data Aggregate-Hashed , 1.0 405.0 1.0 26.0 0.0 4028.0 26.0 7799.432
Added training data to files
Data Sort-top-Nheapsort , 1.0 100.0 26.0 2.0 33.0 0.0 405.0 26.0 7800.759
Added training data to files
Data Limit , 1.0 100.0 26.0 0.0 100.0 26.0 7800.774
Added training data to files
Training query 193 executed successfully
Executed command ,script returned :  Exit value of child process : 1
Query : 
select
	s_name,
	count(*) as numwait
from
	supplier,
	lineitem l1,
	orders,
	nation
where
	s_suppkey = l1.l_suppkey
	and o_orderkey = l1.l_orderkey
	and o_orderstatus = 'F'
	and l1.l_receiptdate > l1.l_commitdate
	and exists (
		select
			*
		from
			lineitem l2
		where
			l2.l_orderkey = l1.l_orderkey
			and l2.l_suppkey <> l1.l_suppkey
	)
	and not exists (
		select
			*
		from
			lineitem l3
		where
			l3.l_orderkey = l1.l_orderkey
			and l3.l_suppkey <> l1.l_suppkey
			and l3.l_receiptdate > l3.l_commitdate
	)
	and s_nationkey = n_nationkey
	and n_name = 'INDONESIA'
group by
	s_name
order by
	numwait desc,
	s_name
LIMIT 100;

Node output - Plan: 
    Node Type: "Limit"
    Startup Cost: 296343.14
    Total Cost: 296343.14
    Plan Rows: 1
    Plan Width: 26
    Actual Startup Time: 7841.833
    Actual Total Time: 7841.859
    Actual Rows: 100
    Actual Loops: 1
    Plans: 
      - Node Type: "Sort"
        Parent Relationship: "Outer"
        Startup Cost: 296343.14
        Total Cost: 296343.14
        Plan Rows: 1
        Plan Width: 26
        Actual Startup Time: 7841.830
        Actual Total Time: 7841.842
        Actual Rows: 100
        Actual Loops: 1
        Sort Key: 
          - "(count(*))"
          - "supplier.s_name"
        Sort Method: "top-N heapsort"
        Sort Space Used: 33
        Sort Space Type: "Memory"
        Plans: 
          - Node Type: "Aggregate"
            Strategy: "Hashed"
            Parent Relationship: "Outer"
            Startup Cost: 296343.12
            Total Cost: 296343.13
            Plan Rows: 1
            Plan Width: 26
            Actual Startup Time: 7840.344
            Actual Total Time: 7840.511
            Actual Rows: 405
            Actual Loops: 1
            Group Key: 
              - "supplier.s_name"
            Plans: 
              - Node Type: "Nested Loop"
                Parent Relationship: "Outer"
                Join Type: "Anti"
                Startup Cost: 264.72
                Total Cost: 296343.11
                Plan Rows: 1
                Plan Width: 26
                Actual Startup Time: 6.193
                Actual Total Time: 7831.448
                Actual Rows: 4028
                Actual Loops: 1
                Plans: 
                  - Node Type: "Nested Loop"
                    Parent Relationship: "Outer"
                    Join Type: "Semi"
                    Startup Cost: 264.29
                    Total Cost: 296341.36
                    Plan Rows: 1
                    Plan Width: 42
                    Actual Startup Time: 4.707
                    Actual Total Time: 7201.373
                    Actual Rows: 71340
                    Actual Loops: 1
                    Join Filter: "(orders.o_orderkey = l2.l_orderkey)"
                    Rows Removed by Join Filter: 0
                    Plans: 
                      - Node Type: "Nested Loop"
                        Parent Relationship: "Outer"
                        Join Type: "Inner"
                        Startup Cost: 263.86
                        Total Cost: 246862.37
                        Plan Rows: 39007
                        Plan Width: 46
                        Actual Startup Time: 4.672
                        Actual Total Time: 6479.817
                        Actual Rows: 74167
                        Actual Loops: 1
                        Plans: 
                          - Node Type: "Hash Join"
                            Parent Relationship: "Outer"
                            Join Type: "Inner"
                            Startup Cost: 263.43
                            Total Cost: 205122.51
                            Plan Rows: 79737
                            Plan Width: 42
                            Actual Startup Time: 4.621
                            Actual Total Time: 4813.244
                            Actual Rows: 153653
                            Actual Loops: 1
                            Hash Cond: "(l1.l_suppkey = supplier.s_suppkey)"
                            Plans: 
                              - Node Type: "Seq Scan"
                                Parent Relationship: "Outer"
                                Relation Name: "lineitem"
                                Alias: "l1"
                                Startup Cost: 0.00
                                Total Cost: 196560.19
                                Plan Rows: 2000405
                                Plan Width: 16
                                Actual Startup Time: 0.023
                                Actual Total Time: 3745.738
                                Actual Rows: 3793296
                                Actual Loops: 1
                                Filter: "(l_receiptdate > l_commitdate)"
                                Rows Removed by Filter: 2207919
                              - Node Type: "Hash"
                                Parent Relationship: "Inner"
                                Startup Cost: 258.43
                                Total Cost: 258.43
                                Plan Rows: 400
                                Plan Width: 30
                                Actual Startup Time: 4.510
                                Actual Total Time: 4.510
                                Actual Rows: 405
                                Actual Loops: 1
                                Hash Buckets: 1024
                                Hash Batches: 1
                                Original Hash Batches: 1
                                Peak Memory Usage: 26
                                Plans: 
                                  - Node Type: "Nested Loop"
                                    Parent Relationship: "Outer"
                                    Join Type: "Inner"
                                    Startup Cost: 11.38
                                    Total Cost: 258.43
                                    Plan Rows: 400
                                    Plan Width: 30
                                    Actual Startup Time: 0.469
                                    Actual Total Time: 3.942
                                    Actual Rows: 405
                                    Actual Loops: 1
                                    Plans: 
                                      - Node Type: "Seq Scan"
                                        Parent Relationship: "Outer"
                                        Relation Name: "nation"
                                        Alias: "nation"
                                        Startup Cost: 0.00
                                        Total Cost: 1.31
                                        Plan Rows: 1
                                        Plan Width: 4
                                        Actual Startup Time: 0.042
                                        Actual Total Time: 0.063
                                        Actual Rows: 1
                                        Actual Loops: 1
                                        Filter: "(n_name = 'INDONESIA'::bpchar)"
                                        Rows Removed by Filter: 24
                                      - Node Type: "Bitmap Heap Scan"
                                        Parent Relationship: "Inner"
                                        Relation Name: "supplier"
                                        Alias: "supplier"
                                        Startup Cost: 11.38
                                        Total Cost: 253.12
                                        Plan Rows: 400
                                        Plan Width: 38
                                        Actual Startup Time: 0.417
                                        Actual Total Time: 3.440
                                        Actual Rows: 405
                                        Actual Loops: 1
                                        Recheck Cond: "(s_nationkey = nation.n_nationkey)"
                                        Rows Removed by Index Recheck: 0
                                        Exact Heap Blocks: 198
                                        Lossy Heap Blocks: 0
                                        Plans: 
                                          - Node Type: "Bitmap Index Scan"
                                            Parent Relationship: "Outer"
                                            Index Name: "idx_supplier_nation_key"
                                            Startup Cost: 0.00
                                            Total Cost: 11.29
                                            Plan Rows: 400
                                            Plan Width: 0
                                            Actual Startup Time: 0.310
                                            Actual Total Time: 0.310
                                            Actual Rows: 405
                                            Actual Loops: 1
                                            Index Cond: "(s_nationkey = nation.n_nationkey)"
                          - Node Type: "Index Scan"
                            Parent Relationship: "Inner"
                            Scan Direction: "Forward"
                            Index Name: "orders_pkey"
                            Relation Name: "orders"
                            Alias: "orders"
                            Startup Cost: 0.43
                            Total Cost: 0.51
                            Plan Rows: 1
                            Plan Width: 4
                            Actual Startup Time: 0.009
                            Actual Total Time: 0.010
                            Actual Rows: 0
                            Actual Loops: 153653
                            Index Cond: "(o_orderkey = l1.l_orderkey)"
                            Rows Removed by Index Recheck: 0
                            Filter: "(o_orderstatus = 'F'::bpchar)"
                            Rows Removed by Filter: 1
                      - Node Type: "Index Scan"
                        Parent Relationship: "Inner"
                        Scan Direction: "Forward"
                        Index Name: "idx_lineitem_orderkey"
                        Relation Name: "lineitem"
                        Alias: "l2"
                        Startup Cost: 0.43
                        Total Cost: 1.07
                        Plan Rows: 16
                        Plan Width: 16
                        Actual Startup Time: 0.008
                        Actual Total Time: 0.008
                        Actual Rows: 1
                        Actual Loops: 74167
                        Index Cond: "(l_orderkey = l1.l_orderkey)"
                        Rows Removed by Index Recheck: 0
                        Filter: "(l_suppkey <> l1.l_suppkey)"
                        Rows Removed by Filter: 0
                  - Node Type: "Index Scan"
                    Parent Relationship: "Inner"
                    Scan Direction: "Forward"
                    Index Name: "idx_lineitem_orderkey"
                    Relation Name: "lineitem"
                    Alias: "l3"
                    Startup Cost: 0.43
                    Total Cost: 1.07
                    Plan Rows: 5
                    Plan Width: 16
                    Actual Startup Time: 0.008
                    Actual Total Time: 0.008
                    Actual Rows: 1
                    Actual Loops: 71340
                    Index Cond: "(l_orderkey = l1.l_orderkey)"
                    Rows Removed by Index Recheck: 0
                    Filter: "((l_receiptdate > l_commitdate) AND (l_suppkey <> l1.l_suppkey))"
                    Rows Removed by Filter: 1
  Planning Time: 7.937
  Triggers: 
  Execution Time: 7842.316
Key => Node Type
Value  name ,=> -1.0
Key => Plan Width
Value  name ,=> 26.0
Key => Actual Rows
Value  name ,=> 100.0
Key => Actual Loops
Value  name ,=> 1.0
Key => Plans
Value  name ,=> -1.0
Key => Node Type
Value  name ,=> -1.0
Key => Parent Relationship
Value  name ,=> -1.0
Key => Plan Width
Value  name ,=> 26.0
Key => Actual Rows
Value  name ,=> 100.0
Key => Actual Loops
Value  name ,=> 1.0
Key => Sort Key
Value  name ,=> 2.0
Key => Sort Method
Value  name ,=> -1.0
Key => Sort Space Used
Value  name ,=> 33.0
Key => Sort Space Type
Value  name ,=> -1.0
Key => Plans
Value  name ,=> -1.0
Key => Node Type
Value  name ,=> -1.0
Key => Strategy
Value  name ,=> -1.0
Key => Parent Relationship
Value  name ,=> -1.0
Key => Plan Width
Value  name ,=> 26.0
Key => Actual Rows
Value  name ,=> 405.0
Key => Actual Loops
Value  name ,=> 1.0
Key => Group Key
Value  name ,=> 1.0
Key => Plans
Value  name ,=> -1.0
Key => Node Type
Value  name ,=> -1.0
Key => Parent Relationship
Value  name ,=> -1.0
Key => Join Type
Value  name ,=> -1.0
Key => Plan Width
Value  name ,=> 26.0
Key => Actual Rows
Value  name ,=> 4028.0
Key => Actual Loops
Value  name ,=> 1.0
Key => Plans
Value  name ,=> -1.0
Key => Node Type
Value  name ,=> -1.0
Key => Parent Relationship
Value  name ,=> -1.0
Key => Join Type
Value  name ,=> -1.0
Key => Plan Width
Value  name ,=> 42.0
Key => Actual Rows
Value  name ,=> 71340.0
Key => Actual Loops
Value  name ,=> 1.0
Key => Join Filter
Value  name ,=> -1.0
Key => Plans
Value  name ,=> -1.0
Key => Node Type
Value  name ,=> -1.0
Key => Parent Relationship
Value  name ,=> -1.0
Key => Join Type
Value  name ,=> -1.0
Key => Plan Width
Value  name ,=> 46.0
Key => Actual Rows
Value  name ,=> 74167.0
Key => Actual Loops
Value  name ,=> 1.0
Key => Plans
Value  name ,=> -1.0
Key => Node Type
Value  name ,=> -1.0
Key => Parent Relationship
Value  name ,=> -1.0
Key => Join Type
Value  name ,=> -1.0
Key => Plan Width
Value  name ,=> 42.0
Key => Actual Rows
Value  name ,=> 153653.0
Key => Actual Loops
Value  name ,=> 1.0
Key => Hash Cond
Value  name ,=> -1.0
Key => Plans
Value  name ,=> -1.0
Key => Node Type
Value  name ,=> -1.0
Key => Parent Relationship
Value  name ,=> -1.0
Key => Relation Name
Value  name ,=> -1.0
Key => Alias
Value  name ,=> -1.0
Key => Plan Width
Value  name ,=> 16.0
Key => Actual Rows
Value  name ,=> 3793296.0
Key => Actual Loops
Value  name ,=> 1.0
Key => Filter
Value  name ,=> -1.0
Data SeqScan , 1.0 3793296.0 16.0 2207919.0 3745.738
Added training data to files
Key => Node Type
Value  name ,=> -1.0
Key => Parent Relationship
Value  name ,=> -1.0
Key => Plan Width
Value  name ,=> 30.0
Key => Actual Rows
Value  name ,=> 405.0
Key => Actual Loops
Value  name ,=> 1.0
Key => Hash Buckets
Value  name ,=> 1024.0
Key => Hash Batches
Value  name ,=> 1.0
Key => Original Hash Batches
Value  name ,=> 1.0
Key => Peak Memory Usage
Value  name ,=> 26.0
Key => Plans
Value  name ,=> -1.0
Key => Node Type
Value  name ,=> -1.0
Key => Parent Relationship
Value  name ,=> -1.0
Key => Join Type
Value  name ,=> -1.0
Key => Plan Width
Value  name ,=> 30.0
Key => Actual Rows
Value  name ,=> 405.0
Key => Actual Loops
Value  name ,=> 1.0
Key => Plans
Value  name ,=> -1.0
Key => Node Type
Value  name ,=> -1.0
Key => Parent Relationship
Value  name ,=> -1.0
Key => Relation Name
Value  name ,=> -1.0
Key => Alias
Value  name ,=> -1.0
Key => Plan Width
Value  name ,=> 4.0
Key => Actual Rows
Value  name ,=> 1.0
Key => Actual Loops
Value  name ,=> 1.0
Key => Filter
Value  name ,=> -1.0
Data SeqScan , 1.0 1.0 4.0 24.0 0.063
Added training data to files
Key => Node Type
Value  name ,=> -1.0
Key => Parent Relationship
Value  name ,=> -1.0
Key => Relation Name
Value  name ,=> -1.0
Key => Alias
Value  name ,=> -1.0
Key => Plan Width
Value  name ,=> 38.0
Key => Actual Rows
Value  name ,=> 405.0
Key => Actual Loops
Value  name ,=> 1.0
Key => Recheck Cond
Value  name ,=> -1.0
Key => Rows Removed by Index Recheck
Value  name ,=> 0.0
Key => Exact Heap Blocks
Value  name ,=> 198.0
Key => Lossy Heap Blocks
Value  name ,=> 0.0
Key => Plans
Value  name ,=> -1.0
Key => Node Type
Value  name ,=> -1.0
Key => Parent Relationship
Value  name ,=> -1.0
Key => Index Name
Value  name ,=> -1.0
Key => Plan Width
Value  name ,=> 0.0
Key => Actual Rows
Value  name ,=> 405.0
Key => Actual Loops
Value  name ,=> 1.0
Key => Index Cond
Value  name ,=> -1.0
Data BitmapIndexScan , 1.0 405.0 0.0 0.0 0.31
Added training data to files
Data BitmapHeapScan , 1.0 405.0 198.0 0.0 38.0 0.0 0.0 405.0 0.0 3.44
Added training data to files
Data NestedLoopBitmapHeapScan , 1.0 405.0 30.0 0.0 1.0 4.0 405.0 38.0 3.942
Added training data to files
Data Hash , 1.0 405.0 1.0 1024.0 1.0 26.0 30.0 0.0 405.0 30.0 4.51
Added training data to files
Data HashJoin , 1.0 153653.0 42.0 0.0 3793296.0 16.0 405.0 30.0 4813.244
Added training data to files
Key => Node Type
Value  name ,=> -1.0
Key => Parent Relationship
Value  name ,=> -1.0
Key => Scan Direction
Value  name ,=> -1.0
Key => Index Name
Value  name ,=> -1.0
Key => Relation Name
Value  name ,=> -1.0
Key => Alias
Value  name ,=> -1.0
Key => Plan Width
Value  name ,=> 4.0
Key => Actual Rows
Value  name ,=> 0.0
Key => Actual Loops
Value  name ,=> 153653.0
Key => Index Cond
Value  name ,=> -1.0
Key => Rows Removed by Index Recheck
Value  name ,=> 0.0
Key => Filter
Value  name ,=> -1.0
Data IndexScan , 153653.0 0.0 4.0 1.0 0.0 0.01
Added training data to files
Data NestedLoopIndexScan , 1.0 74167.0 46.0 0.0 153653.0 42.0 0.0 4.0 6479.817
Added training data to files
Key => Node Type
Value  name ,=> -1.0
Key => Parent Relationship
Value  name ,=> -1.0
Key => Scan Direction
Value  name ,=> -1.0
Key => Index Name
Value  name ,=> -1.0
Key => Relation Name
Value  name ,=> -1.0
Key => Alias
Value  name ,=> -1.0
Key => Plan Width
Value  name ,=> 16.0
Key => Actual Rows
Value  name ,=> 1.0
Key => Actual Loops
Value  name ,=> 74167.0
Key => Index Cond
Value  name ,=> -1.0
Key => Rows Removed by Index Recheck
Value  name ,=> 0.0
Key => Filter
Value  name ,=> -1.0
Data IndexScan , 74167.0 1.0 16.0 0.0 0.0 0.008
Added training data to files
Data NestedLoopIndexScan , 1.0 71340.0 42.0 0.0 74167.0 46.0 1.0 16.0 7201.373
Added training data to files
Key => Node Type
Value  name ,=> -1.0
Key => Parent Relationship
Value  name ,=> -1.0
Key => Scan Direction
Value  name ,=> -1.0
Key => Index Name
Value  name ,=> -1.0
Key => Relation Name
Value  name ,=> -1.0
Key => Alias
Value  name ,=> -1.0
Key => Plan Width
Value  name ,=> 16.0
Key => Actual Rows
Value  name ,=> 1.0
Key => Actual Loops
Value  name ,=> 71340.0
Key => Index Cond
Value  name ,=> -1.0
Key => Rows Removed by Index Recheck
Value  name ,=> 0.0
Key => Filter
Value  name ,=> -1.0
Data IndexScan , 71340.0 1.0 16.0 1.0 0.0 0.008
Added training data to files
Data NestedLoopIndexScan , 1.0 4028.0 26.0 0.0 71340.0 42.0 1.0 16.0 7831.448
Added training data to files
Data Aggregate-Hashed , 1.0 405.0 1.0 26.0 0.0 4028.0 26.0 7840.511
Added training data to files
Data Sort-top-Nheapsort , 1.0 100.0 26.0 2.0 33.0 0.0 405.0 26.0 7841.842
Added training data to files
Data Limit , 1.0 100.0 26.0 0.0 100.0 26.0 7841.859
Added training data to files
Training query 194 executed successfully
Executed command ,script returned :  Exit value of child process : 1
Query : 
select
	s_name,
	count(*) as numwait
from
	supplier,
	lineitem l1,
	orders,
	nation
where
	s_suppkey = l1.l_suppkey
	and o_orderkey = l1.l_orderkey
	and o_orderstatus = 'F'
	and l1.l_receiptdate > l1.l_commitdate
	and exists (
		select
			*
		from
			lineitem l2
		where
			l2.l_orderkey = l1.l_orderkey
			and l2.l_suppkey <> l1.l_suppkey
	)
	and not exists (
		select
			*
		from
			lineitem l3
		where
			l3.l_orderkey = l1.l_orderkey
			and l3.l_suppkey <> l1.l_suppkey
			and l3.l_receiptdate > l3.l_commitdate
	)
	and s_nationkey = n_nationkey
	and n_name = 'INDONESIA'
group by
	s_name
order by
	numwait desc,
	s_name
LIMIT 100;

Node output - Plan: 
    Node Type: "Limit"
    Startup Cost: 296343.14
    Total Cost: 296343.14
    Plan Rows: 1
    Plan Width: 26
    Actual Startup Time: 7801.763
    Actual Total Time: 7801.791
    Actual Rows: 100
    Actual Loops: 1
    Plans: 
      - Node Type: "Sort"
        Parent Relationship: "Outer"
        Startup Cost: 296343.14
        Total Cost: 296343.14
        Plan Rows: 1
        Plan Width: 26
        Actual Startup Time: 7801.761
        Actual Total Time: 7801.774
        Actual Rows: 100
        Actual Loops: 1
        Sort Key: 
          - "(count(*))"
          - "supplier.s_name"
        Sort Method: "top-N heapsort"
        Sort Space Used: 33
        Sort Space Type: "Memory"
        Plans: 
          - Node Type: "Aggregate"
            Strategy: "Hashed"
            Parent Relationship: "Outer"
            Startup Cost: 296343.12
            Total Cost: 296343.13
            Plan Rows: 1
            Plan Width: 26
            Actual Startup Time: 7800.207
            Actual Total Time: 7800.414
            Actual Rows: 405
            Actual Loops: 1
            Group Key: 
              - "supplier.s_name"
            Plans: 
              - Node Type: "Nested Loop"
                Parent Relationship: "Outer"
                Join Type: "Anti"
                Startup Cost: 264.72
                Total Cost: 296343.11
                Plan Rows: 1
                Plan Width: 26
                Actual Startup Time: 2.808
                Actual Total Time: 7791.680
                Actual Rows: 4028
                Actual Loops: 1
                Plans: 
                  - Node Type: "Nested Loop"
                    Parent Relationship: "Outer"
                    Join Type: "Semi"
                    Startup Cost: 264.29
                    Total Cost: 296341.36
                    Plan Rows: 1
                    Plan Width: 42
                    Actual Startup Time: 2.160
                    Actual Total Time: 7164.246
                    Actual Rows: 71340
                    Actual Loops: 1
                    Join Filter: "(orders.o_orderkey = l2.l_orderkey)"
                    Rows Removed by Join Filter: 0
                    Plans: 
                      - Node Type: "Nested Loop"
                        Parent Relationship: "Outer"
                        Join Type: "Inner"
                        Startup Cost: 263.86
                        Total Cost: 246862.37
                        Plan Rows: 39007
                        Plan Width: 46
                        Actual Startup Time: 2.143
                        Actual Total Time: 6446.315
                        Actual Rows: 74167
                        Actual Loops: 1
                        Plans: 
                          - Node Type: "Hash Join"
                            Parent Relationship: "Outer"
                            Join Type: "Inner"
                            Startup Cost: 263.43
                            Total Cost: 205122.51
                            Plan Rows: 79737
                            Plan Width: 42
                            Actual Startup Time: 2.114
                            Actual Total Time: 4791.169
                            Actual Rows: 153653
                            Actual Loops: 1
                            Hash Cond: "(l1.l_suppkey = supplier.s_suppkey)"
                            Plans: 
                              - Node Type: "Seq Scan"
                                Parent Relationship: "Outer"
                                Relation Name: "lineitem"
                                Alias: "l1"
                                Startup Cost: 0.00
                                Total Cost: 196560.19
                                Plan Rows: 2000405
                                Plan Width: 16
                                Actual Startup Time: 0.010
                                Actual Total Time: 3730.712
                                Actual Rows: 3793296
                                Actual Loops: 1
                                Filter: "(l_receiptdate > l_commitdate)"
                                Rows Removed by Filter: 2207919
                              - Node Type: "Hash"
                                Parent Relationship: "Inner"
                                Startup Cost: 258.43
                                Total Cost: 258.43
                                Plan Rows: 400
                                Plan Width: 30
                                Actual Startup Time: 2.064
                                Actual Total Time: 2.064
                                Actual Rows: 405
                                Actual Loops: 1
                                Hash Buckets: 1024
                                Hash Batches: 1
                                Original Hash Batches: 1
                                Peak Memory Usage: 26
                                Plans: 
                                  - Node Type: "Nested Loop"
                                    Parent Relationship: "Outer"
                                    Join Type: "Inner"
                                    Startup Cost: 11.38
                                    Total Cost: 258.43
                                    Plan Rows: 400
                                    Plan Width: 30
                                    Actual Startup Time: 0.222
                                    Actual Total Time: 1.842
                                    Actual Rows: 405
                                    Actual Loops: 1
                                    Plans: 
                                      - Node Type: "Seq Scan"
                                        Parent Relationship: "Outer"
                                        Relation Name: "nation"
                                        Alias: "nation"
                                        Startup Cost: 0.00
                                        Total Cost: 1.31
                                        Plan Rows: 1
                                        Plan Width: 4
                                        Actual Startup Time: 0.017
                                        Actual Total Time: 0.027
                                        Actual Rows: 1
                                        Actual Loops: 1
                                        Filter: "(n_name = 'INDONESIA'::bpchar)"
                                        Rows Removed by Filter: 24
                                      - Node Type: "Bitmap Heap Scan"
                                        Parent Relationship: "Inner"
                                        Relation Name: "supplier"
                                        Alias: "supplier"
                                        Startup Cost: 11.38
                                        Total Cost: 253.12
                                        Plan Rows: 400
                                        Plan Width: 38
                                        Actual Startup Time: 0.200
                                        Actual Total Time: 1.623
                                        Actual Rows: 405
                                        Actual Loops: 1
                                        Recheck Cond: "(s_nationkey = nation.n_nationkey)"
                                        Rows Removed by Index Recheck: 0
                                        Exact Heap Blocks: 198
                                        Lossy Heap Blocks: 0
                                        Plans: 
                                          - Node Type: "Bitmap Index Scan"
                                            Parent Relationship: "Outer"
                                            Index Name: "idx_supplier_nation_key"
                                            Startup Cost: 0.00
                                            Total Cost: 11.29
                                            Plan Rows: 400
                                            Plan Width: 0
                                            Actual Startup Time: 0.143
                                            Actual Total Time: 0.143
                                            Actual Rows: 405
                                            Actual Loops: 1
                                            Index Cond: "(s_nationkey = nation.n_nationkey)"
                          - Node Type: "Index Scan"
                            Parent Relationship: "Inner"
                            Scan Direction: "Forward"
                            Index Name: "orders_pkey"
                            Relation Name: "orders"
                            Alias: "orders"
                            Startup Cost: 0.43
                            Total Cost: 0.51
                            Plan Rows: 1
                            Plan Width: 4
                            Actual Startup Time: 0.009
                            Actual Total Time: 0.010
                            Actual Rows: 0
                            Actual Loops: 153653
                            Index Cond: "(o_orderkey = l1.l_orderkey)"
                            Rows Removed by Index Recheck: 0
                            Filter: "(o_orderstatus = 'F'::bpchar)"
                            Rows Removed by Filter: 1
                      - Node Type: "Index Scan"
                        Parent Relationship: "Inner"
                        Scan Direction: "Forward"
                        Index Name: "idx_lineitem_orderkey"
                        Relation Name: "lineitem"
                        Alias: "l2"
                        Startup Cost: 0.43
                        Total Cost: 1.07
                        Plan Rows: 16
                        Plan Width: 16
                        Actual Startup Time: 0.008
                        Actual Total Time: 0.008
                        Actual Rows: 1
                        Actual Loops: 74167
                        Index Cond: "(l_orderkey = l1.l_orderkey)"
                        Rows Removed by Index Recheck: 0
                        Filter: "(l_suppkey <> l1.l_suppkey)"
                        Rows Removed by Filter: 0
                  - Node Type: "Index Scan"
                    Parent Relationship: "Inner"
                    Scan Direction: "Forward"
                    Index Name: "idx_lineitem_orderkey"
                    Relation Name: "lineitem"
                    Alias: "l3"
                    Startup Cost: 0.43
                    Total Cost: 1.07
                    Plan Rows: 5
                    Plan Width: 16
                    Actual Startup Time: 0.008
                    Actual Total Time: 0.008
                    Actual Rows: 1
                    Actual Loops: 71340
                    Index Cond: "(l_orderkey = l1.l_orderkey)"
                    Rows Removed by Index Recheck: 0
                    Filter: "((l_receiptdate > l_commitdate) AND (l_suppkey <> l1.l_suppkey))"
                    Rows Removed by Filter: 1
  Planning Time: 4.270
  Triggers: 
  Execution Time: 7802.055
Key => Node Type
Value  name ,=> -1.0
Key => Plan Width
Value  name ,=> 26.0
Key => Actual Rows
Value  name ,=> 100.0
Key => Actual Loops
Value  name ,=> 1.0
Key => Plans
Value  name ,=> -1.0
Key => Node Type
Value  name ,=> -1.0
Key => Parent Relationship
Value  name ,=> -1.0
Key => Plan Width
Value  name ,=> 26.0
Key => Actual Rows
Value  name ,=> 100.0
Key => Actual Loops
Value  name ,=> 1.0
Key => Sort Key
Value  name ,=> 2.0
Key => Sort Method
Value  name ,=> -1.0
Key => Sort Space Used
Value  name ,=> 33.0
Key => Sort Space Type
Value  name ,=> -1.0
Key => Plans
Value  name ,=> -1.0
Key => Node Type
Value  name ,=> -1.0
Key => Strategy
Value  name ,=> -1.0
Key => Parent Relationship
Value  name ,=> -1.0
Key => Plan Width
Value  name ,=> 26.0
Key => Actual Rows
Value  name ,=> 405.0
Key => Actual Loops
Value  name ,=> 1.0
Key => Group Key
Value  name ,=> 1.0
Key => Plans
Value  name ,=> -1.0
Key => Node Type
Value  name ,=> -1.0
Key => Parent Relationship
Value  name ,=> -1.0
Key => Join Type
Value  name ,=> -1.0
Key => Plan Width
Value  name ,=> 26.0
Key => Actual Rows
Value  name ,=> 4028.0
Key => Actual Loops
Value  name ,=> 1.0
Key => Plans
Value  name ,=> -1.0
Key => Node Type
Value  name ,=> -1.0
Key => Parent Relationship
Value  name ,=> -1.0
Key => Join Type
Value  name ,=> -1.0
Key => Plan Width
Value  name ,=> 42.0
Key => Actual Rows
Value  name ,=> 71340.0
Key => Actual Loops
Value  name ,=> 1.0
Key => Join Filter
Value  name ,=> -1.0
Key => Plans
Value  name ,=> -1.0
Key => Node Type
Value  name ,=> -1.0
Key => Parent Relationship
Value  name ,=> -1.0
Key => Join Type
Value  name ,=> -1.0
Key => Plan Width
Value  name ,=> 46.0
Key => Actual Rows
Value  name ,=> 74167.0
Key => Actual Loops
Value  name ,=> 1.0
Key => Plans
Value  name ,=> -1.0
Key => Node Type
Value  name ,=> -1.0
Key => Parent Relationship
Value  name ,=> -1.0
Key => Join Type
Value  name ,=> -1.0
Key => Plan Width
Value  name ,=> 42.0
Key => Actual Rows
Value  name ,=> 153653.0
Key => Actual Loops
Value  name ,=> 1.0
Key => Hash Cond
Value  name ,=> -1.0
Key => Plans
Value  name ,=> -1.0
Key => Node Type
Value  name ,=> -1.0
Key => Parent Relationship
Value  name ,=> -1.0
Key => Relation Name
Value  name ,=> -1.0
Key => Alias
Value  name ,=> -1.0
Key => Plan Width
Value  name ,=> 16.0
Key => Actual Rows
Value  name ,=> 3793296.0
Key => Actual Loops
Value  name ,=> 1.0
Key => Filter
Value  name ,=> -1.0
Data SeqScan , 1.0 3793296.0 16.0 2207919.0 3730.712
Added training data to files
Key => Node Type
Value  name ,=> -1.0
Key => Parent Relationship
Value  name ,=> -1.0
Key => Plan Width
Value  name ,=> 30.0
Key => Actual Rows
Value  name ,=> 405.0
Key => Actual Loops
Value  name ,=> 1.0
Key => Hash Buckets
Value  name ,=> 1024.0
Key => Hash Batches
Value  name ,=> 1.0
Key => Original Hash Batches
Value  name ,=> 1.0
Key => Peak Memory Usage
Value  name ,=> 26.0
Key => Plans
Value  name ,=> -1.0
Key => Node Type
Value  name ,=> -1.0
Key => Parent Relationship
Value  name ,=> -1.0
Key => Join Type
Value  name ,=> -1.0
Key => Plan Width
Value  name ,=> 30.0
Key => Actual Rows
Value  name ,=> 405.0
Key => Actual Loops
Value  name ,=> 1.0
Key => Plans
Value  name ,=> -1.0
Key => Node Type
Value  name ,=> -1.0
Key => Parent Relationship
Value  name ,=> -1.0
Key => Relation Name
Value  name ,=> -1.0
Key => Alias
Value  name ,=> -1.0
Key => Plan Width
Value  name ,=> 4.0
Key => Actual Rows
Value  name ,=> 1.0
Key => Actual Loops
Value  name ,=> 1.0
Key => Filter
Value  name ,=> -1.0
Data SeqScan , 1.0 1.0 4.0 24.0 0.027
Added training data to files
Key => Node Type
Value  name ,=> -1.0
Key => Parent Relationship
Value  name ,=> -1.0
Key => Relation Name
Value  name ,=> -1.0
Key => Alias
Value  name ,=> -1.0
Key => Plan Width
Value  name ,=> 38.0
Key => Actual Rows
Value  name ,=> 405.0
Key => Actual Loops
Value  name ,=> 1.0
Key => Recheck Cond
Value  name ,=> -1.0
Key => Rows Removed by Index Recheck
Value  name ,=> 0.0
Key => Exact Heap Blocks
Value  name ,=> 198.0
Key => Lossy Heap Blocks
Value  name ,=> 0.0
Key => Plans
Value  name ,=> -1.0
Key => Node Type
Value  name ,=> -1.0
Key => Parent Relationship
Value  name ,=> -1.0
Key => Index Name
Value  name ,=> -1.0
Key => Plan Width
Value  name ,=> 0.0
Key => Actual Rows
Value  name ,=> 405.0
Key => Actual Loops
Value  name ,=> 1.0
Key => Index Cond
Value  name ,=> -1.0
Data BitmapIndexScan , 1.0 405.0 0.0 0.0 0.143
Added training data to files
Data BitmapHeapScan , 1.0 405.0 198.0 0.0 38.0 0.0 0.0 405.0 0.0 1.623
Added training data to files
Data NestedLoopBitmapHeapScan , 1.0 405.0 30.0 0.0 1.0 4.0 405.0 38.0 1.842
Added training data to files
Data Hash , 1.0 405.0 1.0 1024.0 1.0 26.0 30.0 0.0 405.0 30.0 2.064
Added training data to files
Data HashJoin , 1.0 153653.0 42.0 0.0 3793296.0 16.0 405.0 30.0 4791.169
Added training data to files
Key => Node Type
Value  name ,=> -1.0
Key => Parent Relationship
Value  name ,=> -1.0
Key => Scan Direction
Value  name ,=> -1.0
Key => Index Name
Value  name ,=> -1.0
Key => Relation Name
Value  name ,=> -1.0
Key => Alias
Value  name ,=> -1.0
Key => Plan Width
Value  name ,=> 4.0
Key => Actual Rows
Value  name ,=> 0.0
Key => Actual Loops
Value  name ,=> 153653.0
Key => Index Cond
Value  name ,=> -1.0
Key => Rows Removed by Index Recheck
Value  name ,=> 0.0
Key => Filter
Value  name ,=> -1.0
Data IndexScan , 153653.0 0.0 4.0 1.0 0.0 0.01
Added training data to files
Data NestedLoopIndexScan , 1.0 74167.0 46.0 0.0 153653.0 42.0 0.0 4.0 6446.315
Added training data to files
Key => Node Type
Value  name ,=> -1.0
Key => Parent Relationship
Value  name ,=> -1.0
Key => Scan Direction
Value  name ,=> -1.0
Key => Index Name
Value  name ,=> -1.0
Key => Relation Name
Value  name ,=> -1.0
Key => Alias
Value  name ,=> -1.0
Key => Plan Width
Value  name ,=> 16.0
Key => Actual Rows
Value  name ,=> 1.0
Key => Actual Loops
Value  name ,=> 74167.0
Key => Index Cond
Value  name ,=> -1.0
Key => Rows Removed by Index Recheck
Value  name ,=> 0.0
Key => Filter
Value  name ,=> -1.0
Data IndexScan , 74167.0 1.0 16.0 0.0 0.0 0.008
Added training data to files
Data NestedLoopIndexScan , 1.0 71340.0 42.0 0.0 74167.0 46.0 1.0 16.0 7164.246
Added training data to files
Key => Node Type
Value  name ,=> -1.0
Key => Parent Relationship
Value  name ,=> -1.0
Key => Scan Direction
Value  name ,=> -1.0
Key => Index Name
Value  name ,=> -1.0
Key => Relation Name
Value  name ,=> -1.0
Key => Alias
Value  name ,=> -1.0
Key => Plan Width
Value  name ,=> 16.0
Key => Actual Rows
Value  name ,=> 1.0
Key => Actual Loops
Value  name ,=> 71340.0
Key => Index Cond
Value  name ,=> -1.0
Key => Rows Removed by Index Recheck
Value  name ,=> 0.0
Key => Filter
Value  name ,=> -1.0
Data IndexScan , 71340.0 1.0 16.0 1.0 0.0 0.008
Added training data to files
Data NestedLoopIndexScan , 1.0 4028.0 26.0 0.0 71340.0 42.0 1.0 16.0 7791.68
Added training data to files
Data Aggregate-Hashed , 1.0 405.0 1.0 26.0 0.0 4028.0 26.0 7800.414
Added training data to files
Data Sort-top-Nheapsort , 1.0 100.0 26.0 2.0 33.0 0.0 405.0 26.0 7801.774
Added training data to files
Data Limit , 1.0 100.0 26.0 0.0 100.0 26.0 7801.791
Added training data to files
Training query 195 executed successfully
Executed command ,script returned :  Exit value of child process : 1
Query : 
select
	s_name,
	count(*) as numwait
from
	supplier,
	lineitem l1,
	orders,
	nation
where
	s_suppkey = l1.l_suppkey
	and o_orderkey = l1.l_orderkey
	and o_orderstatus = 'F'
	and l1.l_receiptdate > l1.l_commitdate
	and exists (
		select
			*
		from
			lineitem l2
		where
			l2.l_orderkey = l1.l_orderkey
			and l2.l_suppkey <> l1.l_suppkey
	)
	and not exists (
		select
			*
		from
			lineitem l3
		where
			l3.l_orderkey = l1.l_orderkey
			and l3.l_suppkey <> l1.l_suppkey
			and l3.l_receiptdate > l3.l_commitdate
	)
	and s_nationkey = n_nationkey
	and n_name = 'INDONESIA'
group by
	s_name
order by
	numwait desc,
	s_name
LIMIT 100;

Node output - Plan: 
    Node Type: "Limit"
    Startup Cost: 296343.14
    Total Cost: 296343.14
    Plan Rows: 1
    Plan Width: 26
    Actual Startup Time: 7823.014
    Actual Total Time: 7823.038
    Actual Rows: 100
    Actual Loops: 1
    Plans: 
      - Node Type: "Sort"
        Parent Relationship: "Outer"
        Startup Cost: 296343.14
        Total Cost: 296343.14
        Plan Rows: 1
        Plan Width: 26
        Actual Startup Time: 7823.012
        Actual Total Time: 7823.023
        Actual Rows: 100
        Actual Loops: 1
        Sort Key: 
          - "(count(*))"
          - "supplier.s_name"
        Sort Method: "top-N heapsort"
        Sort Space Used: 33
        Sort Space Type: "Memory"
        Plans: 
          - Node Type: "Aggregate"
            Strategy: "Hashed"
            Parent Relationship: "Outer"
            Startup Cost: 296343.12
            Total Cost: 296343.13
            Plan Rows: 1
            Plan Width: 26
            Actual Startup Time: 7821.462
            Actual Total Time: 7821.648
            Actual Rows: 405
            Actual Loops: 1
            Group Key: 
              - "supplier.s_name"
            Plans: 
              - Node Type: "Nested Loop"
                Parent Relationship: "Outer"
                Join Type: "Anti"
                Startup Cost: 264.72
                Total Cost: 296343.11
                Plan Rows: 1
                Plan Width: 26
                Actual Startup Time: 3.004
                Actual Total Time: 7812.753
                Actual Rows: 4028
                Actual Loops: 1
                Plans: 
                  - Node Type: "Nested Loop"
                    Parent Relationship: "Outer"
                    Join Type: "Semi"
                    Startup Cost: 264.29
                    Total Cost: 296341.36
                    Plan Rows: 1
                    Plan Width: 42
                    Actual Startup Time: 2.303
                    Actual Total Time: 7183.442
                    Actual Rows: 71340
                    Actual Loops: 1
                    Join Filter: "(orders.o_orderkey = l2.l_orderkey)"
                    Rows Removed by Join Filter: 0
                    Plans: 
                      - Node Type: "Nested Loop"
                        Parent Relationship: "Outer"
                        Join Type: "Inner"
                        Startup Cost: 263.86
                        Total Cost: 246862.37
                        Plan Rows: 39007
                        Plan Width: 46
                        Actual Startup Time: 2.285
                        Actual Total Time: 6463.308
                        Actual Rows: 74167
                        Actual Loops: 1
                        Plans: 
                          - Node Type: "Hash Join"
                            Parent Relationship: "Outer"
                            Join Type: "Inner"
                            Startup Cost: 263.43
                            Total Cost: 205122.51
                            Plan Rows: 79737
                            Plan Width: 42
                            Actual Startup Time: 2.255
                            Actual Total Time: 4807.372
                            Actual Rows: 153653
                            Actual Loops: 1
                            Hash Cond: "(l1.l_suppkey = supplier.s_suppkey)"
                            Plans: 
                              - Node Type: "Seq Scan"
                                Parent Relationship: "Outer"
                                Relation Name: "lineitem"
                                Alias: "l1"
                                Startup Cost: 0.00
                                Total Cost: 196560.19
                                Plan Rows: 2000405
                                Plan Width: 16
                                Actual Startup Time: 0.011
                                Actual Total Time: 3742.983
                                Actual Rows: 3793296
                                Actual Loops: 1
                                Filter: "(l_receiptdate > l_commitdate)"
                                Rows Removed by Filter: 2207919
                              - Node Type: "Hash"
                                Parent Relationship: "Inner"
                                Startup Cost: 258.43
                                Total Cost: 258.43
                                Plan Rows: 400
                                Plan Width: 30
                                Actual Startup Time: 2.199
                                Actual Total Time: 2.199
                                Actual Rows: 405
                                Actual Loops: 1
                                Hash Buckets: 1024
                                Hash Batches: 1
                                Original Hash Batches: 1
                                Peak Memory Usage: 26
                                Plans: 
                                  - Node Type: "Nested Loop"
                                    Parent Relationship: "Outer"
                                    Join Type: "Inner"
                                    Startup Cost: 11.38
                                    Total Cost: 258.43
                                    Plan Rows: 400
                                    Plan Width: 30
                                    Actual Startup Time: 0.218
                                    Actual Total Time: 1.934
                                    Actual Rows: 405
                                    Actual Loops: 1
                                    Plans: 
                                      - Node Type: "Seq Scan"
                                        Parent Relationship: "Outer"
                                        Relation Name: "nation"
                                        Alias: "nation"
                                        Startup Cost: 0.00
                                        Total Cost: 1.31
                                        Plan Rows: 1
                                        Plan Width: 4
                                        Actual Startup Time: 0.018
                                        Actual Total Time: 0.027
                                        Actual Rows: 1
                                        Actual Loops: 1
                                        Filter: "(n_name = 'INDONESIA'::bpchar)"
                                        Rows Removed by Filter: 24
                                      - Node Type: "Bitmap Heap Scan"
                                        Parent Relationship: "Inner"
                                        Relation Name: "supplier"
                                        Alias: "supplier"
                                        Startup Cost: 11.38
                                        Total Cost: 253.12
                                        Plan Rows: 400
                                        Plan Width: 38
                                        Actual Startup Time: 0.194
                                        Actual Total Time: 1.704
                                        Actual Rows: 405
                                        Actual Loops: 1
                                        Recheck Cond: "(s_nationkey = nation.n_nationkey)"
                                        Rows Removed by Index Recheck: 0
                                        Exact Heap Blocks: 198
                                        Lossy Heap Blocks: 0
                                        Plans: 
                                          - Node Type: "Bitmap Index Scan"
                                            Parent Relationship: "Outer"
                                            Index Name: "idx_supplier_nation_key"
                                            Startup Cost: 0.00
                                            Total Cost: 11.29
                                            Plan Rows: 400
                                            Plan Width: 0
                                            Actual Startup Time: 0.145
                                            Actual Total Time: 0.145
                                            Actual Rows: 405
                                            Actual Loops: 1
                                            Index Cond: "(s_nationkey = nation.n_nationkey)"
                          - Node Type: "Index Scan"
                            Parent Relationship: "Inner"
                            Scan Direction: "Forward"
                            Index Name: "orders_pkey"
                            Relation Name: "orders"
                            Alias: "orders"
                            Startup Cost: 0.43
                            Total Cost: 0.51
                            Plan Rows: 1
                            Plan Width: 4
                            Actual Startup Time: 0.009
                            Actual Total Time: 0.010
                            Actual Rows: 0
                            Actual Loops: 153653
                            Index Cond: "(o_orderkey = l1.l_orderkey)"
                            Rows Removed by Index Recheck: 0
                            Filter: "(o_orderstatus = 'F'::bpchar)"
                            Rows Removed by Filter: 1
                      - Node Type: "Index Scan"
                        Parent Relationship: "Inner"
                        Scan Direction: "Forward"
                        Index Name: "idx_lineitem_orderkey"
                        Relation Name: "lineitem"
                        Alias: "l2"
                        Startup Cost: 0.43
                        Total Cost: 1.07
                        Plan Rows: 16
                        Plan Width: 16
                        Actual Startup Time: 0.008
                        Actual Total Time: 0.008
                        Actual Rows: 1
                        Actual Loops: 74167
                        Index Cond: "(l_orderkey = l1.l_orderkey)"
                        Rows Removed by Index Recheck: 0
                        Filter: "(l_suppkey <> l1.l_suppkey)"
                        Rows Removed by Filter: 0
                  - Node Type: "Index Scan"
                    Parent Relationship: "Inner"
                    Scan Direction: "Forward"
                    Index Name: "idx_lineitem_orderkey"
                    Relation Name: "lineitem"
                    Alias: "l3"
                    Startup Cost: 0.43
                    Total Cost: 1.07
                    Plan Rows: 5
                    Plan Width: 16
                    Actual Startup Time: 0.008
                    Actual Total Time: 0.008
                    Actual Rows: 1
                    Actual Loops: 71340
                    Index Cond: "(l_orderkey = l1.l_orderkey)"
                    Rows Removed by Index Recheck: 0
                    Filter: "((l_receiptdate > l_commitdate) AND (l_suppkey <> l1.l_suppkey))"
                    Rows Removed by Filter: 1
  Planning Time: 6.655
  Triggers: 
  Execution Time: 7823.318
Key => Node Type
Value  name ,=> -1.0
Key => Plan Width
Value  name ,=> 26.0
Key => Actual Rows
Value  name ,=> 100.0
Key => Actual Loops
Value  name ,=> 1.0
Key => Plans
Value  name ,=> -1.0
Key => Node Type
Value  name ,=> -1.0
Key => Parent Relationship
Value  name ,=> -1.0
Key => Plan Width
Value  name ,=> 26.0
Key => Actual Rows
Value  name ,=> 100.0
Key => Actual Loops
Value  name ,=> 1.0
Key => Sort Key
Value  name ,=> 2.0
Key => Sort Method
Value  name ,=> -1.0
Key => Sort Space Used
Value  name ,=> 33.0
Key => Sort Space Type
Value  name ,=> -1.0
Key => Plans
Value  name ,=> -1.0
Key => Node Type
Value  name ,=> -1.0
Key => Strategy
Value  name ,=> -1.0
Key => Parent Relationship
Value  name ,=> -1.0
Key => Plan Width
Value  name ,=> 26.0
Key => Actual Rows
Value  name ,=> 405.0
Key => Actual Loops
Value  name ,=> 1.0
Key => Group Key
Value  name ,=> 1.0
Key => Plans
Value  name ,=> -1.0
Key => Node Type
Value  name ,=> -1.0
Key => Parent Relationship
Value  name ,=> -1.0
Key => Join Type
Value  name ,=> -1.0
Key => Plan Width
Value  name ,=> 26.0
Key => Actual Rows
Value  name ,=> 4028.0
Key => Actual Loops
Value  name ,=> 1.0
Key => Plans
Value  name ,=> -1.0
Key => Node Type
Value  name ,=> -1.0
Key => Parent Relationship
Value  name ,=> -1.0
Key => Join Type
Value  name ,=> -1.0
Key => Plan Width
Value  name ,=> 42.0
Key => Actual Rows
Value  name ,=> 71340.0
Key => Actual Loops
Value  name ,=> 1.0
Key => Join Filter
Value  name ,=> -1.0
Key => Plans
Value  name ,=> -1.0
Key => Node Type
Value  name ,=> -1.0
Key => Parent Relationship
Value  name ,=> -1.0
Key => Join Type
Value  name ,=> -1.0
Key => Plan Width
Value  name ,=> 46.0
Key => Actual Rows
Value  name ,=> 74167.0
Key => Actual Loops
Value  name ,=> 1.0
Key => Plans
Value  name ,=> -1.0
Key => Node Type
Value  name ,=> -1.0
Key => Parent Relationship
Value  name ,=> -1.0
Key => Join Type
Value  name ,=> -1.0
Key => Plan Width
Value  name ,=> 42.0
Key => Actual Rows
Value  name ,=> 153653.0
Key => Actual Loops
Value  name ,=> 1.0
Key => Hash Cond
Value  name ,=> -1.0
Key => Plans
Value  name ,=> -1.0
Key => Node Type
Value  name ,=> -1.0
Key => Parent Relationship
Value  name ,=> -1.0
Key => Relation Name
Value  name ,=> -1.0
Key => Alias
Value  name ,=> -1.0
Key => Plan Width
Value  name ,=> 16.0
Key => Actual Rows
Value  name ,=> 3793296.0
Key => Actual Loops
Value  name ,=> 1.0
Key => Filter
Value  name ,=> -1.0
Data SeqScan , 1.0 3793296.0 16.0 2207919.0 3742.983
Added training data to files
Key => Node Type
Value  name ,=> -1.0
Key => Parent Relationship
Value  name ,=> -1.0
Key => Plan Width
Value  name ,=> 30.0
Key => Actual Rows
Value  name ,=> 405.0
Key => Actual Loops
Value  name ,=> 1.0
Key => Hash Buckets
Value  name ,=> 1024.0
Key => Hash Batches
Value  name ,=> 1.0
Key => Original Hash Batches
Value  name ,=> 1.0
Key => Peak Memory Usage
Value  name ,=> 26.0
Key => Plans
Value  name ,=> -1.0
Key => Node Type
Value  name ,=> -1.0
Key => Parent Relationship
Value  name ,=> -1.0
Key => Join Type
Value  name ,=> -1.0
Key => Plan Width
Value  name ,=> 30.0
Key => Actual Rows
Value  name ,=> 405.0
Key => Actual Loops
Value  name ,=> 1.0
Key => Plans
Value  name ,=> -1.0
Key => Node Type
Value  name ,=> -1.0
Key => Parent Relationship
Value  name ,=> -1.0
Key => Relation Name
Value  name ,=> -1.0
Key => Alias
Value  name ,=> -1.0
Key => Plan Width
Value  name ,=> 4.0
Key => Actual Rows
Value  name ,=> 1.0
Key => Actual Loops
Value  name ,=> 1.0
Key => Filter
Value  name ,=> -1.0
Data SeqScan , 1.0 1.0 4.0 24.0 0.027
Added training data to files
Key => Node Type
Value  name ,=> -1.0
Key => Parent Relationship
Value  name ,=> -1.0
Key => Relation Name
Value  name ,=> -1.0
Key => Alias
Value  name ,=> -1.0
Key => Plan Width
Value  name ,=> 38.0
Key => Actual Rows
Value  name ,=> 405.0
Key => Actual Loops
Value  name ,=> 1.0
Key => Recheck Cond
Value  name ,=> -1.0
Key => Rows Removed by Index Recheck
Value  name ,=> 0.0
Key => Exact Heap Blocks
Value  name ,=> 198.0
Key => Lossy Heap Blocks
Value  name ,=> 0.0
Key => Plans
Value  name ,=> -1.0
Key => Node Type
Value  name ,=> -1.0
Key => Parent Relationship
Value  name ,=> -1.0
Key => Index Name
Value  name ,=> -1.0
Key => Plan Width
Value  name ,=> 0.0
Key => Actual Rows
Value  name ,=> 405.0
Key => Actual Loops
Value  name ,=> 1.0
Key => Index Cond
Value  name ,=> -1.0
Data BitmapIndexScan , 1.0 405.0 0.0 0.0 0.145
Added training data to files
Data BitmapHeapScan , 1.0 405.0 198.0 0.0 38.0 0.0 0.0 405.0 0.0 1.704
Added training data to files
Data NestedLoopBitmapHeapScan , 1.0 405.0 30.0 0.0 1.0 4.0 405.0 38.0 1.934
Added training data to files
Data Hash , 1.0 405.0 1.0 1024.0 1.0 26.0 30.0 0.0 405.0 30.0 2.199
Added training data to files
Data HashJoin , 1.0 153653.0 42.0 0.0 3793296.0 16.0 405.0 30.0 4807.372
Added training data to files
Key => Node Type
Value  name ,=> -1.0
Key => Parent Relationship
Value  name ,=> -1.0
Key => Scan Direction
Value  name ,=> -1.0
Key => Index Name
Value  name ,=> -1.0
Key => Relation Name
Value  name ,=> -1.0
Key => Alias
Value  name ,=> -1.0
Key => Plan Width
Value  name ,=> 4.0
Key => Actual Rows
Value  name ,=> 0.0
Key => Actual Loops
Value  name ,=> 153653.0
Key => Index Cond
Value  name ,=> -1.0
Key => Rows Removed by Index Recheck
Value  name ,=> 0.0
Key => Filter
Value  name ,=> -1.0
Data IndexScan , 153653.0 0.0 4.0 1.0 0.0 0.01
Added training data to files
Data NestedLoopIndexScan , 1.0 74167.0 46.0 0.0 153653.0 42.0 0.0 4.0 6463.308
Added training data to files
Key => Node Type
Value  name ,=> -1.0
Key => Parent Relationship
Value  name ,=> -1.0
Key => Scan Direction
Value  name ,=> -1.0
Key => Index Name
Value  name ,=> -1.0
Key => Relation Name
Value  name ,=> -1.0
Key => Alias
Value  name ,=> -1.0
Key => Plan Width
Value  name ,=> 16.0
Key => Actual Rows
Value  name ,=> 1.0
Key => Actual Loops
Value  name ,=> 74167.0
Key => Index Cond
Value  name ,=> -1.0
Key => Rows Removed by Index Recheck
Value  name ,=> 0.0
Key => Filter
Value  name ,=> -1.0
Data IndexScan , 74167.0 1.0 16.0 0.0 0.0 0.008
Added training data to files
Data NestedLoopIndexScan , 1.0 71340.0 42.0 0.0 74167.0 46.0 1.0 16.0 7183.442
Added training data to files
Key => Node Type
Value  name ,=> -1.0
Key => Parent Relationship
Value  name ,=> -1.0
Key => Scan Direction
Value  name ,=> -1.0
Key => Index Name
Value  name ,=> -1.0
Key => Relation Name
Value  name ,=> -1.0
Key => Alias
Value  name ,=> -1.0
Key => Plan Width
Value  name ,=> 16.0
Key => Actual Rows
Value  name ,=> 1.0
Key => Actual Loops
Value  name ,=> 71340.0
Key => Index Cond
Value  name ,=> -1.0
Key => Rows Removed by Index Recheck
Value  name ,=> 0.0
Key => Filter
Value  name ,=> -1.0
Data IndexScan , 71340.0 1.0 16.0 1.0 0.0 0.008
Added training data to files
Data NestedLoopIndexScan , 1.0 4028.0 26.0 0.0 71340.0 42.0 1.0 16.0 7812.753
Added training data to files
Data Aggregate-Hashed , 1.0 405.0 1.0 26.0 0.0 4028.0 26.0 7821.648
Added training data to files
Data Sort-top-Nheapsort , 1.0 100.0 26.0 2.0 33.0 0.0 405.0 26.0 7823.023
Added training data to files
Data Limit , 1.0 100.0 26.0 0.0 100.0 26.0 7823.038
Added training data to files
Training query 196 executed successfully
Executed command ,script returned :  Exit value of child process : 1
Query : 
select
	s_name,
	count(*) as numwait
from
	supplier,
	lineitem l1,
	orders,
	nation
where
	s_suppkey = l1.l_suppkey
	and o_orderkey = l1.l_orderkey
	and o_orderstatus = 'F'
	and l1.l_receiptdate > l1.l_commitdate
	and exists (
		select
			*
		from
			lineitem l2
		where
			l2.l_orderkey = l1.l_orderkey
			and l2.l_suppkey <> l1.l_suppkey
	)
	and not exists (
		select
			*
		from
			lineitem l3
		where
			l3.l_orderkey = l1.l_orderkey
			and l3.l_suppkey <> l1.l_suppkey
			and l3.l_receiptdate > l3.l_commitdate
	)
	and s_nationkey = n_nationkey
	and n_name = 'INDONESIA'
group by
	s_name
order by
	numwait desc,
	s_name
LIMIT 100;

Node output - Plan: 
    Node Type: "Limit"
    Startup Cost: 296343.14
    Total Cost: 296343.14
    Plan Rows: 1
    Plan Width: 26
    Actual Startup Time: 7847.297
    Actual Total Time: 7847.326
    Actual Rows: 100
    Actual Loops: 1
    Plans: 
      - Node Type: "Sort"
        Parent Relationship: "Outer"
        Startup Cost: 296343.14
        Total Cost: 296343.14
        Plan Rows: 1
        Plan Width: 26
        Actual Startup Time: 7847.295
        Actual Total Time: 7847.308
        Actual Rows: 100
        Actual Loops: 1
        Sort Key: 
          - "(count(*))"
          - "supplier.s_name"
        Sort Method: "top-N heapsort"
        Sort Space Used: 33
        Sort Space Type: "Memory"
        Plans: 
          - Node Type: "Aggregate"
            Strategy: "Hashed"
            Parent Relationship: "Outer"
            Startup Cost: 296343.12
            Total Cost: 296343.13
            Plan Rows: 1
            Plan Width: 26
            Actual Startup Time: 7845.750
            Actual Total Time: 7845.927
            Actual Rows: 405
            Actual Loops: 1
            Group Key: 
              - "supplier.s_name"
            Plans: 
              - Node Type: "Nested Loop"
                Parent Relationship: "Outer"
                Join Type: "Anti"
                Startup Cost: 264.72
                Total Cost: 296343.11
                Plan Rows: 1
                Plan Width: 26
                Actual Startup Time: 4.294
                Actual Total Time: 7837.035
                Actual Rows: 4028
                Actual Loops: 1
                Plans: 
                  - Node Type: "Nested Loop"
                    Parent Relationship: "Outer"
                    Join Type: "Semi"
                    Startup Cost: 264.29
                    Total Cost: 296341.36
                    Plan Rows: 1
                    Plan Width: 42
                    Actual Startup Time: 2.793
                    Actual Total Time: 7205.707
                    Actual Rows: 71340
                    Actual Loops: 1
                    Join Filter: "(orders.o_orderkey = l2.l_orderkey)"
                    Rows Removed by Join Filter: 0
                    Plans: 
                      - Node Type: "Nested Loop"
                        Parent Relationship: "Outer"
                        Join Type: "Inner"
                        Startup Cost: 263.86
                        Total Cost: 246862.37
                        Plan Rows: 39007
                        Plan Width: 46
                        Actual Startup Time: 2.758
                        Actual Total Time: 6483.762
                        Actual Rows: 74167
                        Actual Loops: 1
                        Plans: 
                          - Node Type: "Hash Join"
                            Parent Relationship: "Outer"
                            Join Type: "Inner"
                            Startup Cost: 263.43
                            Total Cost: 205122.51
                            Plan Rows: 79737
                            Plan Width: 42
                            Actual Startup Time: 2.707
                            Actual Total Time: 4817.037
                            Actual Rows: 153653
                            Actual Loops: 1
                            Hash Cond: "(l1.l_suppkey = supplier.s_suppkey)"
                            Plans: 
                              - Node Type: "Seq Scan"
                                Parent Relationship: "Outer"
                                Relation Name: "lineitem"
                                Alias: "l1"
                                Startup Cost: 0.00
                                Total Cost: 196560.19
                                Plan Rows: 2000405
                                Plan Width: 16
                                Actual Startup Time: 0.010
                                Actual Total Time: 3750.002
                                Actual Rows: 3793296
                                Actual Loops: 1
                                Filter: "(l_receiptdate > l_commitdate)"
                                Rows Removed by Filter: 2207919
                              - Node Type: "Hash"
                                Parent Relationship: "Inner"
                                Startup Cost: 258.43
                                Total Cost: 258.43
                                Plan Rows: 400
                                Plan Width: 30
                                Actual Startup Time: 2.616
                                Actual Total Time: 2.616
                                Actual Rows: 405
                                Actual Loops: 1
                                Hash Buckets: 1024
                                Hash Batches: 1
                                Original Hash Batches: 1
                                Peak Memory Usage: 26
                                Plans: 
                                  - Node Type: "Nested Loop"
                                    Parent Relationship: "Outer"
                                    Join Type: "Inner"
                                    Startup Cost: 11.38
                                    Total Cost: 258.43
                                    Plan Rows: 400
                                    Plan Width: 30
                                    Actual Startup Time: 0.209
                                    Actual Total Time: 2.286
                                    Actual Rows: 405
                                    Actual Loops: 1
                                    Plans: 
                                      - Node Type: "Seq Scan"
                                        Parent Relationship: "Outer"
                                        Relation Name: "nation"
                                        Alias: "nation"
                                        Startup Cost: 0.00
                                        Total Cost: 1.31
                                        Plan Rows: 1
                                        Plan Width: 4
                                        Actual Startup Time: 0.019
                                        Actual Total Time: 0.040
                                        Actual Rows: 1
                                        Actual Loops: 1
                                        Filter: "(n_name = 'INDONESIA'::bpchar)"
                                        Rows Removed by Filter: 24
                                      - Node Type: "Bitmap Heap Scan"
                                        Parent Relationship: "Inner"
                                        Relation Name: "supplier"
                                        Alias: "supplier"
                                        Startup Cost: 11.38
                                        Total Cost: 253.12
                                        Plan Rows: 400
                                        Plan Width: 38
                                        Actual Startup Time: 0.185
                                        Actual Total Time: 1.970
                                        Actual Rows: 405
                                        Actual Loops: 1
                                        Recheck Cond: "(s_nationkey = nation.n_nationkey)"
                                        Rows Removed by Index Recheck: 0
                                        Exact Heap Blocks: 198
                                        Lossy Heap Blocks: 0
                                        Plans: 
                                          - Node Type: "Bitmap Index Scan"
                                            Parent Relationship: "Outer"
                                            Index Name: "idx_supplier_nation_key"
                                            Startup Cost: 0.00
                                            Total Cost: 11.29
                                            Plan Rows: 400
                                            Plan Width: 0
                                            Actual Startup Time: 0.138
                                            Actual Total Time: 0.138
                                            Actual Rows: 405
                                            Actual Loops: 1
                                            Index Cond: "(s_nationkey = nation.n_nationkey)"
                          - Node Type: "Index Scan"
                            Parent Relationship: "Inner"
                            Scan Direction: "Forward"
                            Index Name: "orders_pkey"
                            Relation Name: "orders"
                            Alias: "orders"
                            Startup Cost: 0.43
                            Total Cost: 0.51
                            Plan Rows: 1
                            Plan Width: 4
                            Actual Startup Time: 0.009
                            Actual Total Time: 0.010
                            Actual Rows: 0
                            Actual Loops: 153653
                            Index Cond: "(o_orderkey = l1.l_orderkey)"
                            Rows Removed by Index Recheck: 0
                            Filter: "(o_orderstatus = 'F'::bpchar)"
                            Rows Removed by Filter: 1
                      - Node Type: "Index Scan"
                        Parent Relationship: "Inner"
                        Scan Direction: "Forward"
                        Index Name: "idx_lineitem_orderkey"
                        Relation Name: "lineitem"
                        Alias: "l2"
                        Startup Cost: 0.43
                        Total Cost: 1.07
                        Plan Rows: 16
                        Plan Width: 16
                        Actual Startup Time: 0.008
                        Actual Total Time: 0.008
                        Actual Rows: 1
                        Actual Loops: 74167
                        Index Cond: "(l_orderkey = l1.l_orderkey)"
                        Rows Removed by Index Recheck: 0
                        Filter: "(l_suppkey <> l1.l_suppkey)"
                        Rows Removed by Filter: 0
                  - Node Type: "Index Scan"
                    Parent Relationship: "Inner"
                    Scan Direction: "Forward"
                    Index Name: "idx_lineitem_orderkey"
                    Relation Name: "lineitem"
                    Alias: "l3"
                    Startup Cost: 0.43
                    Total Cost: 1.07
                    Plan Rows: 5
                    Plan Width: 16
                    Actual Startup Time: 0.008
                    Actual Total Time: 0.008
                    Actual Rows: 1
                    Actual Loops: 71340
                    Index Cond: "(l_orderkey = l1.l_orderkey)"
                    Rows Removed by Index Recheck: 0
                    Filter: "((l_receiptdate > l_commitdate) AND (l_suppkey <> l1.l_suppkey))"
                    Rows Removed by Filter: 1
  Planning Time: 8.833
  Triggers: 
  Execution Time: 7847.596
Key => Node Type
Value  name ,=> -1.0
Key => Plan Width
Value  name ,=> 26.0
Key => Actual Rows
Value  name ,=> 100.0
Key => Actual Loops
Value  name ,=> 1.0
Key => Plans
Value  name ,=> -1.0
Key => Node Type
Value  name ,=> -1.0
Key => Parent Relationship
Value  name ,=> -1.0
Key => Plan Width
Value  name ,=> 26.0
Key => Actual Rows
Value  name ,=> 100.0
Key => Actual Loops
Value  name ,=> 1.0
Key => Sort Key
Value  name ,=> 2.0
Key => Sort Method
Value  name ,=> -1.0
Key => Sort Space Used
Value  name ,=> 33.0
Key => Sort Space Type
Value  name ,=> -1.0
Key => Plans
Value  name ,=> -1.0
Key => Node Type
Value  name ,=> -1.0
Key => Strategy
Value  name ,=> -1.0
Key => Parent Relationship
Value  name ,=> -1.0
Key => Plan Width
Value  name ,=> 26.0
Key => Actual Rows
Value  name ,=> 405.0
Key => Actual Loops
Value  name ,=> 1.0
Key => Group Key
Value  name ,=> 1.0
Key => Plans
Value  name ,=> -1.0
Key => Node Type
Value  name ,=> -1.0
Key => Parent Relationship
Value  name ,=> -1.0
Key => Join Type
Value  name ,=> -1.0
Key => Plan Width
Value  name ,=> 26.0
Key => Actual Rows
Value  name ,=> 4028.0
Key => Actual Loops
Value  name ,=> 1.0
Key => Plans
Value  name ,=> -1.0
Key => Node Type
Value  name ,=> -1.0
Key => Parent Relationship
Value  name ,=> -1.0
Key => Join Type
Value  name ,=> -1.0
Key => Plan Width
Value  name ,=> 42.0
Key => Actual Rows
Value  name ,=> 71340.0
Key => Actual Loops
Value  name ,=> 1.0
Key => Join Filter
Value  name ,=> -1.0
Key => Plans
Value  name ,=> -1.0
Key => Node Type
Value  name ,=> -1.0
Key => Parent Relationship
Value  name ,=> -1.0
Key => Join Type
Value  name ,=> -1.0
Key => Plan Width
Value  name ,=> 46.0
Key => Actual Rows
Value  name ,=> 74167.0
Key => Actual Loops
Value  name ,=> 1.0
Key => Plans
Value  name ,=> -1.0
Key => Node Type
Value  name ,=> -1.0
Key => Parent Relationship
Value  name ,=> -1.0
Key => Join Type
Value  name ,=> -1.0
Key => Plan Width
Value  name ,=> 42.0
Key => Actual Rows
Value  name ,=> 153653.0
Key => Actual Loops
Value  name ,=> 1.0
Key => Hash Cond
Value  name ,=> -1.0
Key => Plans
Value  name ,=> -1.0
Key => Node Type
Value  name ,=> -1.0
Key => Parent Relationship
Value  name ,=> -1.0
Key => Relation Name
Value  name ,=> -1.0
Key => Alias
Value  name ,=> -1.0
Key => Plan Width
Value  name ,=> 16.0
Key => Actual Rows
Value  name ,=> 3793296.0
Key => Actual Loops
Value  name ,=> 1.0
Key => Filter
Value  name ,=> -1.0
Data SeqScan , 1.0 3793296.0 16.0 2207919.0 3750.002
Added training data to files
Key => Node Type
Value  name ,=> -1.0
Key => Parent Relationship
Value  name ,=> -1.0
Key => Plan Width
Value  name ,=> 30.0
Key => Actual Rows
Value  name ,=> 405.0
Key => Actual Loops
Value  name ,=> 1.0
Key => Hash Buckets
Value  name ,=> 1024.0
Key => Hash Batches
Value  name ,=> 1.0
Key => Original Hash Batches
Value  name ,=> 1.0
Key => Peak Memory Usage
Value  name ,=> 26.0
Key => Plans
Value  name ,=> -1.0
Key => Node Type
Value  name ,=> -1.0
Key => Parent Relationship
Value  name ,=> -1.0
Key => Join Type
Value  name ,=> -1.0
Key => Plan Width
Value  name ,=> 30.0
Key => Actual Rows
Value  name ,=> 405.0
Key => Actual Loops
Value  name ,=> 1.0
Key => Plans
Value  name ,=> -1.0
Key => Node Type
Value  name ,=> -1.0
Key => Parent Relationship
Value  name ,=> -1.0
Key => Relation Name
Value  name ,=> -1.0
Key => Alias
Value  name ,=> -1.0
Key => Plan Width
Value  name ,=> 4.0
Key => Actual Rows
Value  name ,=> 1.0
Key => Actual Loops
Value  name ,=> 1.0
Key => Filter
Value  name ,=> -1.0
Data SeqScan , 1.0 1.0 4.0 24.0 0.04
Added training data to files
Key => Node Type
Value  name ,=> -1.0
Key => Parent Relationship
Value  name ,=> -1.0
Key => Relation Name
Value  name ,=> -1.0
Key => Alias
Value  name ,=> -1.0
Key => Plan Width
Value  name ,=> 38.0
Key => Actual Rows
Value  name ,=> 405.0
Key => Actual Loops
Value  name ,=> 1.0
Key => Recheck Cond
Value  name ,=> -1.0
Key => Rows Removed by Index Recheck
Value  name ,=> 0.0
Key => Exact Heap Blocks
Value  name ,=> 198.0
Key => Lossy Heap Blocks
Value  name ,=> 0.0
Key => Plans
Value  name ,=> -1.0
Key => Node Type
Value  name ,=> -1.0
Key => Parent Relationship
Value  name ,=> -1.0
Key => Index Name
Value  name ,=> -1.0
Key => Plan Width
Value  name ,=> 0.0
Key => Actual Rows
Value  name ,=> 405.0
Key => Actual Loops
Value  name ,=> 1.0
Key => Index Cond
Value  name ,=> -1.0
Data BitmapIndexScan , 1.0 405.0 0.0 0.0 0.138
Added training data to files
Data BitmapHeapScan , 1.0 405.0 198.0 0.0 38.0 0.0 0.0 405.0 0.0 1.97
Added training data to files
Data NestedLoopBitmapHeapScan , 1.0 405.0 30.0 0.0 1.0 4.0 405.0 38.0 2.286
Added training data to files
Data Hash , 1.0 405.0 1.0 1024.0 1.0 26.0 30.0 0.0 405.0 30.0 2.616
Added training data to files
Data HashJoin , 1.0 153653.0 42.0 0.0 3793296.0 16.0 405.0 30.0 4817.037
Added training data to files
Key => Node Type
Value  name ,=> -1.0
Key => Parent Relationship
Value  name ,=> -1.0
Key => Scan Direction
Value  name ,=> -1.0
Key => Index Name
Value  name ,=> -1.0
Key => Relation Name
Value  name ,=> -1.0
Key => Alias
Value  name ,=> -1.0
Key => Plan Width
Value  name ,=> 4.0
Key => Actual Rows
Value  name ,=> 0.0
Key => Actual Loops
Value  name ,=> 153653.0
Key => Index Cond
Value  name ,=> -1.0
Key => Rows Removed by Index Recheck
Value  name ,=> 0.0
Key => Filter
Value  name ,=> -1.0
Data IndexScan , 153653.0 0.0 4.0 1.0 0.0 0.01
Added training data to files
Data NestedLoopIndexScan , 1.0 74167.0 46.0 0.0 153653.0 42.0 0.0 4.0 6483.762
Added training data to files
Key => Node Type
Value  name ,=> -1.0
Key => Parent Relationship
Value  name ,=> -1.0
Key => Scan Direction
Value  name ,=> -1.0
Key => Index Name
Value  name ,=> -1.0
Key => Relation Name
Value  name ,=> -1.0
Key => Alias
Value  name ,=> -1.0
Key => Plan Width
Value  name ,=> 16.0
Key => Actual Rows
Value  name ,=> 1.0
Key => Actual Loops
Value  name ,=> 74167.0
Key => Index Cond
Value  name ,=> -1.0
Key => Rows Removed by Index Recheck
Value  name ,=> 0.0
Key => Filter
Value  name ,=> -1.0
Data IndexScan , 74167.0 1.0 16.0 0.0 0.0 0.008
Added training data to files
Data NestedLoopIndexScan , 1.0 71340.0 42.0 0.0 74167.0 46.0 1.0 16.0 7205.707
Added training data to files
Key => Node Type
Value  name ,=> -1.0
Key => Parent Relationship
Value  name ,=> -1.0
Key => Scan Direction
Value  name ,=> -1.0
Key => Index Name
Value  name ,=> -1.0
Key => Relation Name
Value  name ,=> -1.0
Key => Alias
Value  name ,=> -1.0
Key => Plan Width
Value  name ,=> 16.0
Key => Actual Rows
Value  name ,=> 1.0
Key => Actual Loops
Value  name ,=> 71340.0
Key => Index Cond
Value  name ,=> -1.0
Key => Rows Removed by Index Recheck
Value  name ,=> 0.0
Key => Filter
Value  name ,=> -1.0
Data IndexScan , 71340.0 1.0 16.0 1.0 0.0 0.008
Added training data to files
Data NestedLoopIndexScan , 1.0 4028.0 26.0 0.0 71340.0 42.0 1.0 16.0 7837.035
Added training data to files
Data Aggregate-Hashed , 1.0 405.0 1.0 26.0 0.0 4028.0 26.0 7845.927
Added training data to files
Data Sort-top-Nheapsort , 1.0 100.0 26.0 2.0 33.0 0.0 405.0 26.0 7847.308
Added training data to files
Data Limit , 1.0 100.0 26.0 0.0 100.0 26.0 7847.326
Added training data to files
Training query 197 executed successfully
Executed command ,script returned :  Exit value of child process : 1
Query : 
select
	s_name,
	count(*) as numwait
from
	supplier,
	lineitem l1,
	orders,
	nation
where
	s_suppkey = l1.l_suppkey
	and o_orderkey = l1.l_orderkey
	and o_orderstatus = 'F'
	and l1.l_receiptdate > l1.l_commitdate
	and exists (
		select
			*
		from
			lineitem l2
		where
			l2.l_orderkey = l1.l_orderkey
			and l2.l_suppkey <> l1.l_suppkey
	)
	and not exists (
		select
			*
		from
			lineitem l3
		where
			l3.l_orderkey = l1.l_orderkey
			and l3.l_suppkey <> l1.l_suppkey
			and l3.l_receiptdate > l3.l_commitdate
	)
	and s_nationkey = n_nationkey
	and n_name = 'INDONESIA'
group by
	s_name
order by
	numwait desc,
	s_name
LIMIT 100;

Node output - Plan: 
    Node Type: "Limit"
    Startup Cost: 296343.14
    Total Cost: 296343.14
    Plan Rows: 1
    Plan Width: 26
    Actual Startup Time: 7984.600
    Actual Total Time: 7984.633
    Actual Rows: 100
    Actual Loops: 1
    Plans: 
      - Node Type: "Sort"
        Parent Relationship: "Outer"
        Startup Cost: 296343.14
        Total Cost: 296343.14
        Plan Rows: 1
        Plan Width: 26
        Actual Startup Time: 7984.599
        Actual Total Time: 7984.616
        Actual Rows: 100
        Actual Loops: 1
        Sort Key: 
          - "(count(*))"
          - "supplier.s_name"
        Sort Method: "top-N heapsort"
        Sort Space Used: 33
        Sort Space Type: "Memory"
        Plans: 
          - Node Type: "Aggregate"
            Strategy: "Hashed"
            Parent Relationship: "Outer"
            Startup Cost: 296343.12
            Total Cost: 296343.13
            Plan Rows: 1
            Plan Width: 26
            Actual Startup Time: 7983.048
            Actual Total Time: 7983.223
            Actual Rows: 405
            Actual Loops: 1
            Group Key: 
              - "supplier.s_name"
            Plans: 
              - Node Type: "Nested Loop"
                Parent Relationship: "Outer"
                Join Type: "Anti"
                Startup Cost: 264.72
                Total Cost: 296343.11
                Plan Rows: 1
                Plan Width: 26
                Actual Startup Time: 4.694
                Actual Total Time: 7973.922
                Actual Rows: 4028
                Actual Loops: 1
                Plans: 
                  - Node Type: "Nested Loop"
                    Parent Relationship: "Outer"
                    Join Type: "Semi"
                    Startup Cost: 264.29
                    Total Cost: 296341.36
                    Plan Rows: 1
                    Plan Width: 42
                    Actual Startup Time: 3.979
                    Actual Total Time: 7331.782
                    Actual Rows: 71340
                    Actual Loops: 1
                    Join Filter: "(orders.o_orderkey = l2.l_orderkey)"
                    Rows Removed by Join Filter: 0
                    Plans: 
                      - Node Type: "Nested Loop"
                        Parent Relationship: "Outer"
                        Join Type: "Inner"
                        Startup Cost: 263.86
                        Total Cost: 246862.37
                        Plan Rows: 39007
                        Plan Width: 46
                        Actual Startup Time: 3.959
                        Actual Total Time: 6596.485
                        Actual Rows: 74167
                        Actual Loops: 1
                        Plans: 
                          - Node Type: "Hash Join"
                            Parent Relationship: "Outer"
                            Join Type: "Inner"
                            Startup Cost: 263.43
                            Total Cost: 205122.51
                            Plan Rows: 79737
                            Plan Width: 42
                            Actual Startup Time: 3.928
                            Actual Total Time: 4904.019
                            Actual Rows: 153653
                            Actual Loops: 1
                            Hash Cond: "(l1.l_suppkey = supplier.s_suppkey)"
                            Plans: 
                              - Node Type: "Seq Scan"
                                Parent Relationship: "Outer"
                                Relation Name: "lineitem"
                                Alias: "l1"
                                Startup Cost: 0.00
                                Total Cost: 196560.19
                                Plan Rows: 2000405
                                Plan Width: 16
                                Actual Startup Time: 0.027
                                Actual Total Time: 3815.034
                                Actual Rows: 3793296
                                Actual Loops: 1
                                Filter: "(l_receiptdate > l_commitdate)"
                                Rows Removed by Filter: 2207919
                              - Node Type: "Hash"
                                Parent Relationship: "Inner"
                                Startup Cost: 258.43
                                Total Cost: 258.43
                                Plan Rows: 400
                                Plan Width: 30
                                Actual Startup Time: 3.849
                                Actual Total Time: 3.849
                                Actual Rows: 405
                                Actual Loops: 1
                                Hash Buckets: 1024
                                Hash Batches: 1
                                Original Hash Batches: 1
                                Peak Memory Usage: 26
                                Plans: 
                                  - Node Type: "Nested Loop"
                                    Parent Relationship: "Outer"
                                    Join Type: "Inner"
                                    Startup Cost: 11.38
                                    Total Cost: 258.43
                                    Plan Rows: 400
                                    Plan Width: 30
                                    Actual Startup Time: 0.485
                                    Actual Total Time: 3.409
                                    Actual Rows: 405
                                    Actual Loops: 1
                                    Plans: 
                                      - Node Type: "Seq Scan"
                                        Parent Relationship: "Outer"
                                        Relation Name: "nation"
                                        Alias: "nation"
                                        Startup Cost: 0.00
                                        Total Cost: 1.31
                                        Plan Rows: 1
                                        Plan Width: 4
                                        Actual Startup Time: 0.044
                                        Actual Total Time: 0.055
                                        Actual Rows: 1
                                        Actual Loops: 1
                                        Filter: "(n_name = 'INDONESIA'::bpchar)"
                                        Rows Removed by Filter: 24
                                      - Node Type: "Bitmap Heap Scan"
                                        Parent Relationship: "Inner"
                                        Relation Name: "supplier"
                                        Alias: "supplier"
                                        Startup Cost: 11.38
                                        Total Cost: 253.12
                                        Plan Rows: 400
                                        Plan Width: 38
                                        Actual Startup Time: 0.429
                                        Actual Total Time: 2.981
                                        Actual Rows: 405
                                        Actual Loops: 1
                                        Recheck Cond: "(s_nationkey = nation.n_nationkey)"
                                        Rows Removed by Index Recheck: 0
                                        Exact Heap Blocks: 198
                                        Lossy Heap Blocks: 0
                                        Plans: 
                                          - Node Type: "Bitmap Index Scan"
                                            Parent Relationship: "Outer"
                                            Index Name: "idx_supplier_nation_key"
                                            Startup Cost: 0.00
                                            Total Cost: 11.29
                                            Plan Rows: 400
                                            Plan Width: 0
                                            Actual Startup Time: 0.319
                                            Actual Total Time: 0.319
                                            Actual Rows: 405
                                            Actual Loops: 1
                                            Index Cond: "(s_nationkey = nation.n_nationkey)"
                          - Node Type: "Index Scan"
                            Parent Relationship: "Inner"
                            Scan Direction: "Forward"
                            Index Name: "orders_pkey"
                            Relation Name: "orders"
                            Alias: "orders"
                            Startup Cost: 0.43
                            Total Cost: 0.51
                            Plan Rows: 1
                            Plan Width: 4
                            Actual Startup Time: 0.009
                            Actual Total Time: 0.010
                            Actual Rows: 0
                            Actual Loops: 153653
                            Index Cond: "(o_orderkey = l1.l_orderkey)"
                            Rows Removed by Index Recheck: 0
                            Filter: "(o_orderstatus = 'F'::bpchar)"
                            Rows Removed by Filter: 1
                      - Node Type: "Index Scan"
                        Parent Relationship: "Inner"
                        Scan Direction: "Forward"
                        Index Name: "idx_lineitem_orderkey"
                        Relation Name: "lineitem"
                        Alias: "l2"
                        Startup Cost: 0.43
                        Total Cost: 1.07
                        Plan Rows: 16
                        Plan Width: 16
                        Actual Startup Time: 0.008
                        Actual Total Time: 0.008
                        Actual Rows: 1
                        Actual Loops: 74167
                        Index Cond: "(l_orderkey = l1.l_orderkey)"
                        Rows Removed by Index Recheck: 0
                        Filter: "(l_suppkey <> l1.l_suppkey)"
                        Rows Removed by Filter: 0
                  - Node Type: "Index Scan"
                    Parent Relationship: "Inner"
                    Scan Direction: "Forward"
                    Index Name: "idx_lineitem_orderkey"
                    Relation Name: "lineitem"
                    Alias: "l3"
                    Startup Cost: 0.43
                    Total Cost: 1.07
                    Plan Rows: 5
                    Plan Width: 16
                    Actual Startup Time: 0.008
                    Actual Total Time: 0.008
                    Actual Rows: 1
                    Actual Loops: 71340
                    Index Cond: "(l_orderkey = l1.l_orderkey)"
                    Rows Removed by Index Recheck: 0
                    Filter: "((l_receiptdate > l_commitdate) AND (l_suppkey <> l1.l_suppkey))"
                    Rows Removed by Filter: 1
  Planning Time: 9.805
  Triggers: 
  Execution Time: 7985.104
Key => Node Type
Value  name ,=> -1.0
Key => Plan Width
Value  name ,=> 26.0
Key => Actual Rows
Value  name ,=> 100.0
Key => Actual Loops
Value  name ,=> 1.0
Key => Plans
Value  name ,=> -1.0
Key => Node Type
Value  name ,=> -1.0
Key => Parent Relationship
Value  name ,=> -1.0
Key => Plan Width
Value  name ,=> 26.0
Key => Actual Rows
Value  name ,=> 100.0
Key => Actual Loops
Value  name ,=> 1.0
Key => Sort Key
Value  name ,=> 2.0
Key => Sort Method
Value  name ,=> -1.0
Key => Sort Space Used
Value  name ,=> 33.0
Key => Sort Space Type
Value  name ,=> -1.0
Key => Plans
Value  name ,=> -1.0
Key => Node Type
Value  name ,=> -1.0
Key => Strategy
Value  name ,=> -1.0
Key => Parent Relationship
Value  name ,=> -1.0
Key => Plan Width
Value  name ,=> 26.0
Key => Actual Rows
Value  name ,=> 405.0
Key => Actual Loops
Value  name ,=> 1.0
Key => Group Key
Value  name ,=> 1.0
Key => Plans
Value  name ,=> -1.0
Key => Node Type
Value  name ,=> -1.0
Key => Parent Relationship
Value  name ,=> -1.0
Key => Join Type
Value  name ,=> -1.0
Key => Plan Width
Value  name ,=> 26.0
Key => Actual Rows
Value  name ,=> 4028.0
Key => Actual Loops
Value  name ,=> 1.0
Key => Plans
Value  name ,=> -1.0
Key => Node Type
Value  name ,=> -1.0
Key => Parent Relationship
Value  name ,=> -1.0
Key => Join Type
Value  name ,=> -1.0
Key => Plan Width
Value  name ,=> 42.0
Key => Actual Rows
Value  name ,=> 71340.0
Key => Actual Loops
Value  name ,=> 1.0
Key => Join Filter
Value  name ,=> -1.0
Key => Plans
Value  name ,=> -1.0
Key => Node Type
Value  name ,=> -1.0
Key => Parent Relationship
Value  name ,=> -1.0
Key => Join Type
Value  name ,=> -1.0
Key => Plan Width
Value  name ,=> 46.0
Key => Actual Rows
Value  name ,=> 74167.0
Key => Actual Loops
Value  name ,=> 1.0
Key => Plans
Value  name ,=> -1.0
Key => Node Type
Value  name ,=> -1.0
Key => Parent Relationship
Value  name ,=> -1.0
Key => Join Type
Value  name ,=> -1.0
Key => Plan Width
Value  name ,=> 42.0
Key => Actual Rows
Value  name ,=> 153653.0
Key => Actual Loops
Value  name ,=> 1.0
Key => Hash Cond
Value  name ,=> -1.0
Key => Plans
Value  name ,=> -1.0
Key => Node Type
Value  name ,=> -1.0
Key => Parent Relationship
Value  name ,=> -1.0
Key => Relation Name
Value  name ,=> -1.0
Key => Alias
Value  name ,=> -1.0
Key => Plan Width
Value  name ,=> 16.0
Key => Actual Rows
Value  name ,=> 3793296.0
Key => Actual Loops
Value  name ,=> 1.0
Key => Filter
Value  name ,=> -1.0
Data SeqScan , 1.0 3793296.0 16.0 2207919.0 3815.034
Added training data to files
Key => Node Type
Value  name ,=> -1.0
Key => Parent Relationship
Value  name ,=> -1.0
Key => Plan Width
Value  name ,=> 30.0
Key => Actual Rows
Value  name ,=> 405.0
Key => Actual Loops
Value  name ,=> 1.0
Key => Hash Buckets
Value  name ,=> 1024.0
Key => Hash Batches
Value  name ,=> 1.0
Key => Original Hash Batches
Value  name ,=> 1.0
Key => Peak Memory Usage
Value  name ,=> 26.0
Key => Plans
Value  name ,=> -1.0
Key => Node Type
Value  name ,=> -1.0
Key => Parent Relationship
Value  name ,=> -1.0
Key => Join Type
Value  name ,=> -1.0
Key => Plan Width
Value  name ,=> 30.0
Key => Actual Rows
Value  name ,=> 405.0
Key => Actual Loops
Value  name ,=> 1.0
Key => Plans
Value  name ,=> -1.0
Key => Node Type
Value  name ,=> -1.0
Key => Parent Relationship
Value  name ,=> -1.0
Key => Relation Name
Value  name ,=> -1.0
Key => Alias
Value  name ,=> -1.0
Key => Plan Width
Value  name ,=> 4.0
Key => Actual Rows
Value  name ,=> 1.0
Key => Actual Loops
Value  name ,=> 1.0
Key => Filter
Value  name ,=> -1.0
Data SeqScan , 1.0 1.0 4.0 24.0 0.055
Added training data to files
Key => Node Type
Value  name ,=> -1.0
Key => Parent Relationship
Value  name ,=> -1.0
Key => Relation Name
Value  name ,=> -1.0
Key => Alias
Value  name ,=> -1.0
Key => Plan Width
Value  name ,=> 38.0
Key => Actual Rows
Value  name ,=> 405.0
Key => Actual Loops
Value  name ,=> 1.0
Key => Recheck Cond
Value  name ,=> -1.0
Key => Rows Removed by Index Recheck
Value  name ,=> 0.0
Key => Exact Heap Blocks
Value  name ,=> 198.0
Key => Lossy Heap Blocks
Value  name ,=> 0.0
Key => Plans
Value  name ,=> -1.0
Key => Node Type
Value  name ,=> -1.0
Key => Parent Relationship
Value  name ,=> -1.0
Key => Index Name
Value  name ,=> -1.0
Key => Plan Width
Value  name ,=> 0.0
Key => Actual Rows
Value  name ,=> 405.0
Key => Actual Loops
Value  name ,=> 1.0
Key => Index Cond
Value  name ,=> -1.0
Data BitmapIndexScan , 1.0 405.0 0.0 0.0 0.319
Added training data to files
Data BitmapHeapScan , 1.0 405.0 198.0 0.0 38.0 0.0 0.0 405.0 0.0 2.981
Added training data to files
Data NestedLoopBitmapHeapScan , 1.0 405.0 30.0 0.0 1.0 4.0 405.0 38.0 3.409
Added training data to files
Data Hash , 1.0 405.0 1.0 1024.0 1.0 26.0 30.0 0.0 405.0 30.0 3.849
Added training data to files
Data HashJoin , 1.0 153653.0 42.0 0.0 3793296.0 16.0 405.0 30.0 4904.019
Added training data to files
Key => Node Type
Value  name ,=> -1.0
Key => Parent Relationship
Value  name ,=> -1.0
Key => Scan Direction
Value  name ,=> -1.0
Key => Index Name
Value  name ,=> -1.0
Key => Relation Name
Value  name ,=> -1.0
Key => Alias
Value  name ,=> -1.0
Key => Plan Width
Value  name ,=> 4.0
Key => Actual Rows
Value  name ,=> 0.0
Key => Actual Loops
Value  name ,=> 153653.0
Key => Index Cond
Value  name ,=> -1.0
Key => Rows Removed by Index Recheck
Value  name ,=> 0.0
Key => Filter
Value  name ,=> -1.0
Data IndexScan , 153653.0 0.0 4.0 1.0 0.0 0.01
Added training data to files
Data NestedLoopIndexScan , 1.0 74167.0 46.0 0.0 153653.0 42.0 0.0 4.0 6596.485
Added training data to files
Key => Node Type
Value  name ,=> -1.0
Key => Parent Relationship
Value  name ,=> -1.0
Key => Scan Direction
Value  name ,=> -1.0
Key => Index Name
Value  name ,=> -1.0
Key => Relation Name
Value  name ,=> -1.0
Key => Alias
Value  name ,=> -1.0
Key => Plan Width
Value  name ,=> 16.0
Key => Actual Rows
Value  name ,=> 1.0
Key => Actual Loops
Value  name ,=> 74167.0
Key => Index Cond
Value  name ,=> -1.0
Key => Rows Removed by Index Recheck
Value  name ,=> 0.0
Key => Filter
Value  name ,=> -1.0
Data IndexScan , 74167.0 1.0 16.0 0.0 0.0 0.008
Added training data to files
Data NestedLoopIndexScan , 1.0 71340.0 42.0 0.0 74167.0 46.0 1.0 16.0 7331.782
Added training data to files
Key => Node Type
Value  name ,=> -1.0
Key => Parent Relationship
Value  name ,=> -1.0
Key => Scan Direction
Value  name ,=> -1.0
Key => Index Name
Value  name ,=> -1.0
Key => Relation Name
Value  name ,=> -1.0
Key => Alias
Value  name ,=> -1.0
Key => Plan Width
Value  name ,=> 16.0
Key => Actual Rows
Value  name ,=> 1.0
Key => Actual Loops
Value  name ,=> 71340.0
Key => Index Cond
Value  name ,=> -1.0
Key => Rows Removed by Index Recheck
Value  name ,=> 0.0
Key => Filter
Value  name ,=> -1.0
Data IndexScan , 71340.0 1.0 16.0 1.0 0.0 0.008
Added training data to files
Data NestedLoopIndexScan , 1.0 4028.0 26.0 0.0 71340.0 42.0 1.0 16.0 7973.922
Added training data to files
Data Aggregate-Hashed , 1.0 405.0 1.0 26.0 0.0 4028.0 26.0 7983.223
Added training data to files
Data Sort-top-Nheapsort , 1.0 100.0 26.0 2.0 33.0 0.0 405.0 26.0 7984.616
Added training data to files
Data Limit , 1.0 100.0 26.0 0.0 100.0 26.0 7984.633
Added training data to files
Training query 198 executed successfully
Executed command ,script returned :  Exit value of child process : 1
Query : 
select
	s_name,
	count(*) as numwait
from
	supplier,
	lineitem l1,
	orders,
	nation
where
	s_suppkey = l1.l_suppkey
	and o_orderkey = l1.l_orderkey
	and o_orderstatus = 'F'
	and l1.l_receiptdate > l1.l_commitdate
	and exists (
		select
			*
		from
			lineitem l2
		where
			l2.l_orderkey = l1.l_orderkey
			and l2.l_suppkey <> l1.l_suppkey
	)
	and not exists (
		select
			*
		from
			lineitem l3
		where
			l3.l_orderkey = l1.l_orderkey
			and l3.l_suppkey <> l1.l_suppkey
			and l3.l_receiptdate > l3.l_commitdate
	)
	and s_nationkey = n_nationkey
	and n_name = 'INDONESIA'
group by
	s_name
order by
	numwait desc,
	s_name
LIMIT 100;

Node output - Plan: 
    Node Type: "Limit"
    Startup Cost: 296343.14
    Total Cost: 296343.14
    Plan Rows: 1
    Plan Width: 26
    Actual Startup Time: 7999.350
    Actual Total Time: 7999.376
    Actual Rows: 100
    Actual Loops: 1
    Plans: 
      - Node Type: "Sort"
        Parent Relationship: "Outer"
        Startup Cost: 296343.14
        Total Cost: 296343.14
        Plan Rows: 1
        Plan Width: 26
        Actual Startup Time: 7999.349
        Actual Total Time: 7999.361
        Actual Rows: 100
        Actual Loops: 1
        Sort Key: 
          - "(count(*))"
          - "supplier.s_name"
        Sort Method: "top-N heapsort"
        Sort Space Used: 33
        Sort Space Type: "Memory"
        Plans: 
          - Node Type: "Aggregate"
            Strategy: "Hashed"
            Parent Relationship: "Outer"
            Startup Cost: 296343.12
            Total Cost: 296343.13
            Plan Rows: 1
            Plan Width: 26
            Actual Startup Time: 7997.850
            Actual Total Time: 7998.032
            Actual Rows: 405
            Actual Loops: 1
            Group Key: 
              - "supplier.s_name"
            Plans: 
              - Node Type: "Nested Loop"
                Parent Relationship: "Outer"
                Join Type: "Anti"
                Startup Cost: 264.72
                Total Cost: 296343.11
                Plan Rows: 1
                Plan Width: 26
                Actual Startup Time: 6.212
                Actual Total Time: 7988.613
                Actual Rows: 4028
                Actual Loops: 1
                Plans: 
                  - Node Type: "Nested Loop"
                    Parent Relationship: "Outer"
                    Join Type: "Semi"
                    Startup Cost: 264.29
                    Total Cost: 296341.36
                    Plan Rows: 1
                    Plan Width: 42
                    Actual Startup Time: 4.717
                    Actual Total Time: 7345.795
                    Actual Rows: 71340
                    Actual Loops: 1
                    Join Filter: "(orders.o_orderkey = l2.l_orderkey)"
                    Rows Removed by Join Filter: 0
                    Plans: 
                      - Node Type: "Nested Loop"
                        Parent Relationship: "Outer"
                        Join Type: "Inner"
                        Startup Cost: 263.86
                        Total Cost: 246862.37
                        Plan Rows: 39007
                        Plan Width: 46
                        Actual Startup Time: 4.682
                        Actual Total Time: 6610.278
                        Actual Rows: 74167
                        Actual Loops: 1
                        Plans: 
                          - Node Type: "Hash Join"
                            Parent Relationship: "Outer"
                            Join Type: "Inner"
                            Startup Cost: 263.43
                            Total Cost: 205122.51
                            Plan Rows: 79737
                            Plan Width: 42
                            Actual Startup Time: 4.630
                            Actual Total Time: 4911.463
                            Actual Rows: 153653
                            Actual Loops: 1
                            Hash Cond: "(l1.l_suppkey = supplier.s_suppkey)"
                            Plans: 
                              - Node Type: "Seq Scan"
                                Parent Relationship: "Outer"
                                Relation Name: "lineitem"
                                Alias: "l1"
                                Startup Cost: 0.00
                                Total Cost: 196560.19
                                Plan Rows: 2000405
                                Plan Width: 16
                                Actual Startup Time: 0.022
                                Actual Total Time: 3823.408
                                Actual Rows: 3793296
                                Actual Loops: 1
                                Filter: "(l_receiptdate > l_commitdate)"
                                Rows Removed by Filter: 2207919
                              - Node Type: "Hash"
                                Parent Relationship: "Inner"
                                Startup Cost: 258.43
                                Total Cost: 258.43
                                Plan Rows: 400
                                Plan Width: 30
                                Actual Startup Time: 4.520
                                Actual Total Time: 4.520
                                Actual Rows: 405
                                Actual Loops: 1
                                Hash Buckets: 1024
                                Hash Batches: 1
                                Original Hash Batches: 1
                                Peak Memory Usage: 26
                                Plans: 
                                  - Node Type: "Nested Loop"
                                    Parent Relationship: "Outer"
                                    Join Type: "Inner"
                                    Startup Cost: 11.38
                                    Total Cost: 258.43
                                    Plan Rows: 400
                                    Plan Width: 30
                                    Actual Startup Time: 0.468
                                    Actual Total Time: 3.944
                                    Actual Rows: 405
                                    Actual Loops: 1
                                    Plans: 
                                      - Node Type: "Seq Scan"
                                        Parent Relationship: "Outer"
                                        Relation Name: "nation"
                                        Alias: "nation"
                                        Startup Cost: 0.00
                                        Total Cost: 1.31
                                        Plan Rows: 1
                                        Plan Width: 4
                                        Actual Startup Time: 0.038
                                        Actual Total Time: 0.058
                                        Actual Rows: 1
                                        Actual Loops: 1
                                        Filter: "(n_name = 'INDONESIA'::bpchar)"
                                        Rows Removed by Filter: 24
                                      - Node Type: "Bitmap Heap Scan"
                                        Parent Relationship: "Inner"
                                        Relation Name: "supplier"
                                        Alias: "supplier"
                                        Startup Cost: 11.38
                                        Total Cost: 253.12
                                        Plan Rows: 400
                                        Plan Width: 38
                                        Actual Startup Time: 0.419
                                        Actual Total Time: 3.460
                                        Actual Rows: 405
                                        Actual Loops: 1
                                        Recheck Cond: "(s_nationkey = nation.n_nationkey)"
                                        Rows Removed by Index Recheck: 0
                                        Exact Heap Blocks: 198
                                        Lossy Heap Blocks: 0
                                        Plans: 
                                          - Node Type: "Bitmap Index Scan"
                                            Parent Relationship: "Outer"
                                            Index Name: "idx_supplier_nation_key"
                                            Startup Cost: 0.00
                                            Total Cost: 11.29
                                            Plan Rows: 400
                                            Plan Width: 0
                                            Actual Startup Time: 0.311
                                            Actual Total Time: 0.311
                                            Actual Rows: 405
                                            Actual Loops: 1
                                            Index Cond: "(s_nationkey = nation.n_nationkey)"
                          - Node Type: "Index Scan"
                            Parent Relationship: "Inner"
                            Scan Direction: "Forward"
                            Index Name: "orders_pkey"
                            Relation Name: "orders"
                            Alias: "orders"
                            Startup Cost: 0.43
                            Total Cost: 0.51
                            Plan Rows: 1
                            Plan Width: 4
                            Actual Startup Time: 0.009
                            Actual Total Time: 0.010
                            Actual Rows: 0
                            Actual Loops: 153653
                            Index Cond: "(o_orderkey = l1.l_orderkey)"
                            Rows Removed by Index Recheck: 0
                            Filter: "(o_orderstatus = 'F'::bpchar)"
                            Rows Removed by Filter: 1
                      - Node Type: "Index Scan"
                        Parent Relationship: "Inner"
                        Scan Direction: "Forward"
                        Index Name: "idx_lineitem_orderkey"
                        Relation Name: "lineitem"
                        Alias: "l2"
                        Startup Cost: 0.43
                        Total Cost: 1.07
                        Plan Rows: 16
                        Plan Width: 16
                        Actual Startup Time: 0.008
                        Actual Total Time: 0.008
                        Actual Rows: 1
                        Actual Loops: 74167
                        Index Cond: "(l_orderkey = l1.l_orderkey)"
                        Rows Removed by Index Recheck: 0
                        Filter: "(l_suppkey <> l1.l_suppkey)"
                        Rows Removed by Filter: 0
                  - Node Type: "Index Scan"
                    Parent Relationship: "Inner"
                    Scan Direction: "Forward"
                    Index Name: "idx_lineitem_orderkey"
                    Relation Name: "lineitem"
                    Alias: "l3"
                    Startup Cost: 0.43
                    Total Cost: 1.07
                    Plan Rows: 5
                    Plan Width: 16
                    Actual Startup Time: 0.008
                    Actual Total Time: 0.008
                    Actual Rows: 1
                    Actual Loops: 71340
                    Index Cond: "(l_orderkey = l1.l_orderkey)"
                    Rows Removed by Index Recheck: 0
                    Filter: "((l_receiptdate > l_commitdate) AND (l_suppkey <> l1.l_suppkey))"
                    Rows Removed by Filter: 1
  Planning Time: 9.661
  Triggers: 
  Execution Time: 7999.830
Key => Node Type
Value  name ,=> -1.0
Key => Plan Width
Value  name ,=> 26.0
Key => Actual Rows
Value  name ,=> 100.0
Key => Actual Loops
Value  name ,=> 1.0
Key => Plans
Value  name ,=> -1.0
Key => Node Type
Value  name ,=> -1.0
Key => Parent Relationship
Value  name ,=> -1.0
Key => Plan Width
Value  name ,=> 26.0
Key => Actual Rows
Value  name ,=> 100.0
Key => Actual Loops
Value  name ,=> 1.0
Key => Sort Key
Value  name ,=> 2.0
Key => Sort Method
Value  name ,=> -1.0
Key => Sort Space Used
Value  name ,=> 33.0
Key => Sort Space Type
Value  name ,=> -1.0
Key => Plans
Value  name ,=> -1.0
Key => Node Type
Value  name ,=> -1.0
Key => Strategy
Value  name ,=> -1.0
Key => Parent Relationship
Value  name ,=> -1.0
Key => Plan Width
Value  name ,=> 26.0
Key => Actual Rows
Value  name ,=> 405.0
Key => Actual Loops
Value  name ,=> 1.0
Key => Group Key
Value  name ,=> 1.0
Key => Plans
Value  name ,=> -1.0
Key => Node Type
Value  name ,=> -1.0
Key => Parent Relationship
Value  name ,=> -1.0
Key => Join Type
Value  name ,=> -1.0
Key => Plan Width
Value  name ,=> 26.0
Key => Actual Rows
Value  name ,=> 4028.0
Key => Actual Loops
Value  name ,=> 1.0
Key => Plans
Value  name ,=> -1.0
Key => Node Type
Value  name ,=> -1.0
Key => Parent Relationship
Value  name ,=> -1.0
Key => Join Type
Value  name ,=> -1.0
Key => Plan Width
Value  name ,=> 42.0
Key => Actual Rows
Value  name ,=> 71340.0
Key => Actual Loops
Value  name ,=> 1.0
Key => Join Filter
Value  name ,=> -1.0
Key => Plans
Value  name ,=> -1.0
Key => Node Type
Value  name ,=> -1.0
Key => Parent Relationship
Value  name ,=> -1.0
Key => Join Type
Value  name ,=> -1.0
Key => Plan Width
Value  name ,=> 46.0
Key => Actual Rows
Value  name ,=> 74167.0
Key => Actual Loops
Value  name ,=> 1.0
Key => Plans
Value  name ,=> -1.0
Key => Node Type
Value  name ,=> -1.0
Key => Parent Relationship
Value  name ,=> -1.0
Key => Join Type
Value  name ,=> -1.0
Key => Plan Width
Value  name ,=> 42.0
Key => Actual Rows
Value  name ,=> 153653.0
Key => Actual Loops
Value  name ,=> 1.0
Key => Hash Cond
Value  name ,=> -1.0
Key => Plans
Value  name ,=> -1.0
Key => Node Type
Value  name ,=> -1.0
Key => Parent Relationship
Value  name ,=> -1.0
Key => Relation Name
Value  name ,=> -1.0
Key => Alias
Value  name ,=> -1.0
Key => Plan Width
Value  name ,=> 16.0
Key => Actual Rows
Value  name ,=> 3793296.0
Key => Actual Loops
Value  name ,=> 1.0
Key => Filter
Value  name ,=> -1.0
Data SeqScan , 1.0 3793296.0 16.0 2207919.0 3823.408
Added training data to files
Key => Node Type
Value  name ,=> -1.0
Key => Parent Relationship
Value  name ,=> -1.0
Key => Plan Width
Value  name ,=> 30.0
Key => Actual Rows
Value  name ,=> 405.0
Key => Actual Loops
Value  name ,=> 1.0
Key => Hash Buckets
Value  name ,=> 1024.0
Key => Hash Batches
Value  name ,=> 1.0
Key => Original Hash Batches
Value  name ,=> 1.0
Key => Peak Memory Usage
Value  name ,=> 26.0
Key => Plans
Value  name ,=> -1.0
Key => Node Type
Value  name ,=> -1.0
Key => Parent Relationship
Value  name ,=> -1.0
Key => Join Type
Value  name ,=> -1.0
Key => Plan Width
Value  name ,=> 30.0
Key => Actual Rows
Value  name ,=> 405.0
Key => Actual Loops
Value  name ,=> 1.0
Key => Plans
Value  name ,=> -1.0
Key => Node Type
Value  name ,=> -1.0
Key => Parent Relationship
Value  name ,=> -1.0
Key => Relation Name
Value  name ,=> -1.0
Key => Alias
Value  name ,=> -1.0
Key => Plan Width
Value  name ,=> 4.0
Key => Actual Rows
Value  name ,=> 1.0
Key => Actual Loops
Value  name ,=> 1.0
Key => Filter
Value  name ,=> -1.0
Data SeqScan , 1.0 1.0 4.0 24.0 0.058
Added training data to files
Key => Node Type
Value  name ,=> -1.0
Key => Parent Relationship
Value  name ,=> -1.0
Key => Relation Name
Value  name ,=> -1.0
Key => Alias
Value  name ,=> -1.0
Key => Plan Width
Value  name ,=> 38.0
Key => Actual Rows
Value  name ,=> 405.0
Key => Actual Loops
Value  name ,=> 1.0
Key => Recheck Cond
Value  name ,=> -1.0
Key => Rows Removed by Index Recheck
Value  name ,=> 0.0
Key => Exact Heap Blocks
Value  name ,=> 198.0
Key => Lossy Heap Blocks
Value  name ,=> 0.0
Key => Plans
Value  name ,=> -1.0
Key => Node Type
Value  name ,=> -1.0
Key => Parent Relationship
Value  name ,=> -1.0
Key => Index Name
Value  name ,=> -1.0
Key => Plan Width
Value  name ,=> 0.0
Key => Actual Rows
Value  name ,=> 405.0
Key => Actual Loops
Value  name ,=> 1.0
Key => Index Cond
Value  name ,=> -1.0
Data BitmapIndexScan , 1.0 405.0 0.0 0.0 0.311
Added training data to files
Data BitmapHeapScan , 1.0 405.0 198.0 0.0 38.0 0.0 0.0 405.0 0.0 3.46
Added training data to files
Data NestedLoopBitmapHeapScan , 1.0 405.0 30.0 0.0 1.0 4.0 405.0 38.0 3.944
Added training data to files
Data Hash , 1.0 405.0 1.0 1024.0 1.0 26.0 30.0 0.0 405.0 30.0 4.52
Added training data to files
Data HashJoin , 1.0 153653.0 42.0 0.0 3793296.0 16.0 405.0 30.0 4911.463
Added training data to files
Key => Node Type
Value  name ,=> -1.0
Key => Parent Relationship
Value  name ,=> -1.0
Key => Scan Direction
Value  name ,=> -1.0
Key => Index Name
Value  name ,=> -1.0
Key => Relation Name
Value  name ,=> -1.0
Key => Alias
Value  name ,=> -1.0
Key => Plan Width
Value  name ,=> 4.0
Key => Actual Rows
Value  name ,=> 0.0
Key => Actual Loops
Value  name ,=> 153653.0
Key => Index Cond
Value  name ,=> -1.0
Key => Rows Removed by Index Recheck
Value  name ,=> 0.0
Key => Filter
Value  name ,=> -1.0
Data IndexScan , 153653.0 0.0 4.0 1.0 0.0 0.01
Added training data to files
Data NestedLoopIndexScan , 1.0 74167.0 46.0 0.0 153653.0 42.0 0.0 4.0 6610.278
Added training data to files
Key => Node Type
Value  name ,=> -1.0
Key => Parent Relationship
Value  name ,=> -1.0
Key => Scan Direction
Value  name ,=> -1.0
Key => Index Name
Value  name ,=> -1.0
Key => Relation Name
Value  name ,=> -1.0
Key => Alias
Value  name ,=> -1.0
Key => Plan Width
Value  name ,=> 16.0
Key => Actual Rows
Value  name ,=> 1.0
Key => Actual Loops
Value  name ,=> 74167.0
Key => Index Cond
Value  name ,=> -1.0
Key => Rows Removed by Index Recheck
Value  name ,=> 0.0
Key => Filter
Value  name ,=> -1.0
Data IndexScan , 74167.0 1.0 16.0 0.0 0.0 0.008
Added training data to files
Data NestedLoopIndexScan , 1.0 71340.0 42.0 0.0 74167.0 46.0 1.0 16.0 7345.795
Added training data to files
Key => Node Type
Value  name ,=> -1.0
Key => Parent Relationship
Value  name ,=> -1.0
Key => Scan Direction
Value  name ,=> -1.0
Key => Index Name
Value  name ,=> -1.0
Key => Relation Name
Value  name ,=> -1.0
Key => Alias
Value  name ,=> -1.0
Key => Plan Width
Value  name ,=> 16.0
Key => Actual Rows
Value  name ,=> 1.0
Key => Actual Loops
Value  name ,=> 71340.0
Key => Index Cond
Value  name ,=> -1.0
Key => Rows Removed by Index Recheck
Value  name ,=> 0.0
Key => Filter
Value  name ,=> -1.0
Data IndexScan , 71340.0 1.0 16.0 1.0 0.0 0.008
Added training data to files
Data NestedLoopIndexScan , 1.0 4028.0 26.0 0.0 71340.0 42.0 1.0 16.0 7988.613
Added training data to files
Data Aggregate-Hashed , 1.0 405.0 1.0 26.0 0.0 4028.0 26.0 7998.032
Added training data to files
Data Sort-top-Nheapsort , 1.0 100.0 26.0 2.0 33.0 0.0 405.0 26.0 7999.361
Added training data to files
Data Limit , 1.0 100.0 26.0 0.0 100.0 26.0 7999.376
Added training data to files
Training query 199 executed successfully
Executed command ,script returned :  Exit value of child process : 1
Query : 
select
	cntrycode,
	count(*) as numcust,
	sum(c_acctbal) as totacctbal
from
	(
		select
			substring(c_phone from 1 for 2) as cntrycode,
			c_acctbal
		from
			customer
		where
			substring(c_phone from 1 for 2) in
				('22', '31', '33', '21', '41', '44', '25')
			and c_acctbal > (
				select
					avg(c_acctbal)
				from
					customer
				where
					c_acctbal > 0.00
					and substring(c_phone from 1 for 2) in
						('22', '31', '33', '21', '41', '44', '25')
			)
			and not exists (
				select
					*
				from
					orders
				where
					o_custkey = c_custkey
			)
	) as custsale
group by
	cntrycode
order by
	cntrycode
LIMIT 1;

Node output - Plan: 
    Node Type: "Limit"
    Startup Cost: 23474.46
    Total Cost: 23474.46
    Plan Rows: 1
    Plan Width: 22
    Actual Startup Time: 1320.038
    Actual Total Time: 1320.038
    Actual Rows: 1
    Actual Loops: 1
    Plans: 
      - Node Type: "Aggregate"
        Strategy: "Plain"
        Parent Relationship: "InitPlan"
        Subplan Name: "InitPlan 1 (returns $0)"
        Startup Cost: 7657.44
        Total Cost: 7657.45
        Plan Rows: 1
        Plan Width: 6
        Actual Startup Time: 456.812
        Actual Total Time: 456.813
        Actual Rows: 1
        Actual Loops: 1
        Plans: 
          - Node Type: "Seq Scan"
            Parent Relationship: "Outer"
            Relation Name: "customer"
            Alias: "customer_1"
            Startup Cost: 0.00
            Total Cost: 7645.50
            Plan Rows: 4777
            Plan Width: 6
            Actual Startup Time: 5.962
            Actual Total Time: 433.954
            Actual Rows: 27220
            Actual Loops: 1
            Filter: "((c_acctbal > 0.00) AND (\"substring\"((c_phone)::text, 1, 2) = ANY ('{22,31,33,21,41,44,25}'::text[])))"
            Rows Removed by Filter: 122780
      - Node Type: "Sort"
        Parent Relationship: "Outer"
        Startup Cost: 15817.00
        Total Cost: 15818.84
        Plan Rows: 736
        Plan Width: 22
        Actual Startup Time: 1320.035
        Actual Total Time: 1320.035
        Actual Rows: 1
        Actual Loops: 1
        Sort Key: 
          - "(\"substring\"((customer.c_phone)::text, 1, 2))"
        Sort Method: "top-N heapsort"
        Sort Space Used: 25
        Sort Space Type: "Memory"
        Plans: 
          - Node Type: "Aggregate"
            Strategy: "Hashed"
            Parent Relationship: "Outer"
            Startup Cost: 15800.44
            Total Cost: 15813.32
            Plan Rows: 736
            Plan Width: 22
            Actual Startup Time: 1319.972
            Actual Total Time: 1319.983
            Actual Rows: 5
            Actual Loops: 1
            Group Key: 
              - "\"substring\"((customer.c_phone)::text, 1, 2)"
            Plans: 
              - Node Type: "Nested Loop"
                Parent Relationship: "Outer"
                Join Type: "Anti"
                Startup Cost: 0.43
                Total Cost: 15794.92
                Plan Rows: 736
                Plan Width: 22
                Actual Startup Time: 504.025
                Actual Total Time: 1303.937
                Actual Rows: 4593
                Actual Loops: 1
                Plans: 
                  - Node Type: "Seq Scan"
                    Parent Relationship: "Outer"
                    Relation Name: "customer"
                    Alias: "customer"
                    Startup Cost: 0.00
                    Total Cost: 7645.50
                    Plan Rows: 1750
                    Plan Width: 26
                    Actual Startup Time: 456.910
                    Actual Total Time: 912.066
                    Actual Rows: 13595
                    Actual Loops: 1
                    Filter: "((c_acctbal > $0) AND (\"substring\"((c_phone)::text, 1, 2) = ANY ('{22,31,33,21,41,44,25}'::text[])))"
                    Rows Removed by Filter: 136405
                  - Node Type: "Index Only Scan"
                    Parent Relationship: "Inner"
                    Scan Direction: "Forward"
                    Index Name: "idx_orders_custkey"
                    Relation Name: "orders"
                    Alias: "orders"
                    Startup Cost: 0.43
                    Total Cost: 48.23
                    Plan Rows: 17
                    Plan Width: 8
                    Actual Startup Time: 0.026
                    Actual Total Time: 0.026
                    Actual Rows: 1
                    Actual Loops: 13595
                    Index Cond: "(o_custkey = customer.c_custkey)"
                    Rows Removed by Index Recheck: 0
                    Heap Fetches: 9002
  Planning Time: 0.911
  Triggers: 
  Execution Time: 1332.218
Key => Node Type
Value  name ,=> -1.0
Key => Plan Width
Value  name ,=> 22.0
Key => Actual Rows
Value  name ,=> 1.0
Key => Actual Loops
Value  name ,=> 1.0
Key => Plans
Value  name ,=> -1.0
Key => Node Type
Value  name ,=> -1.0
Key => Strategy
Value  name ,=> -1.0
Key => Parent Relationship
Value  name ,=> -1.0
Key => Subplan Name
Value  name ,=> -1.0
Key => Plan Width
Value  name ,=> 6.0
Key => Actual Rows
Value  name ,=> 1.0
Key => Actual Loops
Value  name ,=> 1.0
Key => Plans
Value  name ,=> -1.0
Key => Node Type
Value  name ,=> -1.0
Key => Parent Relationship
Value  name ,=> -1.0
Key => Relation Name
Value  name ,=> -1.0
Key => Alias
Value  name ,=> -1.0
Key => Plan Width
Value  name ,=> 6.0
Key => Actual Rows
Value  name ,=> 27220.0
Key => Actual Loops
Value  name ,=> 1.0
Key => Filter
Value  name ,=> -1.0
Data SeqScan , 1.0 27220.0 6.0 122780.0 433.954
Added training data to files
Data Aggregate-Plain , 1.0 1.0 6.0 0.0 27220.0 6.0 456.813
Added training data to files
Key => Node Type
Value  name ,=> -1.0
Key => Parent Relationship
Value  name ,=> -1.0
Key => Plan Width
Value  name ,=> 22.0
Key => Actual Rows
Value  name ,=> 1.0
Key => Actual Loops
Value  name ,=> 1.0
Key => Sort Key
Value  name ,=> 1.0
Key => Sort Method
Value  name ,=> -1.0
Key => Sort Space Used
Value  name ,=> 25.0
Key => Sort Space Type
Value  name ,=> -1.0
Key => Plans
Value  name ,=> -1.0
Key => Node Type
Value  name ,=> -1.0
Key => Strategy
Value  name ,=> -1.0
Key => Parent Relationship
Value  name ,=> -1.0
Key => Plan Width
Value  name ,=> 22.0
Key => Actual Rows
Value  name ,=> 5.0
Key => Actual Loops
Value  name ,=> 1.0
Key => Group Key
Value  name ,=> 1.0
Key => Plans
Value  name ,=> -1.0
Key => Node Type
Value  name ,=> -1.0
Key => Parent Relationship
Value  name ,=> -1.0
Key => Join Type
Value  name ,=> -1.0
Key => Plan Width
Value  name ,=> 22.0
Key => Actual Rows
Value  name ,=> 4593.0
Key => Actual Loops
Value  name ,=> 1.0
Key => Plans
Value  name ,=> -1.0
Key => Node Type
Value  name ,=> -1.0
Key => Parent Relationship
Value  name ,=> -1.0
Key => Relation Name
Value  name ,=> -1.0
Key => Alias
Value  name ,=> -1.0
Key => Plan Width
Value  name ,=> 26.0
Key => Actual Rows
Value  name ,=> 13595.0
Key => Actual Loops
Value  name ,=> 1.0
Key => Filter
Value  name ,=> -1.0
Data SeqScan , 1.0 13595.0 26.0 136405.0 912.066
Added training data to files
Key => Node Type
Value  name ,=> -1.0
Key => Parent Relationship
Value  name ,=> -1.0
Key => Scan Direction
Value  name ,=> -1.0
Key => Index Name
Value  name ,=> -1.0
Key => Relation Name
Value  name ,=> -1.0
Key => Alias
Value  name ,=> -1.0
Key => Plan Width
Value  name ,=> 8.0
Key => Actual Rows
Value  name ,=> 1.0
Key => Actual Loops
Value  name ,=> 13595.0
Key => Index Cond
Value  name ,=> -1.0
Key => Rows Removed by Index Recheck
Value  name ,=> 0.0
Key => Heap Fetches
Value  name ,=> 9002.0
Data IndexOnlyScan , 13595.0 1.0 9002.0 8.0 0.0 0.0 0.026
Added training data to files
Data NestedLoopIndexOnlyScan , 1.0 4593.0 22.0 0.0 13595.0 26.0 1.0 8.0 1303.937
Added training data to files
Data Aggregate-Hashed , 1.0 5.0 1.0 22.0 0.0 4593.0 22.0 1319.983
Added training data to files
Data Sort-top-Nheapsort , 1.0 1.0 22.0 1.0 25.0 0.0 5.0 22.0 1320.035
Added training data to files
Data Limit , 1.0 1.0 22.0 0.0 1.0 6.0 1.0 22.0 1320.038
Added training data to files
Training query 200 executed successfully
Executed command ,script returned :  Exit value of child process : 1
Query : 
select
	cntrycode,
	count(*) as numcust,
	sum(c_acctbal) as totacctbal
from
	(
		select
			substring(c_phone from 1 for 2) as cntrycode,
			c_acctbal
		from
			customer
		where
			substring(c_phone from 1 for 2) in
				('22', '31', '33', '21', '41', '44', '25')
			and c_acctbal > (
				select
					avg(c_acctbal)
				from
					customer
				where
					c_acctbal > 0.00
					and substring(c_phone from 1 for 2) in
						('22', '31', '33', '21', '41', '44', '25')
			)
			and not exists (
				select
					*
				from
					orders
				where
					o_custkey = c_custkey
			)
	) as custsale
group by
	cntrycode
order by
	cntrycode
LIMIT 1;

Node output - Plan: 
    Node Type: "Limit"
    Startup Cost: 23474.46
    Total Cost: 23474.46
    Plan Rows: 1
    Plan Width: 22
    Actual Startup Time: 1019.898
    Actual Total Time: 1019.898
    Actual Rows: 1
    Actual Loops: 1
    Plans: 
      - Node Type: "Aggregate"
        Strategy: "Plain"
        Parent Relationship: "InitPlan"
        Subplan Name: "InitPlan 1 (returns $0)"
        Startup Cost: 7657.44
        Total Cost: 7657.45
        Plan Rows: 1
        Plan Width: 6
        Actual Startup Time: 476.158
        Actual Total Time: 476.158
        Actual Rows: 1
        Actual Loops: 1
        Plans: 
          - Node Type: "Seq Scan"
            Parent Relationship: "Outer"
            Relation Name: "customer"
            Alias: "customer_1"
            Startup Cost: 0.00
            Total Cost: 7645.50
            Plan Rows: 4777
            Plan Width: 6
            Actual Startup Time: 0.019
            Actual Total Time: 451.362
            Actual Rows: 27220
            Actual Loops: 1
            Filter: "((c_acctbal > 0.00) AND (\"substring\"((c_phone)::text, 1, 2) = ANY ('{22,31,33,21,41,44,25}'::text[])))"
            Rows Removed by Filter: 122780
      - Node Type: "Sort"
        Parent Relationship: "Outer"
        Startup Cost: 15817.00
        Total Cost: 15818.84
        Plan Rows: 736
        Plan Width: 22
        Actual Startup Time: 1019.897
        Actual Total Time: 1019.897
        Actual Rows: 1
        Actual Loops: 1
        Sort Key: 
          - "(\"substring\"((customer.c_phone)::text, 1, 2))"
        Sort Method: "top-N heapsort"
        Sort Space Used: 25
        Sort Space Type: "Memory"
        Plans: 
          - Node Type: "Aggregate"
            Strategy: "Hashed"
            Parent Relationship: "Outer"
            Startup Cost: 15800.44
            Total Cost: 15813.32
            Plan Rows: 736
            Plan Width: 22
            Actual Startup Time: 1019.860
            Actual Total Time: 1019.870
            Actual Rows: 5
            Actual Loops: 1
            Group Key: 
              - "\"substring\"((customer.c_phone)::text, 1, 2)"
            Plans: 
              - Node Type: "Nested Loop"
                Parent Relationship: "Outer"
                Join Type: "Anti"
                Startup Cost: 0.43
                Total Cost: 15794.92
                Plan Rows: 736
                Plan Width: 22
                Actual Startup Time: 476.425
                Actual Total Time: 1008.310
                Actual Rows: 4593
                Actual Loops: 1
                Plans: 
                  - Node Type: "Seq Scan"
                    Parent Relationship: "Outer"
                    Relation Name: "customer"
                    Alias: "customer"
                    Startup Cost: 0.00
                    Total Cost: 7645.50
                    Plan Rows: 1750
                    Plan Width: 26
                    Actual Startup Time: 476.238
                    Actual Total Time: 827.199
                    Actual Rows: 13595
                    Actual Loops: 1
                    Filter: "((c_acctbal > $0) AND (\"substring\"((c_phone)::text, 1, 2) = ANY ('{22,31,33,21,41,44,25}'::text[])))"
                    Rows Removed by Filter: 136405
                  - Node Type: "Index Only Scan"
                    Parent Relationship: "Inner"
                    Scan Direction: "Forward"
                    Index Name: "idx_orders_custkey"
                    Relation Name: "orders"
                    Alias: "orders"
                    Startup Cost: 0.43
                    Total Cost: 48.23
                    Plan Rows: 17
                    Plan Width: 8
                    Actual Startup Time: 0.011
                    Actual Total Time: 0.011
                    Actual Rows: 1
                    Actual Loops: 13595
                    Index Cond: "(o_custkey = customer.c_custkey)"
                    Rows Removed by Index Recheck: 0
                    Heap Fetches: 9002
  Planning Time: 1.228
  Triggers: 
  Execution Time: 1020.110
Key => Node Type
Value  name ,=> -1.0
Key => Plan Width
Value  name ,=> 22.0
Key => Actual Rows
Value  name ,=> 1.0
Key => Actual Loops
Value  name ,=> 1.0
Key => Plans
Value  name ,=> -1.0
Key => Node Type
Value  name ,=> -1.0
Key => Strategy
Value  name ,=> -1.0
Key => Parent Relationship
Value  name ,=> -1.0
Key => Subplan Name
Value  name ,=> -1.0
Key => Plan Width
Value  name ,=> 6.0
Key => Actual Rows
Value  name ,=> 1.0
Key => Actual Loops
Value  name ,=> 1.0
Key => Plans
Value  name ,=> -1.0
Key => Node Type
Value  name ,=> -1.0
Key => Parent Relationship
Value  name ,=> -1.0
Key => Relation Name
Value  name ,=> -1.0
Key => Alias
Value  name ,=> -1.0
Key => Plan Width
Value  name ,=> 6.0
Key => Actual Rows
Value  name ,=> 27220.0
Key => Actual Loops
Value  name ,=> 1.0
Key => Filter
Value  name ,=> -1.0
Data SeqScan , 1.0 27220.0 6.0 122780.0 451.362
Added training data to files
Data Aggregate-Plain , 1.0 1.0 6.0 0.0 27220.0 6.0 476.158
Added training data to files
Key => Node Type
Value  name ,=> -1.0
Key => Parent Relationship
Value  name ,=> -1.0
Key => Plan Width
Value  name ,=> 22.0
Key => Actual Rows
Value  name ,=> 1.0
Key => Actual Loops
Value  name ,=> 1.0
Key => Sort Key
Value  name ,=> 1.0
Key => Sort Method
Value  name ,=> -1.0
Key => Sort Space Used
Value  name ,=> 25.0
Key => Sort Space Type
Value  name ,=> -1.0
Key => Plans
Value  name ,=> -1.0
Key => Node Type
Value  name ,=> -1.0
Key => Strategy
Value  name ,=> -1.0
Key => Parent Relationship
Value  name ,=> -1.0
Key => Plan Width
Value  name ,=> 22.0
Key => Actual Rows
Value  name ,=> 5.0
Key => Actual Loops
Value  name ,=> 1.0
Key => Group Key
Value  name ,=> 1.0
Key => Plans
Value  name ,=> -1.0
Key => Node Type
Value  name ,=> -1.0
Key => Parent Relationship
Value  name ,=> -1.0
Key => Join Type
Value  name ,=> -1.0
Key => Plan Width
Value  name ,=> 22.0
Key => Actual Rows
Value  name ,=> 4593.0
Key => Actual Loops
Value  name ,=> 1.0
Key => Plans
Value  name ,=> -1.0
Key => Node Type
Value  name ,=> -1.0
Key => Parent Relationship
Value  name ,=> -1.0
Key => Relation Name
Value  name ,=> -1.0
Key => Alias
Value  name ,=> -1.0
Key => Plan Width
Value  name ,=> 26.0
Key => Actual Rows
Value  name ,=> 13595.0
Key => Actual Loops
Value  name ,=> 1.0
Key => Filter
Value  name ,=> -1.0
Data SeqScan , 1.0 13595.0 26.0 136405.0 827.199
Added training data to files
Key => Node Type
Value  name ,=> -1.0
Key => Parent Relationship
Value  name ,=> -1.0
Key => Scan Direction
Value  name ,=> -1.0
Key => Index Name
Value  name ,=> -1.0
Key => Relation Name
Value  name ,=> -1.0
Key => Alias
Value  name ,=> -1.0
Key => Plan Width
Value  name ,=> 8.0
Key => Actual Rows
Value  name ,=> 1.0
Key => Actual Loops
Value  name ,=> 13595.0
Key => Index Cond
Value  name ,=> -1.0
Key => Rows Removed by Index Recheck
Value  name ,=> 0.0
Key => Heap Fetches
Value  name ,=> 9002.0
Data IndexOnlyScan , 13595.0 1.0 9002.0 8.0 0.0 0.0 0.011
Added training data to files
Data NestedLoopIndexOnlyScan , 1.0 4593.0 22.0 0.0 13595.0 26.0 1.0 8.0 1008.31
Added training data to files
Data Aggregate-Hashed , 1.0 5.0 1.0 22.0 0.0 4593.0 22.0 1019.87
Added training data to files
Data Sort-top-Nheapsort , 1.0 1.0 22.0 1.0 25.0 0.0 5.0 22.0 1019.897
Added training data to files
Data Limit , 1.0 1.0 22.0 0.0 1.0 6.0 1.0 22.0 1019.898
Added training data to files
Training query 201 executed successfully
Executed command ,script returned :  Exit value of child process : 1
Query : 
select
	cntrycode,
	count(*) as numcust,
	sum(c_acctbal) as totacctbal
from
	(
		select
			substring(c_phone from 1 for 2) as cntrycode,
			c_acctbal
		from
			customer
		where
			substring(c_phone from 1 for 2) in
				('22', '31', '33', '21', '41', '44', '25')
			and c_acctbal > (
				select
					avg(c_acctbal)
				from
					customer
				where
					c_acctbal > 0.00
					and substring(c_phone from 1 for 2) in
						('22', '31', '33', '21', '41', '44', '25')
			)
			and not exists (
				select
					*
				from
					orders
				where
					o_custkey = c_custkey
			)
	) as custsale
group by
	cntrycode
order by
	cntrycode
LIMIT 1;

Node output - Plan: 
    Node Type: "Limit"
    Startup Cost: 23474.46
    Total Cost: 23474.46
    Plan Rows: 1
    Plan Width: 22
    Actual Startup Time: 1077.380
    Actual Total Time: 1077.380
    Actual Rows: 1
    Actual Loops: 1
    Plans: 
      - Node Type: "Aggregate"
        Strategy: "Plain"
        Parent Relationship: "InitPlan"
        Subplan Name: "InitPlan 1 (returns $0)"
        Startup Cost: 7657.44
        Total Cost: 7657.45
        Plan Rows: 1
        Plan Width: 6
        Actual Startup Time: 527.481
        Actual Total Time: 527.482
        Actual Rows: 1
        Actual Loops: 1
        Plans: 
          - Node Type: "Seq Scan"
            Parent Relationship: "Outer"
            Relation Name: "customer"
            Alias: "customer_1"
            Startup Cost: 0.00
            Total Cost: 7645.50
            Plan Rows: 4777
            Plan Width: 6
            Actual Startup Time: 0.016
            Actual Total Time: 500.066
            Actual Rows: 27220
            Actual Loops: 1
            Filter: "((c_acctbal > 0.00) AND (\"substring\"((c_phone)::text, 1, 2) = ANY ('{22,31,33,21,41,44,25}'::text[])))"
            Rows Removed by Filter: 122780
      - Node Type: "Sort"
        Parent Relationship: "Outer"
        Startup Cost: 15817.00
        Total Cost: 15818.84
        Plan Rows: 736
        Plan Width: 22
        Actual Startup Time: 1077.378
        Actual Total Time: 1077.378
        Actual Rows: 1
        Actual Loops: 1
        Sort Key: 
          - "(\"substring\"((customer.c_phone)::text, 1, 2))"
        Sort Method: "top-N heapsort"
        Sort Space Used: 25
        Sort Space Type: "Memory"
        Plans: 
          - Node Type: "Aggregate"
            Strategy: "Hashed"
            Parent Relationship: "Outer"
            Startup Cost: 15800.44
            Total Cost: 15813.32
            Plan Rows: 736
            Plan Width: 22
            Actual Startup Time: 1077.344
            Actual Total Time: 1077.355
            Actual Rows: 5
            Actual Loops: 1
            Group Key: 
              - "\"substring\"((customer.c_phone)::text, 1, 2)"
            Plans: 
              - Node Type: "Nested Loop"
                Parent Relationship: "Outer"
                Join Type: "Anti"
                Startup Cost: 0.43
                Total Cost: 15794.92
                Plan Rows: 736
                Plan Width: 22
                Actual Startup Time: 527.772
                Actual Total Time: 1065.612
                Actual Rows: 4593
                Actual Loops: 1
                Plans: 
                  - Node Type: "Seq Scan"
                    Parent Relationship: "Outer"
                    Relation Name: "customer"
                    Alias: "customer"
                    Startup Cost: 0.00
                    Total Cost: 7645.50
                    Plan Rows: 1750
                    Plan Width: 26
                    Actual Startup Time: 527.568
                    Actual Total Time: 886.293
                    Actual Rows: 13595
                    Actual Loops: 1
                    Filter: "((c_acctbal > $0) AND (\"substring\"((c_phone)::text, 1, 2) = ANY ('{22,31,33,21,41,44,25}'::text[])))"
                    Rows Removed by Filter: 136405
                  - Node Type: "Index Only Scan"
                    Parent Relationship: "Inner"
                    Scan Direction: "Forward"
                    Index Name: "idx_orders_custkey"
                    Relation Name: "orders"
                    Alias: "orders"
                    Startup Cost: 0.43
                    Total Cost: 48.23
                    Plan Rows: 17
                    Plan Width: 8
                    Actual Startup Time: 0.011
                    Actual Total Time: 0.011
                    Actual Rows: 1
                    Actual Loops: 13595
                    Index Cond: "(o_custkey = customer.c_custkey)"
                    Rows Removed by Index Recheck: 0
                    Heap Fetches: 9002
  Planning Time: 1.041
  Triggers: 
  Execution Time: 1077.567
Key => Node Type
Value  name ,=> -1.0
Key => Plan Width
Value  name ,=> 22.0
Key => Actual Rows
Value  name ,=> 1.0
Key => Actual Loops
Value  name ,=> 1.0
Key => Plans
Value  name ,=> -1.0
Key => Node Type
Value  name ,=> -1.0
Key => Strategy
Value  name ,=> -1.0
Key => Parent Relationship
Value  name ,=> -1.0
Key => Subplan Name
Value  name ,=> -1.0
Key => Plan Width
Value  name ,=> 6.0
Key => Actual Rows
Value  name ,=> 1.0
Key => Actual Loops
Value  name ,=> 1.0
Key => Plans
Value  name ,=> -1.0
Key => Node Type
Value  name ,=> -1.0
Key => Parent Relationship
Value  name ,=> -1.0
Key => Relation Name
Value  name ,=> -1.0
Key => Alias
Value  name ,=> -1.0
Key => Plan Width
Value  name ,=> 6.0
Key => Actual Rows
Value  name ,=> 27220.0
Key => Actual Loops
Value  name ,=> 1.0
Key => Filter
Value  name ,=> -1.0
Data SeqScan , 1.0 27220.0 6.0 122780.0 500.066
Added training data to files
Data Aggregate-Plain , 1.0 1.0 6.0 0.0 27220.0 6.0 527.482
Added training data to files
Key => Node Type
Value  name ,=> -1.0
Key => Parent Relationship
Value  name ,=> -1.0
Key => Plan Width
Value  name ,=> 22.0
Key => Actual Rows
Value  name ,=> 1.0
Key => Actual Loops
Value  name ,=> 1.0
Key => Sort Key
Value  name ,=> 1.0
Key => Sort Method
Value  name ,=> -1.0
Key => Sort Space Used
Value  name ,=> 25.0
Key => Sort Space Type
Value  name ,=> -1.0
Key => Plans
Value  name ,=> -1.0
Key => Node Type
Value  name ,=> -1.0
Key => Strategy
Value  name ,=> -1.0
Key => Parent Relationship
Value  name ,=> -1.0
Key => Plan Width
Value  name ,=> 22.0
Key => Actual Rows
Value  name ,=> 5.0
Key => Actual Loops
Value  name ,=> 1.0
Key => Group Key
Value  name ,=> 1.0
Key => Plans
Value  name ,=> -1.0
Key => Node Type
Value  name ,=> -1.0
Key => Parent Relationship
Value  name ,=> -1.0
Key => Join Type
Value  name ,=> -1.0
Key => Plan Width
Value  name ,=> 22.0
Key => Actual Rows
Value  name ,=> 4593.0
Key => Actual Loops
Value  name ,=> 1.0
Key => Plans
Value  name ,=> -1.0
Key => Node Type
Value  name ,=> -1.0
Key => Parent Relationship
Value  name ,=> -1.0
Key => Relation Name
Value  name ,=> -1.0
Key => Alias
Value  name ,=> -1.0
Key => Plan Width
Value  name ,=> 26.0
Key => Actual Rows
Value  name ,=> 13595.0
Key => Actual Loops
Value  name ,=> 1.0
Key => Filter
Value  name ,=> -1.0
Data SeqScan , 1.0 13595.0 26.0 136405.0 886.293
Added training data to files
Key => Node Type
Value  name ,=> -1.0
Key => Parent Relationship
Value  name ,=> -1.0
Key => Scan Direction
Value  name ,=> -1.0
Key => Index Name
Value  name ,=> -1.0
Key => Relation Name
Value  name ,=> -1.0
Key => Alias
Value  name ,=> -1.0
Key => Plan Width
Value  name ,=> 8.0
Key => Actual Rows
Value  name ,=> 1.0
Key => Actual Loops
Value  name ,=> 13595.0
Key => Index Cond
Value  name ,=> -1.0
Key => Rows Removed by Index Recheck
Value  name ,=> 0.0
Key => Heap Fetches
Value  name ,=> 9002.0
Data IndexOnlyScan , 13595.0 1.0 9002.0 8.0 0.0 0.0 0.011
Added training data to files
Data NestedLoopIndexOnlyScan , 1.0 4593.0 22.0 0.0 13595.0 26.0 1.0 8.0 1065.612
Added training data to files
Data Aggregate-Hashed , 1.0 5.0 1.0 22.0 0.0 4593.0 22.0 1077.355
Added training data to files
Data Sort-top-Nheapsort , 1.0 1.0 22.0 1.0 25.0 0.0 5.0 22.0 1077.378
Added training data to files
Data Limit , 1.0 1.0 22.0 0.0 1.0 6.0 1.0 22.0 1077.38
Added training data to files
Training query 202 executed successfully
Executed command ,script returned :  Exit value of child process : 1
Query : 
select
	cntrycode,
	count(*) as numcust,
	sum(c_acctbal) as totacctbal
from
	(
		select
			substring(c_phone from 1 for 2) as cntrycode,
			c_acctbal
		from
			customer
		where
			substring(c_phone from 1 for 2) in
				('22', '31', '33', '21', '41', '44', '25')
			and c_acctbal > (
				select
					avg(c_acctbal)
				from
					customer
				where
					c_acctbal > 0.00
					and substring(c_phone from 1 for 2) in
						('22', '31', '33', '21', '41', '44', '25')
			)
			and not exists (
				select
					*
				from
					orders
				where
					o_custkey = c_custkey
			)
	) as custsale
group by
	cntrycode
order by
	cntrycode
LIMIT 1;

Node output - Plan: 
    Node Type: "Limit"
    Startup Cost: 23474.46
    Total Cost: 23474.46
    Plan Rows: 1
    Plan Width: 22
    Actual Startup Time: 1115.691
    Actual Total Time: 1115.691
    Actual Rows: 1
    Actual Loops: 1
    Plans: 
      - Node Type: "Aggregate"
        Strategy: "Plain"
        Parent Relationship: "InitPlan"
        Subplan Name: "InitPlan 1 (returns $0)"
        Startup Cost: 7657.44
        Total Cost: 7657.45
        Plan Rows: 1
        Plan Width: 6
        Actual Startup Time: 545.711
        Actual Total Time: 545.711
        Actual Rows: 1
        Actual Loops: 1
        Plans: 
          - Node Type: "Seq Scan"
            Parent Relationship: "Outer"
            Relation Name: "customer"
            Alias: "customer_1"
            Startup Cost: 0.00
            Total Cost: 7645.50
            Plan Rows: 4777
            Plan Width: 6
            Actual Startup Time: 0.016
            Actual Total Time: 517.385
            Actual Rows: 27220
            Actual Loops: 1
            Filter: "((c_acctbal > 0.00) AND (\"substring\"((c_phone)::text, 1, 2) = ANY ('{22,31,33,21,41,44,25}'::text[])))"
            Rows Removed by Filter: 122780
      - Node Type: "Sort"
        Parent Relationship: "Outer"
        Startup Cost: 15817.00
        Total Cost: 15818.84
        Plan Rows: 736
        Plan Width: 22
        Actual Startup Time: 1115.689
        Actual Total Time: 1115.689
        Actual Rows: 1
        Actual Loops: 1
        Sort Key: 
          - "(\"substring\"((customer.c_phone)::text, 1, 2))"
        Sort Method: "top-N heapsort"
        Sort Space Used: 25
        Sort Space Type: "Memory"
        Plans: 
          - Node Type: "Aggregate"
            Strategy: "Hashed"
            Parent Relationship: "Outer"
            Startup Cost: 15800.44
            Total Cost: 15813.32
            Plan Rows: 736
            Plan Width: 22
            Actual Startup Time: 1115.655
            Actual Total Time: 1115.666
            Actual Rows: 5
            Actual Loops: 1
            Group Key: 
              - "\"substring\"((customer.c_phone)::text, 1, 2)"
            Plans: 
              - Node Type: "Nested Loop"
                Parent Relationship: "Outer"
                Join Type: "Anti"
                Startup Cost: 0.43
                Total Cost: 15794.92
                Plan Rows: 736
                Plan Width: 22
                Actual Startup Time: 546.021
                Actual Total Time: 1103.256
                Actual Rows: 4593
                Actual Loops: 1
                Plans: 
                  - Node Type: "Seq Scan"
                    Parent Relationship: "Outer"
                    Relation Name: "customer"
                    Alias: "customer"
                    Startup Cost: 0.00
                    Total Cost: 7645.50
                    Plan Rows: 1750
                    Plan Width: 26
                    Actual Startup Time: 545.801
                    Actual Total Time: 916.859
                    Actual Rows: 13595
                    Actual Loops: 1
                    Filter: "((c_acctbal > $0) AND (\"substring\"((c_phone)::text, 1, 2) = ANY ('{22,31,33,21,41,44,25}'::text[])))"
                    Rows Removed by Filter: 136405
                  - Node Type: "Index Only Scan"
                    Parent Relationship: "Inner"
                    Scan Direction: "Forward"
                    Index Name: "idx_orders_custkey"
                    Relation Name: "orders"
                    Alias: "orders"
                    Startup Cost: 0.43
                    Total Cost: 48.23
                    Plan Rows: 17
                    Plan Width: 8
                    Actual Startup Time: 0.011
                    Actual Total Time: 0.011
                    Actual Rows: 1
                    Actual Loops: 13595
                    Index Cond: "(o_custkey = customer.c_custkey)"
                    Rows Removed by Index Recheck: 0
                    Heap Fetches: 9002
  Planning Time: 1.033
  Triggers: 
  Execution Time: 1115.882
Key => Node Type
Value  name ,=> -1.0
Key => Plan Width
Value  name ,=> 22.0
Key => Actual Rows
Value  name ,=> 1.0
Key => Actual Loops
Value  name ,=> 1.0
Key => Plans
Value  name ,=> -1.0
Key => Node Type
Value  name ,=> -1.0
Key => Strategy
Value  name ,=> -1.0
Key => Parent Relationship
Value  name ,=> -1.0
Key => Subplan Name
Value  name ,=> -1.0
Key => Plan Width
Value  name ,=> 6.0
Key => Actual Rows
Value  name ,=> 1.0
Key => Actual Loops
Value  name ,=> 1.0
Key => Plans
Value  name ,=> -1.0
Key => Node Type
Value  name ,=> -1.0
Key => Parent Relationship
Value  name ,=> -1.0
Key => Relation Name
Value  name ,=> -1.0
Key => Alias
Value  name ,=> -1.0
Key => Plan Width
Value  name ,=> 6.0
Key => Actual Rows
Value  name ,=> 27220.0
Key => Actual Loops
Value  name ,=> 1.0
Key => Filter
Value  name ,=> -1.0
Data SeqScan , 1.0 27220.0 6.0 122780.0 517.385
Added training data to files
Data Aggregate-Plain , 1.0 1.0 6.0 0.0 27220.0 6.0 545.711
Added training data to files
Key => Node Type
Value  name ,=> -1.0
Key => Parent Relationship
Value  name ,=> -1.0
Key => Plan Width
Value  name ,=> 22.0
Key => Actual Rows
Value  name ,=> 1.0
Key => Actual Loops
Value  name ,=> 1.0
Key => Sort Key
Value  name ,=> 1.0
Key => Sort Method
Value  name ,=> -1.0
Key => Sort Space Used
Value  name ,=> 25.0
Key => Sort Space Type
Value  name ,=> -1.0
Key => Plans
Value  name ,=> -1.0
Key => Node Type
Value  name ,=> -1.0
Key => Strategy
Value  name ,=> -1.0
Key => Parent Relationship
Value  name ,=> -1.0
Key => Plan Width
Value  name ,=> 22.0
Key => Actual Rows
Value  name ,=> 5.0
Key => Actual Loops
Value  name ,=> 1.0
Key => Group Key
Value  name ,=> 1.0
Key => Plans
Value  name ,=> -1.0
Key => Node Type
Value  name ,=> -1.0
Key => Parent Relationship
Value  name ,=> -1.0
Key => Join Type
Value  name ,=> -1.0
Key => Plan Width
Value  name ,=> 22.0
Key => Actual Rows
Value  name ,=> 4593.0
Key => Actual Loops
Value  name ,=> 1.0
Key => Plans
Value  name ,=> -1.0
Key => Node Type
Value  name ,=> -1.0
Key => Parent Relationship
Value  name ,=> -1.0
Key => Relation Name
Value  name ,=> -1.0
Key => Alias
Value  name ,=> -1.0
Key => Plan Width
Value  name ,=> 26.0
Key => Actual Rows
Value  name ,=> 13595.0
Key => Actual Loops
Value  name ,=> 1.0
Key => Filter
Value  name ,=> -1.0
Data SeqScan , 1.0 13595.0 26.0 136405.0 916.859
Added training data to files
Key => Node Type
Value  name ,=> -1.0
Key => Parent Relationship
Value  name ,=> -1.0
Key => Scan Direction
Value  name ,=> -1.0
Key => Index Name
Value  name ,=> -1.0
Key => Relation Name
Value  name ,=> -1.0
Key => Alias
Value  name ,=> -1.0
Key => Plan Width
Value  name ,=> 8.0
Key => Actual Rows
Value  name ,=> 1.0
Key => Actual Loops
Value  name ,=> 13595.0
Key => Index Cond
Value  name ,=> -1.0
Key => Rows Removed by Index Recheck
Value  name ,=> 0.0
Key => Heap Fetches
Value  name ,=> 9002.0
Data IndexOnlyScan , 13595.0 1.0 9002.0 8.0 0.0 0.0 0.011
Added training data to files
Data NestedLoopIndexOnlyScan , 1.0 4593.0 22.0 0.0 13595.0 26.0 1.0 8.0 1103.256
Added training data to files
Data Aggregate-Hashed , 1.0 5.0 1.0 22.0 0.0 4593.0 22.0 1115.666
Added training data to files
Data Sort-top-Nheapsort , 1.0 1.0 22.0 1.0 25.0 0.0 5.0 22.0 1115.689
Added training data to files
Data Limit , 1.0 1.0 22.0 0.0 1.0 6.0 1.0 22.0 1115.691
Added training data to files
Training query 203 executed successfully
Executed command ,script returned :  Exit value of child process : 1
Query : 
select
	cntrycode,
	count(*) as numcust,
	sum(c_acctbal) as totacctbal
from
	(
		select
			substring(c_phone from 1 for 2) as cntrycode,
			c_acctbal
		from
			customer
		where
			substring(c_phone from 1 for 2) in
				('22', '31', '33', '21', '41', '44', '25')
			and c_acctbal > (
				select
					avg(c_acctbal)
				from
					customer
				where
					c_acctbal > 0.00
					and substring(c_phone from 1 for 2) in
						('22', '31', '33', '21', '41', '44', '25')
			)
			and not exists (
				select
					*
				from
					orders
				where
					o_custkey = c_custkey
			)
	) as custsale
group by
	cntrycode
order by
	cntrycode
LIMIT 1;

Node output - Plan: 
    Node Type: "Limit"
    Startup Cost: 23474.46
    Total Cost: 23474.46
    Plan Rows: 1
    Plan Width: 22
    Actual Startup Time: 1100.443
    Actual Total Time: 1100.443
    Actual Rows: 1
    Actual Loops: 1
    Plans: 
      - Node Type: "Aggregate"
        Strategy: "Plain"
        Parent Relationship: "InitPlan"
        Subplan Name: "InitPlan 1 (returns $0)"
        Startup Cost: 7657.44
        Total Cost: 7657.45
        Plan Rows: 1
        Plan Width: 6
        Actual Startup Time: 543.568
        Actual Total Time: 543.568
        Actual Rows: 1
        Actual Loops: 1
        Plans: 
          - Node Type: "Seq Scan"
            Parent Relationship: "Outer"
            Relation Name: "customer"
            Alias: "customer_1"
            Startup Cost: 0.00
            Total Cost: 7645.50
            Plan Rows: 4777
            Plan Width: 6
            Actual Startup Time: 0.017
            Actual Total Time: 515.279
            Actual Rows: 27220
            Actual Loops: 1
            Filter: "((c_acctbal > 0.00) AND (\"substring\"((c_phone)::text, 1, 2) = ANY ('{22,31,33,21,41,44,25}'::text[])))"
            Rows Removed by Filter: 122780
      - Node Type: "Sort"
        Parent Relationship: "Outer"
        Startup Cost: 15817.00
        Total Cost: 15818.84
        Plan Rows: 736
        Plan Width: 22
        Actual Startup Time: 1100.441
        Actual Total Time: 1100.441
        Actual Rows: 1
        Actual Loops: 1
        Sort Key: 
          - "(\"substring\"((customer.c_phone)::text, 1, 2))"
        Sort Method: "top-N heapsort"
        Sort Space Used: 25
        Sort Space Type: "Memory"
        Plans: 
          - Node Type: "Aggregate"
            Strategy: "Hashed"
            Parent Relationship: "Outer"
            Startup Cost: 15800.44
            Total Cost: 15813.32
            Plan Rows: 736
            Plan Width: 22
            Actual Startup Time: 1100.403
            Actual Total Time: 1100.414
            Actual Rows: 5
            Actual Loops: 1
            Group Key: 
              - "\"substring\"((customer.c_phone)::text, 1, 2)"
            Plans: 
              - Node Type: "Nested Loop"
                Parent Relationship: "Outer"
                Join Type: "Anti"
                Startup Cost: 0.43
                Total Cost: 15794.92
                Plan Rows: 736
                Plan Width: 22
                Actual Startup Time: 543.882
                Actual Total Time: 1088.420
                Actual Rows: 4593
                Actual Loops: 1
                Plans: 
                  - Node Type: "Seq Scan"
                    Parent Relationship: "Outer"
                    Relation Name: "customer"
                    Alias: "customer"
                    Startup Cost: 0.00
                    Total Cost: 7645.50
                    Plan Rows: 1750
                    Plan Width: 26
                    Actual Startup Time: 543.661
                    Actual Total Time: 907.108
                    Actual Rows: 13595
                    Actual Loops: 1
                    Filter: "((c_acctbal > $0) AND (\"substring\"((c_phone)::text, 1, 2) = ANY ('{22,31,33,21,41,44,25}'::text[])))"
                    Rows Removed by Filter: 136405
                  - Node Type: "Index Only Scan"
                    Parent Relationship: "Inner"
                    Scan Direction: "Forward"
                    Index Name: "idx_orders_custkey"
                    Relation Name: "orders"
                    Alias: "orders"
                    Startup Cost: 0.43
                    Total Cost: 48.23
                    Plan Rows: 17
                    Plan Width: 8
                    Actual Startup Time: 0.011
                    Actual Total Time: 0.011
                    Actual Rows: 1
                    Actual Loops: 13595
                    Index Cond: "(o_custkey = customer.c_custkey)"
                    Rows Removed by Index Recheck: 0
                    Heap Fetches: 9002
  Planning Time: 1.009
  Triggers: 
  Execution Time: 1100.646
Key => Node Type
Value  name ,=> -1.0
Key => Plan Width
Value  name ,=> 22.0
Key => Actual Rows
Value  name ,=> 1.0
Key => Actual Loops
Value  name ,=> 1.0
Key => Plans
Value  name ,=> -1.0
Key => Node Type
Value  name ,=> -1.0
Key => Strategy
Value  name ,=> -1.0
Key => Parent Relationship
Value  name ,=> -1.0
Key => Subplan Name
Value  name ,=> -1.0
Key => Plan Width
Value  name ,=> 6.0
Key => Actual Rows
Value  name ,=> 1.0
Key => Actual Loops
Value  name ,=> 1.0
Key => Plans
Value  name ,=> -1.0
Key => Node Type
Value  name ,=> -1.0
Key => Parent Relationship
Value  name ,=> -1.0
Key => Relation Name
Value  name ,=> -1.0
Key => Alias
Value  name ,=> -1.0
Key => Plan Width
Value  name ,=> 6.0
Key => Actual Rows
Value  name ,=> 27220.0
Key => Actual Loops
Value  name ,=> 1.0
Key => Filter
Value  name ,=> -1.0
Data SeqScan , 1.0 27220.0 6.0 122780.0 515.279
Added training data to files
Data Aggregate-Plain , 1.0 1.0 6.0 0.0 27220.0 6.0 543.568
Added training data to files
Key => Node Type
Value  name ,=> -1.0
Key => Parent Relationship
Value  name ,=> -1.0
Key => Plan Width
Value  name ,=> 22.0
Key => Actual Rows
Value  name ,=> 1.0
Key => Actual Loops
Value  name ,=> 1.0
Key => Sort Key
Value  name ,=> 1.0
Key => Sort Method
Value  name ,=> -1.0
Key => Sort Space Used
Value  name ,=> 25.0
Key => Sort Space Type
Value  name ,=> -1.0
Key => Plans
Value  name ,=> -1.0
Key => Node Type
Value  name ,=> -1.0
Key => Strategy
Value  name ,=> -1.0
Key => Parent Relationship
Value  name ,=> -1.0
Key => Plan Width
Value  name ,=> 22.0
Key => Actual Rows
Value  name ,=> 5.0
Key => Actual Loops
Value  name ,=> 1.0
Key => Group Key
Value  name ,=> 1.0
Key => Plans
Value  name ,=> -1.0
Key => Node Type
Value  name ,=> -1.0
Key => Parent Relationship
Value  name ,=> -1.0
Key => Join Type
Value  name ,=> -1.0
Key => Plan Width
Value  name ,=> 22.0
Key => Actual Rows
Value  name ,=> 4593.0
Key => Actual Loops
Value  name ,=> 1.0
Key => Plans
Value  name ,=> -1.0
Key => Node Type
Value  name ,=> -1.0
Key => Parent Relationship
Value  name ,=> -1.0
Key => Relation Name
Value  name ,=> -1.0
Key => Alias
Value  name ,=> -1.0
Key => Plan Width
Value  name ,=> 26.0
Key => Actual Rows
Value  name ,=> 13595.0
Key => Actual Loops
Value  name ,=> 1.0
Key => Filter
Value  name ,=> -1.0
Data SeqScan , 1.0 13595.0 26.0 136405.0 907.108
Added training data to files
Key => Node Type
Value  name ,=> -1.0
Key => Parent Relationship
Value  name ,=> -1.0
Key => Scan Direction
Value  name ,=> -1.0
Key => Index Name
Value  name ,=> -1.0
Key => Relation Name
Value  name ,=> -1.0
Key => Alias
Value  name ,=> -1.0
Key => Plan Width
Value  name ,=> 8.0
Key => Actual Rows
Value  name ,=> 1.0
Key => Actual Loops
Value  name ,=> 13595.0
Key => Index Cond
Value  name ,=> -1.0
Key => Rows Removed by Index Recheck
Value  name ,=> 0.0
Key => Heap Fetches
Value  name ,=> 9002.0
Data IndexOnlyScan , 13595.0 1.0 9002.0 8.0 0.0 0.0 0.011
Added training data to files
Data NestedLoopIndexOnlyScan , 1.0 4593.0 22.0 0.0 13595.0 26.0 1.0 8.0 1088.42
Added training data to files
Data Aggregate-Hashed , 1.0 5.0 1.0 22.0 0.0 4593.0 22.0 1100.414
Added training data to files
Data Sort-top-Nheapsort , 1.0 1.0 22.0 1.0 25.0 0.0 5.0 22.0 1100.441
Added training data to files
Data Limit , 1.0 1.0 22.0 0.0 1.0 6.0 1.0 22.0 1100.443
Added training data to files
Training query 204 executed successfully
Executed command ,script returned :  Exit value of child process : 1
Query : 
select
	cntrycode,
	count(*) as numcust,
	sum(c_acctbal) as totacctbal
from
	(
		select
			substring(c_phone from 1 for 2) as cntrycode,
			c_acctbal
		from
			customer
		where
			substring(c_phone from 1 for 2) in
				('22', '31', '33', '21', '41', '44', '25')
			and c_acctbal > (
				select
					avg(c_acctbal)
				from
					customer
				where
					c_acctbal > 0.00
					and substring(c_phone from 1 for 2) in
						('22', '31', '33', '21', '41', '44', '25')
			)
			and not exists (
				select
					*
				from
					orders
				where
					o_custkey = c_custkey
			)
	) as custsale
group by
	cntrycode
order by
	cntrycode
LIMIT 1;

Node output - Plan: 
    Node Type: "Limit"
    Startup Cost: 23474.46
    Total Cost: 23474.46
    Plan Rows: 1
    Plan Width: 22
    Actual Startup Time: 1058.836
    Actual Total Time: 1058.837
    Actual Rows: 1
    Actual Loops: 1
    Plans: 
      - Node Type: "Aggregate"
        Strategy: "Plain"
        Parent Relationship: "InitPlan"
        Subplan Name: "InitPlan 1 (returns $0)"
        Startup Cost: 7657.44
        Total Cost: 7657.45
        Plan Rows: 1
        Plan Width: 6
        Actual Startup Time: 544.744
        Actual Total Time: 544.744
        Actual Rows: 1
        Actual Loops: 1
        Plans: 
          - Node Type: "Seq Scan"
            Parent Relationship: "Outer"
            Relation Name: "customer"
            Alias: "customer_1"
            Startup Cost: 0.00
            Total Cost: 7645.50
            Plan Rows: 4777
            Plan Width: 6
            Actual Startup Time: 0.020
            Actual Total Time: 516.360
            Actual Rows: 27220
            Actual Loops: 1
            Filter: "((c_acctbal > 0.00) AND (\"substring\"((c_phone)::text, 1, 2) = ANY ('{22,31,33,21,41,44,25}'::text[])))"
            Rows Removed by Filter: 122780
      - Node Type: "Sort"
        Parent Relationship: "Outer"
        Startup Cost: 15817.00
        Total Cost: 15818.84
        Plan Rows: 736
        Plan Width: 22
        Actual Startup Time: 1058.834
        Actual Total Time: 1058.834
        Actual Rows: 1
        Actual Loops: 1
        Sort Key: 
          - "(\"substring\"((customer.c_phone)::text, 1, 2))"
        Sort Method: "top-N heapsort"
        Sort Space Used: 25
        Sort Space Type: "Memory"
        Plans: 
          - Node Type: "Aggregate"
            Strategy: "Hashed"
            Parent Relationship: "Outer"
            Startup Cost: 15800.44
            Total Cost: 15813.32
            Plan Rows: 736
            Plan Width: 22
            Actual Startup Time: 1058.799
            Actual Total Time: 1058.810
            Actual Rows: 5
            Actual Loops: 1
            Group Key: 
              - "\"substring\"((customer.c_phone)::text, 1, 2)"
            Plans: 
              - Node Type: "Nested Loop"
                Parent Relationship: "Outer"
                Join Type: "Anti"
                Startup Cost: 0.43
                Total Cost: 15794.92
                Plan Rows: 736
                Plan Width: 22
                Actual Startup Time: 545.042
                Actual Total Time: 1047.829
                Actual Rows: 4593
                Actual Loops: 1
                Plans: 
                  - Node Type: "Seq Scan"
                    Parent Relationship: "Outer"
                    Relation Name: "customer"
                    Alias: "customer"
                    Startup Cost: 0.00
                    Total Cost: 7645.50
                    Plan Rows: 1750
                    Plan Width: 26
                    Actual Startup Time: 544.834
                    Actual Total Time: 880.156
                    Actual Rows: 13595
                    Actual Loops: 1
                    Filter: "((c_acctbal > $0) AND (\"substring\"((c_phone)::text, 1, 2) = ANY ('{22,31,33,21,41,44,25}'::text[])))"
                    Rows Removed by Filter: 136405
                  - Node Type: "Index Only Scan"
                    Parent Relationship: "Inner"
                    Scan Direction: "Forward"
                    Index Name: "idx_orders_custkey"
                    Relation Name: "orders"
                    Alias: "orders"
                    Startup Cost: 0.43
                    Total Cost: 48.23
                    Plan Rows: 17
                    Plan Width: 8
                    Actual Startup Time: 0.010
                    Actual Total Time: 0.010
                    Actual Rows: 1
                    Actual Loops: 13595
                    Index Cond: "(o_custkey = customer.c_custkey)"
                    Rows Removed by Index Recheck: 0
                    Heap Fetches: 9002
  Planning Time: 1.248
  Triggers: 
  Execution Time: 1059.043
Key => Node Type
Value  name ,=> -1.0
Key => Plan Width
Value  name ,=> 22.0
Key => Actual Rows
Value  name ,=> 1.0
Key => Actual Loops
Value  name ,=> 1.0
Key => Plans
Value  name ,=> -1.0
Key => Node Type
Value  name ,=> -1.0
Key => Strategy
Value  name ,=> -1.0
Key => Parent Relationship
Value  name ,=> -1.0
Key => Subplan Name
Value  name ,=> -1.0
Key => Plan Width
Value  name ,=> 6.0
Key => Actual Rows
Value  name ,=> 1.0
Key => Actual Loops
Value  name ,=> 1.0
Key => Plans
Value  name ,=> -1.0
Key => Node Type
Value  name ,=> -1.0
Key => Parent Relationship
Value  name ,=> -1.0
Key => Relation Name
Value  name ,=> -1.0
Key => Alias
Value  name ,=> -1.0
Key => Plan Width
Value  name ,=> 6.0
Key => Actual Rows
Value  name ,=> 27220.0
Key => Actual Loops
Value  name ,=> 1.0
Key => Filter
Value  name ,=> -1.0
Data SeqScan , 1.0 27220.0 6.0 122780.0 516.36
Added training data to files
Data Aggregate-Plain , 1.0 1.0 6.0 0.0 27220.0 6.0 544.744
Added training data to files
Key => Node Type
Value  name ,=> -1.0
Key => Parent Relationship
Value  name ,=> -1.0
Key => Plan Width
Value  name ,=> 22.0
Key => Actual Rows
Value  name ,=> 1.0
Key => Actual Loops
Value  name ,=> 1.0
Key => Sort Key
Value  name ,=> 1.0
Key => Sort Method
Value  name ,=> -1.0
Key => Sort Space Used
Value  name ,=> 25.0
Key => Sort Space Type
Value  name ,=> -1.0
Key => Plans
Value  name ,=> -1.0
Key => Node Type
Value  name ,=> -1.0
Key => Strategy
Value  name ,=> -1.0
Key => Parent Relationship
Value  name ,=> -1.0
Key => Plan Width
Value  name ,=> 22.0
Key => Actual Rows
Value  name ,=> 5.0
Key => Actual Loops
Value  name ,=> 1.0
Key => Group Key
Value  name ,=> 1.0
Key => Plans
Value  name ,=> -1.0
Key => Node Type
Value  name ,=> -1.0
Key => Parent Relationship
Value  name ,=> -1.0
Key => Join Type
Value  name ,=> -1.0
Key => Plan Width
Value  name ,=> 22.0
Key => Actual Rows
Value  name ,=> 4593.0
Key => Actual Loops
Value  name ,=> 1.0
Key => Plans
Value  name ,=> -1.0
Key => Node Type
Value  name ,=> -1.0
Key => Parent Relationship
Value  name ,=> -1.0
Key => Relation Name
Value  name ,=> -1.0
Key => Alias
Value  name ,=> -1.0
Key => Plan Width
Value  name ,=> 26.0
Key => Actual Rows
Value  name ,=> 13595.0
Key => Actual Loops
Value  name ,=> 1.0
Key => Filter
Value  name ,=> -1.0
Data SeqScan , 1.0 13595.0 26.0 136405.0 880.156
Added training data to files
Key => Node Type
Value  name ,=> -1.0
Key => Parent Relationship
Value  name ,=> -1.0
Key => Scan Direction
Value  name ,=> -1.0
Key => Index Name
Value  name ,=> -1.0
Key => Relation Name
Value  name ,=> -1.0
Key => Alias
Value  name ,=> -1.0
Key => Plan Width
Value  name ,=> 8.0
Key => Actual Rows
Value  name ,=> 1.0
Key => Actual Loops
Value  name ,=> 13595.0
Key => Index Cond
Value  name ,=> -1.0
Key => Rows Removed by Index Recheck
Value  name ,=> 0.0
Key => Heap Fetches
Value  name ,=> 9002.0
Data IndexOnlyScan , 13595.0 1.0 9002.0 8.0 0.0 0.0 0.01
Added training data to files
Data NestedLoopIndexOnlyScan , 1.0 4593.0 22.0 0.0 13595.0 26.0 1.0 8.0 1047.829
Added training data to files
Data Aggregate-Hashed , 1.0 5.0 1.0 22.0 0.0 4593.0 22.0 1058.81
Added training data to files
Data Sort-top-Nheapsort , 1.0 1.0 22.0 1.0 25.0 0.0 5.0 22.0 1058.834
Added training data to files
Data Limit , 1.0 1.0 22.0 0.0 1.0 6.0 1.0 22.0 1058.837
Added training data to files
Training query 205 executed successfully
Executed command ,script returned :  Exit value of child process : 1
Query : 
select
	cntrycode,
	count(*) as numcust,
	sum(c_acctbal) as totacctbal
from
	(
		select
			substring(c_phone from 1 for 2) as cntrycode,
			c_acctbal
		from
			customer
		where
			substring(c_phone from 1 for 2) in
				('22', '31', '33', '21', '41', '44', '25')
			and c_acctbal > (
				select
					avg(c_acctbal)
				from
					customer
				where
					c_acctbal > 0.00
					and substring(c_phone from 1 for 2) in
						('22', '31', '33', '21', '41', '44', '25')
			)
			and not exists (
				select
					*
				from
					orders
				where
					o_custkey = c_custkey
			)
	) as custsale
group by
	cntrycode
order by
	cntrycode
LIMIT 1;

Node output - Plan: 
    Node Type: "Limit"
    Startup Cost: 23474.46
    Total Cost: 23474.46
    Plan Rows: 1
    Plan Width: 22
    Actual Startup Time: 942.682
    Actual Total Time: 942.682
    Actual Rows: 1
    Actual Loops: 1
    Plans: 
      - Node Type: "Aggregate"
        Strategy: "Plain"
        Parent Relationship: "InitPlan"
        Subplan Name: "InitPlan 1 (returns $0)"
        Startup Cost: 7657.44
        Total Cost: 7657.45
        Plan Rows: 1
        Plan Width: 6
        Actual Startup Time: 460.274
        Actual Total Time: 460.274
        Actual Rows: 1
        Actual Loops: 1
        Plans: 
          - Node Type: "Seq Scan"
            Parent Relationship: "Outer"
            Relation Name: "customer"
            Alias: "customer_1"
            Startup Cost: 0.00
            Total Cost: 7645.50
            Plan Rows: 4777
            Plan Width: 6
            Actual Startup Time: 0.015
            Actual Total Time: 436.870
            Actual Rows: 27220
            Actual Loops: 1
            Filter: "((c_acctbal > 0.00) AND (\"substring\"((c_phone)::text, 1, 2) = ANY ('{22,31,33,21,41,44,25}'::text[])))"
            Rows Removed by Filter: 122780
      - Node Type: "Sort"
        Parent Relationship: "Outer"
        Startup Cost: 15817.00
        Total Cost: 15818.84
        Plan Rows: 736
        Plan Width: 22
        Actual Startup Time: 942.681
        Actual Total Time: 942.681
        Actual Rows: 1
        Actual Loops: 1
        Sort Key: 
          - "(\"substring\"((customer.c_phone)::text, 1, 2))"
        Sort Method: "top-N heapsort"
        Sort Space Used: 25
        Sort Space Type: "Memory"
        Plans: 
          - Node Type: "Aggregate"
            Strategy: "Hashed"
            Parent Relationship: "Outer"
            Startup Cost: 15800.44
            Total Cost: 15813.32
            Plan Rows: 736
            Plan Width: 22
            Actual Startup Time: 942.650
            Actual Total Time: 942.657
            Actual Rows: 5
            Actual Loops: 1
            Group Key: 
              - "\"substring\"((customer.c_phone)::text, 1, 2)"
            Plans: 
              - Node Type: "Nested Loop"
                Parent Relationship: "Outer"
                Join Type: "Anti"
                Startup Cost: 0.43
                Total Cost: 15794.92
                Plan Rows: 736
                Plan Width: 22
                Actual Startup Time: 460.538
                Actual Total Time: 932.475
                Actual Rows: 4593
                Actual Loops: 1
                Plans: 
                  - Node Type: "Seq Scan"
                    Parent Relationship: "Outer"
                    Relation Name: "customer"
                    Alias: "customer"
                    Startup Cost: 0.00
                    Total Cost: 7645.50
                    Plan Rows: 1750
                    Plan Width: 26
                    Actual Startup Time: 460.352
                    Actual Total Time: 774.997
                    Actual Rows: 13595
                    Actual Loops: 1
                    Filter: "((c_acctbal > $0) AND (\"substring\"((c_phone)::text, 1, 2) = ANY ('{22,31,33,21,41,44,25}'::text[])))"
                    Rows Removed by Filter: 136405
                  - Node Type: "Index Only Scan"
                    Parent Relationship: "Inner"
                    Scan Direction: "Forward"
                    Index Name: "idx_orders_custkey"
                    Relation Name: "orders"
                    Alias: "orders"
                    Startup Cost: 0.43
                    Total Cost: 48.23
                    Plan Rows: 17
                    Plan Width: 8
                    Actual Startup Time: 0.009
                    Actual Total Time: 0.009
                    Actual Rows: 1
                    Actual Loops: 13595
                    Index Cond: "(o_custkey = customer.c_custkey)"
                    Rows Removed by Index Recheck: 0
                    Heap Fetches: 9002
  Planning Time: 0.866
  Triggers: 
  Execution Time: 942.848
Key => Node Type
Value  name ,=> -1.0
Key => Plan Width
Value  name ,=> 22.0
Key => Actual Rows
Value  name ,=> 1.0
Key => Actual Loops
Value  name ,=> 1.0
Key => Plans
Value  name ,=> -1.0
Key => Node Type
Value  name ,=> -1.0
Key => Strategy
Value  name ,=> -1.0
Key => Parent Relationship
Value  name ,=> -1.0
Key => Subplan Name
Value  name ,=> -1.0
Key => Plan Width
Value  name ,=> 6.0
Key => Actual Rows
Value  name ,=> 1.0
Key => Actual Loops
Value  name ,=> 1.0
Key => Plans
Value  name ,=> -1.0
Key => Node Type
Value  name ,=> -1.0
Key => Parent Relationship
Value  name ,=> -1.0
Key => Relation Name
Value  name ,=> -1.0
Key => Alias
Value  name ,=> -1.0
Key => Plan Width
Value  name ,=> 6.0
Key => Actual Rows
Value  name ,=> 27220.0
Key => Actual Loops
Value  name ,=> 1.0
Key => Filter
Value  name ,=> -1.0
Data SeqScan , 1.0 27220.0 6.0 122780.0 436.87
Added training data to files
Data Aggregate-Plain , 1.0 1.0 6.0 0.0 27220.0 6.0 460.274
Added training data to files
Key => Node Type
Value  name ,=> -1.0
Key => Parent Relationship
Value  name ,=> -1.0
Key => Plan Width
Value  name ,=> 22.0
Key => Actual Rows
Value  name ,=> 1.0
Key => Actual Loops
Value  name ,=> 1.0
Key => Sort Key
Value  name ,=> 1.0
Key => Sort Method
Value  name ,=> -1.0
Key => Sort Space Used
Value  name ,=> 25.0
Key => Sort Space Type
Value  name ,=> -1.0
Key => Plans
Value  name ,=> -1.0
Key => Node Type
Value  name ,=> -1.0
Key => Strategy
Value  name ,=> -1.0
Key => Parent Relationship
Value  name ,=> -1.0
Key => Plan Width
Value  name ,=> 22.0
Key => Actual Rows
Value  name ,=> 5.0
Key => Actual Loops
Value  name ,=> 1.0
Key => Group Key
Value  name ,=> 1.0
Key => Plans
Value  name ,=> -1.0
Key => Node Type
Value  name ,=> -1.0
Key => Parent Relationship
Value  name ,=> -1.0
Key => Join Type
Value  name ,=> -1.0
Key => Plan Width
Value  name ,=> 22.0
Key => Actual Rows
Value  name ,=> 4593.0
Key => Actual Loops
Value  name ,=> 1.0
Key => Plans
Value  name ,=> -1.0
Key => Node Type
Value  name ,=> -1.0
Key => Parent Relationship
Value  name ,=> -1.0
Key => Relation Name
Value  name ,=> -1.0
Key => Alias
Value  name ,=> -1.0
Key => Plan Width
Value  name ,=> 26.0
Key => Actual Rows
Value  name ,=> 13595.0
Key => Actual Loops
Value  name ,=> 1.0
Key => Filter
Value  name ,=> -1.0
Data SeqScan , 1.0 13595.0 26.0 136405.0 774.997
Added training data to files
Key => Node Type
Value  name ,=> -1.0
Key => Parent Relationship
Value  name ,=> -1.0
Key => Scan Direction
Value  name ,=> -1.0
Key => Index Name
Value  name ,=> -1.0
Key => Relation Name
Value  name ,=> -1.0
Key => Alias
Value  name ,=> -1.0
Key => Plan Width
Value  name ,=> 8.0
Key => Actual Rows
Value  name ,=> 1.0
Key => Actual Loops
Value  name ,=> 13595.0
Key => Index Cond
Value  name ,=> -1.0
Key => Rows Removed by Index Recheck
Value  name ,=> 0.0
Key => Heap Fetches
Value  name ,=> 9002.0
Data IndexOnlyScan , 13595.0 1.0 9002.0 8.0 0.0 0.0 0.009
Added training data to files
Data NestedLoopIndexOnlyScan , 1.0 4593.0 22.0 0.0 13595.0 26.0 1.0 8.0 932.475
Added training data to files
Data Aggregate-Hashed , 1.0 5.0 1.0 22.0 0.0 4593.0 22.0 942.657
Added training data to files
Data Sort-top-Nheapsort , 1.0 1.0 22.0 1.0 25.0 0.0 5.0 22.0 942.681
Added training data to files
Data Limit , 1.0 1.0 22.0 0.0 1.0 6.0 1.0 22.0 942.682
Added training data to files
Training query 206 executed successfully
Executed command ,script returned :  Exit value of child process : 1
Query : 
select
	cntrycode,
	count(*) as numcust,
	sum(c_acctbal) as totacctbal
from
	(
		select
			substring(c_phone from 1 for 2) as cntrycode,
			c_acctbal
		from
			customer
		where
			substring(c_phone from 1 for 2) in
				('22', '31', '33', '21', '41', '44', '25')
			and c_acctbal > (
				select
					avg(c_acctbal)
				from
					customer
				where
					c_acctbal > 0.00
					and substring(c_phone from 1 for 2) in
						('22', '31', '33', '21', '41', '44', '25')
			)
			and not exists (
				select
					*
				from
					orders
				where
					o_custkey = c_custkey
			)
	) as custsale
group by
	cntrycode
order by
	cntrycode
LIMIT 1;

Node output - Plan: 
    Node Type: "Limit"
    Startup Cost: 23474.46
    Total Cost: 23474.46
    Plan Rows: 1
    Plan Width: 22
    Actual Startup Time: 948.670
    Actual Total Time: 948.670
    Actual Rows: 1
    Actual Loops: 1
    Plans: 
      - Node Type: "Aggregate"
        Strategy: "Plain"
        Parent Relationship: "InitPlan"
        Subplan Name: "InitPlan 1 (returns $0)"
        Startup Cost: 7657.44
        Total Cost: 7657.45
        Plan Rows: 1
        Plan Width: 6
        Actual Startup Time: 461.467
        Actual Total Time: 461.467
        Actual Rows: 1
        Actual Loops: 1
        Plans: 
          - Node Type: "Seq Scan"
            Parent Relationship: "Outer"
            Relation Name: "customer"
            Alias: "customer_1"
            Startup Cost: 0.00
            Total Cost: 7645.50
            Plan Rows: 4777
            Plan Width: 6
            Actual Startup Time: 0.015
            Actual Total Time: 437.858
            Actual Rows: 27220
            Actual Loops: 1
            Filter: "((c_acctbal > 0.00) AND (\"substring\"((c_phone)::text, 1, 2) = ANY ('{22,31,33,21,41,44,25}'::text[])))"
            Rows Removed by Filter: 122780
      - Node Type: "Sort"
        Parent Relationship: "Outer"
        Startup Cost: 15817.00
        Total Cost: 15818.84
        Plan Rows: 736
        Plan Width: 22
        Actual Startup Time: 948.669
        Actual Total Time: 948.669
        Actual Rows: 1
        Actual Loops: 1
        Sort Key: 
          - "(\"substring\"((customer.c_phone)::text, 1, 2))"
        Sort Method: "top-N heapsort"
        Sort Space Used: 25
        Sort Space Type: "Memory"
        Plans: 
          - Node Type: "Aggregate"
            Strategy: "Hashed"
            Parent Relationship: "Outer"
            Startup Cost: 15800.44
            Total Cost: 15813.32
            Plan Rows: 736
            Plan Width: 22
            Actual Startup Time: 948.636
            Actual Total Time: 948.646
            Actual Rows: 5
            Actual Loops: 1
            Group Key: 
              - "\"substring\"((customer.c_phone)::text, 1, 2)"
            Plans: 
              - Node Type: "Nested Loop"
                Parent Relationship: "Outer"
                Join Type: "Anti"
                Startup Cost: 0.43
                Total Cost: 15794.92
                Plan Rows: 736
                Plan Width: 22
                Actual Startup Time: 461.747
                Actual Total Time: 938.376
                Actual Rows: 4593
                Actual Loops: 1
                Plans: 
                  - Node Type: "Seq Scan"
                    Parent Relationship: "Outer"
                    Relation Name: "customer"
                    Alias: "customer"
                    Startup Cost: 0.00
                    Total Cost: 7645.50
                    Plan Rows: 1750
                    Plan Width: 26
                    Actual Startup Time: 461.549
                    Actual Total Time: 779.672
                    Actual Rows: 13595
                    Actual Loops: 1
                    Filter: "((c_acctbal > $0) AND (\"substring\"((c_phone)::text, 1, 2) = ANY ('{22,31,33,21,41,44,25}'::text[])))"
                    Rows Removed by Filter: 136405
                  - Node Type: "Index Only Scan"
                    Parent Relationship: "Inner"
                    Scan Direction: "Forward"
                    Index Name: "idx_orders_custkey"
                    Relation Name: "orders"
                    Alias: "orders"
                    Startup Cost: 0.43
                    Total Cost: 48.23
                    Plan Rows: 17
                    Plan Width: 8
                    Actual Startup Time: 0.010
                    Actual Total Time: 0.010
                    Actual Rows: 1
                    Actual Loops: 13595
                    Index Cond: "(o_custkey = customer.c_custkey)"
                    Rows Removed by Index Recheck: 0
                    Heap Fetches: 9002
  Planning Time: 0.888
  Triggers: 
  Execution Time: 948.837
Key => Node Type
Value  name ,=> -1.0
Key => Plan Width
Value  name ,=> 22.0
Key => Actual Rows
Value  name ,=> 1.0
Key => Actual Loops
Value  name ,=> 1.0
Key => Plans
Value  name ,=> -1.0
Key => Node Type
Value  name ,=> -1.0
Key => Strategy
Value  name ,=> -1.0
Key => Parent Relationship
Value  name ,=> -1.0
Key => Subplan Name
Value  name ,=> -1.0
Key => Plan Width
Value  name ,=> 6.0
Key => Actual Rows
Value  name ,=> 1.0
Key => Actual Loops
Value  name ,=> 1.0
Key => Plans
Value  name ,=> -1.0
Key => Node Type
Value  name ,=> -1.0
Key => Parent Relationship
Value  name ,=> -1.0
Key => Relation Name
Value  name ,=> -1.0
Key => Alias
Value  name ,=> -1.0
Key => Plan Width
Value  name ,=> 6.0
Key => Actual Rows
Value  name ,=> 27220.0
Key => Actual Loops
Value  name ,=> 1.0
Key => Filter
Value  name ,=> -1.0
Data SeqScan , 1.0 27220.0 6.0 122780.0 437.858
Added training data to files
Data Aggregate-Plain , 1.0 1.0 6.0 0.0 27220.0 6.0 461.467
Added training data to files
Key => Node Type
Value  name ,=> -1.0
Key => Parent Relationship
Value  name ,=> -1.0
Key => Plan Width
Value  name ,=> 22.0
Key => Actual Rows
Value  name ,=> 1.0
Key => Actual Loops
Value  name ,=> 1.0
Key => Sort Key
Value  name ,=> 1.0
Key => Sort Method
Value  name ,=> -1.0
Key => Sort Space Used
Value  name ,=> 25.0
Key => Sort Space Type
Value  name ,=> -1.0
Key => Plans
Value  name ,=> -1.0
Key => Node Type
Value  name ,=> -1.0
Key => Strategy
Value  name ,=> -1.0
Key => Parent Relationship
Value  name ,=> -1.0
Key => Plan Width
Value  name ,=> 22.0
Key => Actual Rows
Value  name ,=> 5.0
Key => Actual Loops
Value  name ,=> 1.0
Key => Group Key
Value  name ,=> 1.0
Key => Plans
Value  name ,=> -1.0
Key => Node Type
Value  name ,=> -1.0
Key => Parent Relationship
Value  name ,=> -1.0
Key => Join Type
Value  name ,=> -1.0
Key => Plan Width
Value  name ,=> 22.0
Key => Actual Rows
Value  name ,=> 4593.0
Key => Actual Loops
Value  name ,=> 1.0
Key => Plans
Value  name ,=> -1.0
Key => Node Type
Value  name ,=> -1.0
Key => Parent Relationship
Value  name ,=> -1.0
Key => Relation Name
Value  name ,=> -1.0
Key => Alias
Value  name ,=> -1.0
Key => Plan Width
Value  name ,=> 26.0
Key => Actual Rows
Value  name ,=> 13595.0
Key => Actual Loops
Value  name ,=> 1.0
Key => Filter
Value  name ,=> -1.0
Data SeqScan , 1.0 13595.0 26.0 136405.0 779.672
Added training data to files
Key => Node Type
Value  name ,=> -1.0
Key => Parent Relationship
Value  name ,=> -1.0
Key => Scan Direction
Value  name ,=> -1.0
Key => Index Name
Value  name ,=> -1.0
Key => Relation Name
Value  name ,=> -1.0
Key => Alias
Value  name ,=> -1.0
Key => Plan Width
Value  name ,=> 8.0
Key => Actual Rows
Value  name ,=> 1.0
Key => Actual Loops
Value  name ,=> 13595.0
Key => Index Cond
Value  name ,=> -1.0
Key => Rows Removed by Index Recheck
Value  name ,=> 0.0
Key => Heap Fetches
Value  name ,=> 9002.0
Data IndexOnlyScan , 13595.0 1.0 9002.0 8.0 0.0 0.0 0.01
Added training data to files
Data NestedLoopIndexOnlyScan , 1.0 4593.0 22.0 0.0 13595.0 26.0 1.0 8.0 938.376
Added training data to files
Data Aggregate-Hashed , 1.0 5.0 1.0 22.0 0.0 4593.0 22.0 948.646
Added training data to files
Data Sort-top-Nheapsort , 1.0 1.0 22.0 1.0 25.0 0.0 5.0 22.0 948.669
Added training data to files
Data Limit , 1.0 1.0 22.0 0.0 1.0 6.0 1.0 22.0 948.67
Added training data to files
Training query 207 executed successfully
Executed command ,script returned :  Exit value of child process : 1
Query : 
select
	cntrycode,
	count(*) as numcust,
	sum(c_acctbal) as totacctbal
from
	(
		select
			substring(c_phone from 1 for 2) as cntrycode,
			c_acctbal
		from
			customer
		where
			substring(c_phone from 1 for 2) in
				('22', '31', '33', '21', '41', '44', '25')
			and c_acctbal > (
				select
					avg(c_acctbal)
				from
					customer
				where
					c_acctbal > 0.00
					and substring(c_phone from 1 for 2) in
						('22', '31', '33', '21', '41', '44', '25')
			)
			and not exists (
				select
					*
				from
					orders
				where
					o_custkey = c_custkey
			)
	) as custsale
group by
	cntrycode
order by
	cntrycode
LIMIT 1;

Node output - Plan: 
    Node Type: "Limit"
    Startup Cost: 23474.46
    Total Cost: 23474.46
    Plan Rows: 1
    Plan Width: 22
    Actual Startup Time: 948.208
    Actual Total Time: 948.208
    Actual Rows: 1
    Actual Loops: 1
    Plans: 
      - Node Type: "Aggregate"
        Strategy: "Plain"
        Parent Relationship: "InitPlan"
        Subplan Name: "InitPlan 1 (returns $0)"
        Startup Cost: 7657.44
        Total Cost: 7657.45
        Plan Rows: 1
        Plan Width: 6
        Actual Startup Time: 462.975
        Actual Total Time: 462.975
        Actual Rows: 1
        Actual Loops: 1
        Plans: 
          - Node Type: "Seq Scan"
            Parent Relationship: "Outer"
            Relation Name: "customer"
            Alias: "customer_1"
            Startup Cost: 0.00
            Total Cost: 7645.50
            Plan Rows: 4777
            Plan Width: 6
            Actual Startup Time: 0.014
            Actual Total Time: 439.305
            Actual Rows: 27220
            Actual Loops: 1
            Filter: "((c_acctbal > 0.00) AND (\"substring\"((c_phone)::text, 1, 2) = ANY ('{22,31,33,21,41,44,25}'::text[])))"
            Rows Removed by Filter: 122780
      - Node Type: "Sort"
        Parent Relationship: "Outer"
        Startup Cost: 15817.00
        Total Cost: 15818.84
        Plan Rows: 736
        Plan Width: 22
        Actual Startup Time: 948.208
        Actual Total Time: 948.208
        Actual Rows: 1
        Actual Loops: 1
        Sort Key: 
          - "(\"substring\"((customer.c_phone)::text, 1, 2))"
        Sort Method: "top-N heapsort"
        Sort Space Used: 25
        Sort Space Type: "Memory"
        Plans: 
          - Node Type: "Aggregate"
            Strategy: "Hashed"
            Parent Relationship: "Outer"
            Startup Cost: 15800.44
            Total Cost: 15813.32
            Plan Rows: 736
            Plan Width: 22
            Actual Startup Time: 948.174
            Actual Total Time: 948.183
            Actual Rows: 5
            Actual Loops: 1
            Group Key: 
              - "\"substring\"((customer.c_phone)::text, 1, 2)"
            Plans: 
              - Node Type: "Nested Loop"
                Parent Relationship: "Outer"
                Join Type: "Anti"
                Startup Cost: 0.43
                Total Cost: 15794.92
                Plan Rows: 736
                Plan Width: 22
                Actual Startup Time: 463.254
                Actual Total Time: 937.986
                Actual Rows: 4593
                Actual Loops: 1
                Plans: 
                  - Node Type: "Seq Scan"
                    Parent Relationship: "Outer"
                    Relation Name: "customer"
                    Alias: "customer"
                    Startup Cost: 0.00
                    Total Cost: 7645.50
                    Plan Rows: 1750
                    Plan Width: 26
                    Actual Startup Time: 463.058
                    Actual Total Time: 779.894
                    Actual Rows: 13595
                    Actual Loops: 1
                    Filter: "((c_acctbal > $0) AND (\"substring\"((c_phone)::text, 1, 2) = ANY ('{22,31,33,21,41,44,25}'::text[])))"
                    Rows Removed by Filter: 136405
                  - Node Type: "Index Only Scan"
                    Parent Relationship: "Inner"
                    Scan Direction: "Forward"
                    Index Name: "idx_orders_custkey"
                    Relation Name: "orders"
                    Alias: "orders"
                    Startup Cost: 0.43
                    Total Cost: 48.23
                    Plan Rows: 17
                    Plan Width: 8
                    Actual Startup Time: 0.010
                    Actual Total Time: 0.010
                    Actual Rows: 1
                    Actual Loops: 13595
                    Index Cond: "(o_custkey = customer.c_custkey)"
                    Rows Removed by Index Recheck: 0
                    Heap Fetches: 9002
  Planning Time: 0.840
  Triggers: 
  Execution Time: 948.375
Key => Node Type
Value  name ,=> -1.0
Key => Plan Width
Value  name ,=> 22.0
Key => Actual Rows
Value  name ,=> 1.0
Key => Actual Loops
Value  name ,=> 1.0
Key => Plans
Value  name ,=> -1.0
Key => Node Type
Value  name ,=> -1.0
Key => Strategy
Value  name ,=> -1.0
Key => Parent Relationship
Value  name ,=> -1.0
Key => Subplan Name
Value  name ,=> -1.0
Key => Plan Width
Value  name ,=> 6.0
Key => Actual Rows
Value  name ,=> 1.0
Key => Actual Loops
Value  name ,=> 1.0
Key => Plans
Value  name ,=> -1.0
Key => Node Type
Value  name ,=> -1.0
Key => Parent Relationship
Value  name ,=> -1.0
Key => Relation Name
Value  name ,=> -1.0
Key => Alias
Value  name ,=> -1.0
Key => Plan Width
Value  name ,=> 6.0
Key => Actual Rows
Value  name ,=> 27220.0
Key => Actual Loops
Value  name ,=> 1.0
Key => Filter
Value  name ,=> -1.0
Data SeqScan , 1.0 27220.0 6.0 122780.0 439.305
Added training data to files
Data Aggregate-Plain , 1.0 1.0 6.0 0.0 27220.0 6.0 462.975
Added training data to files
Key => Node Type
Value  name ,=> -1.0
Key => Parent Relationship
Value  name ,=> -1.0
Key => Plan Width
Value  name ,=> 22.0
Key => Actual Rows
Value  name ,=> 1.0
Key => Actual Loops
Value  name ,=> 1.0
Key => Sort Key
Value  name ,=> 1.0
Key => Sort Method
Value  name ,=> -1.0
Key => Sort Space Used
Value  name ,=> 25.0
Key => Sort Space Type
Value  name ,=> -1.0
Key => Plans
Value  name ,=> -1.0
Key => Node Type
Value  name ,=> -1.0
Key => Strategy
Value  name ,=> -1.0
Key => Parent Relationship
Value  name ,=> -1.0
Key => Plan Width
Value  name ,=> 22.0
Key => Actual Rows
Value  name ,=> 5.0
Key => Actual Loops
Value  name ,=> 1.0
Key => Group Key
Value  name ,=> 1.0
Key => Plans
Value  name ,=> -1.0
Key => Node Type
Value  name ,=> -1.0
Key => Parent Relationship
Value  name ,=> -1.0
Key => Join Type
Value  name ,=> -1.0
Key => Plan Width
Value  name ,=> 22.0
Key => Actual Rows
Value  name ,=> 4593.0
Key => Actual Loops
Value  name ,=> 1.0
Key => Plans
Value  name ,=> -1.0
Key => Node Type
Value  name ,=> -1.0
Key => Parent Relationship
Value  name ,=> -1.0
Key => Relation Name
Value  name ,=> -1.0
Key => Alias
Value  name ,=> -1.0
Key => Plan Width
Value  name ,=> 26.0
Key => Actual Rows
Value  name ,=> 13595.0
Key => Actual Loops
Value  name ,=> 1.0
Key => Filter
Value  name ,=> -1.0
Data SeqScan , 1.0 13595.0 26.0 136405.0 779.894
Added training data to files
Key => Node Type
Value  name ,=> -1.0
Key => Parent Relationship
Value  name ,=> -1.0
Key => Scan Direction
Value  name ,=> -1.0
Key => Index Name
Value  name ,=> -1.0
Key => Relation Name
Value  name ,=> -1.0
Key => Alias
Value  name ,=> -1.0
Key => Plan Width
Value  name ,=> 8.0
Key => Actual Rows
Value  name ,=> 1.0
Key => Actual Loops
Value  name ,=> 13595.0
Key => Index Cond
Value  name ,=> -1.0
Key => Rows Removed by Index Recheck
Value  name ,=> 0.0
Key => Heap Fetches
Value  name ,=> 9002.0
Data IndexOnlyScan , 13595.0 1.0 9002.0 8.0 0.0 0.0 0.01
Added training data to files
Data NestedLoopIndexOnlyScan , 1.0 4593.0 22.0 0.0 13595.0 26.0 1.0 8.0 937.986
Added training data to files
Data Aggregate-Hashed , 1.0 5.0 1.0 22.0 0.0 4593.0 22.0 948.183
Added training data to files
Data Sort-top-Nheapsort , 1.0 1.0 22.0 1.0 25.0 0.0 5.0 22.0 948.208
Added training data to files
Data Limit , 1.0 1.0 22.0 0.0 1.0 6.0 1.0 22.0 948.208
Added training data to files
Training query 208 executed successfully
Executed command ,script returned :  Exit value of child process : 1
Query : 
select
	cntrycode,
	count(*) as numcust,
	sum(c_acctbal) as totacctbal
from
	(
		select
			substring(c_phone from 1 for 2) as cntrycode,
			c_acctbal
		from
			customer
		where
			substring(c_phone from 1 for 2) in
				('22', '31', '33', '21', '41', '44', '25')
			and c_acctbal > (
				select
					avg(c_acctbal)
				from
					customer
				where
					c_acctbal > 0.00
					and substring(c_phone from 1 for 2) in
						('22', '31', '33', '21', '41', '44', '25')
			)
			and not exists (
				select
					*
				from
					orders
				where
					o_custkey = c_custkey
			)
	) as custsale
group by
	cntrycode
order by
	cntrycode
LIMIT 1;

Node output - Plan: 
    Node Type: "Limit"
    Startup Cost: 23474.46
    Total Cost: 23474.46
    Plan Rows: 1
    Plan Width: 22
    Actual Startup Time: 949.051
    Actual Total Time: 949.051
    Actual Rows: 1
    Actual Loops: 1
    Plans: 
      - Node Type: "Aggregate"
        Strategy: "Plain"
        Parent Relationship: "InitPlan"
        Subplan Name: "InitPlan 1 (returns $0)"
        Startup Cost: 7657.44
        Total Cost: 7657.45
        Plan Rows: 1
        Plan Width: 6
        Actual Startup Time: 461.926
        Actual Total Time: 461.927
        Actual Rows: 1
        Actual Loops: 1
        Plans: 
          - Node Type: "Seq Scan"
            Parent Relationship: "Outer"
            Relation Name: "customer"
            Alias: "customer_1"
            Startup Cost: 0.00
            Total Cost: 7645.50
            Plan Rows: 4777
            Plan Width: 6
            Actual Startup Time: 0.035
            Actual Total Time: 438.329
            Actual Rows: 27220
            Actual Loops: 1
            Filter: "((c_acctbal > 0.00) AND (\"substring\"((c_phone)::text, 1, 2) = ANY ('{22,31,33,21,41,44,25}'::text[])))"
            Rows Removed by Filter: 122780
      - Node Type: "Sort"
        Parent Relationship: "Outer"
        Startup Cost: 15817.00
        Total Cost: 15818.84
        Plan Rows: 736
        Plan Width: 22
        Actual Startup Time: 949.048
        Actual Total Time: 949.048
        Actual Rows: 1
        Actual Loops: 1
        Sort Key: 
          - "(\"substring\"((customer.c_phone)::text, 1, 2))"
        Sort Method: "top-N heapsort"
        Sort Space Used: 25
        Sort Space Type: "Memory"
        Plans: 
          - Node Type: "Aggregate"
            Strategy: "Hashed"
            Parent Relationship: "Outer"
            Startup Cost: 15800.44
            Total Cost: 15813.32
            Plan Rows: 736
            Plan Width: 22
            Actual Startup Time: 949.006
            Actual Total Time: 949.014
            Actual Rows: 5
            Actual Loops: 1
            Group Key: 
              - "\"substring\"((customer.c_phone)::text, 1, 2)"
            Plans: 
              - Node Type: "Nested Loop"
                Parent Relationship: "Outer"
                Join Type: "Anti"
                Startup Cost: 0.43
                Total Cost: 15794.92
                Plan Rows: 736
                Plan Width: 22
                Actual Startup Time: 462.225
                Actual Total Time: 938.825
                Actual Rows: 4593
                Actual Loops: 1
                Plans: 
                  - Node Type: "Seq Scan"
                    Parent Relationship: "Outer"
                    Relation Name: "customer"
                    Alias: "customer"
                    Startup Cost: 0.00
                    Total Cost: 7645.50
                    Plan Rows: 1750
                    Plan Width: 26
                    Actual Startup Time: 462.029
                    Actual Total Time: 780.116
                    Actual Rows: 13595
                    Actual Loops: 1
                    Filter: "((c_acctbal > $0) AND (\"substring\"((c_phone)::text, 1, 2) = ANY ('{22,31,33,21,41,44,25}'::text[])))"
                    Rows Removed by Filter: 136405
                  - Node Type: "Index Only Scan"
                    Parent Relationship: "Inner"
                    Scan Direction: "Forward"
                    Index Name: "idx_orders_custkey"
                    Relation Name: "orders"
                    Alias: "orders"
                    Startup Cost: 0.43
                    Total Cost: 48.23
                    Plan Rows: 17
                    Plan Width: 8
                    Actual Startup Time: 0.010
                    Actual Total Time: 0.010
                    Actual Rows: 1
                    Actual Loops: 13595
                    Index Cond: "(o_custkey = customer.c_custkey)"
                    Rows Removed by Index Recheck: 0
                    Heap Fetches: 9002
  Planning Time: 2.161
  Triggers: 
  Execution Time: 949.383
Key => Node Type
Value  name ,=> -1.0
Key => Plan Width
Value  name ,=> 22.0
Key => Actual Rows
Value  name ,=> 1.0
Key => Actual Loops
Value  name ,=> 1.0
Key => Plans
Value  name ,=> -1.0
Key => Node Type
Value  name ,=> -1.0
Key => Strategy
Value  name ,=> -1.0
Key => Parent Relationship
Value  name ,=> -1.0
Key => Subplan Name
Value  name ,=> -1.0
Key => Plan Width
Value  name ,=> 6.0
Key => Actual Rows
Value  name ,=> 1.0
Key => Actual Loops
Value  name ,=> 1.0
Key => Plans
Value  name ,=> -1.0
Key => Node Type
Value  name ,=> -1.0
Key => Parent Relationship
Value  name ,=> -1.0
Key => Relation Name
Value  name ,=> -1.0
Key => Alias
Value  name ,=> -1.0
Key => Plan Width
Value  name ,=> 6.0
Key => Actual Rows
Value  name ,=> 27220.0
Key => Actual Loops
Value  name ,=> 1.0
Key => Filter
Value  name ,=> -1.0
Data SeqScan , 1.0 27220.0 6.0 122780.0 438.329
Added training data to files
Data Aggregate-Plain , 1.0 1.0 6.0 0.0 27220.0 6.0 461.927
Added training data to files
Key => Node Type
Value  name ,=> -1.0
Key => Parent Relationship
Value  name ,=> -1.0
Key => Plan Width
Value  name ,=> 22.0
Key => Actual Rows
Value  name ,=> 1.0
Key => Actual Loops
Value  name ,=> 1.0
Key => Sort Key
Value  name ,=> 1.0
Key => Sort Method
Value  name ,=> -1.0
Key => Sort Space Used
Value  name ,=> 25.0
Key => Sort Space Type
Value  name ,=> -1.0
Key => Plans
Value  name ,=> -1.0
Key => Node Type
Value  name ,=> -1.0
Key => Strategy
Value  name ,=> -1.0
Key => Parent Relationship
Value  name ,=> -1.0
Key => Plan Width
Value  name ,=> 22.0
Key => Actual Rows
Value  name ,=> 5.0
Key => Actual Loops
Value  name ,=> 1.0
Key => Group Key
Value  name ,=> 1.0
Key => Plans
Value  name ,=> -1.0
Key => Node Type
Value  name ,=> -1.0
Key => Parent Relationship
Value  name ,=> -1.0
Key => Join Type
Value  name ,=> -1.0
Key => Plan Width
Value  name ,=> 22.0
Key => Actual Rows
Value  name ,=> 4593.0
Key => Actual Loops
Value  name ,=> 1.0
Key => Plans
Value  name ,=> -1.0
Key => Node Type
Value  name ,=> -1.0
Key => Parent Relationship
Value  name ,=> -1.0
Key => Relation Name
Value  name ,=> -1.0
Key => Alias
Value  name ,=> -1.0
Key => Plan Width
Value  name ,=> 26.0
Key => Actual Rows
Value  name ,=> 13595.0
Key => Actual Loops
Value  name ,=> 1.0
Key => Filter
Value  name ,=> -1.0
Data SeqScan , 1.0 13595.0 26.0 136405.0 780.116
Added training data to files
Key => Node Type
Value  name ,=> -1.0
Key => Parent Relationship
Value  name ,=> -1.0
Key => Scan Direction
Value  name ,=> -1.0
Key => Index Name
Value  name ,=> -1.0
Key => Relation Name
Value  name ,=> -1.0
Key => Alias
Value  name ,=> -1.0
Key => Plan Width
Value  name ,=> 8.0
Key => Actual Rows
Value  name ,=> 1.0
Key => Actual Loops
Value  name ,=> 13595.0
Key => Index Cond
Value  name ,=> -1.0
Key => Rows Removed by Index Recheck
Value  name ,=> 0.0
Key => Heap Fetches
Value  name ,=> 9002.0
Data IndexOnlyScan , 13595.0 1.0 9002.0 8.0 0.0 0.0 0.01
Added training data to files
Data NestedLoopIndexOnlyScan , 1.0 4593.0 22.0 0.0 13595.0 26.0 1.0 8.0 938.825
Added training data to files
Data Aggregate-Hashed , 1.0 5.0 1.0 22.0 0.0 4593.0 22.0 949.014
Added training data to files
Data Sort-top-Nheapsort , 1.0 1.0 22.0 1.0 25.0 0.0 5.0 22.0 949.048
Added training data to files
Data Limit , 1.0 1.0 22.0 0.0 1.0 6.0 1.0 22.0 949.051
Added training data to files
Training query 209 executed successfully
